-- The C compiler identification is GNU 13.3.0
-- The CXX compiler identification is GNU 13.3.0
-- Detecting C compiler ABI info
-- Detecting C compiler ABI info - done
-- Check for working C compiler: /usr/bin/cc - skipped
-- Detecting C compile features
-- Detecting C compile features - done
-- Detecting CXX compiler ABI info
-- Detecting CXX compiler ABI info - done
-- Check for working CXX compiler: /usr/bin/c++ - skipped
-- Detecting CXX compile features
-- Detecting CXX compile features - done
-- Found Boost: /usr/lib/aarch64-linux-gnu/cmake/Boost-1.83.0/BoostConfig.cmake (found version "1.83.0") found components: system thread 
-- Found Threads: TRUE  
-- Found ament_cmake: 1.3.14 (/home/user/ros2_humble/install/ament_cmake/share/ament_cmake/cmake)
-- Found Python3: /usr/bin/python3 (found version "3.12.3") found components: Interpreter 
-- Override CMake install command with custom implementation using symlinks instead of copying resources
-- Found create_msgs: 3.1.0 (/opt/cat_robot/src/ros2_ws/install/create_msgs/share/create_msgs/cmake)
-- Found rosidl_generator_c: 3.1.8 (/home/user/ros2_humble/install/rosidl_generator_c/share/rosidl_generator_c/cmake)
-- Found rosidl_adapter: 3.1.8 (/home/user/ros2_humble/install/rosidl_adapter/share/rosidl_adapter/cmake)
-- Found rosidl_generator_cpp: 3.1.8 (/home/user/ros2_humble/install/rosidl_generator_cpp/share/rosidl_generator_cpp/cmake)
-- Using all available rosidl_typesupport_c: rosidl_typesupport_introspection_c;rosidl_typesupport_fastrtps_c
-- Using all available rosidl_typesupport_cpp: rosidl_typesupport_introspection_cpp;rosidl_typesupport_fastrtps_cpp
-- Found diagnostic_msgs: 4.9.1 (/home/user/ros2_humble/install/diagnostic_msgs/share/diagnostic_msgs/cmake)
-- Found diagnostic_updater: 4.4.6 (/opt/cat_robot/src/ros2_ws/install/diagnostic_updater/share/diagnostic_updater/cmake)
-- Found rmw_implementation_cmake: 6.1.2 (/home/user/ros2_humble/install/rmw_implementation_cmake/share/rmw_implementation_cmake/cmake)
-- Found rmw_fastrtps_cpp: 6.2.10 (/home/user/ros2_humble/install/rmw_fastrtps_cpp/share/rmw_fastrtps_cpp/cmake)
-- Found OpenSSL: /usr/lib/aarch64-linux-gnu/libcrypto.so (found version "3.0.13")  
-- Found FastRTPS: /home/user/ros2_humble/install/fastrtps/include  
-- Using RMW implementation 'rmw_fastrtps_cpp' as default
-- Found geometry_msgs: 4.9.1 (/home/user/ros2_humble/install/geometry_msgs/share/geometry_msgs/cmake)
-- Found nav_msgs: 4.9.1 (/home/user/ros2_humble/install/nav_msgs/share/nav_msgs/cmake)
-- Found sensor_msgs: 4.9.1 (/home/user/ros2_humble/install/sensor_msgs/share/sensor_msgs/cmake)
-- Found tf2_geometry_msgs: 0.25.19 (/home/user/ros2_humble/install/tf2_geometry_msgs/share/tf2_geometry_msgs/cmake)
-- Found eigen3_cmake_module: 0.1.1 (/home/user/ros2_humble/install/eigen3_cmake_module/share/eigen3_cmake_module/cmake)
-- Found Eigen3: TRUE (found version "3.4.0") 
-- Ensuring Eigen3 include directory is part of orocos-kdl CMake target
-- Found ament_lint_auto: 0.12.15 (/home/user/ros2_humble/install/ament_lint_auto/share/ament_lint_auto/cmake)
-- Added test 'cppcheck' to perform static code analysis on C / C++ code
-- Configured cppcheck language: c++
-- Configured cppcheck include dirs: /opt/cat_robot/src/ros2_ws/src/create_robot/create_driver/include
-- Configured cppcheck exclude dirs and/or files: 
-- Added test 'cpplint' to check C / C++ code against the Google style
-- Configured cpplint exclude dirs and/or files: 
-- Added test 'lint_cmake' to check CMake code style
-- Added test 'xmllint' to check XML markup files
-- Configuring done (9.2s)
-- Generating done (0.0s)
-- Build files have been written to: /opt/cat_robot/src/ros2_ws/build/create_driver
[ 50%] [32mBuilding CXX object CMakeFiles/create_driver.dir/src/create_driver.cpp.o[0m
[100%] [32m[1mLinking CXX executable create_driver[0m
[100%] Built target create_driver
-- Install configuration: ""
-- Execute custom install script
-- Symlinking: /opt/cat_robot/src/ros2_ws/install/create_driver/lib/create_driver/create_driver
-- Symlinking: /opt/cat_robot/src/ros2_ws/install/create_driver/share/ament_index/resource_index/package_run_dependencies/create_driver
-- Symlinking: /opt/cat_robot/src/ros2_ws/install/create_driver/share/ament_index/resource_index/parent_prefix_path/create_driver
-- Symlinking: /opt/cat_robot/src/ros2_ws/install/create_driver/share/create_driver/environment/ament_prefix_path.sh
-- Symlinking: /opt/cat_robot/src/ros2_ws/install/create_driver/share/create_driver/environment/ament_prefix_path.dsv
-- Symlinking: /opt/cat_robot/src/ros2_ws/install/create_driver/share/create_driver/environment/path.sh
-- Symlinking: /opt/cat_robot/src/ros2_ws/install/create_driver/share/create_driver/environment/path.dsv
-- Symlinking: /opt/cat_robot/src/ros2_ws/install/create_driver/share/create_driver/local_setup.bash
-- Symlinking: /opt/cat_robot/src/ros2_ws/install/create_driver/share/create_driver/local_setup.sh
-- Symlinking: /opt/cat_robot/src/ros2_ws/install/create_driver/share/create_driver/local_setup.zsh
-- Symlinking: /opt/cat_robot/src/ros2_ws/install/create_driver/share/create_driver/local_setup.dsv
-- Symlinking: /opt/cat_robot/src/ros2_ws/install/create_driver/share/create_driver/package.dsv
-- Symlinking: /opt/cat_robot/src/ros2_ws/install/create_driver/share/ament_index/resource_index/packages/create_driver
-- Symlinking: /opt/cat_robot/src/ros2_ws/install/create_driver/share/create_driver/cmake/create_driverConfig.cmake
-- Symlinking: /opt/cat_robot/src/ros2_ws/install/create_driver/share/create_driver/cmake/create_driverConfig-version.cmake
-- Symlinking: /opt/cat_robot/src/ros2_ws/install/create_driver/share/create_driver/package.xml
-- Installing: /opt/cat_robot/src/ros2_ws/install/create_driver/include
-- Installing: /opt/cat_robot/src/ros2_ws/install/create_driver/include/create_driver
-- Installing: /opt/cat_robot/src/ros2_ws/install/create_driver/include/create_driver/create_driver.h
