-- The C compiler identification is GNU 13.3.0
-- The CXX compiler identification is GNU 13.3.0
-- Detecting C compiler ABI info
-- Detecting C compiler ABI info - done
-- Check for working C compiler: /usr/bin/cc - skipped
-- Detecting C compile features
-- Detecting C compile features - done
-- Detecting CXX compiler ABI info
-- Detecting CXX compiler ABI info - done
-- Check for working CXX compiler: /usr/bin/c++ - skipped
-- Detecting CXX compile features
-- Detecting CXX compile features - done
-- Found ament_cmake: 1.3.14 (/home/user/ros2_humble/install/ament_cmake/share/ament_cmake/cmake)
-- Found Python3: /usr/bin/python3 (found version "3.12.3") found components: Interpreter 
-- Override CMake install command with custom implementation using symlinks instead of copying resources
-- Configuring done (3.6s)
-- Generating done (0.0s)
-- Build files have been written to: /opt/cat_robot/src/ros2_ws/build/diagnostics
-- Install configuration: ""
-- Execute custom install script
-- Symlinking: /opt/cat_robot/src/ros2_ws/install/diagnostics/share/ament_index/resource_index/package_run_dependencies/diagnostics
-- Symlinking: /opt/cat_robot/src/ros2_ws/install/diagnostics/share/ament_index/resource_index/parent_prefix_path/diagnostics
-- Symlinking: /opt/cat_robot/src/ros2_ws/install/diagnostics/share/diagnostics/environment/ament_prefix_path.sh
-- Symlinking: /opt/cat_robot/src/ros2_ws/install/diagnostics/share/diagnostics/environment/ament_prefix_path.dsv
-- Symlinking: /opt/cat_robot/src/ros2_ws/install/diagnostics/share/diagnostics/environment/path.sh
-- Symlinking: /opt/cat_robot/src/ros2_ws/install/diagnostics/share/diagnostics/environment/path.dsv
-- Symlinking: /opt/cat_robot/src/ros2_ws/install/diagnostics/share/diagnostics/local_setup.bash
-- Symlinking: /opt/cat_robot/src/ros2_ws/install/diagnostics/share/diagnostics/local_setup.sh
-- Symlinking: /opt/cat_robot/src/ros2_ws/install/diagnostics/share/diagnostics/local_setup.zsh
-- Symlinking: /opt/cat_robot/src/ros2_ws/install/diagnostics/share/diagnostics/local_setup.dsv
-- Symlinking: /opt/cat_robot/src/ros2_ws/install/diagnostics/share/diagnostics/package.dsv
-- Symlinking: /opt/cat_robot/src/ros2_ws/install/diagnostics/share/ament_index/resource_index/packages/diagnostics
-- Symlinking: /opt/cat_robot/src/ros2_ws/install/diagnostics/share/diagnostics/cmake/diagnosticsConfig.cmake
-- Symlinking: /opt/cat_robot/src/ros2_ws/install/diagnostics/share/diagnostics/cmake/diagnosticsConfig-version.cmake
-- Symlinking: /opt/cat_robot/src/ros2_ws/install/diagnostics/share/diagnostics/package.xml
