-- The C compiler identification is GNU 13.3.0
-- The CXX compiler identification is GNU 13.3.0
-- Detecting C compiler ABI info
-- Detecting C compiler ABI info - done
-- Check for working C compiler: /usr/bin/cc - skipped
-- Detecting C compile features
-- Detecting C compile features - done
-- Detecting CXX compiler ABI info
-- Detecting CXX compiler ABI info - done
-- Check for working CXX compiler: /usr/bin/c++ - skipped
-- Detecting CXX compile features
-- Detecting CXX compile features - done
-- Found ament_cmake: 1.3.14 (/home/user/ros2_humble/install/ament_cmake/share/ament_cmake/cmake)
-- Found Python3: /usr/bin/python3 (found version "3.12.3") found components: Interpreter 
-- Override CMake install command with custom implementation using symlinks instead of copying resources
-- Configuring done (5.3s)
-- Generating done (0.0s)
-- Build files have been written to: /opt/cat_robot/src/ros2_ws/build/create_description
-- Install configuration: ""
-- Execute custom install script
-- Symlinking: /opt/cat_robot/src/ros2_ws/install/create_description/share/create_description/launch/create_1.launch
-- Symlinking: /opt/cat_robot/src/ros2_ws/install/create_description/share/create_description/launch/create_2.launch
-- Symlinking: /opt/cat_robot/src/ros2_ws/install/create_description/share/create_description/launch/roomba_400.launch
-- Symlinking: /opt/cat_robot/src/ros2_ws/install/create_description/share/create_description/meshes/create_1.dae
-- Symlinking: /opt/cat_robot/src/ros2_ws/install/create_description/share/create_description/meshes/create_1.tga
-- Symlinking: /opt/cat_robot/src/ros2_ws/install/create_description/share/create_description/meshes/create_2.dae
-- Symlinking: /opt/cat_robot/src/ros2_ws/install/create_description/share/create_description/urdf/create_1.urdf.xacro
-- Symlinking: /opt/cat_robot/src/ros2_ws/install/create_description/share/create_description/urdf/create_1_gazebo.urdf.xacro
-- Symlinking: /opt/cat_robot/src/ros2_ws/install/create_description/share/create_description/urdf/create_2.urdf.xacro
-- Symlinking: /opt/cat_robot/src/ros2_ws/install/create_description/share/create_description/urdf/create_2_gazebo.urdf.xacro
-- Symlinking: /opt/cat_robot/src/ros2_ws/install/create_description/share/create_description/urdf/create_base.urdf.xacro
-- Symlinking: /opt/cat_robot/src/ros2_ws/install/create_description/share/create_description/urdf/create_base_gazebo.urdf.xacro
-- Symlinking: /opt/cat_robot/src/ros2_ws/install/create_description/share/ament_index/resource_index/package_run_dependencies/create_description
-- Symlinking: /opt/cat_robot/src/ros2_ws/install/create_description/share/ament_index/resource_index/parent_prefix_path/create_description
-- Symlinking: /opt/cat_robot/src/ros2_ws/install/create_description/share/create_description/environment/ament_prefix_path.sh
-- Symlinking: /opt/cat_robot/src/ros2_ws/install/create_description/share/create_description/environment/ament_prefix_path.dsv
-- Symlinking: /opt/cat_robot/src/ros2_ws/install/create_description/share/create_description/environment/path.sh
-- Symlinking: /opt/cat_robot/src/ros2_ws/install/create_description/share/create_description/environment/path.dsv
-- Symlinking: /opt/cat_robot/src/ros2_ws/install/create_description/share/create_description/local_setup.bash
-- Symlinking: /opt/cat_robot/src/ros2_ws/install/create_description/share/create_description/local_setup.sh
-- Symlinking: /opt/cat_robot/src/ros2_ws/install/create_description/share/create_description/local_setup.zsh
-- Symlinking: /opt/cat_robot/src/ros2_ws/install/create_description/share/create_description/local_setup.dsv
-- Symlinking: /opt/cat_robot/src/ros2_ws/install/create_description/share/create_description/package.dsv
-- Symlinking: /opt/cat_robot/src/ros2_ws/install/create_description/share/ament_index/resource_index/packages/create_description
-- Symlinking: /opt/cat_robot/src/ros2_ws/install/create_description/share/create_description/cmake/create_descriptionConfig.cmake
-- Symlinking: /opt/cat_robot/src/ros2_ws/install/create_description/share/create_description/cmake/create_descriptionConfig-version.cmake
-- Symlinking: /opt/cat_robot/src/ros2_ws/install/create_description/share/create_description/package.xml
