[0.154s] Invoking command in '/opt/cat_robot/src/ros2_ws/build/diagnostic_aggregator': CMAKE_PREFIX_PATH=${CMAKE_PREFIX_PATH}:/root/ros2_humble/install/ros2bag:/root/ros2_humble/install/tracetools_test:/root/ros2_humble/install/tracetools_launch:/root/ros2_humble/install/tf2_ros_py:/root/ros2_humble/install/sros2:/root/ros2_humble/install/rqt_msg:/root/ros2_humble/install/rqt_console:/root/ros2_humble/install/rqt_gui_py:/root/ros2_humble/install/rqt_gui:/root/ros2_humble/install/ros2test:/root/ros2_humble/install/ros2param:/root/ros2_humble/install/ros2service:/root/ros2_humble/install/ros2run:/root/ros2_humble/install/ros2pkg:/root/ros2_humble/install/ros2node:/root/ros2_humble/install/ros2multicast:/root/ros2_humble/install/ros2cli:/root/ros2_humble/install/launch_testing_ros:/root/ros2_humble/install/launch_ros:/root/ros2_humble/install/demo_nodes_py:/root/ros2_humble/install/ament_uncrustify:/root/ros2_humble/install/tracetools_trace:/root/ros2_humble/install/tracetools_read:/root/ros2_humble/install/sensor_msgs_py:/root/ros2_humble/install/rpyutils:/root/ros2_humble/install/rosidl_runtime_py:/root/ros2_humble/install/rosidl_cli:/root/ros2_humble/install/launch_testing:/root/ros2_humble/install/launch_yaml:/root/ros2_humble/install/launch_xml:/root/ros2_humble/install/launch:/root/ros2_humble/install/osrf_pycommon:/root/ros2_humble/install/domain_coordinator:/root/ros2_humble/install/ament_xmllint:/root/ros2_humble/install/ament_pyflakes:/root/ros2_humble/install/ament_pycodestyle:/root/ros2_humble/install/ament_pep257:/root/ros2_humble/install/ament_pclint:/root/ros2_humble/install/ament_package:/root/ros2_humble/install/ament_mypy:/root/ros2_humble/install/ament_lint_cmake:/root/ros2_humble/install/ament_flake8:/root/ros2_humble/install/ament_copyright:/root/ros2_humble/install/ament_lint:/root/ros2_humble/install/ament_index_python:/root/ros2_humble/install/ament_cpplint:/root/ros2_humble/install/ament_cppcheck:/root/ros2_humble/install/ament_clang_tidy:/root/ros2_humble/install/ament_clang_format /usr/bin/cmake --build /opt/cat_robot/src/ros2_ws/build/diagnostic_aggregator -- -j4 -l4
[0.501s] [  0%] Built target ament_cmake_python_symlink_diagnostic_aggregator
[0.552s] [ 16%] Built target add_analyzer
[0.552s] [ 50%] Built target diagnostic_aggregator
[0.751s] [ 66%] Built target aggregator_node
[0.867s] [100%] Built target diagnostic_aggregator_analyzers
[1.423s] running egg_info
[1.479s] writing diagnostic_aggregator.egg-info/PKG-INFO
[1.483s] writing dependency_links to diagnostic_aggregator.egg-info/dependency_links.txt
[1.483s] writing top-level names to diagnostic_aggregator.egg-info/top_level.txt
[1.646s] reading manifest file 'diagnostic_aggregator.egg-info/SOURCES.txt'
[1.650s] writing manifest file 'diagnostic_aggregator.egg-info/SOURCES.txt'
[1.826s] [100%] Built target ament_cmake_python_build_diagnostic_aggregator_egg
[1.868s] Invoked command in '/opt/cat_robot/src/ros2_ws/build/diagnostic_aggregator' returned '0': CMAKE_PREFIX_PATH=${CMAKE_PREFIX_PATH}:/root/ros2_humble/install/ros2bag:/root/ros2_humble/install/tracetools_test:/root/ros2_humble/install/tracetools_launch:/root/ros2_humble/install/tf2_ros_py:/root/ros2_humble/install/sros2:/root/ros2_humble/install/rqt_msg:/root/ros2_humble/install/rqt_console:/root/ros2_humble/install/rqt_gui_py:/root/ros2_humble/install/rqt_gui:/root/ros2_humble/install/ros2test:/root/ros2_humble/install/ros2param:/root/ros2_humble/install/ros2service:/root/ros2_humble/install/ros2run:/root/ros2_humble/install/ros2pkg:/root/ros2_humble/install/ros2node:/root/ros2_humble/install/ros2multicast:/root/ros2_humble/install/ros2cli:/root/ros2_humble/install/launch_testing_ros:/root/ros2_humble/install/launch_ros:/root/ros2_humble/install/demo_nodes_py:/root/ros2_humble/install/ament_uncrustify:/root/ros2_humble/install/tracetools_trace:/root/ros2_humble/install/tracetools_read:/root/ros2_humble/install/sensor_msgs_py:/root/ros2_humble/install/rpyutils:/root/ros2_humble/install/rosidl_runtime_py:/root/ros2_humble/install/rosidl_cli:/root/ros2_humble/install/launch_testing:/root/ros2_humble/install/launch_yaml:/root/ros2_humble/install/launch_xml:/root/ros2_humble/install/launch:/root/ros2_humble/install/osrf_pycommon:/root/ros2_humble/install/domain_coordinator:/root/ros2_humble/install/ament_xmllint:/root/ros2_humble/install/ament_pyflakes:/root/ros2_humble/install/ament_pycodestyle:/root/ros2_humble/install/ament_pep257:/root/ros2_humble/install/ament_pclint:/root/ros2_humble/install/ament_package:/root/ros2_humble/install/ament_mypy:/root/ros2_humble/install/ament_lint_cmake:/root/ros2_humble/install/ament_flake8:/root/ros2_humble/install/ament_copyright:/root/ros2_humble/install/ament_lint:/root/ros2_humble/install/ament_index_python:/root/ros2_humble/install/ament_cpplint:/root/ros2_humble/install/ament_cppcheck:/root/ros2_humble/install/ament_clang_tidy:/root/ros2_humble/install/ament_clang_format /usr/bin/cmake --build /opt/cat_robot/src/ros2_ws/build/diagnostic_aggregator -- -j4 -l4
[1.876s] Invoking command in '/opt/cat_robot/src/ros2_ws/build/diagnostic_aggregator': CMAKE_PREFIX_PATH=${CMAKE_PREFIX_PATH}:/root/ros2_humble/install/ros2bag:/root/ros2_humble/install/tracetools_test:/root/ros2_humble/install/tracetools_launch:/root/ros2_humble/install/tf2_ros_py:/root/ros2_humble/install/sros2:/root/ros2_humble/install/rqt_msg:/root/ros2_humble/install/rqt_console:/root/ros2_humble/install/rqt_gui_py:/root/ros2_humble/install/rqt_gui:/root/ros2_humble/install/ros2test:/root/ros2_humble/install/ros2param:/root/ros2_humble/install/ros2service:/root/ros2_humble/install/ros2run:/root/ros2_humble/install/ros2pkg:/root/ros2_humble/install/ros2node:/root/ros2_humble/install/ros2multicast:/root/ros2_humble/install/ros2cli:/root/ros2_humble/install/launch_testing_ros:/root/ros2_humble/install/launch_ros:/root/ros2_humble/install/demo_nodes_py:/root/ros2_humble/install/ament_uncrustify:/root/ros2_humble/install/tracetools_trace:/root/ros2_humble/install/tracetools_read:/root/ros2_humble/install/sensor_msgs_py:/root/ros2_humble/install/rpyutils:/root/ros2_humble/install/rosidl_runtime_py:/root/ros2_humble/install/rosidl_cli:/root/ros2_humble/install/launch_testing:/root/ros2_humble/install/launch_yaml:/root/ros2_humble/install/launch_xml:/root/ros2_humble/install/launch:/root/ros2_humble/install/osrf_pycommon:/root/ros2_humble/install/domain_coordinator:/root/ros2_humble/install/ament_xmllint:/root/ros2_humble/install/ament_pyflakes:/root/ros2_humble/install/ament_pycodestyle:/root/ros2_humble/install/ament_pep257:/root/ros2_humble/install/ament_pclint:/root/ros2_humble/install/ament_package:/root/ros2_humble/install/ament_mypy:/root/ros2_humble/install/ament_lint_cmake:/root/ros2_humble/install/ament_flake8:/root/ros2_humble/install/ament_copyright:/root/ros2_humble/install/ament_lint:/root/ros2_humble/install/ament_index_python:/root/ros2_humble/install/ament_cpplint:/root/ros2_humble/install/ament_cppcheck:/root/ros2_humble/install/ament_clang_tidy:/root/ros2_humble/install/ament_clang_format /usr/bin/cmake --install /opt/cat_robot/src/ros2_ws/build/diagnostic_aggregator
[1.956s] -- Install configuration: ""
[1.978s] -- Execute custom install script
[1.979s] -- Up-to-date symlink: /opt/cat_robot/src/ros2_ws/install/diagnostic_aggregator/lib/diagnostic_aggregator/aggregator_node
[1.984s] -- Up-to-date symlink: /opt/cat_robot/src/ros2_ws/install/diagnostic_aggregator/lib/diagnostic_aggregator/add_analyzer
[1.984s] -- Up-to-date symlink: /opt/cat_robot/src/ros2_ws/install/diagnostic_aggregator/include/diagnostic_aggregator/aggregator.hpp
[1.984s] -- Up-to-date symlink: /opt/cat_robot/src/ros2_ws/install/diagnostic_aggregator/include/diagnostic_aggregator/analyzer.hpp
[1.984s] -- Up-to-date symlink: /opt/cat_robot/src/ros2_ws/install/diagnostic_aggregator/include/diagnostic_aggregator/analyzer_group.hpp
[1.984s] -- Up-to-date symlink: /opt/cat_robot/src/ros2_ws/install/diagnostic_aggregator/include/diagnostic_aggregator/discard_analyzer.hpp
[1.984s] -- Up-to-date symlink: /opt/cat_robot/src/ros2_ws/install/diagnostic_aggregator/include/diagnostic_aggregator/generic_analyzer.hpp
[1.987s] -- Up-to-date symlink: /opt/cat_robot/src/ros2_ws/install/diagnostic_aggregator/include/diagnostic_aggregator/generic_analyzer_base.hpp
[1.987s] -- Up-to-date symlink: /opt/cat_robot/src/ros2_ws/install/diagnostic_aggregator/include/diagnostic_aggregator/ignore_analyzer.hpp
[1.988s] -- Up-to-date symlink: /opt/cat_robot/src/ros2_ws/install/diagnostic_aggregator/include/diagnostic_aggregator/other_analyzer.hpp
[1.988s] -- Up-to-date symlink: /opt/cat_robot/src/ros2_ws/install/diagnostic_aggregator/include/diagnostic_aggregator/status_item.hpp
[1.988s] -- Up-to-date symlink: /opt/cat_robot/src/ros2_ws/install/diagnostic_aggregator/include/diagnostic_aggregator/visibility_control.hpp
[1.988s] -- Up-to-date symlink: /opt/cat_robot/src/ros2_ws/install/diagnostic_aggregator/share/diagnostic_aggregator/environment/pythonpath.sh
[1.988s] -- Up-to-date symlink: /opt/cat_robot/src/ros2_ws/install/diagnostic_aggregator/share/diagnostic_aggregator/environment/pythonpath.dsv
[1.994s] -- Up-to-date symlink: /opt/cat_robot/src/ros2_ws/install/diagnostic_aggregator/local/lib/python3.12/dist-packages/diagnostic_aggregator-4.4.6-py3.12.egg-info/PKG-INFO
[1.997s] -- Up-to-date symlink: /opt/cat_robot/src/ros2_ws/install/diagnostic_aggregator/local/lib/python3.12/dist-packages/diagnostic_aggregator-4.4.6-py3.12.egg-info/SOURCES.txt
[1.997s] -- Up-to-date symlink: /opt/cat_robot/src/ros2_ws/install/diagnostic_aggregator/local/lib/python3.12/dist-packages/diagnostic_aggregator-4.4.6-py3.12.egg-info/dependency_links.txt
[1.997s] -- Up-to-date symlink: /opt/cat_robot/src/ros2_ws/install/diagnostic_aggregator/local/lib/python3.12/dist-packages/diagnostic_aggregator-4.4.6-py3.12.egg-info/top_level.txt
[1.997s] -- Up-to-date symlink: /opt/cat_robot/src/ros2_ws/install/diagnostic_aggregator/local/lib/python3.12/dist-packages/diagnostic_aggregator/__init__.py
[1.997s] -- Up-to-date symlink: /opt/cat_robot/src/ros2_ws/install/diagnostic_aggregator/share/diagnostic_aggregator/example.launch.py
[1.998s] -- Up-to-date symlink: /opt/cat_robot/src/ros2_ws/install/diagnostic_aggregator/lib/diagnostic_aggregator/example_pub.py
[1.998s] -- Up-to-date symlink: /opt/cat_robot/src/ros2_ws/install/diagnostic_aggregator/share/diagnostic_aggregator/example_analyzers.yaml
[2.000s] -- Up-to-date symlink: /opt/cat_robot/src/ros2_ws/install/diagnostic_aggregator/share/diagnostic_aggregator/example_add_analyzers.yaml
[2.000s] -- Up-to-date symlink: /opt/cat_robot/src/ros2_ws/install/diagnostic_aggregator/share/diagnostic_aggregator//plugin_description.xml
[2.003s] -- Up-to-date symlink: /opt/cat_robot/src/ros2_ws/install/diagnostic_aggregator/share/diagnostic_aggregator/environment/library_path.sh
[2.003s] -- Up-to-date symlink: /opt/cat_robot/src/ros2_ws/install/diagnostic_aggregator/share/diagnostic_aggregator/environment/library_path.dsv
[2.004s] -- Up-to-date symlink: /opt/cat_robot/src/ros2_ws/install/diagnostic_aggregator/share/ament_index/resource_index/package_run_dependencies/diagnostic_aggregator
[2.004s] -- Up-to-date symlink: /opt/cat_robot/src/ros2_ws/install/diagnostic_aggregator/share/ament_index/resource_index/parent_prefix_path/diagnostic_aggregator
[2.006s] -- Up-to-date symlink: /opt/cat_robot/src/ros2_ws/install/diagnostic_aggregator/share/diagnostic_aggregator/environment/ament_prefix_path.sh
[2.007s] -- Up-to-date symlink: /opt/cat_robot/src/ros2_ws/install/diagnostic_aggregator/share/diagnostic_aggregator/environment/ament_prefix_path.dsv
[2.007s] -- Up-to-date symlink: /opt/cat_robot/src/ros2_ws/install/diagnostic_aggregator/share/diagnostic_aggregator/environment/path.sh
[2.009s] -- Up-to-date symlink: /opt/cat_robot/src/ros2_ws/install/diagnostic_aggregator/share/diagnostic_aggregator/environment/path.dsv
[2.010s] -- Up-to-date symlink: /opt/cat_robot/src/ros2_ws/install/diagnostic_aggregator/share/diagnostic_aggregator/local_setup.bash
[2.010s] -- Up-to-date symlink: /opt/cat_robot/src/ros2_ws/install/diagnostic_aggregator/share/diagnostic_aggregator/local_setup.sh
[2.010s] -- Up-to-date symlink: /opt/cat_robot/src/ros2_ws/install/diagnostic_aggregator/share/diagnostic_aggregator/local_setup.zsh
[2.011s] -- Up-to-date symlink: /opt/cat_robot/src/ros2_ws/install/diagnostic_aggregator/share/diagnostic_aggregator/local_setup.dsv
[2.012s] -- Symlinking: /opt/cat_robot/src/ros2_ws/install/diagnostic_aggregator/share/diagnostic_aggregator/package.dsv
[2.099s] -- Up-to-date symlink: /opt/cat_robot/src/ros2_ws/install/diagnostic_aggregator/share/ament_index/resource_index/packages/diagnostic_aggregator
[2.099s] -- Up-to-date symlink: /opt/cat_robot/src/ros2_ws/install/diagnostic_aggregator/share/ament_index/resource_index/diagnostic_aggregator__pluginlib__plugin/diagnostic_aggregator
[2.101s] -- Up-to-date symlink: /opt/cat_robot/src/ros2_ws/install/diagnostic_aggregator/share/diagnostic_aggregator/cmake/ament_cmake_export_targets-extras.cmake
[2.101s] -- Up-to-date symlink: /opt/cat_robot/src/ros2_ws/install/diagnostic_aggregator/share/diagnostic_aggregator/cmake/ament_cmake_export_include_directories-extras.cmake
[2.101s] -- Up-to-date symlink: /opt/cat_robot/src/ros2_ws/install/diagnostic_aggregator/share/diagnostic_aggregator/cmake/ament_cmake_export_dependencies-extras.cmake
[2.102s] -- Up-to-date symlink: /opt/cat_robot/src/ros2_ws/install/diagnostic_aggregator/share/diagnostic_aggregator/cmake/diagnostic_aggregatorConfig.cmake
[2.102s] -- Up-to-date symlink: /opt/cat_robot/src/ros2_ws/install/diagnostic_aggregator/share/diagnostic_aggregator/cmake/diagnostic_aggregatorConfig-version.cmake
[2.102s] -- Up-to-date symlink: /opt/cat_robot/src/ros2_ws/install/diagnostic_aggregator/share/diagnostic_aggregator/package.xml
[2.110s] -- Up-to-date: /opt/cat_robot/src/ros2_ws/install/diagnostic_aggregator/lib/libdiagnostic_aggregator.so
[2.116s] -- Up-to-date: /opt/cat_robot/src/ros2_ws/install/diagnostic_aggregator/lib/libdiagnostic_aggregator_analyzers.so
[2.534s] Listing '/opt/cat_robot/src/ros2_ws/install/diagnostic_aggregator/local/lib/python3.12/dist-packages/diagnostic_aggregator'...
[2.559s] -- Up-to-date: /opt/cat_robot/src/ros2_ws/install/diagnostic_aggregator/share/diagnostic_aggregator/cmake/diagnostic_aggregatorTargetsExport.cmake
[2.559s] -- Up-to-date: /opt/cat_robot/src/ros2_ws/install/diagnostic_aggregator/share/diagnostic_aggregator/cmake/diagnostic_aggregatorTargetsExport-noconfig.cmake
[2.567s] Invoked command in '/opt/cat_robot/src/ros2_ws/build/diagnostic_aggregator' returned '0': CMAKE_PREFIX_PATH=${CMAKE_PREFIX_PATH}:/root/ros2_humble/install/ros2bag:/root/ros2_humble/install/tracetools_test:/root/ros2_humble/install/tracetools_launch:/root/ros2_humble/install/tf2_ros_py:/root/ros2_humble/install/sros2:/root/ros2_humble/install/rqt_msg:/root/ros2_humble/install/rqt_console:/root/ros2_humble/install/rqt_gui_py:/root/ros2_humble/install/rqt_gui:/root/ros2_humble/install/ros2test:/root/ros2_humble/install/ros2param:/root/ros2_humble/install/ros2service:/root/ros2_humble/install/ros2run:/root/ros2_humble/install/ros2pkg:/root/ros2_humble/install/ros2node:/root/ros2_humble/install/ros2multicast:/root/ros2_humble/install/ros2cli:/root/ros2_humble/install/launch_testing_ros:/root/ros2_humble/install/launch_ros:/root/ros2_humble/install/demo_nodes_py:/root/ros2_humble/install/ament_uncrustify:/root/ros2_humble/install/tracetools_trace:/root/ros2_humble/install/tracetools_read:/root/ros2_humble/install/sensor_msgs_py:/root/ros2_humble/install/rpyutils:/root/ros2_humble/install/rosidl_runtime_py:/root/ros2_humble/install/rosidl_cli:/root/ros2_humble/install/launch_testing:/root/ros2_humble/install/launch_yaml:/root/ros2_humble/install/launch_xml:/root/ros2_humble/install/launch:/root/ros2_humble/install/osrf_pycommon:/root/ros2_humble/install/domain_coordinator:/root/ros2_humble/install/ament_xmllint:/root/ros2_humble/install/ament_pyflakes:/root/ros2_humble/install/ament_pycodestyle:/root/ros2_humble/install/ament_pep257:/root/ros2_humble/install/ament_pclint:/root/ros2_humble/install/ament_package:/root/ros2_humble/install/ament_mypy:/root/ros2_humble/install/ament_lint_cmake:/root/ros2_humble/install/ament_flake8:/root/ros2_humble/install/ament_copyright:/root/ros2_humble/install/ament_lint:/root/ros2_humble/install/ament_index_python:/root/ros2_humble/install/ament_cpplint:/root/ros2_humble/install/ament_cppcheck:/root/ros2_humble/install/ament_clang_tidy:/root/ros2_humble/install/ament_clang_format /usr/bin/cmake --install /opt/cat_robot/src/ros2_ws/build/diagnostic_aggregator
