-- The C compiler identification is GNU 13.3.0
-- The CXX compiler identification is GNU 13.3.0
-- Detecting C compiler ABI info
-- Detecting C compiler ABI info - done
-- Check for working C compiler: /usr/bin/cc - skipped
-- Detecting C compile features
-- Detecting C compile features - done
-- Detecting CXX compiler ABI info
-- Detecting CXX compiler ABI info - done
-- Check for working CXX compiler: /usr/bin/c++ - skipped
-- Detecting CXX compile features
-- Detecting CXX compile features - done
-- Found ament_cmake: 1.3.14 (/home/user/ros2_humble/install/ament_cmake/share/ament_cmake/cmake)
-- Found Python3: /usr/bin/python3 (found version "3.12.3") found components: Interpreter 
-- Override CMake install command with custom implementation using symlinks instead of copying resources
-- Found rosidl_default_generators: 1.2.1 (/home/user/ros2_humble/install/rosidl_default_generators/share/rosidl_default_generators/cmake)
-- Using all available rosidl_typesupport_c: rosidl_typesupport_introspection_c;rosidl_typesupport_fastrtps_c
-- Found rosidl_adapter: 3.1.8 (/home/user/ros2_humble/install/rosidl_adapter/share/rosidl_adapter/cmake)
-- Using all available rosidl_typesupport_cpp: rosidl_typesupport_introspection_cpp;rosidl_typesupport_fastrtps_cpp
-- Found builtin_interfaces: 1.2.2 (/home/user/ros2_humble/install/builtin_interfaces/share/builtin_interfaces/cmake)
-- Found ament_cmake_ros: 0.10.0 (/home/user/ros2_humble/install/ament_cmake_ros/share/ament_cmake_ros/cmake)
-- Using all available rosidl_typesupport_c: rosidl_typesupport_introspection_c;rosidl_typesupport_fastrtps_c
-- Using all available rosidl_typesupport_cpp: rosidl_typesupport_introspection_cpp;rosidl_typesupport_fastrtps_cpp
-- Found PythonInterp: /usr/bin/python3 (found suitable version "3.12.3", minimum required is "3.6") 
-- Found python_cmake_module: 0.10.0 (/home/user/ros2_humble/install/python_cmake_module/share/python_cmake_module/cmake)
-- Found PythonLibs: /usr/lib/aarch64-linux-gnu/libpython3.12.so (found suitable version "3.12.3", minimum required is "3.5") 
-- Using PYTHON_EXECUTABLE: /usr/bin/python3
-- Using PYTHON_INCLUDE_DIRS: /usr/include/python3.12
-- Using PYTHON_LIBRARIES: /usr/lib/aarch64-linux-gnu/libpython3.12.so
-- Found PythonExtra: .so  
-- Using numpy include directory: /usr/lib/python3/dist-packages/numpy/core/include
-- Configuring done (15.9s)
-- Generating done (0.1s)
-- Build files have been written to: /opt/cat_robot/src/ros2_ws/build/catui_msgs
[  3%] [34m[1mGenerating C++ code for ROS interfaces[0m
[  3%] Built target catui_msgs__cpp
[  3%] Built target ament_cmake_python_symlink_catui_msgs
[  6%] [34m[1mGenerating C++ type support for eProsima Fast-RTPS[0m
[  9%] [32mBuilding CXX object CMakeFiles/catui_msgs__rosidl_typesupport_fastrtps_cpp.dir/rosidl_typesupport_fastrtps_cpp/catui_msgs/msg/detail/dds_fastrtps/cat_ui_command__type_support.cpp.o[0m
[ 12%] [32m[1mLinking CXX shared library libcatui_msgs__rosidl_typesupport_fastrtps_cpp.so[0m
[ 12%] Built target catui_msgs__rosidl_typesupport_fastrtps_cpp
[ 15%] [34m[1mGenerating C++ type support dispatch for ROS interfaces[0m
[ 18%] [32mBuilding CXX object CMakeFiles/catui_msgs__rosidl_typesupport_cpp.dir/rosidl_typesupport_cpp/catui_msgs/msg/cat_ui_command__type_support.cpp.o[0m
[ 21%] [32m[1mLinking CXX shared library libcatui_msgs__rosidl_typesupport_cpp.so[0m
[ 21%] Built target catui_msgs__rosidl_typesupport_cpp
[ 25%] [34m[1mGenerating C++ introspection for ROS interfaces[0m
[ 28%] [32mBuilding CXX object CMakeFiles/catui_msgs__rosidl_typesupport_introspection_cpp.dir/rosidl_typesupport_introspection_cpp/catui_msgs/msg/detail/cat_ui_command__type_support.cpp.o[0m
[ 31%] [32m[1mLinking CXX shared library libcatui_msgs__rosidl_typesupport_introspection_cpp.so[0m
[ 31%] Built target catui_msgs__rosidl_typesupport_introspection_cpp
running egg_info
creating catui_msgs.egg-info
writing catui_msgs.egg-info/PKG-INFO
writing dependency_links to catui_msgs.egg-info/dependency_links.txt
writing top-level names to catui_msgs.egg-info/top_level.txt
writing manifest file 'catui_msgs.egg-info/SOURCES.txt'
reading manifest file 'catui_msgs.egg-info/SOURCES.txt'
writing manifest file 'catui_msgs.egg-info/SOURCES.txt'
[ 31%] Built target ament_cmake_python_build_catui_msgs_egg
[ 34%] [34m[1mGenerating Rust code for ROS interfaces[0m
[ 34%] Built target catui_msgs__rs
[ 37%] [34m[1mGenerating C code for ROS interfaces[0m
[ 40%] [32mBuilding C object CMakeFiles/catui_msgs__rosidl_generator_c.dir/rosidl_generator_c/catui_msgs/msg/detail/cat_ui_command__functions.c.o[0m
[ 43%] [32m[1mLinking C shared library libcatui_msgs__rosidl_generator_c.so[0m
[ 43%] Built target catui_msgs__rosidl_generator_c
[ 46%] [34m[1mGenerating C introspection for ROS interfaces[0m
[ 50%] [32mBuilding C object CMakeFiles/catui_msgs__rosidl_typesupport_introspection_c.dir/rosidl_typesupport_introspection_c/catui_msgs/msg/detail/cat_ui_command__type_support.c.o[0m
[ 53%] [32m[1mLinking C shared library libcatui_msgs__rosidl_typesupport_introspection_c.so[0m
[ 53%] Built target catui_msgs__rosidl_typesupport_introspection_c
[ 56%] [34m[1mGenerating C type support dispatch for ROS interfaces[0m
[ 59%] [32mBuilding CXX object CMakeFiles/catui_msgs__rosidl_typesupport_c.dir/rosidl_typesupport_c/catui_msgs/msg/cat_ui_command__type_support.cpp.o[0m
[ 62%] [32m[1mLinking CXX shared library libcatui_msgs__rosidl_typesupport_c.so[0m
[ 62%] Built target catui_msgs__rosidl_typesupport_c
[ 65%] [34m[1mGenerating C type support for eProsima Fast-RTPS[0m
[ 68%] [32mBuilding CXX object CMakeFiles/catui_msgs__rosidl_typesupport_fastrtps_c.dir/rosidl_typesupport_fastrtps_c/catui_msgs/msg/detail/cat_ui_command__type_support_c.cpp.o[0m
[ 71%] [32m[1mLinking CXX shared library libcatui_msgs__rosidl_typesupport_fastrtps_c.so[0m
[ 71%] Built target catui_msgs__rosidl_typesupport_fastrtps_c
[ 71%] Built target catui_msgs
[ 75%] [34m[1mGenerating Python code for ROS interfaces[0m
[ 75%] Built target catui_msgs__py
[ 78%] [32mBuilding C object CMakeFiles/catui_msgs__rosidl_generator_py.dir/rosidl_generator_py/catui_msgs/msg/_cat_ui_command_s.c.o[0m
[ 81%] [32m[1mLinking C shared library rosidl_generator_py/catui_msgs/libcatui_msgs__rosidl_generator_py.so[0m
[ 81%] Built target catui_msgs__rosidl_generator_py
[ 84%] [32mBuilding C object CMakeFiles/catui_msgs__rosidl_typesupport_introspection_c__pyext.dir/rosidl_generator_py/catui_msgs/_catui_msgs_s.ep.rosidl_typesupport_introspection_c.c.o[0m
[ 87%] [32m[1mLinking C shared library rosidl_generator_py/catui_msgs/catui_msgs_s__rosidl_typesupport_introspection_c.cpython-312-aarch64-linux-gnu.so[0m
[ 87%] Built target catui_msgs__rosidl_typesupport_introspection_c__pyext
[ 90%] [32mBuilding C object CMakeFiles/catui_msgs__rosidl_typesupport_c__pyext.dir/rosidl_generator_py/catui_msgs/_catui_msgs_s.ep.rosidl_typesupport_c.c.o[0m
[ 93%] [32m[1mLinking C shared library rosidl_generator_py/catui_msgs/catui_msgs_s__rosidl_typesupport_c.cpython-312-aarch64-linux-gnu.so[0m
[ 93%] Built target catui_msgs__rosidl_typesupport_c__pyext
[ 96%] [32mBuilding C object CMakeFiles/catui_msgs__rosidl_typesupport_fastrtps_c__pyext.dir/rosidl_generator_py/catui_msgs/_catui_msgs_s.ep.rosidl_typesupport_fastrtps_c.c.o[0m
[100%] [32m[1mLinking C shared library rosidl_generator_py/catui_msgs/catui_msgs_s__rosidl_typesupport_fastrtps_c.cpython-312-aarch64-linux-gnu.so[0m
[100%] Built target catui_msgs__rosidl_typesupport_fastrtps_c__pyext
-- Install configuration: ""
-- Execute custom install script
-- Symlinking: /opt/cat_robot/src/ros2_ws/install/catui_msgs/share/ament_index/resource_index/rosidl_interfaces/catui_msgs
-- Symlinking: /opt/cat_robot/src/ros2_ws/install/catui_msgs/include/catui_msgs/catui_msgs/msg/cat_ui_command.h
-- Symlinking: /opt/cat_robot/src/ros2_ws/install/catui_msgs/include/catui_msgs/catui_msgs/msg/detail/cat_ui_command__functions.h
-- Symlinking: /opt/cat_robot/src/ros2_ws/install/catui_msgs/include/catui_msgs/catui_msgs/msg/detail/cat_ui_command__struct.h
-- Symlinking: /opt/cat_robot/src/ros2_ws/install/catui_msgs/include/catui_msgs/catui_msgs/msg/detail/cat_ui_command__type_support.h
-- Symlinking: /opt/cat_robot/src/ros2_ws/install/catui_msgs/include/catui_msgs/catui_msgs/msg/rosidl_generator_c__visibility_control.h
-- Symlinking: /opt/cat_robot/src/ros2_ws/install/catui_msgs/share/catui_msgs/environment/library_path.sh
-- Symlinking: /opt/cat_robot/src/ros2_ws/install/catui_msgs/share/catui_msgs/environment/library_path.dsv
-- Symlinking: /opt/cat_robot/src/ros2_ws/install/catui_msgs/include/catui_msgs/catui_msgs/msg/detail/cat_ui_command__rosidl_typesupport_introspection_c.h
-- Symlinking: /opt/cat_robot/src/ros2_ws/install/catui_msgs/include/catui_msgs/catui_msgs/msg/rosidl_typesupport_introspection_c__visibility_control.h
-- Symlinking: /opt/cat_robot/src/ros2_ws/install/catui_msgs/include/catui_msgs/catui_msgs/msg/detail/cat_ui_command__rosidl_typesupport_fastrtps_c.h
-- Symlinking: /opt/cat_robot/src/ros2_ws/install/catui_msgs/include/catui_msgs/catui_msgs/msg/rosidl_typesupport_fastrtps_c__visibility_control.h
-- Symlinking: /opt/cat_robot/src/ros2_ws/install/catui_msgs/include/catui_msgs/catui_msgs/msg/cat_ui_command.hpp
-- Symlinking: /opt/cat_robot/src/ros2_ws/install/catui_msgs/include/catui_msgs/catui_msgs/msg/detail/cat_ui_command__builder.hpp
-- Symlinking: /opt/cat_robot/src/ros2_ws/install/catui_msgs/include/catui_msgs/catui_msgs/msg/detail/cat_ui_command__struct.hpp
-- Symlinking: /opt/cat_robot/src/ros2_ws/install/catui_msgs/include/catui_msgs/catui_msgs/msg/detail/cat_ui_command__traits.hpp
-- Symlinking: /opt/cat_robot/src/ros2_ws/install/catui_msgs/include/catui_msgs/catui_msgs/msg/detail/cat_ui_command__type_support.hpp
-- Symlinking: /opt/cat_robot/src/ros2_ws/install/catui_msgs/include/catui_msgs/catui_msgs/msg/rosidl_generator_cpp__visibility_control.hpp
-- Symlinking: /opt/cat_robot/src/ros2_ws/install/catui_msgs/include/catui_msgs/catui_msgs/msg/detail/cat_ui_command__rosidl_typesupport_introspection_cpp.hpp
-- Symlinking: /opt/cat_robot/src/ros2_ws/install/catui_msgs/include/catui_msgs/catui_msgs/msg/detail/cat_ui_command__rosidl_typesupport_fastrtps_cpp.hpp
-- Symlinking: /opt/cat_robot/src/ros2_ws/install/catui_msgs/include/catui_msgs/catui_msgs/msg/rosidl_typesupport_fastrtps_cpp__visibility_control.h
-- Symlinking: /opt/cat_robot/src/ros2_ws/install/catui_msgs/share/catui_msgs/environment/pythonpath.sh
-- Symlinking: /opt/cat_robot/src/ros2_ws/install/catui_msgs/share/catui_msgs/environment/pythonpath.dsv
-- Symlinking: /opt/cat_robot/src/ros2_ws/install/catui_msgs/local/lib/python3.12/dist-packages/catui_msgs-0.0.1-py3.12.egg-info/PKG-INFO
-- Symlinking: /opt/cat_robot/src/ros2_ws/install/catui_msgs/local/lib/python3.12/dist-packages/catui_msgs-0.0.1-py3.12.egg-info/SOURCES.txt
-- Symlinking: /opt/cat_robot/src/ros2_ws/install/catui_msgs/local/lib/python3.12/dist-packages/catui_msgs-0.0.1-py3.12.egg-info/dependency_links.txt
-- Symlinking: /opt/cat_robot/src/ros2_ws/install/catui_msgs/local/lib/python3.12/dist-packages/catui_msgs-0.0.1-py3.12.egg-info/top_level.txt
-- Symlinking: /opt/cat_robot/src/ros2_ws/install/catui_msgs/local/lib/python3.12/dist-packages/catui_msgs/__init__.py
-- Symlinking: /opt/cat_robot/src/ros2_ws/install/catui_msgs/local/lib/python3.12/dist-packages/catui_msgs/_catui_msgs_s.ep.rosidl_typesupport_c.c
-- Symlinking: /opt/cat_robot/src/ros2_ws/install/catui_msgs/local/lib/python3.12/dist-packages/catui_msgs/_catui_msgs_s.ep.rosidl_typesupport_fastrtps_c.c
-- Symlinking: /opt/cat_robot/src/ros2_ws/install/catui_msgs/local/lib/python3.12/dist-packages/catui_msgs/_catui_msgs_s.ep.rosidl_typesupport_introspection_c.c
-- Symlinking: /opt/cat_robot/src/ros2_ws/install/catui_msgs/local/lib/python3.12/dist-packages/catui_msgs/catui_msgs_s__rosidl_typesupport_c.cpython-312-aarch64-linux-gnu.so
-- Symlinking: /opt/cat_robot/src/ros2_ws/install/catui_msgs/local/lib/python3.12/dist-packages/catui_msgs/catui_msgs_s__rosidl_typesupport_fastrtps_c.cpython-312-aarch64-linux-gnu.so
-- Symlinking: /opt/cat_robot/src/ros2_ws/install/catui_msgs/local/lib/python3.12/dist-packages/catui_msgs/catui_msgs_s__rosidl_typesupport_introspection_c.cpython-312-aarch64-linux-gnu.so
-- Symlinking: /opt/cat_robot/src/ros2_ws/install/catui_msgs/local/lib/python3.12/dist-packages/catui_msgs/libcatui_msgs__rosidl_generator_py.so
-- Symlinking: /opt/cat_robot/src/ros2_ws/install/catui_msgs/local/lib/python3.12/dist-packages/catui_msgs/msg/__init__.py
-- Symlinking: /opt/cat_robot/src/ros2_ws/install/catui_msgs/local/lib/python3.12/dist-packages/catui_msgs/msg/_cat_ui_command.py
-- Symlinking: /opt/cat_robot/src/ros2_ws/install/catui_msgs/local/lib/python3.12/dist-packages/catui_msgs/msg/_cat_ui_command_s.c
-- Up-to-date symlink: /opt/cat_robot/src/ros2_ws/install/catui_msgs/local/lib/python3.12/dist-packages/catui_msgs/catui_msgs_s__rosidl_typesupport_introspection_c.cpython-312-aarch64-linux-gnu.so
-- Up-to-date symlink: /opt/cat_robot/src/ros2_ws/install/catui_msgs/local/lib/python3.12/dist-packages/catui_msgs/catui_msgs_s__rosidl_typesupport_fastrtps_c.cpython-312-aarch64-linux-gnu.so
-- Up-to-date symlink: /opt/cat_robot/src/ros2_ws/install/catui_msgs/local/lib/python3.12/dist-packages/catui_msgs/catui_msgs_s__rosidl_typesupport_c.cpython-312-aarch64-linux-gnu.so
-- Symlinking: /opt/cat_robot/src/ros2_ws/install/catui_msgs/share/ament_index/resource_index/rust_packages/catui_msgs
-- Symlinking: /opt/cat_robot/src/ros2_ws/install/catui_msgs/share/catui_msgs/rust/Cargo.toml
-- Symlinking: /opt/cat_robot/src/ros2_ws/install/catui_msgs/share/catui_msgs/rust/build.rs
-- Symlinking: /opt/cat_robot/src/ros2_ws/install/catui_msgs/share/catui_msgs/rust/src/lib.rs
-- Symlinking: /opt/cat_robot/src/ros2_ws/install/catui_msgs/share/catui_msgs/rust/src/msg.rs
-- Symlinking: /opt/cat_robot/src/ros2_ws/install/catui_msgs/share/catui_msgs/rust/src/msg/rmw.rs
-- Symlinking: /opt/cat_robot/src/ros2_ws/install/catui_msgs/share/catui_msgs/msg/CatUICommand.idl
-- Symlinking: /opt/cat_robot/src/ros2_ws/install/catui_msgs/share/catui_msgs/msg/CatUICommand.msg
-- Symlinking: /opt/cat_robot/src/ros2_ws/install/catui_msgs/share/ament_index/resource_index/package_run_dependencies/catui_msgs
-- Symlinking: /opt/cat_robot/src/ros2_ws/install/catui_msgs/share/ament_index/resource_index/parent_prefix_path/catui_msgs
-- Symlinking: /opt/cat_robot/src/ros2_ws/install/catui_msgs/share/catui_msgs/environment/ament_prefix_path.sh
-- Symlinking: /opt/cat_robot/src/ros2_ws/install/catui_msgs/share/catui_msgs/environment/ament_prefix_path.dsv
-- Symlinking: /opt/cat_robot/src/ros2_ws/install/catui_msgs/share/catui_msgs/environment/path.sh
-- Symlinking: /opt/cat_robot/src/ros2_ws/install/catui_msgs/share/catui_msgs/environment/path.dsv
-- Symlinking: /opt/cat_robot/src/ros2_ws/install/catui_msgs/share/catui_msgs/local_setup.bash
-- Symlinking: /opt/cat_robot/src/ros2_ws/install/catui_msgs/share/catui_msgs/local_setup.sh
-- Symlinking: /opt/cat_robot/src/ros2_ws/install/catui_msgs/share/catui_msgs/local_setup.zsh
-- Symlinking: /opt/cat_robot/src/ros2_ws/install/catui_msgs/share/catui_msgs/local_setup.dsv
-- Symlinking: /opt/cat_robot/src/ros2_ws/install/catui_msgs/share/catui_msgs/package.dsv
-- Symlinking: /opt/cat_robot/src/ros2_ws/install/catui_msgs/share/ament_index/resource_index/packages/catui_msgs
-- Symlinking: /opt/cat_robot/src/ros2_ws/install/catui_msgs/share/catui_msgs/cmake/rosidl_cmake-extras.cmake
-- Symlinking: /opt/cat_robot/src/ros2_ws/install/catui_msgs/share/catui_msgs/cmake/ament_cmake_export_dependencies-extras.cmake
-- Symlinking: /opt/cat_robot/src/ros2_ws/install/catui_msgs/share/catui_msgs/cmake/ament_cmake_export_include_directories-extras.cmake
-- Symlinking: /opt/cat_robot/src/ros2_ws/install/catui_msgs/share/catui_msgs/cmake/ament_cmake_export_libraries-extras.cmake
-- Symlinking: /opt/cat_robot/src/ros2_ws/install/catui_msgs/share/catui_msgs/cmake/ament_cmake_export_targets-extras.cmake
-- Symlinking: /opt/cat_robot/src/ros2_ws/install/catui_msgs/share/catui_msgs/cmake/rosidl_cmake_export_typesupport_targets-extras.cmake
-- Symlinking: /opt/cat_robot/src/ros2_ws/install/catui_msgs/share/catui_msgs/cmake/rosidl_cmake_export_typesupport_libraries-extras.cmake
-- Symlinking: /opt/cat_robot/src/ros2_ws/install/catui_msgs/share/catui_msgs/cmake/catui_msgsConfig.cmake
-- Symlinking: /opt/cat_robot/src/ros2_ws/install/catui_msgs/share/catui_msgs/cmake/catui_msgsConfig-version.cmake
-- Symlinking: /opt/cat_robot/src/ros2_ws/install/catui_msgs/share/catui_msgs/package.xml
-- Installing: /opt/cat_robot/src/ros2_ws/install/catui_msgs/lib/libcatui_msgs__rosidl_generator_c.so
-- Set non-toolchain portion of runtime path of "/opt/cat_robot/src/ros2_ws/install/catui_msgs/lib/libcatui_msgs__rosidl_generator_c.so" to ""
-- Installing: /opt/cat_robot/src/ros2_ws/install/catui_msgs/lib/libcatui_msgs__rosidl_typesupport_introspection_c.so
-- Set non-toolchain portion of runtime path of "/opt/cat_robot/src/ros2_ws/install/catui_msgs/lib/libcatui_msgs__rosidl_typesupport_introspection_c.so" to ""
-- Installing: /opt/cat_robot/src/ros2_ws/install/catui_msgs/lib/libcatui_msgs__rosidl_typesupport_fastrtps_c.so
-- Set non-toolchain portion of runtime path of "/opt/cat_robot/src/ros2_ws/install/catui_msgs/lib/libcatui_msgs__rosidl_typesupport_fastrtps_c.so" to ""
-- Installing: /opt/cat_robot/src/ros2_ws/install/catui_msgs/lib/libcatui_msgs__rosidl_typesupport_c.so
-- Set non-toolchain portion of runtime path of "/opt/cat_robot/src/ros2_ws/install/catui_msgs/lib/libcatui_msgs__rosidl_typesupport_c.so" to ""
-- Installing: /opt/cat_robot/src/ros2_ws/install/catui_msgs/lib/libcatui_msgs__rosidl_typesupport_introspection_cpp.so
-- Set non-toolchain portion of runtime path of "/opt/cat_robot/src/ros2_ws/install/catui_msgs/lib/libcatui_msgs__rosidl_typesupport_introspection_cpp.so" to ""
-- Installing: /opt/cat_robot/src/ros2_ws/install/catui_msgs/lib/libcatui_msgs__rosidl_typesupport_fastrtps_cpp.so
-- Set non-toolchain portion of runtime path of "/opt/cat_robot/src/ros2_ws/install/catui_msgs/lib/libcatui_msgs__rosidl_typesupport_fastrtps_cpp.so" to ""
-- Installing: /opt/cat_robot/src/ros2_ws/install/catui_msgs/lib/libcatui_msgs__rosidl_typesupport_cpp.so
-- Set non-toolchain portion of runtime path of "/opt/cat_robot/src/ros2_ws/install/catui_msgs/lib/libcatui_msgs__rosidl_typesupport_cpp.so" to ""
Listing '/opt/cat_robot/src/ros2_ws/install/catui_msgs/local/lib/python3.12/dist-packages/catui_msgs'...
Compiling '/opt/cat_robot/src/ros2_ws/install/catui_msgs/local/lib/python3.12/dist-packages/catui_msgs/__init__.py'...
Listing '/opt/cat_robot/src/ros2_ws/install/catui_msgs/local/lib/python3.12/dist-packages/catui_msgs/msg'...
Compiling '/opt/cat_robot/src/ros2_ws/install/catui_msgs/local/lib/python3.12/dist-packages/catui_msgs/msg/__init__.py'...
Compiling '/opt/cat_robot/src/ros2_ws/install/catui_msgs/local/lib/python3.12/dist-packages/catui_msgs/msg/_cat_ui_command.py'...
-- Installing: /opt/cat_robot/src/ros2_ws/install/catui_msgs/lib/libcatui_msgs__rosidl_generator_py.so
-- Set non-toolchain portion of runtime path of "/opt/cat_robot/src/ros2_ws/install/catui_msgs/lib/libcatui_msgs__rosidl_generator_py.so" to ""
-- Installing: /opt/cat_robot/src/ros2_ws/install/catui_msgs/share/catui_msgs/cmake/export_catui_msgs__rosidl_generator_cExport.cmake
-- Installing: /opt/cat_robot/src/ros2_ws/install/catui_msgs/share/catui_msgs/cmake/export_catui_msgs__rosidl_generator_cExport-noconfig.cmake
-- Installing: /opt/cat_robot/src/ros2_ws/install/catui_msgs/share/catui_msgs/cmake/catui_msgs__rosidl_typesupport_introspection_cExport.cmake
-- Installing: /opt/cat_robot/src/ros2_ws/install/catui_msgs/share/catui_msgs/cmake/catui_msgs__rosidl_typesupport_introspection_cExport-noconfig.cmake
-- Installing: /opt/cat_robot/src/ros2_ws/install/catui_msgs/share/catui_msgs/cmake/export_catui_msgs__rosidl_typesupport_fastrtps_cExport.cmake
-- Installing: /opt/cat_robot/src/ros2_ws/install/catui_msgs/share/catui_msgs/cmake/export_catui_msgs__rosidl_typesupport_fastrtps_cExport-noconfig.cmake
-- Installing: /opt/cat_robot/src/ros2_ws/install/catui_msgs/share/catui_msgs/cmake/catui_msgs__rosidl_typesupport_cExport.cmake
-- Installing: /opt/cat_robot/src/ros2_ws/install/catui_msgs/share/catui_msgs/cmake/catui_msgs__rosidl_typesupport_cExport-noconfig.cmake
-- Installing: /opt/cat_robot/src/ros2_ws/install/catui_msgs/share/catui_msgs/cmake/export_catui_msgs__rosidl_generator_cppExport.cmake
-- Installing: /opt/cat_robot/src/ros2_ws/install/catui_msgs/share/catui_msgs/cmake/catui_msgs__rosidl_typesupport_introspection_cppExport.cmake
-- Installing: /opt/cat_robot/src/ros2_ws/install/catui_msgs/share/catui_msgs/cmake/catui_msgs__rosidl_typesupport_introspection_cppExport-noconfig.cmake
-- Installing: /opt/cat_robot/src/ros2_ws/install/catui_msgs/share/catui_msgs/cmake/export_catui_msgs__rosidl_typesupport_fastrtps_cppExport.cmake
-- Installing: /opt/cat_robot/src/ros2_ws/install/catui_msgs/share/catui_msgs/cmake/export_catui_msgs__rosidl_typesupport_fastrtps_cppExport-noconfig.cmake
-- Installing: /opt/cat_robot/src/ros2_ws/install/catui_msgs/share/catui_msgs/cmake/catui_msgs__rosidl_typesupport_cppExport.cmake
-- Installing: /opt/cat_robot/src/ros2_ws/install/catui_msgs/share/catui_msgs/cmake/catui_msgs__rosidl_typesupport_cppExport-noconfig.cmake
-- Installing: /opt/cat_robot/src/ros2_ws/install/catui_msgs/share/catui_msgs/cmake/export_catui_msgs__rosidl_generator_pyExport.cmake
-- Installing: /opt/cat_robot/src/ros2_ws/install/catui_msgs/share/catui_msgs/cmake/export_catui_msgs__rosidl_generator_pyExport-noconfig.cmake
