[0.087s] Invoking command in '/opt/cat_robot/src/ros2_ws/build/catui_msgs': CMAKE_PREFIX_PATH=${CMAKE_PREFIX_PATH}:/opt/cat_robot/src/ros2_ws/install/catui_bridge:/opt/cat_robot/src/ros2_ws/install/cat_robot_bringup:/home/user/ros2_humble/install/rqt_bag_plugins:/home/user/ros2_humble/install/rqt_bag:/home/user/ros2_humble/install/launch_testing_examples:/home/user/ros2_humble/install/ros2bag:/home/user/ros2_humble/install/tracetools_test:/home/user/ros2_humble/install/tracetools_launch:/home/user/ros2_humble/install/topic_monitor:/home/user/ros2_humble/install/tf2_tools:/home/user/ros2_humble/install/examples_tf2_py:/home/user/ros2_humble/install/tf2_ros_py:/home/user/ros2_humble/install/sros2:/home/user/ros2_humble/install/rqt_topic:/home/user/ros2_humble/install/rqt_srv:/home/user/ros2_humble/install/rqt_shell:/home/user/ros2_humble/install/rqt_service_caller:/home/user/ros2_humble/install/rqt_reconfigure:/home/user/ros2_humble/install/rqt_py_console:/home/user/ros2_humble/install/rqt_publisher:/home/user/ros2_humble/install/rqt_plot:/home/user/ros2_humble/install/rqt_action:/home/user/ros2_humble/install/rqt_msg:/home/user/ros2_humble/install/rqt_console:/home/user/ros2_humble/install/rqt:/home/user/ros2_humble/install/rqt_graph:/home/user/ros2_humble/install/rqt_gui_py:/home/user/ros2_humble/install/rqt_gui:/home/user/ros2_humble/install/ros2trace:/home/user/ros2_humble/install/ros2topic:/home/user/ros2_humble/install/ros2test:/home/user/ros2_humble/install/ros2component:/home/user/ros2_humble/install/ros2param:/home/user/ros2_humble/install/ros2lifecycle:/home/user/ros2_humble/install/ros2service:/home/user/ros2_humble/install/ros2run:/home/user/ros2_humble/install/ros2plugin:/home/user/ros2_humble/install/ros2launch:/home/user/ros2_humble/install/ros2pkg:/home/user/ros2_humble/install/ros2node:/home/user/ros2_humble/install/ros2multicast:/home/user/ros2_humble/install/ros2interface:/home/user/ros2_humble/install/ros2doctor:/home/user/ros2_humble/install/ros2action:/home/user/ros2_humble/install/ros2cli:/home/user/ros2_humble/install/quality_of_service_demo_py:/home/user/ros2_humble/install/lifecycle_py:/home/user/ros2_humble/install/launch_testing_ros:/home/user/ros2_humble/install/launch_ros:/home/user/ros2_humble/install/examples_rclpy_pointcloud_publisher:/home/user/ros2_humble/install/examples_rclpy_minimal_subscriber:/home/user/ros2_humble/install/examples_rclpy_minimal_service:/home/user/ros2_humble/install/examples_rclpy_minimal_publisher:/home/user/ros2_humble/install/examples_rclpy_minimal_client:/home/user/ros2_humble/install/examples_rclpy_minimal_action_server:/home/user/ros2_humble/install/examples_rclpy_minimal_action_client:/home/user/ros2_humble/install/examples_rclpy_guard_conditions:/home/user/ros2_humble/install/examples_rclpy_executors:/home/user/ros2_humble/install/demo_nodes_py:/home/user/ros2_humble/install/camera_info_manager_py:/home/user/ros2_humble/install/action_tutorials_py:/home/user/ros2_humble/install/ament_uncrustify:/home/user/ros2_humble/install/tracetools_trace:/home/user/ros2_humble/install/tracetools_read:/home/user/ros2_humble/install/test_tracetools_launch:/home/user/ros2_humble/install/test_launch_ros:/home/user/ros2_humble/install/sensor_msgs_py:/home/user/ros2_humble/install/rpyutils:/home/user/ros2_humble/install/rosidl_runtime_py:/home/user/ros2_humble/install/rosidl_cli:/home/user/ros2_humble/install/launch_pytest:/home/user/ros2_humble/install/launch_testing:/home/user/ros2_humble/install/launch_yaml:/home/user/ros2_humble/install/launch_xml:/home/user/ros2_humble/install/launch:/home/user/ros2_humble/install/osrf_pycommon:/home/user/ros2_humble/install/domain_coordinator:/home/user/ros2_humble/install/ament_xmllint:/home/user/ros2_humble/install/ament_pyflakes:/home/user/ros2_humble/install/ament_pycodestyle:/home/user/ros2_humble/install/ament_pep257:/home/user/ros2_humble/install/ament_pclint:/home/user/ros2_humble/install/ament_package:/home/user/ros2_humble/install/ament_mypy:/home/user/ros2_humble/install/ament_lint_cmake:/home/user/ros2_humble/install/ament_flake8:/home/user/ros2_humble/install/ament_copyright:/home/user/ros2_humble/install/ament_lint:/home/user/ros2_humble/install/ament_index_python:/home/user/ros2_humble/install/ament_cpplint:/home/user/ros2_humble/install/ament_cppcheck:/home/user/ros2_humble/install/ament_clang_tidy:/home/user/ros2_humble/install/ament_clang_format DEBUGINFOD_URLS=https://debuginfod.ubuntu.com /usr/bin/cmake /opt/cat_robot/src/ros2_ws/src/catui_msgs -DAMENT_CMAKE_SYMLINK_INSTALL=1 -DCMAKE_INSTALL_PREFIX=/opt/cat_robot/src/ros2_ws/install/catui_msgs
[0.300s] -- The C compiler identification is GNU 13.3.0
[0.468s] -- The CXX compiler identification is GNU 13.3.0
[0.518s] -- Detecting C compiler ABI info
[0.869s] -- Detecting C compiler ABI info - done
[0.889s] -- Check for working C compiler: /usr/bin/cc - skipped
[0.891s] -- Detecting C compile features
[0.891s] -- Detecting C compile features - done
[0.924s] -- Detecting CXX compiler ABI info
[1.337s] -- Detecting CXX compiler ABI info - done
[1.355s] -- Check for working CXX compiler: /usr/bin/c++ - skipped
[1.356s] -- Detecting CXX compile features
[1.358s] -- Detecting CXX compile features - done
[1.399s] -- Found ament_cmake: 1.3.14 (/home/user/ros2_humble/install/ament_cmake/share/ament_cmake/cmake)
[2.335s] -- Found Python3: /usr/bin/python3 (found version "3.12.3") found components: Interpreter 
[2.823s] -- Override CMake install command with custom implementation using symlinks instead of copying resources
[3.379s] -- Found rosidl_default_generators: 1.2.1 (/home/user/ros2_humble/install/rosidl_default_generators/share/rosidl_default_generators/cmake)
[3.636s] -- Using all available rosidl_typesupport_c: rosidl_typesupport_introspection_c;rosidl_typesupport_fastrtps_c
[3.733s] -- Found rosidl_adapter: 3.1.8 (/home/user/ros2_humble/install/rosidl_adapter/share/rosidl_adapter/cmake)
[4.173s] -- Using all available rosidl_typesupport_cpp: rosidl_typesupport_introspection_cpp;rosidl_typesupport_fastrtps_cpp
[4.486s] -- Found builtin_interfaces: 1.2.2 (/home/user/ros2_humble/install/builtin_interfaces/share/builtin_interfaces/cmake)
[8.689s] -- Found ament_cmake_ros: 0.10.0 (/home/user/ros2_humble/install/ament_cmake_ros/share/ament_cmake_ros/cmake)
[10.449s] -- Using all available rosidl_typesupport_c: rosidl_typesupport_introspection_c;rosidl_typesupport_fastrtps_c
[13.375s] -- Using all available rosidl_typesupport_cpp: rosidl_typesupport_introspection_cpp;rosidl_typesupport_fastrtps_cpp
[13.378s] [33mCMake Warning (dev) at /home/user/ros2_humble/install/rosidl_generator_py/share/rosidl_generator_py/cmake/rosidl_generator_py_generate_interfaces.cmake:20 (find_package):
[13.378s]   Policy CMP0148 is not set: The FindPythonInterp and FindPythonLibs modules
[13.378s]   are removed.  Run "cmake --help-policy CMP0148" for policy details.  Use
[13.378s]   the cmake_policy command to set the policy and suppress this warning.
[13.379s] 
[13.379s] Call Stack (most recent call first):
[13.379s]   /home/user/ros2_humble/install/ament_cmake_core/share/ament_cmake_core/cmake/core/ament_execute_extensions.cmake:48 (include)
[13.379s]   /home/user/ros2_humble/install/rosidl_cmake/share/rosidl_cmake/cmake/rosidl_generate_interfaces.cmake:286 (ament_execute_extensions)
[13.379s]   CMakeLists.txt:13 (rosidl_generate_interfaces)
[13.379s] This warning is for project developers.  Use -Wno-dev to suppress it.
[13.379s] [0m
[13.513s] -- Found PythonInterp: /usr/bin/python3 (found suitable version "3.12.3", minimum required is "3.6") 
[13.541s] -- Found python_cmake_module: 0.10.0 (/home/user/ros2_humble/install/python_cmake_module/share/python_cmake_module/cmake)
[13.542s] [33mCMake Warning (dev) at /home/user/ros2_humble/install/python_cmake_module/share/python_cmake_module/cmake/Modules/FindPythonExtra.cmake:52 (find_package):
[13.542s]   Policy CMP0148 is not set: The FindPythonInterp and FindPythonLibs modules
[13.542s]   are removed.  Run "cmake --help-policy CMP0148" for policy details.  Use
[13.542s]   the cmake_policy command to set the policy and suppress this warning.
[13.542s] 
[13.542s] Call Stack (most recent call first):
[13.543s]   /home/user/ros2_humble/install/rosidl_generator_py/share/rosidl_generator_py/cmake/rosidl_generator_py_generate_interfaces.cmake:23 (find_package)
[13.543s]   /home/user/ros2_humble/install/ament_cmake_core/share/ament_cmake_core/cmake/core/ament_execute_extensions.cmake:48 (include)
[13.543s]   /home/user/ros2_humble/install/rosidl_cmake/share/rosidl_cmake/cmake/rosidl_generate_interfaces.cmake:286 (ament_execute_extensions)
[13.543s]   CMakeLists.txt:13 (rosidl_generate_interfaces)
[13.543s] This warning is for project developers.  Use -Wno-dev to suppress it.
[13.543s] [0m
[13.652s] [33mCMake Warning (dev) at /home/user/ros2_humble/install/python_cmake_module/share/python_cmake_module/cmake/Modules/FindPythonExtra.cmake:140 (find_package):
[13.653s]   Policy CMP0148 is not set: The FindPythonInterp and FindPythonLibs modules
[13.653s]   are removed.  Run "cmake --help-policy CMP0148" for policy details.  Use
[13.653s]   the cmake_policy command to set the policy and suppress this warning.
[13.653s] 
[13.656s] Call Stack (most recent call first):
[13.656s]   /home/user/ros2_humble/install/rosidl_generator_py/share/rosidl_generator_py/cmake/rosidl_generator_py_generate_interfaces.cmake:23 (find_package)
[13.656s]   /home/user/ros2_humble/install/ament_cmake_core/share/ament_cmake_core/cmake/core/ament_execute_extensions.cmake:48 (include)
[13.656s]   /home/user/ros2_humble/install/rosidl_cmake/share/rosidl_cmake/cmake/rosidl_generate_interfaces.cmake:286 (ament_execute_extensions)
[13.656s]   CMakeLists.txt:13 (rosidl_generate_interfaces)
[13.656s] This warning is for project developers.  Use -Wno-dev to suppress it.
[13.656s] [0m
[13.704s] -- Found PythonLibs: /usr/lib/aarch64-linux-gnu/libpython3.12.so (found suitable version "3.12.3", minimum required is "3.5") 
[13.705s] -- Using PYTHON_EXECUTABLE: /usr/bin/python3
[13.705s] -- Using PYTHON_INCLUDE_DIRS: /usr/include/python3.12
[13.705s] -- Using PYTHON_LIBRARIES: /usr/lib/aarch64-linux-gnu/libpython3.12.so
[13.828s] -- Found PythonExtra: .so  
[14.538s] -- Using numpy include directory: /usr/lib/python3/dist-packages/numpy/core/include
[16.084s] -- Configuring done (15.9s)
[16.163s] -- Generating done (0.1s)
[16.185s] -- Build files have been written to: /opt/cat_robot/src/ros2_ws/build/catui_msgs
[16.211s] Invoked command in '/opt/cat_robot/src/ros2_ws/build/catui_msgs' returned '0': CMAKE_PREFIX_PATH=${CMAKE_PREFIX_PATH}:/opt/cat_robot/src/ros2_ws/install/catui_bridge:/opt/cat_robot/src/ros2_ws/install/cat_robot_bringup:/home/user/ros2_humble/install/rqt_bag_plugins:/home/user/ros2_humble/install/rqt_bag:/home/user/ros2_humble/install/launch_testing_examples:/home/user/ros2_humble/install/ros2bag:/home/user/ros2_humble/install/tracetools_test:/home/user/ros2_humble/install/tracetools_launch:/home/user/ros2_humble/install/topic_monitor:/home/user/ros2_humble/install/tf2_tools:/home/user/ros2_humble/install/examples_tf2_py:/home/user/ros2_humble/install/tf2_ros_py:/home/user/ros2_humble/install/sros2:/home/user/ros2_humble/install/rqt_topic:/home/user/ros2_humble/install/rqt_srv:/home/user/ros2_humble/install/rqt_shell:/home/user/ros2_humble/install/rqt_service_caller:/home/user/ros2_humble/install/rqt_reconfigure:/home/user/ros2_humble/install/rqt_py_console:/home/user/ros2_humble/install/rqt_publisher:/home/user/ros2_humble/install/rqt_plot:/home/user/ros2_humble/install/rqt_action:/home/user/ros2_humble/install/rqt_msg:/home/user/ros2_humble/install/rqt_console:/home/user/ros2_humble/install/rqt:/home/user/ros2_humble/install/rqt_graph:/home/user/ros2_humble/install/rqt_gui_py:/home/user/ros2_humble/install/rqt_gui:/home/user/ros2_humble/install/ros2trace:/home/user/ros2_humble/install/ros2topic:/home/user/ros2_humble/install/ros2test:/home/user/ros2_humble/install/ros2component:/home/user/ros2_humble/install/ros2param:/home/user/ros2_humble/install/ros2lifecycle:/home/user/ros2_humble/install/ros2service:/home/user/ros2_humble/install/ros2run:/home/user/ros2_humble/install/ros2plugin:/home/user/ros2_humble/install/ros2launch:/home/user/ros2_humble/install/ros2pkg:/home/user/ros2_humble/install/ros2node:/home/user/ros2_humble/install/ros2multicast:/home/user/ros2_humble/install/ros2interface:/home/user/ros2_humble/install/ros2doctor:/home/user/ros2_humble/install/ros2action:/home/user/ros2_humble/install/ros2cli:/home/user/ros2_humble/install/quality_of_service_demo_py:/home/user/ros2_humble/install/lifecycle_py:/home/user/ros2_humble/install/launch_testing_ros:/home/user/ros2_humble/install/launch_ros:/home/user/ros2_humble/install/examples_rclpy_pointcloud_publisher:/home/user/ros2_humble/install/examples_rclpy_minimal_subscriber:/home/user/ros2_humble/install/examples_rclpy_minimal_service:/home/user/ros2_humble/install/examples_rclpy_minimal_publisher:/home/user/ros2_humble/install/examples_rclpy_minimal_client:/home/user/ros2_humble/install/examples_rclpy_minimal_action_server:/home/user/ros2_humble/install/examples_rclpy_minimal_action_client:/home/user/ros2_humble/install/examples_rclpy_guard_conditions:/home/user/ros2_humble/install/examples_rclpy_executors:/home/user/ros2_humble/install/demo_nodes_py:/home/user/ros2_humble/install/camera_info_manager_py:/home/user/ros2_humble/install/action_tutorials_py:/home/user/ros2_humble/install/ament_uncrustify:/home/user/ros2_humble/install/tracetools_trace:/home/user/ros2_humble/install/tracetools_read:/home/user/ros2_humble/install/test_tracetools_launch:/home/user/ros2_humble/install/test_launch_ros:/home/user/ros2_humble/install/sensor_msgs_py:/home/user/ros2_humble/install/rpyutils:/home/user/ros2_humble/install/rosidl_runtime_py:/home/user/ros2_humble/install/rosidl_cli:/home/user/ros2_humble/install/launch_pytest:/home/user/ros2_humble/install/launch_testing:/home/user/ros2_humble/install/launch_yaml:/home/user/ros2_humble/install/launch_xml:/home/user/ros2_humble/install/launch:/home/user/ros2_humble/install/osrf_pycommon:/home/user/ros2_humble/install/domain_coordinator:/home/user/ros2_humble/install/ament_xmllint:/home/user/ros2_humble/install/ament_pyflakes:/home/user/ros2_humble/install/ament_pycodestyle:/home/user/ros2_humble/install/ament_pep257:/home/user/ros2_humble/install/ament_pclint:/home/user/ros2_humble/install/ament_package:/home/user/ros2_humble/install/ament_mypy:/home/user/ros2_humble/install/ament_lint_cmake:/home/user/ros2_humble/install/ament_flake8:/home/user/ros2_humble/install/ament_copyright:/home/user/ros2_humble/install/ament_lint:/home/user/ros2_humble/install/ament_index_python:/home/user/ros2_humble/install/ament_cpplint:/home/user/ros2_humble/install/ament_cppcheck:/home/user/ros2_humble/install/ament_clang_tidy:/home/user/ros2_humble/install/ament_clang_format DEBUGINFOD_URLS=https://debuginfod.ubuntu.com /usr/bin/cmake /opt/cat_robot/src/ros2_ws/src/catui_msgs -DAMENT_CMAKE_SYMLINK_INSTALL=1 -DCMAKE_INSTALL_PREFIX=/opt/cat_robot/src/ros2_ws/install/catui_msgs
[16.212s] Invoking command in '/opt/cat_robot/src/ros2_ws/build/catui_msgs': CMAKE_PREFIX_PATH=${CMAKE_PREFIX_PATH}:/opt/cat_robot/src/ros2_ws/install/catui_bridge:/opt/cat_robot/src/ros2_ws/install/cat_robot_bringup:/home/user/ros2_humble/install/rqt_bag_plugins:/home/user/ros2_humble/install/rqt_bag:/home/user/ros2_humble/install/launch_testing_examples:/home/user/ros2_humble/install/ros2bag:/home/user/ros2_humble/install/tracetools_test:/home/user/ros2_humble/install/tracetools_launch:/home/user/ros2_humble/install/topic_monitor:/home/user/ros2_humble/install/tf2_tools:/home/user/ros2_humble/install/examples_tf2_py:/home/user/ros2_humble/install/tf2_ros_py:/home/user/ros2_humble/install/sros2:/home/user/ros2_humble/install/rqt_topic:/home/user/ros2_humble/install/rqt_srv:/home/user/ros2_humble/install/rqt_shell:/home/user/ros2_humble/install/rqt_service_caller:/home/user/ros2_humble/install/rqt_reconfigure:/home/user/ros2_humble/install/rqt_py_console:/home/user/ros2_humble/install/rqt_publisher:/home/user/ros2_humble/install/rqt_plot:/home/user/ros2_humble/install/rqt_action:/home/user/ros2_humble/install/rqt_msg:/home/user/ros2_humble/install/rqt_console:/home/user/ros2_humble/install/rqt:/home/user/ros2_humble/install/rqt_graph:/home/user/ros2_humble/install/rqt_gui_py:/home/user/ros2_humble/install/rqt_gui:/home/user/ros2_humble/install/ros2trace:/home/user/ros2_humble/install/ros2topic:/home/user/ros2_humble/install/ros2test:/home/user/ros2_humble/install/ros2component:/home/user/ros2_humble/install/ros2param:/home/user/ros2_humble/install/ros2lifecycle:/home/user/ros2_humble/install/ros2service:/home/user/ros2_humble/install/ros2run:/home/user/ros2_humble/install/ros2plugin:/home/user/ros2_humble/install/ros2launch:/home/user/ros2_humble/install/ros2pkg:/home/user/ros2_humble/install/ros2node:/home/user/ros2_humble/install/ros2multicast:/home/user/ros2_humble/install/ros2interface:/home/user/ros2_humble/install/ros2doctor:/home/user/ros2_humble/install/ros2action:/home/user/ros2_humble/install/ros2cli:/home/user/ros2_humble/install/quality_of_service_demo_py:/home/user/ros2_humble/install/lifecycle_py:/home/user/ros2_humble/install/launch_testing_ros:/home/user/ros2_humble/install/launch_ros:/home/user/ros2_humble/install/examples_rclpy_pointcloud_publisher:/home/user/ros2_humble/install/examples_rclpy_minimal_subscriber:/home/user/ros2_humble/install/examples_rclpy_minimal_service:/home/user/ros2_humble/install/examples_rclpy_minimal_publisher:/home/user/ros2_humble/install/examples_rclpy_minimal_client:/home/user/ros2_humble/install/examples_rclpy_minimal_action_server:/home/user/ros2_humble/install/examples_rclpy_minimal_action_client:/home/user/ros2_humble/install/examples_rclpy_guard_conditions:/home/user/ros2_humble/install/examples_rclpy_executors:/home/user/ros2_humble/install/demo_nodes_py:/home/user/ros2_humble/install/camera_info_manager_py:/home/user/ros2_humble/install/action_tutorials_py:/home/user/ros2_humble/install/ament_uncrustify:/home/user/ros2_humble/install/tracetools_trace:/home/user/ros2_humble/install/tracetools_read:/home/user/ros2_humble/install/test_tracetools_launch:/home/user/ros2_humble/install/test_launch_ros:/home/user/ros2_humble/install/sensor_msgs_py:/home/user/ros2_humble/install/rpyutils:/home/user/ros2_humble/install/rosidl_runtime_py:/home/user/ros2_humble/install/rosidl_cli:/home/user/ros2_humble/install/launch_pytest:/home/user/ros2_humble/install/launch_testing:/home/user/ros2_humble/install/launch_yaml:/home/user/ros2_humble/install/launch_xml:/home/user/ros2_humble/install/launch:/home/user/ros2_humble/install/osrf_pycommon:/home/user/ros2_humble/install/domain_coordinator:/home/user/ros2_humble/install/ament_xmllint:/home/user/ros2_humble/install/ament_pyflakes:/home/user/ros2_humble/install/ament_pycodestyle:/home/user/ros2_humble/install/ament_pep257:/home/user/ros2_humble/install/ament_pclint:/home/user/ros2_humble/install/ament_package:/home/user/ros2_humble/install/ament_mypy:/home/user/ros2_humble/install/ament_lint_cmake:/home/user/ros2_humble/install/ament_flake8:/home/user/ros2_humble/install/ament_copyright:/home/user/ros2_humble/install/ament_lint:/home/user/ros2_humble/install/ament_index_python:/home/user/ros2_humble/install/ament_cpplint:/home/user/ros2_humble/install/ament_cppcheck:/home/user/ros2_humble/install/ament_clang_tidy:/home/user/ros2_humble/install/ament_clang_format DEBUGINFOD_URLS=https://debuginfod.ubuntu.com /usr/bin/cmake --build /opt/cat_robot/src/ros2_ws/build/catui_msgs -- -j4 -l4
[16.447s] [  3%] [34m[1mGenerating C++ code for ROS interfaces[0m
[17.393s] [  3%] Built target catui_msgs__cpp
[17.538s] [  3%] Built target ament_cmake_python_symlink_catui_msgs
[17.588s] [  6%] [34m[1mGenerating C++ type support for eProsima Fast-RTPS[0m
[18.452s] [  9%] [32mBuilding CXX object CMakeFiles/catui_msgs__rosidl_typesupport_fastrtps_cpp.dir/rosidl_typesupport_fastrtps_cpp/catui_msgs/msg/detail/dds_fastrtps/cat_ui_command__type_support.cpp.o[0m
[19.482s] [ 12%] [32m[1mLinking CXX shared library libcatui_msgs__rosidl_typesupport_fastrtps_cpp.so[0m
[19.733s] [ 12%] Built target catui_msgs__rosidl_typesupport_fastrtps_cpp
[19.778s] [ 15%] [34m[1mGenerating C++ type support dispatch for ROS interfaces[0m
[20.571s] [ 18%] [32mBuilding CXX object CMakeFiles/catui_msgs__rosidl_typesupport_cpp.dir/rosidl_typesupport_cpp/catui_msgs/msg/cat_ui_command__type_support.cpp.o[0m
[21.191s] [ 21%] [32m[1mLinking CXX shared library libcatui_msgs__rosidl_typesupport_cpp.so[0m
[21.336s] [ 21%] Built target catui_msgs__rosidl_typesupport_cpp
[21.382s] [ 25%] [34m[1mGenerating C++ introspection for ROS interfaces[0m
[22.157s] [ 28%] [32mBuilding CXX object CMakeFiles/catui_msgs__rosidl_typesupport_introspection_cpp.dir/rosidl_typesupport_introspection_cpp/catui_msgs/msg/detail/cat_ui_command__type_support.cpp.o[0m
[22.851s] [ 31%] [32m[1mLinking CXX shared library libcatui_msgs__rosidl_typesupport_introspection_cpp.so[0m
[23.090s] [ 31%] Built target catui_msgs__rosidl_typesupport_introspection_cpp
[24.252s] running egg_info
[24.252s] creating catui_msgs.egg-info
[24.344s] writing catui_msgs.egg-info/PKG-INFO
[24.345s] writing dependency_links to catui_msgs.egg-info/dependency_links.txt
[24.346s] writing top-level names to catui_msgs.egg-info/top_level.txt
[24.347s] writing manifest file 'catui_msgs.egg-info/SOURCES.txt'
[24.659s] reading manifest file 'catui_msgs.egg-info/SOURCES.txt'
[24.661s] writing manifest file 'catui_msgs.egg-info/SOURCES.txt'
[24.832s] [ 31%] Built target ament_cmake_python_build_catui_msgs_egg
[24.928s] [ 34%] [34m[1mGenerating Rust code for ROS interfaces[0m
[25.743s] [ 34%] Built target catui_msgs__rs
[25.788s] [ 37%] [34m[1mGenerating C code for ROS interfaces[0m
[26.808s] [ 40%] [32mBuilding C object CMakeFiles/catui_msgs__rosidl_generator_c.dir/rosidl_generator_c/catui_msgs/msg/detail/cat_ui_command__functions.c.o[0m
[26.973s] [ 43%] [32m[1mLinking C shared library libcatui_msgs__rosidl_generator_c.so[0m
[27.156s] [ 43%] Built target catui_msgs__rosidl_generator_c
[27.246s] [ 46%] [34m[1mGenerating C introspection for ROS interfaces[0m
[28.561s] [ 50%] [32mBuilding C object CMakeFiles/catui_msgs__rosidl_typesupport_introspection_c.dir/rosidl_typesupport_introspection_c/catui_msgs/msg/detail/cat_ui_command__type_support.c.o[0m
[28.694s] [ 53%] [32m[1mLinking C shared library libcatui_msgs__rosidl_typesupport_introspection_c.so[0m
[28.879s] [ 53%] Built target catui_msgs__rosidl_typesupport_introspection_c
[28.958s] [ 56%] [34m[1mGenerating C type support dispatch for ROS interfaces[0m
[29.685s] [ 59%] [32mBuilding CXX object CMakeFiles/catui_msgs__rosidl_typesupport_c.dir/rosidl_typesupport_c/catui_msgs/msg/cat_ui_command__type_support.cpp.o[0m
[29.830s] [ 62%] [32m[1mLinking CXX shared library libcatui_msgs__rosidl_typesupport_c.so[0m
[29.979s] [ 62%] Built target catui_msgs__rosidl_typesupport_c
[30.043s] [ 65%] [34m[1mGenerating C type support for eProsima Fast-RTPS[0m
[30.878s] [ 68%] [32mBuilding CXX object CMakeFiles/catui_msgs__rosidl_typesupport_fastrtps_c.dir/rosidl_typesupport_fastrtps_c/catui_msgs/msg/detail/cat_ui_command__type_support_c.cpp.o[0m
[31.662s] [ 71%] [32m[1mLinking CXX shared library libcatui_msgs__rosidl_typesupport_fastrtps_c.so[0m
[31.913s] [ 71%] Built target catui_msgs__rosidl_typesupport_fastrtps_c
[32.002s] [ 71%] Built target catui_msgs
[32.096s] [ 75%] [34m[1mGenerating Python code for ROS interfaces[0m
[33.135s] [ 75%] Built target catui_msgs__py
[33.217s] [ 78%] [32mBuilding C object CMakeFiles/catui_msgs__rosidl_generator_py.dir/rosidl_generator_py/catui_msgs/msg/_cat_ui_command_s.c.o[0m
[33.467s] [ 81%] [32m[1mLinking C shared library rosidl_generator_py/catui_msgs/libcatui_msgs__rosidl_generator_py.so[0m
[33.623s] [ 81%] Built target catui_msgs__rosidl_generator_py
[33.727s] [ 84%] [32mBuilding C object CMakeFiles/catui_msgs__rosidl_typesupport_introspection_c__pyext.dir/rosidl_generator_py/catui_msgs/_catui_msgs_s.ep.rosidl_typesupport_introspection_c.c.o[0m
[33.989s] [ 87%] [32m[1mLinking C shared library rosidl_generator_py/catui_msgs/catui_msgs_s__rosidl_typesupport_introspection_c.cpython-312-aarch64-linux-gnu.so[0m
[34.135s] [ 87%] Built target catui_msgs__rosidl_typesupport_introspection_c__pyext
[34.231s] [ 90%] [32mBuilding C object CMakeFiles/catui_msgs__rosidl_typesupport_c__pyext.dir/rosidl_generator_py/catui_msgs/_catui_msgs_s.ep.rosidl_typesupport_c.c.o[0m
[34.471s] [ 93%] [32m[1mLinking C shared library rosidl_generator_py/catui_msgs/catui_msgs_s__rosidl_typesupport_c.cpython-312-aarch64-linux-gnu.so[0m
[34.626s] [ 93%] Built target catui_msgs__rosidl_typesupport_c__pyext
[34.722s] [ 96%] [32mBuilding C object CMakeFiles/catui_msgs__rosidl_typesupport_fastrtps_c__pyext.dir/rosidl_generator_py/catui_msgs/_catui_msgs_s.ep.rosidl_typesupport_fastrtps_c.c.o[0m
[35.033s] [100%] [32m[1mLinking C shared library rosidl_generator_py/catui_msgs/catui_msgs_s__rosidl_typesupport_fastrtps_c.cpython-312-aarch64-linux-gnu.so[0m
[35.206s] [100%] Built target catui_msgs__rosidl_typesupport_fastrtps_c__pyext
[35.289s] Invoked command in '/opt/cat_robot/src/ros2_ws/build/catui_msgs' returned '0': CMAKE_PREFIX_PATH=${CMAKE_PREFIX_PATH}:/opt/cat_robot/src/ros2_ws/install/catui_bridge:/opt/cat_robot/src/ros2_ws/install/cat_robot_bringup:/home/user/ros2_humble/install/rqt_bag_plugins:/home/user/ros2_humble/install/rqt_bag:/home/user/ros2_humble/install/launch_testing_examples:/home/user/ros2_humble/install/ros2bag:/home/user/ros2_humble/install/tracetools_test:/home/user/ros2_humble/install/tracetools_launch:/home/user/ros2_humble/install/topic_monitor:/home/user/ros2_humble/install/tf2_tools:/home/user/ros2_humble/install/examples_tf2_py:/home/user/ros2_humble/install/tf2_ros_py:/home/user/ros2_humble/install/sros2:/home/user/ros2_humble/install/rqt_topic:/home/user/ros2_humble/install/rqt_srv:/home/user/ros2_humble/install/rqt_shell:/home/user/ros2_humble/install/rqt_service_caller:/home/user/ros2_humble/install/rqt_reconfigure:/home/user/ros2_humble/install/rqt_py_console:/home/user/ros2_humble/install/rqt_publisher:/home/user/ros2_humble/install/rqt_plot:/home/user/ros2_humble/install/rqt_action:/home/user/ros2_humble/install/rqt_msg:/home/user/ros2_humble/install/rqt_console:/home/user/ros2_humble/install/rqt:/home/user/ros2_humble/install/rqt_graph:/home/user/ros2_humble/install/rqt_gui_py:/home/user/ros2_humble/install/rqt_gui:/home/user/ros2_humble/install/ros2trace:/home/user/ros2_humble/install/ros2topic:/home/user/ros2_humble/install/ros2test:/home/user/ros2_humble/install/ros2component:/home/user/ros2_humble/install/ros2param:/home/user/ros2_humble/install/ros2lifecycle:/home/user/ros2_humble/install/ros2service:/home/user/ros2_humble/install/ros2run:/home/user/ros2_humble/install/ros2plugin:/home/user/ros2_humble/install/ros2launch:/home/user/ros2_humble/install/ros2pkg:/home/user/ros2_humble/install/ros2node:/home/user/ros2_humble/install/ros2multicast:/home/user/ros2_humble/install/ros2interface:/home/user/ros2_humble/install/ros2doctor:/home/user/ros2_humble/install/ros2action:/home/user/ros2_humble/install/ros2cli:/home/user/ros2_humble/install/quality_of_service_demo_py:/home/user/ros2_humble/install/lifecycle_py:/home/user/ros2_humble/install/launch_testing_ros:/home/user/ros2_humble/install/launch_ros:/home/user/ros2_humble/install/examples_rclpy_pointcloud_publisher:/home/user/ros2_humble/install/examples_rclpy_minimal_subscriber:/home/user/ros2_humble/install/examples_rclpy_minimal_service:/home/user/ros2_humble/install/examples_rclpy_minimal_publisher:/home/user/ros2_humble/install/examples_rclpy_minimal_client:/home/user/ros2_humble/install/examples_rclpy_minimal_action_server:/home/user/ros2_humble/install/examples_rclpy_minimal_action_client:/home/user/ros2_humble/install/examples_rclpy_guard_conditions:/home/user/ros2_humble/install/examples_rclpy_executors:/home/user/ros2_humble/install/demo_nodes_py:/home/user/ros2_humble/install/camera_info_manager_py:/home/user/ros2_humble/install/action_tutorials_py:/home/user/ros2_humble/install/ament_uncrustify:/home/user/ros2_humble/install/tracetools_trace:/home/user/ros2_humble/install/tracetools_read:/home/user/ros2_humble/install/test_tracetools_launch:/home/user/ros2_humble/install/test_launch_ros:/home/user/ros2_humble/install/sensor_msgs_py:/home/user/ros2_humble/install/rpyutils:/home/user/ros2_humble/install/rosidl_runtime_py:/home/user/ros2_humble/install/rosidl_cli:/home/user/ros2_humble/install/launch_pytest:/home/user/ros2_humble/install/launch_testing:/home/user/ros2_humble/install/launch_yaml:/home/user/ros2_humble/install/launch_xml:/home/user/ros2_humble/install/launch:/home/user/ros2_humble/install/osrf_pycommon:/home/user/ros2_humble/install/domain_coordinator:/home/user/ros2_humble/install/ament_xmllint:/home/user/ros2_humble/install/ament_pyflakes:/home/user/ros2_humble/install/ament_pycodestyle:/home/user/ros2_humble/install/ament_pep257:/home/user/ros2_humble/install/ament_pclint:/home/user/ros2_humble/install/ament_package:/home/user/ros2_humble/install/ament_mypy:/home/user/ros2_humble/install/ament_lint_cmake:/home/user/ros2_humble/install/ament_flake8:/home/user/ros2_humble/install/ament_copyright:/home/user/ros2_humble/install/ament_lint:/home/user/ros2_humble/install/ament_index_python:/home/user/ros2_humble/install/ament_cpplint:/home/user/ros2_humble/install/ament_cppcheck:/home/user/ros2_humble/install/ament_clang_tidy:/home/user/ros2_humble/install/ament_clang_format DEBUGINFOD_URLS=https://debuginfod.ubuntu.com /usr/bin/cmake --build /opt/cat_robot/src/ros2_ws/build/catui_msgs -- -j4 -l4
[35.291s] Invoking command in '/opt/cat_robot/src/ros2_ws/build/catui_msgs': CMAKE_PREFIX_PATH=${CMAKE_PREFIX_PATH}:/opt/cat_robot/src/ros2_ws/install/catui_bridge:/opt/cat_robot/src/ros2_ws/install/cat_robot_bringup:/home/user/ros2_humble/install/rqt_bag_plugins:/home/user/ros2_humble/install/rqt_bag:/home/user/ros2_humble/install/launch_testing_examples:/home/user/ros2_humble/install/ros2bag:/home/user/ros2_humble/install/tracetools_test:/home/user/ros2_humble/install/tracetools_launch:/home/user/ros2_humble/install/topic_monitor:/home/user/ros2_humble/install/tf2_tools:/home/user/ros2_humble/install/examples_tf2_py:/home/user/ros2_humble/install/tf2_ros_py:/home/user/ros2_humble/install/sros2:/home/user/ros2_humble/install/rqt_topic:/home/user/ros2_humble/install/rqt_srv:/home/user/ros2_humble/install/rqt_shell:/home/user/ros2_humble/install/rqt_service_caller:/home/user/ros2_humble/install/rqt_reconfigure:/home/user/ros2_humble/install/rqt_py_console:/home/user/ros2_humble/install/rqt_publisher:/home/user/ros2_humble/install/rqt_plot:/home/user/ros2_humble/install/rqt_action:/home/user/ros2_humble/install/rqt_msg:/home/user/ros2_humble/install/rqt_console:/home/user/ros2_humble/install/rqt:/home/user/ros2_humble/install/rqt_graph:/home/user/ros2_humble/install/rqt_gui_py:/home/user/ros2_humble/install/rqt_gui:/home/user/ros2_humble/install/ros2trace:/home/user/ros2_humble/install/ros2topic:/home/user/ros2_humble/install/ros2test:/home/user/ros2_humble/install/ros2component:/home/user/ros2_humble/install/ros2param:/home/user/ros2_humble/install/ros2lifecycle:/home/user/ros2_humble/install/ros2service:/home/user/ros2_humble/install/ros2run:/home/user/ros2_humble/install/ros2plugin:/home/user/ros2_humble/install/ros2launch:/home/user/ros2_humble/install/ros2pkg:/home/user/ros2_humble/install/ros2node:/home/user/ros2_humble/install/ros2multicast:/home/user/ros2_humble/install/ros2interface:/home/user/ros2_humble/install/ros2doctor:/home/user/ros2_humble/install/ros2action:/home/user/ros2_humble/install/ros2cli:/home/user/ros2_humble/install/quality_of_service_demo_py:/home/user/ros2_humble/install/lifecycle_py:/home/user/ros2_humble/install/launch_testing_ros:/home/user/ros2_humble/install/launch_ros:/home/user/ros2_humble/install/examples_rclpy_pointcloud_publisher:/home/user/ros2_humble/install/examples_rclpy_minimal_subscriber:/home/user/ros2_humble/install/examples_rclpy_minimal_service:/home/user/ros2_humble/install/examples_rclpy_minimal_publisher:/home/user/ros2_humble/install/examples_rclpy_minimal_client:/home/user/ros2_humble/install/examples_rclpy_minimal_action_server:/home/user/ros2_humble/install/examples_rclpy_minimal_action_client:/home/user/ros2_humble/install/examples_rclpy_guard_conditions:/home/user/ros2_humble/install/examples_rclpy_executors:/home/user/ros2_humble/install/demo_nodes_py:/home/user/ros2_humble/install/camera_info_manager_py:/home/user/ros2_humble/install/action_tutorials_py:/home/user/ros2_humble/install/ament_uncrustify:/home/user/ros2_humble/install/tracetools_trace:/home/user/ros2_humble/install/tracetools_read:/home/user/ros2_humble/install/test_tracetools_launch:/home/user/ros2_humble/install/test_launch_ros:/home/user/ros2_humble/install/sensor_msgs_py:/home/user/ros2_humble/install/rpyutils:/home/user/ros2_humble/install/rosidl_runtime_py:/home/user/ros2_humble/install/rosidl_cli:/home/user/ros2_humble/install/launch_pytest:/home/user/ros2_humble/install/launch_testing:/home/user/ros2_humble/install/launch_yaml:/home/user/ros2_humble/install/launch_xml:/home/user/ros2_humble/install/launch:/home/user/ros2_humble/install/osrf_pycommon:/home/user/ros2_humble/install/domain_coordinator:/home/user/ros2_humble/install/ament_xmllint:/home/user/ros2_humble/install/ament_pyflakes:/home/user/ros2_humble/install/ament_pycodestyle:/home/user/ros2_humble/install/ament_pep257:/home/user/ros2_humble/install/ament_pclint:/home/user/ros2_humble/install/ament_package:/home/user/ros2_humble/install/ament_mypy:/home/user/ros2_humble/install/ament_lint_cmake:/home/user/ros2_humble/install/ament_flake8:/home/user/ros2_humble/install/ament_copyright:/home/user/ros2_humble/install/ament_lint:/home/user/ros2_humble/install/ament_index_python:/home/user/ros2_humble/install/ament_cpplint:/home/user/ros2_humble/install/ament_cppcheck:/home/user/ros2_humble/install/ament_clang_tidy:/home/user/ros2_humble/install/ament_clang_format DEBUGINFOD_URLS=https://debuginfod.ubuntu.com /usr/bin/cmake --install /opt/cat_robot/src/ros2_ws/build/catui_msgs
[35.333s] -- Install configuration: ""
[35.333s] -- Execute custom install script
[35.333s] -- Symlinking: /opt/cat_robot/src/ros2_ws/install/catui_msgs/share/ament_index/resource_index/rosidl_interfaces/catui_msgs
[35.373s] -- Symlinking: /opt/cat_robot/src/ros2_ws/install/catui_msgs/include/catui_msgs/catui_msgs/msg/cat_ui_command.h
[35.426s] -- Symlinking: /opt/cat_robot/src/ros2_ws/install/catui_msgs/include/catui_msgs/catui_msgs/msg/detail/cat_ui_command__functions.h
[35.480s] -- Symlinking: /opt/cat_robot/src/ros2_ws/install/catui_msgs/include/catui_msgs/catui_msgs/msg/detail/cat_ui_command__struct.h
[35.554s] -- Symlinking: /opt/cat_robot/src/ros2_ws/install/catui_msgs/include/catui_msgs/catui_msgs/msg/detail/cat_ui_command__type_support.h
[35.625s] -- Symlinking: /opt/cat_robot/src/ros2_ws/install/catui_msgs/include/catui_msgs/catui_msgs/msg/rosidl_generator_c__visibility_control.h
[35.692s] -- Symlinking: /opt/cat_robot/src/ros2_ws/install/catui_msgs/share/catui_msgs/environment/library_path.sh
[35.758s] -- Symlinking: /opt/cat_robot/src/ros2_ws/install/catui_msgs/share/catui_msgs/environment/library_path.dsv
[35.820s] -- Symlinking: /opt/cat_robot/src/ros2_ws/install/catui_msgs/include/catui_msgs/catui_msgs/msg/detail/cat_ui_command__rosidl_typesupport_introspection_c.h
[35.891s] -- Symlinking: /opt/cat_robot/src/ros2_ws/install/catui_msgs/include/catui_msgs/catui_msgs/msg/rosidl_typesupport_introspection_c__visibility_control.h
[35.955s] -- Symlinking: /opt/cat_robot/src/ros2_ws/install/catui_msgs/include/catui_msgs/catui_msgs/msg/detail/cat_ui_command__rosidl_typesupport_fastrtps_c.h
[36.005s] -- Symlinking: /opt/cat_robot/src/ros2_ws/install/catui_msgs/include/catui_msgs/catui_msgs/msg/rosidl_typesupport_fastrtps_c__visibility_control.h
[36.061s] -- Symlinking: /opt/cat_robot/src/ros2_ws/install/catui_msgs/include/catui_msgs/catui_msgs/msg/cat_ui_command.hpp
[36.126s] -- Symlinking: /opt/cat_robot/src/ros2_ws/install/catui_msgs/include/catui_msgs/catui_msgs/msg/detail/cat_ui_command__builder.hpp
[36.186s] -- Symlinking: /opt/cat_robot/src/ros2_ws/install/catui_msgs/include/catui_msgs/catui_msgs/msg/detail/cat_ui_command__struct.hpp
[36.258s] -- Symlinking: /opt/cat_robot/src/ros2_ws/install/catui_msgs/include/catui_msgs/catui_msgs/msg/detail/cat_ui_command__traits.hpp
[36.320s] -- Symlinking: /opt/cat_robot/src/ros2_ws/install/catui_msgs/include/catui_msgs/catui_msgs/msg/detail/cat_ui_command__type_support.hpp
[36.381s] -- Symlinking: /opt/cat_robot/src/ros2_ws/install/catui_msgs/include/catui_msgs/catui_msgs/msg/rosidl_generator_cpp__visibility_control.hpp
[36.447s] -- Symlinking: /opt/cat_robot/src/ros2_ws/install/catui_msgs/include/catui_msgs/catui_msgs/msg/detail/cat_ui_command__rosidl_typesupport_introspection_cpp.hpp
[36.511s] -- Symlinking: /opt/cat_robot/src/ros2_ws/install/catui_msgs/include/catui_msgs/catui_msgs/msg/detail/cat_ui_command__rosidl_typesupport_fastrtps_cpp.hpp
[36.576s] -- Symlinking: /opt/cat_robot/src/ros2_ws/install/catui_msgs/include/catui_msgs/catui_msgs/msg/rosidl_typesupport_fastrtps_cpp__visibility_control.h
[36.644s] -- Symlinking: /opt/cat_robot/src/ros2_ws/install/catui_msgs/share/catui_msgs/environment/pythonpath.sh
[36.707s] -- Symlinking: /opt/cat_robot/src/ros2_ws/install/catui_msgs/share/catui_msgs/environment/pythonpath.dsv
[36.769s] -- Symlinking: /opt/cat_robot/src/ros2_ws/install/catui_msgs/local/lib/python3.12/dist-packages/catui_msgs-0.0.1-py3.12.egg-info/PKG-INFO
[36.824s] -- Symlinking: /opt/cat_robot/src/ros2_ws/install/catui_msgs/local/lib/python3.12/dist-packages/catui_msgs-0.0.1-py3.12.egg-info/SOURCES.txt
[36.870s] -- Symlinking: /opt/cat_robot/src/ros2_ws/install/catui_msgs/local/lib/python3.12/dist-packages/catui_msgs-0.0.1-py3.12.egg-info/dependency_links.txt
[36.924s] -- Symlinking: /opt/cat_robot/src/ros2_ws/install/catui_msgs/local/lib/python3.12/dist-packages/catui_msgs-0.0.1-py3.12.egg-info/top_level.txt
[36.971s] -- Symlinking: /opt/cat_robot/src/ros2_ws/install/catui_msgs/local/lib/python3.12/dist-packages/catui_msgs/__init__.py
[37.019s] -- Symlinking: /opt/cat_robot/src/ros2_ws/install/catui_msgs/local/lib/python3.12/dist-packages/catui_msgs/_catui_msgs_s.ep.rosidl_typesupport_c.c
[37.062s] -- Symlinking: /opt/cat_robot/src/ros2_ws/install/catui_msgs/local/lib/python3.12/dist-packages/catui_msgs/_catui_msgs_s.ep.rosidl_typesupport_fastrtps_c.c
[37.105s] -- Symlinking: /opt/cat_robot/src/ros2_ws/install/catui_msgs/local/lib/python3.12/dist-packages/catui_msgs/_catui_msgs_s.ep.rosidl_typesupport_introspection_c.c
[37.148s] -- Symlinking: /opt/cat_robot/src/ros2_ws/install/catui_msgs/local/lib/python3.12/dist-packages/catui_msgs/catui_msgs_s__rosidl_typesupport_c.cpython-312-aarch64-linux-gnu.so
[37.191s] -- Symlinking: /opt/cat_robot/src/ros2_ws/install/catui_msgs/local/lib/python3.12/dist-packages/catui_msgs/catui_msgs_s__rosidl_typesupport_fastrtps_c.cpython-312-aarch64-linux-gnu.so
[37.234s] -- Symlinking: /opt/cat_robot/src/ros2_ws/install/catui_msgs/local/lib/python3.12/dist-packages/catui_msgs/catui_msgs_s__rosidl_typesupport_introspection_c.cpython-312-aarch64-linux-gnu.so
[37.275s] -- Symlinking: /opt/cat_robot/src/ros2_ws/install/catui_msgs/local/lib/python3.12/dist-packages/catui_msgs/libcatui_msgs__rosidl_generator_py.so
[37.316s] -- Symlinking: /opt/cat_robot/src/ros2_ws/install/catui_msgs/local/lib/python3.12/dist-packages/catui_msgs/msg/__init__.py
[37.363s] -- Symlinking: /opt/cat_robot/src/ros2_ws/install/catui_msgs/local/lib/python3.12/dist-packages/catui_msgs/msg/_cat_ui_command.py
[37.403s] -- Symlinking: /opt/cat_robot/src/ros2_ws/install/catui_msgs/local/lib/python3.12/dist-packages/catui_msgs/msg/_cat_ui_command_s.c
[37.452s] -- Up-to-date symlink: /opt/cat_robot/src/ros2_ws/install/catui_msgs/local/lib/python3.12/dist-packages/catui_msgs/catui_msgs_s__rosidl_typesupport_introspection_c.cpython-312-aarch64-linux-gnu.so
[37.453s] -- Up-to-date symlink: /opt/cat_robot/src/ros2_ws/install/catui_msgs/local/lib/python3.12/dist-packages/catui_msgs/catui_msgs_s__rosidl_typesupport_fastrtps_c.cpython-312-aarch64-linux-gnu.so
[37.454s] -- Up-to-date symlink: /opt/cat_robot/src/ros2_ws/install/catui_msgs/local/lib/python3.12/dist-packages/catui_msgs/catui_msgs_s__rosidl_typesupport_c.cpython-312-aarch64-linux-gnu.so
[37.457s] -- Symlinking: /opt/cat_robot/src/ros2_ws/install/catui_msgs/share/ament_index/resource_index/rust_packages/catui_msgs
[37.497s] -- Symlinking: /opt/cat_robot/src/ros2_ws/install/catui_msgs/share/catui_msgs/rust/Cargo.toml
[37.538s] -- Symlinking: /opt/cat_robot/src/ros2_ws/install/catui_msgs/share/catui_msgs/rust/build.rs
[37.579s] -- Symlinking: /opt/cat_robot/src/ros2_ws/install/catui_msgs/share/catui_msgs/rust/src/lib.rs
[37.622s] -- Symlinking: /opt/cat_robot/src/ros2_ws/install/catui_msgs/share/catui_msgs/rust/src/msg.rs
[37.665s] -- Symlinking: /opt/cat_robot/src/ros2_ws/install/catui_msgs/share/catui_msgs/rust/src/msg/rmw.rs
[37.709s] -- Symlinking: /opt/cat_robot/src/ros2_ws/install/catui_msgs/share/catui_msgs/msg/CatUICommand.idl
[37.755s] -- Symlinking: /opt/cat_robot/src/ros2_ws/install/catui_msgs/share/catui_msgs/msg/CatUICommand.msg
[37.795s] -- Symlinking: /opt/cat_robot/src/ros2_ws/install/catui_msgs/share/ament_index/resource_index/package_run_dependencies/catui_msgs
[37.833s] -- Symlinking: /opt/cat_robot/src/ros2_ws/install/catui_msgs/share/ament_index/resource_index/parent_prefix_path/catui_msgs
[37.873s] -- Symlinking: /opt/cat_robot/src/ros2_ws/install/catui_msgs/share/catui_msgs/environment/ament_prefix_path.sh
[37.916s] -- Symlinking: /opt/cat_robot/src/ros2_ws/install/catui_msgs/share/catui_msgs/environment/ament_prefix_path.dsv
[37.953s] -- Symlinking: /opt/cat_robot/src/ros2_ws/install/catui_msgs/share/catui_msgs/environment/path.sh
[37.997s] -- Symlinking: /opt/cat_robot/src/ros2_ws/install/catui_msgs/share/catui_msgs/environment/path.dsv
[38.042s] -- Symlinking: /opt/cat_robot/src/ros2_ws/install/catui_msgs/share/catui_msgs/local_setup.bash
[38.084s] -- Symlinking: /opt/cat_robot/src/ros2_ws/install/catui_msgs/share/catui_msgs/local_setup.sh
[38.128s] -- Symlinking: /opt/cat_robot/src/ros2_ws/install/catui_msgs/share/catui_msgs/local_setup.zsh
[38.168s] -- Symlinking: /opt/cat_robot/src/ros2_ws/install/catui_msgs/share/catui_msgs/local_setup.dsv
[38.209s] -- Symlinking: /opt/cat_robot/src/ros2_ws/install/catui_msgs/share/catui_msgs/package.dsv
[38.251s] -- Symlinking: /opt/cat_robot/src/ros2_ws/install/catui_msgs/share/ament_index/resource_index/packages/catui_msgs
[38.304s] -- Symlinking: /opt/cat_robot/src/ros2_ws/install/catui_msgs/share/catui_msgs/cmake/rosidl_cmake-extras.cmake
[38.353s] -- Symlinking: /opt/cat_robot/src/ros2_ws/install/catui_msgs/share/catui_msgs/cmake/ament_cmake_export_dependencies-extras.cmake
[38.397s] -- Symlinking: /opt/cat_robot/src/ros2_ws/install/catui_msgs/share/catui_msgs/cmake/ament_cmake_export_include_directories-extras.cmake
[38.441s] -- Symlinking: /opt/cat_robot/src/ros2_ws/install/catui_msgs/share/catui_msgs/cmake/ament_cmake_export_libraries-extras.cmake
[38.488s] -- Symlinking: /opt/cat_robot/src/ros2_ws/install/catui_msgs/share/catui_msgs/cmake/ament_cmake_export_targets-extras.cmake
[38.529s] -- Symlinking: /opt/cat_robot/src/ros2_ws/install/catui_msgs/share/catui_msgs/cmake/rosidl_cmake_export_typesupport_targets-extras.cmake
[38.573s] -- Symlinking: /opt/cat_robot/src/ros2_ws/install/catui_msgs/share/catui_msgs/cmake/rosidl_cmake_export_typesupport_libraries-extras.cmake
[38.617s] -- Symlinking: /opt/cat_robot/src/ros2_ws/install/catui_msgs/share/catui_msgs/cmake/catui_msgsConfig.cmake
[38.658s] -- Symlinking: /opt/cat_robot/src/ros2_ws/install/catui_msgs/share/catui_msgs/cmake/catui_msgsConfig-version.cmake
[38.719s] -- Symlinking: /opt/cat_robot/src/ros2_ws/install/catui_msgs/share/catui_msgs/package.xml
[38.804s] -- Installing: /opt/cat_robot/src/ros2_ws/install/catui_msgs/lib/libcatui_msgs__rosidl_generator_c.so
[38.804s] -- Set non-toolchain portion of runtime path of "/opt/cat_robot/src/ros2_ws/install/catui_msgs/lib/libcatui_msgs__rosidl_generator_c.so" to ""
[38.804s] -- Installing: /opt/cat_robot/src/ros2_ws/install/catui_msgs/lib/libcatui_msgs__rosidl_typesupport_introspection_c.so
[38.805s] -- Set non-toolchain portion of runtime path of "/opt/cat_robot/src/ros2_ws/install/catui_msgs/lib/libcatui_msgs__rosidl_typesupport_introspection_c.so" to ""
[38.806s] -- Installing: /opt/cat_robot/src/ros2_ws/install/catui_msgs/lib/libcatui_msgs__rosidl_typesupport_fastrtps_c.so
[38.809s] -- Set non-toolchain portion of runtime path of "/opt/cat_robot/src/ros2_ws/install/catui_msgs/lib/libcatui_msgs__rosidl_typesupport_fastrtps_c.so" to ""
[38.810s] -- Installing: /opt/cat_robot/src/ros2_ws/install/catui_msgs/lib/libcatui_msgs__rosidl_typesupport_c.so
[38.811s] -- Set non-toolchain portion of runtime path of "/opt/cat_robot/src/ros2_ws/install/catui_msgs/lib/libcatui_msgs__rosidl_typesupport_c.so" to ""
[38.813s] -- Installing: /opt/cat_robot/src/ros2_ws/install/catui_msgs/lib/libcatui_msgs__rosidl_typesupport_introspection_cpp.so
[38.813s] -- Set non-toolchain portion of runtime path of "/opt/cat_robot/src/ros2_ws/install/catui_msgs/lib/libcatui_msgs__rosidl_typesupport_introspection_cpp.so" to ""
[38.813s] -- Installing: /opt/cat_robot/src/ros2_ws/install/catui_msgs/lib/libcatui_msgs__rosidl_typesupport_fastrtps_cpp.so
[38.814s] -- Set non-toolchain portion of runtime path of "/opt/cat_robot/src/ros2_ws/install/catui_msgs/lib/libcatui_msgs__rosidl_typesupport_fastrtps_cpp.so" to ""
[38.816s] -- Installing: /opt/cat_robot/src/ros2_ws/install/catui_msgs/lib/libcatui_msgs__rosidl_typesupport_cpp.so
[38.819s] -- Set non-toolchain portion of runtime path of "/opt/cat_robot/src/ros2_ws/install/catui_msgs/lib/libcatui_msgs__rosidl_typesupport_cpp.so" to ""
[39.071s] Listing '/opt/cat_robot/src/ros2_ws/install/catui_msgs/local/lib/python3.12/dist-packages/catui_msgs'...
[39.071s] Compiling '/opt/cat_robot/src/ros2_ws/install/catui_msgs/local/lib/python3.12/dist-packages/catui_msgs/__init__.py'...
[39.071s] Listing '/opt/cat_robot/src/ros2_ws/install/catui_msgs/local/lib/python3.12/dist-packages/catui_msgs/msg'...
[39.071s] Compiling '/opt/cat_robot/src/ros2_ws/install/catui_msgs/local/lib/python3.12/dist-packages/catui_msgs/msg/__init__.py'...
[39.071s] Compiling '/opt/cat_robot/src/ros2_ws/install/catui_msgs/local/lib/python3.12/dist-packages/catui_msgs/msg/_cat_ui_command.py'...
[39.098s] -- Installing: /opt/cat_robot/src/ros2_ws/install/catui_msgs/lib/libcatui_msgs__rosidl_generator_py.so
[39.098s] -- Set non-toolchain portion of runtime path of "/opt/cat_robot/src/ros2_ws/install/catui_msgs/lib/libcatui_msgs__rosidl_generator_py.so" to ""
[39.102s] -- Installing: /opt/cat_robot/src/ros2_ws/install/catui_msgs/share/catui_msgs/cmake/export_catui_msgs__rosidl_generator_cExport.cmake
[39.102s] -- Installing: /opt/cat_robot/src/ros2_ws/install/catui_msgs/share/catui_msgs/cmake/export_catui_msgs__rosidl_generator_cExport-noconfig.cmake
[39.102s] -- Installing: /opt/cat_robot/src/ros2_ws/install/catui_msgs/share/catui_msgs/cmake/catui_msgs__rosidl_typesupport_introspection_cExport.cmake
[39.102s] -- Installing: /opt/cat_robot/src/ros2_ws/install/catui_msgs/share/catui_msgs/cmake/catui_msgs__rosidl_typesupport_introspection_cExport-noconfig.cmake
[39.102s] -- Installing: /opt/cat_robot/src/ros2_ws/install/catui_msgs/share/catui_msgs/cmake/export_catui_msgs__rosidl_typesupport_fastrtps_cExport.cmake
[39.102s] -- Installing: /opt/cat_robot/src/ros2_ws/install/catui_msgs/share/catui_msgs/cmake/export_catui_msgs__rosidl_typesupport_fastrtps_cExport-noconfig.cmake
[39.103s] -- Installing: /opt/cat_robot/src/ros2_ws/install/catui_msgs/share/catui_msgs/cmake/catui_msgs__rosidl_typesupport_cExport.cmake
[39.103s] -- Installing: /opt/cat_robot/src/ros2_ws/install/catui_msgs/share/catui_msgs/cmake/catui_msgs__rosidl_typesupport_cExport-noconfig.cmake
[39.103s] -- Installing: /opt/cat_robot/src/ros2_ws/install/catui_msgs/share/catui_msgs/cmake/export_catui_msgs__rosidl_generator_cppExport.cmake
[39.103s] -- Installing: /opt/cat_robot/src/ros2_ws/install/catui_msgs/share/catui_msgs/cmake/catui_msgs__rosidl_typesupport_introspection_cppExport.cmake
[39.103s] -- Installing: /opt/cat_robot/src/ros2_ws/install/catui_msgs/share/catui_msgs/cmake/catui_msgs__rosidl_typesupport_introspection_cppExport-noconfig.cmake
[39.105s] -- Installing: /opt/cat_robot/src/ros2_ws/install/catui_msgs/share/catui_msgs/cmake/export_catui_msgs__rosidl_typesupport_fastrtps_cppExport.cmake
[39.105s] -- Installing: /opt/cat_robot/src/ros2_ws/install/catui_msgs/share/catui_msgs/cmake/export_catui_msgs__rosidl_typesupport_fastrtps_cppExport-noconfig.cmake
[39.105s] -- Installing: /opt/cat_robot/src/ros2_ws/install/catui_msgs/share/catui_msgs/cmake/catui_msgs__rosidl_typesupport_cppExport.cmake
[39.106s] -- Installing: /opt/cat_robot/src/ros2_ws/install/catui_msgs/share/catui_msgs/cmake/catui_msgs__rosidl_typesupport_cppExport-noconfig.cmake
[39.106s] -- Installing: /opt/cat_robot/src/ros2_ws/install/catui_msgs/share/catui_msgs/cmake/export_catui_msgs__rosidl_generator_pyExport.cmake
[39.107s] -- Installing: /opt/cat_robot/src/ros2_ws/install/catui_msgs/share/catui_msgs/cmake/export_catui_msgs__rosidl_generator_pyExport-noconfig.cmake
[39.115s] Invoked command in '/opt/cat_robot/src/ros2_ws/build/catui_msgs' returned '0': CMAKE_PREFIX_PATH=${CMAKE_PREFIX_PATH}:/opt/cat_robot/src/ros2_ws/install/catui_bridge:/opt/cat_robot/src/ros2_ws/install/cat_robot_bringup:/home/user/ros2_humble/install/rqt_bag_plugins:/home/user/ros2_humble/install/rqt_bag:/home/user/ros2_humble/install/launch_testing_examples:/home/user/ros2_humble/install/ros2bag:/home/user/ros2_humble/install/tracetools_test:/home/user/ros2_humble/install/tracetools_launch:/home/user/ros2_humble/install/topic_monitor:/home/user/ros2_humble/install/tf2_tools:/home/user/ros2_humble/install/examples_tf2_py:/home/user/ros2_humble/install/tf2_ros_py:/home/user/ros2_humble/install/sros2:/home/user/ros2_humble/install/rqt_topic:/home/user/ros2_humble/install/rqt_srv:/home/user/ros2_humble/install/rqt_shell:/home/user/ros2_humble/install/rqt_service_caller:/home/user/ros2_humble/install/rqt_reconfigure:/home/user/ros2_humble/install/rqt_py_console:/home/user/ros2_humble/install/rqt_publisher:/home/user/ros2_humble/install/rqt_plot:/home/user/ros2_humble/install/rqt_action:/home/user/ros2_humble/install/rqt_msg:/home/user/ros2_humble/install/rqt_console:/home/user/ros2_humble/install/rqt:/home/user/ros2_humble/install/rqt_graph:/home/user/ros2_humble/install/rqt_gui_py:/home/user/ros2_humble/install/rqt_gui:/home/user/ros2_humble/install/ros2trace:/home/user/ros2_humble/install/ros2topic:/home/user/ros2_humble/install/ros2test:/home/user/ros2_humble/install/ros2component:/home/user/ros2_humble/install/ros2param:/home/user/ros2_humble/install/ros2lifecycle:/home/user/ros2_humble/install/ros2service:/home/user/ros2_humble/install/ros2run:/home/user/ros2_humble/install/ros2plugin:/home/user/ros2_humble/install/ros2launch:/home/user/ros2_humble/install/ros2pkg:/home/user/ros2_humble/install/ros2node:/home/user/ros2_humble/install/ros2multicast:/home/user/ros2_humble/install/ros2interface:/home/user/ros2_humble/install/ros2doctor:/home/user/ros2_humble/install/ros2action:/home/user/ros2_humble/install/ros2cli:/home/user/ros2_humble/install/quality_of_service_demo_py:/home/user/ros2_humble/install/lifecycle_py:/home/user/ros2_humble/install/launch_testing_ros:/home/user/ros2_humble/install/launch_ros:/home/user/ros2_humble/install/examples_rclpy_pointcloud_publisher:/home/user/ros2_humble/install/examples_rclpy_minimal_subscriber:/home/user/ros2_humble/install/examples_rclpy_minimal_service:/home/user/ros2_humble/install/examples_rclpy_minimal_publisher:/home/user/ros2_humble/install/examples_rclpy_minimal_client:/home/user/ros2_humble/install/examples_rclpy_minimal_action_server:/home/user/ros2_humble/install/examples_rclpy_minimal_action_client:/home/user/ros2_humble/install/examples_rclpy_guard_conditions:/home/user/ros2_humble/install/examples_rclpy_executors:/home/user/ros2_humble/install/demo_nodes_py:/home/user/ros2_humble/install/camera_info_manager_py:/home/user/ros2_humble/install/action_tutorials_py:/home/user/ros2_humble/install/ament_uncrustify:/home/user/ros2_humble/install/tracetools_trace:/home/user/ros2_humble/install/tracetools_read:/home/user/ros2_humble/install/test_tracetools_launch:/home/user/ros2_humble/install/test_launch_ros:/home/user/ros2_humble/install/sensor_msgs_py:/home/user/ros2_humble/install/rpyutils:/home/user/ros2_humble/install/rosidl_runtime_py:/home/user/ros2_humble/install/rosidl_cli:/home/user/ros2_humble/install/launch_pytest:/home/user/ros2_humble/install/launch_testing:/home/user/ros2_humble/install/launch_yaml:/home/user/ros2_humble/install/launch_xml:/home/user/ros2_humble/install/launch:/home/user/ros2_humble/install/osrf_pycommon:/home/user/ros2_humble/install/domain_coordinator:/home/user/ros2_humble/install/ament_xmllint:/home/user/ros2_humble/install/ament_pyflakes:/home/user/ros2_humble/install/ament_pycodestyle:/home/user/ros2_humble/install/ament_pep257:/home/user/ros2_humble/install/ament_pclint:/home/user/ros2_humble/install/ament_package:/home/user/ros2_humble/install/ament_mypy:/home/user/ros2_humble/install/ament_lint_cmake:/home/user/ros2_humble/install/ament_flake8:/home/user/ros2_humble/install/ament_copyright:/home/user/ros2_humble/install/ament_lint:/home/user/ros2_humble/install/ament_index_python:/home/user/ros2_humble/install/ament_cpplint:/home/user/ros2_humble/install/ament_cppcheck:/home/user/ros2_humble/install/ament_clang_tidy:/home/user/ros2_humble/install/ament_clang_format DEBUGINFOD_URLS=https://debuginfod.ubuntu.com /usr/bin/cmake --install /opt/cat_robot/src/ros2_ws/build/catui_msgs
