[0.059s] Invoking command in '/opt/cat_robot/src/ros2_ws/build/xacro': CMAKE_PREFIX_PATH=${CMAKE_PREFIX_PATH}:/root/ros2_humble/install/ros2bag:/root/ros2_humble/install/tracetools_test:/root/ros2_humble/install/tracetools_launch:/root/ros2_humble/install/tf2_ros_py:/root/ros2_humble/install/sros2:/root/ros2_humble/install/rqt_msg:/root/ros2_humble/install/rqt_console:/root/ros2_humble/install/rqt_gui_py:/root/ros2_humble/install/rqt_gui:/root/ros2_humble/install/ros2test:/root/ros2_humble/install/ros2param:/root/ros2_humble/install/ros2service:/root/ros2_humble/install/ros2run:/root/ros2_humble/install/ros2pkg:/root/ros2_humble/install/ros2node:/root/ros2_humble/install/ros2multicast:/root/ros2_humble/install/ros2cli:/root/ros2_humble/install/launch_testing_ros:/root/ros2_humble/install/launch_ros:/root/ros2_humble/install/demo_nodes_py:/root/ros2_humble/install/ament_uncrustify:/root/ros2_humble/install/tracetools_trace:/root/ros2_humble/install/tracetools_read:/root/ros2_humble/install/sensor_msgs_py:/root/ros2_humble/install/rpyutils:/root/ros2_humble/install/rosidl_runtime_py:/root/ros2_humble/install/rosidl_cli:/root/ros2_humble/install/launch_testing:/root/ros2_humble/install/launch_yaml:/root/ros2_humble/install/launch_xml:/root/ros2_humble/install/launch:/root/ros2_humble/install/osrf_pycommon:/root/ros2_humble/install/domain_coordinator:/root/ros2_humble/install/ament_xmllint:/root/ros2_humble/install/ament_pyflakes:/root/ros2_humble/install/ament_pycodestyle:/root/ros2_humble/install/ament_pep257:/root/ros2_humble/install/ament_pclint:/root/ros2_humble/install/ament_package:/root/ros2_humble/install/ament_mypy:/root/ros2_humble/install/ament_lint_cmake:/root/ros2_humble/install/ament_flake8:/root/ros2_humble/install/ament_copyright:/root/ros2_humble/install/ament_lint:/root/ros2_humble/install/ament_index_python:/root/ros2_humble/install/ament_cpplint:/root/ros2_humble/install/ament_cppcheck:/root/ros2_humble/install/ament_clang_tidy:/root/ros2_humble/install/ament_clang_format /usr/bin/cmake --build /opt/cat_robot/src/ros2_ws/build/xacro -- -j4 -l4
[0.597s] Built target ament_cmake_python_symlink_xacro
[0.661s] Built target ament_cmake_python_symlink_xacro_setup
[1.839s] running install_scripts
[2.191s] running egg_info
[2.250s] running egg_info
[2.312s] writing xacro.egg-info/PKG-INFO
[2.313s] writing dependency_links to xacro.egg-info/dependency_links.txt
[2.324s] writing entry points to xacro.egg-info/entry_points.txt
[2.324s] writing top-level names to xacro.egg-info/top_level.txt
[2.505s] writing xacro.egg-info/PKG-INFO
[2.505s] writing dependency_links to xacro.egg-info/dependency_links.txt
[2.507s] writing entry points to xacro.egg-info/entry_points.txt
[2.508s] writing top-level names to xacro.egg-info/top_level.txt
[2.646s] reading manifest file 'xacro.egg-info/SOURCES.txt'
[2.657s] writing manifest file 'xacro.egg-info/SOURCES.txt'
[2.907s] reading manifest file 'xacro.egg-info/SOURCES.txt'
[2.910s] writing manifest file 'xacro.egg-info/SOURCES.txt'
[3.224s] Built target ament_cmake_python_build_xacro_egg
[3.230s] Installing xacro script to scripts
[3.471s] Built target ament_cmake_python_build_xacro_scripts
[3.550s] Invoked command in '/opt/cat_robot/src/ros2_ws/build/xacro' returned '0': CMAKE_PREFIX_PATH=${CMAKE_PREFIX_PATH}:/root/ros2_humble/install/ros2bag:/root/ros2_humble/install/tracetools_test:/root/ros2_humble/install/tracetools_launch:/root/ros2_humble/install/tf2_ros_py:/root/ros2_humble/install/sros2:/root/ros2_humble/install/rqt_msg:/root/ros2_humble/install/rqt_console:/root/ros2_humble/install/rqt_gui_py:/root/ros2_humble/install/rqt_gui:/root/ros2_humble/install/ros2test:/root/ros2_humble/install/ros2param:/root/ros2_humble/install/ros2service:/root/ros2_humble/install/ros2run:/root/ros2_humble/install/ros2pkg:/root/ros2_humble/install/ros2node:/root/ros2_humble/install/ros2multicast:/root/ros2_humble/install/ros2cli:/root/ros2_humble/install/launch_testing_ros:/root/ros2_humble/install/launch_ros:/root/ros2_humble/install/demo_nodes_py:/root/ros2_humble/install/ament_uncrustify:/root/ros2_humble/install/tracetools_trace:/root/ros2_humble/install/tracetools_read:/root/ros2_humble/install/sensor_msgs_py:/root/ros2_humble/install/rpyutils:/root/ros2_humble/install/rosidl_runtime_py:/root/ros2_humble/install/rosidl_cli:/root/ros2_humble/install/launch_testing:/root/ros2_humble/install/launch_yaml:/root/ros2_humble/install/launch_xml:/root/ros2_humble/install/launch:/root/ros2_humble/install/osrf_pycommon:/root/ros2_humble/install/domain_coordinator:/root/ros2_humble/install/ament_xmllint:/root/ros2_humble/install/ament_pyflakes:/root/ros2_humble/install/ament_pycodestyle:/root/ros2_humble/install/ament_pep257:/root/ros2_humble/install/ament_pclint:/root/ros2_humble/install/ament_package:/root/ros2_humble/install/ament_mypy:/root/ros2_humble/install/ament_lint_cmake:/root/ros2_humble/install/ament_flake8:/root/ros2_humble/install/ament_copyright:/root/ros2_humble/install/ament_lint:/root/ros2_humble/install/ament_index_python:/root/ros2_humble/install/ament_cpplint:/root/ros2_humble/install/ament_cppcheck:/root/ros2_humble/install/ament_clang_tidy:/root/ros2_humble/install/ament_clang_format /usr/bin/cmake --build /opt/cat_robot/src/ros2_ws/build/xacro -- -j4 -l4
[3.558s] Invoking command in '/opt/cat_robot/src/ros2_ws/build/xacro': CMAKE_PREFIX_PATH=${CMAKE_PREFIX_PATH}:/root/ros2_humble/install/ros2bag:/root/ros2_humble/install/tracetools_test:/root/ros2_humble/install/tracetools_launch:/root/ros2_humble/install/tf2_ros_py:/root/ros2_humble/install/sros2:/root/ros2_humble/install/rqt_msg:/root/ros2_humble/install/rqt_console:/root/ros2_humble/install/rqt_gui_py:/root/ros2_humble/install/rqt_gui:/root/ros2_humble/install/ros2test:/root/ros2_humble/install/ros2param:/root/ros2_humble/install/ros2service:/root/ros2_humble/install/ros2run:/root/ros2_humble/install/ros2pkg:/root/ros2_humble/install/ros2node:/root/ros2_humble/install/ros2multicast:/root/ros2_humble/install/ros2cli:/root/ros2_humble/install/launch_testing_ros:/root/ros2_humble/install/launch_ros:/root/ros2_humble/install/demo_nodes_py:/root/ros2_humble/install/ament_uncrustify:/root/ros2_humble/install/tracetools_trace:/root/ros2_humble/install/tracetools_read:/root/ros2_humble/install/sensor_msgs_py:/root/ros2_humble/install/rpyutils:/root/ros2_humble/install/rosidl_runtime_py:/root/ros2_humble/install/rosidl_cli:/root/ros2_humble/install/launch_testing:/root/ros2_humble/install/launch_yaml:/root/ros2_humble/install/launch_xml:/root/ros2_humble/install/launch:/root/ros2_humble/install/osrf_pycommon:/root/ros2_humble/install/domain_coordinator:/root/ros2_humble/install/ament_xmllint:/root/ros2_humble/install/ament_pyflakes:/root/ros2_humble/install/ament_pycodestyle:/root/ros2_humble/install/ament_pep257:/root/ros2_humble/install/ament_pclint:/root/ros2_humble/install/ament_package:/root/ros2_humble/install/ament_mypy:/root/ros2_humble/install/ament_lint_cmake:/root/ros2_humble/install/ament_flake8:/root/ros2_humble/install/ament_copyright:/root/ros2_humble/install/ament_lint:/root/ros2_humble/install/ament_index_python:/root/ros2_humble/install/ament_cpplint:/root/ros2_humble/install/ament_cppcheck:/root/ros2_humble/install/ament_clang_tidy:/root/ros2_humble/install/ament_clang_format /usr/bin/cmake --install /opt/cat_robot/src/ros2_ws/build/xacro
[3.608s] -- Install configuration: ""
[3.611s] -- Execute custom install script
[3.612s] -- Up-to-date symlink: /opt/cat_robot/src/ros2_ws/install/xacro/share/xacro/environment/completion.bash
[3.612s] -- Up-to-date symlink: /opt/cat_robot/src/ros2_ws/install/xacro/share/xacro/environment/pythonpath.sh
[3.612s] -- Up-to-date symlink: /opt/cat_robot/src/ros2_ws/install/xacro/share/xacro/environment/pythonpath.dsv
[3.613s] -- Up-to-date symlink: /opt/cat_robot/src/ros2_ws/install/xacro/local/lib/python3.12/dist-packages/xacro-2.1.1-py3.12.egg-info/PKG-INFO
[3.613s] -- Up-to-date symlink: /opt/cat_robot/src/ros2_ws/install/xacro/local/lib/python3.12/dist-packages/xacro-2.1.1-py3.12.egg-info/SOURCES.txt
[3.613s] -- Up-to-date symlink: /opt/cat_robot/src/ros2_ws/install/xacro/local/lib/python3.12/dist-packages/xacro-2.1.1-py3.12.egg-info/dependency_links.txt
[3.615s] -- Up-to-date symlink: /opt/cat_robot/src/ros2_ws/install/xacro/local/lib/python3.12/dist-packages/xacro-2.1.1-py3.12.egg-info/entry_points.txt
[3.617s] -- Up-to-date symlink: /opt/cat_robot/src/ros2_ws/install/xacro/local/lib/python3.12/dist-packages/xacro-2.1.1-py3.12.egg-info/top_level.txt
[3.618s] -- Up-to-date symlink: /opt/cat_robot/src/ros2_ws/install/xacro/lib/xacro//xacro
[3.619s] -- Up-to-date symlink: /opt/cat_robot/src/ros2_ws/install/xacro/local/lib/python3.12/dist-packages/xacro/__init__.py
[3.619s] -- Up-to-date symlink: /opt/cat_robot/src/ros2_ws/install/xacro/local/lib/python3.12/dist-packages/xacro/cli.py
[3.619s] -- Up-to-date symlink: /opt/cat_robot/src/ros2_ws/install/xacro/local/lib/python3.12/dist-packages/xacro/color.py
[3.621s] -- Up-to-date symlink: /opt/cat_robot/src/ros2_ws/install/xacro/local/lib/python3.12/dist-packages/xacro/substitution_args.py
[3.622s] -- Up-to-date symlink: /opt/cat_robot/src/ros2_ws/install/xacro/local/lib/python3.12/dist-packages/xacro/xmlutils.py
[3.624s] -- Up-to-date symlink: /opt/cat_robot/src/ros2_ws/install/xacro/share/ament_index/resource_index/package_run_dependencies/xacro
[3.624s] -- Up-to-date symlink: /opt/cat_robot/src/ros2_ws/install/xacro/share/ament_index/resource_index/parent_prefix_path/xacro
[3.624s] -- Up-to-date symlink: /opt/cat_robot/src/ros2_ws/install/xacro/share/xacro/environment/ament_prefix_path.sh
[3.625s] -- Up-to-date symlink: /opt/cat_robot/src/ros2_ws/install/xacro/share/xacro/environment/ament_prefix_path.dsv
[3.626s] -- Up-to-date symlink: /opt/cat_robot/src/ros2_ws/install/xacro/share/xacro/environment/path.sh
[3.626s] -- Up-to-date symlink: /opt/cat_robot/src/ros2_ws/install/xacro/share/xacro/environment/path.dsv
[3.626s] -- Up-to-date symlink: /opt/cat_robot/src/ros2_ws/install/xacro/share/xacro/local_setup.bash
[3.627s] -- Up-to-date symlink: /opt/cat_robot/src/ros2_ws/install/xacro/share/xacro/local_setup.sh
[3.627s] -- Up-to-date symlink: /opt/cat_robot/src/ros2_ws/install/xacro/share/xacro/local_setup.zsh
[3.627s] -- Up-to-date symlink: /opt/cat_robot/src/ros2_ws/install/xacro/share/xacro/local_setup.dsv
[3.627s] -- Symlinking: /opt/cat_robot/src/ros2_ws/install/xacro/share/xacro/package.dsv
[3.670s] -- Up-to-date symlink: /opt/cat_robot/src/ros2_ws/install/xacro/share/ament_index/resource_index/packages/xacro
[3.671s] -- Up-to-date symlink: /opt/cat_robot/src/ros2_ws/install/xacro/share/xacro/cmake/xacro-extras.cmake
[3.671s] -- Up-to-date symlink: /opt/cat_robot/src/ros2_ws/install/xacro/share/xacro/cmake/xacroConfig.cmake
[3.677s] -- Up-to-date symlink: /opt/cat_robot/src/ros2_ws/install/xacro/share/xacro/cmake/xacroConfig-version.cmake
[3.677s] -- Up-to-date symlink: /opt/cat_robot/src/ros2_ws/install/xacro/share/xacro/package.xml
[3.894s] Listing '/opt/cat_robot/src/ros2_ws/install/xacro/local/lib/python3.12/dist-packages/xacro'...
[3.918s] -- Up-to-date: /opt/cat_robot/src/ros2_ws/install/xacro/bin/
[3.918s] -- Installing: /opt/cat_robot/src/ros2_ws/install/xacro/bin//xacro
[4.008s] Invoked command in '/opt/cat_robot/src/ros2_ws/build/xacro' returned '0': CMAKE_PREFIX_PATH=${CMAKE_PREFIX_PATH}:/root/ros2_humble/install/ros2bag:/root/ros2_humble/install/tracetools_test:/root/ros2_humble/install/tracetools_launch:/root/ros2_humble/install/tf2_ros_py:/root/ros2_humble/install/sros2:/root/ros2_humble/install/rqt_msg:/root/ros2_humble/install/rqt_console:/root/ros2_humble/install/rqt_gui_py:/root/ros2_humble/install/rqt_gui:/root/ros2_humble/install/ros2test:/root/ros2_humble/install/ros2param:/root/ros2_humble/install/ros2service:/root/ros2_humble/install/ros2run:/root/ros2_humble/install/ros2pkg:/root/ros2_humble/install/ros2node:/root/ros2_humble/install/ros2multicast:/root/ros2_humble/install/ros2cli:/root/ros2_humble/install/launch_testing_ros:/root/ros2_humble/install/launch_ros:/root/ros2_humble/install/demo_nodes_py:/root/ros2_humble/install/ament_uncrustify:/root/ros2_humble/install/tracetools_trace:/root/ros2_humble/install/tracetools_read:/root/ros2_humble/install/sensor_msgs_py:/root/ros2_humble/install/rpyutils:/root/ros2_humble/install/rosidl_runtime_py:/root/ros2_humble/install/rosidl_cli:/root/ros2_humble/install/launch_testing:/root/ros2_humble/install/launch_yaml:/root/ros2_humble/install/launch_xml:/root/ros2_humble/install/launch:/root/ros2_humble/install/osrf_pycommon:/root/ros2_humble/install/domain_coordinator:/root/ros2_humble/install/ament_xmllint:/root/ros2_humble/install/ament_pyflakes:/root/ros2_humble/install/ament_pycodestyle:/root/ros2_humble/install/ament_pep257:/root/ros2_humble/install/ament_pclint:/root/ros2_humble/install/ament_package:/root/ros2_humble/install/ament_mypy:/root/ros2_humble/install/ament_lint_cmake:/root/ros2_humble/install/ament_flake8:/root/ros2_humble/install/ament_copyright:/root/ros2_humble/install/ament_lint:/root/ros2_humble/install/ament_index_python:/root/ros2_humble/install/ament_cpplint:/root/ros2_humble/install/ament_cppcheck:/root/ros2_humble/install/ament_clang_tidy:/root/ros2_humble/install/ament_clang_format /usr/bin/cmake --install /opt/cat_robot/src/ros2_ws/build/xacro
