-- The C compiler identification is GNU 13.3.0
-- The CXX compiler identification is GNU 13.3.0
-- Detecting C compiler ABI info
-- Detecting C compiler ABI info - done
-- Check for working C compiler: /usr/bin/cc - skipped
-- Detecting C compile features
-- Detecting C compile features - done
-- Detecting CXX compiler ABI info
-- Detecting CXX compiler ABI info - done
-- Check for working CXX compiler: /usr/bin/c++ - skipped
-- Detecting CXX compile features
-- Detecting CXX compile features - done
-- Found ament_cmake: 1.3.14 (/home/user/ros2_humble/install/ament_cmake/share/ament_cmake/cmake)
-- Found Python3: /usr/bin/python3 (found version "3.12.3") found components: Interpreter 
-- Override CMake install command with custom implementation using symlinks instead of copying resources
-- Found ament_cmake_ros: 0.10.0 (/home/user/ros2_humble/install/ament_cmake_ros/share/ament_cmake_ros/cmake)
-- Found diagnostic_msgs: 4.9.1 (/home/user/ros2_humble/install/diagnostic_msgs/share/diagnostic_msgs/cmake)
-- Found rosidl_generator_c: 3.1.8 (/home/user/ros2_humble/install/rosidl_generator_c/share/rosidl_generator_c/cmake)
-- Found rosidl_adapter: 3.1.8 (/home/user/ros2_humble/install/rosidl_adapter/share/rosidl_adapter/cmake)
-- Found rosidl_generator_cpp: 3.1.8 (/home/user/ros2_humble/install/rosidl_generator_cpp/share/rosidl_generator_cpp/cmake)
-- Using all available rosidl_typesupport_c: rosidl_typesupport_introspection_c;rosidl_typesupport_fastrtps_c
-- Using all available rosidl_typesupport_cpp: rosidl_typesupport_introspection_cpp;rosidl_typesupport_fastrtps_cpp
-- Found rclcpp: 16.0.18 (/home/user/ros2_humble/install/rclcpp/share/rclcpp/cmake)
-- Found rmw_implementation_cmake: 6.1.2 (/home/user/ros2_humble/install/rmw_implementation_cmake/share/rmw_implementation_cmake/cmake)
-- Found rmw_fastrtps_cpp: 6.2.10 (/home/user/ros2_humble/install/rmw_fastrtps_cpp/share/rmw_fastrtps_cpp/cmake)
-- Found OpenSSL: /usr/lib/aarch64-linux-gnu/libcrypto.so (found version "3.0.13")  
-- Found FastRTPS: /home/user/ros2_humble/install/fastrtps/include  
-- Using RMW implementation 'rmw_fastrtps_cpp' as default
-- Performing Test CMAKE_HAVE_LIBC_PTHREAD
-- Performing Test CMAKE_HAVE_LIBC_PTHREAD - Success
-- Found Threads: TRUE  
-- Found rclpy: 3.3.21 (/home/user/ros2_humble/install/rclpy/share/rclpy/cmake)
-- Found ament_lint_auto: 0.12.15 (/home/user/ros2_humble/install/ament_lint_auto/share/ament_lint_auto/cmake)
-- Found gtest sources under '/home/user/ros2_humble/install/gtest_vendor/src/gtest_vendor': C++ tests using 'Google Test' will be built
-- Added test 'cppcheck' to perform static code analysis on C / C++ code
-- Configured cppcheck include dirs: $<BUILD_INTERFACE:/opt/cat_robot/src/ros2_ws/src/diagnostics/diagnostic_updater/include>
-- Configured cppcheck exclude dirs and/or files: 
-- Added test 'cpplint' to check C / C++ code against the Google style
-- Configured cpplint exclude dirs and/or files: 
-- Added test 'lint_cmake' to check CMake code style
-- Added test 'pep257' to check Python code against some of the docstring style conventions in PEP 257
-- Added test 'uncrustify' to check C / C++ code style
-- Configured uncrustify additional arguments: 
-- Added test 'xmllint' to check XML markup files
-- Configuring done (26.4s)
-- Generating done (0.2s)
-- Build files have been written to: /opt/cat_robot/src/ros2_ws/build/diagnostic_updater
[  8%] [32mBuilding CXX object gtest/CMakeFiles/gtest.dir/src/gtest-all.cc.o[0m
[ 16%] [32mBuilding CXX object gtest/CMakeFiles/gtest_main.dir/src/gtest_main.cc.o[0m
[ 25%] [32mBuilding CXX object CMakeFiles/diagnostic_updater.dir/src/diagnostic_updater.cpp.o[0m
[ 33%] [32m[1mLinking CXX static library libgtest_main.a[0m
[ 33%] Built target gtest_main
[ 41%] [32m[1mLinking CXX static library libgtest.a[0m
[ 50%] [32m[1mLinking CXX shared library libdiagnostic_updater.so[0m
[ 50%] Built target gtest
[ 50%] Built target diagnostic_updater
[ 58%] [32mBuilding CXX object CMakeFiles/diagnostic_status_wrapper_test.dir/test/diagnostic_status_wrapper_test.cpp.o[0m
[ 66%] [32m[1mLinking CXX executable diagnostic_status_wrapper_test[0m
[ 66%] Built target diagnostic_status_wrapper_test
[ 75%] [32mBuilding CXX object CMakeFiles/diagnostic_updater_test.dir/test/diagnostic_updater_test.cpp.o[0m
[ 83%] [32m[1mLinking CXX executable diagnostic_updater_test[0m
[ 83%] Built target diagnostic_updater_test
[ 91%] [32mBuilding CXX object CMakeFiles/example.dir/src/example.cpp.o[0m
[100%] [32m[1mLinking CXX executable example[0m
[100%] Built target example
[100%] Built target ament_cmake_python_symlink_diagnostic_updater
running egg_info
creating diagnostic_updater.egg-info
writing diagnostic_updater.egg-info/PKG-INFO
writing dependency_links to diagnostic_updater.egg-info/dependency_links.txt
writing top-level names to diagnostic_updater.egg-info/top_level.txt
writing manifest file 'diagnostic_updater.egg-info/SOURCES.txt'
reading manifest file 'diagnostic_updater.egg-info/SOURCES.txt'
writing manifest file 'diagnostic_updater.egg-info/SOURCES.txt'
[100%] Built target ament_cmake_python_build_diagnostic_updater_egg
-- Install configuration: ""
-- Execute custom install script
-- Symlinking: /opt/cat_robot/src/ros2_ws/install/diagnostic_updater/share/diagnostic_updater/environment/pythonpath.sh
-- Symlinking: /opt/cat_robot/src/ros2_ws/install/diagnostic_updater/share/diagnostic_updater/environment/pythonpath.dsv
-- Symlinking: /opt/cat_robot/src/ros2_ws/install/diagnostic_updater/local/lib/python3.12/dist-packages/diagnostic_updater-4.4.6-py3.12.egg-info/PKG-INFO
-- Symlinking: /opt/cat_robot/src/ros2_ws/install/diagnostic_updater/local/lib/python3.12/dist-packages/diagnostic_updater-4.4.6-py3.12.egg-info/SOURCES.txt
-- Symlinking: /opt/cat_robot/src/ros2_ws/install/diagnostic_updater/local/lib/python3.12/dist-packages/diagnostic_updater-4.4.6-py3.12.egg-info/dependency_links.txt
-- Symlinking: /opt/cat_robot/src/ros2_ws/install/diagnostic_updater/local/lib/python3.12/dist-packages/diagnostic_updater-4.4.6-py3.12.egg-info/top_level.txt
-- Symlinking: /opt/cat_robot/src/ros2_ws/install/diagnostic_updater/local/lib/python3.12/dist-packages/diagnostic_updater/__init__.py
-- Symlinking: /opt/cat_robot/src/ros2_ws/install/diagnostic_updater/local/lib/python3.12/dist-packages/diagnostic_updater/_diagnostic_status_wrapper.py
-- Symlinking: /opt/cat_robot/src/ros2_ws/install/diagnostic_updater/local/lib/python3.12/dist-packages/diagnostic_updater/_diagnostic_updater.py
-- Symlinking: /opt/cat_robot/src/ros2_ws/install/diagnostic_updater/local/lib/python3.12/dist-packages/diagnostic_updater/_publisher.py
-- Symlinking: /opt/cat_robot/src/ros2_ws/install/diagnostic_updater/local/lib/python3.12/dist-packages/diagnostic_updater/_update_functions.py
-- Symlinking: /opt/cat_robot/src/ros2_ws/install/diagnostic_updater/local/lib/python3.12/dist-packages/diagnostic_updater/example.py
-- Symlinking: /opt/cat_robot/src/ros2_ws/install/diagnostic_updater/lib/diagnostic_updater/example.py
-- Symlinking: /opt/cat_robot/src/ros2_ws/install/diagnostic_updater/lib/diagnostic_updater/example
-- Symlinking: /opt/cat_robot/src/ros2_ws/install/diagnostic_updater/include/diagnostic_updater/diagnostic_status_wrapper.hpp
-- Symlinking: /opt/cat_robot/src/ros2_ws/install/diagnostic_updater/include/diagnostic_updater/diagnostic_updater.hpp
-- Symlinking: /opt/cat_robot/src/ros2_ws/install/diagnostic_updater/include/diagnostic_updater/publisher.hpp
-- Symlinking: /opt/cat_robot/src/ros2_ws/install/diagnostic_updater/include/diagnostic_updater/update_functions.hpp
-- Symlinking: /opt/cat_robot/src/ros2_ws/install/diagnostic_updater/share/diagnostic_updater/environment/library_path.sh
-- Symlinking: /opt/cat_robot/src/ros2_ws/install/diagnostic_updater/share/diagnostic_updater/environment/library_path.dsv
-- Symlinking: /opt/cat_robot/src/ros2_ws/install/diagnostic_updater/share/ament_index/resource_index/package_run_dependencies/diagnostic_updater
-- Symlinking: /opt/cat_robot/src/ros2_ws/install/diagnostic_updater/share/ament_index/resource_index/parent_prefix_path/diagnostic_updater
-- Symlinking: /opt/cat_robot/src/ros2_ws/install/diagnostic_updater/share/diagnostic_updater/environment/ament_prefix_path.sh
-- Symlinking: /opt/cat_robot/src/ros2_ws/install/diagnostic_updater/share/diagnostic_updater/environment/ament_prefix_path.dsv
-- Symlinking: /opt/cat_robot/src/ros2_ws/install/diagnostic_updater/share/diagnostic_updater/environment/path.sh
-- Symlinking: /opt/cat_robot/src/ros2_ws/install/diagnostic_updater/share/diagnostic_updater/environment/path.dsv
-- Symlinking: /opt/cat_robot/src/ros2_ws/install/diagnostic_updater/share/diagnostic_updater/local_setup.bash
-- Symlinking: /opt/cat_robot/src/ros2_ws/install/diagnostic_updater/share/diagnostic_updater/local_setup.sh
-- Symlinking: /opt/cat_robot/src/ros2_ws/install/diagnostic_updater/share/diagnostic_updater/local_setup.zsh
-- Symlinking: /opt/cat_robot/src/ros2_ws/install/diagnostic_updater/share/diagnostic_updater/local_setup.dsv
-- Symlinking: /opt/cat_robot/src/ros2_ws/install/diagnostic_updater/share/diagnostic_updater/package.dsv
-- Symlinking: /opt/cat_robot/src/ros2_ws/install/diagnostic_updater/share/ament_index/resource_index/packages/diagnostic_updater
-- Symlinking: /opt/cat_robot/src/ros2_ws/install/diagnostic_updater/share/diagnostic_updater/cmake/ament_cmake_export_targets-extras.cmake
-- Symlinking: /opt/cat_robot/src/ros2_ws/install/diagnostic_updater/share/diagnostic_updater/cmake/ament_cmake_export_include_directories-extras.cmake
-- Symlinking: /opt/cat_robot/src/ros2_ws/install/diagnostic_updater/share/diagnostic_updater/cmake/ament_cmake_export_libraries-extras.cmake
-- Symlinking: /opt/cat_robot/src/ros2_ws/install/diagnostic_updater/share/diagnostic_updater/cmake/ament_cmake_export_dependencies-extras.cmake
-- Symlinking: /opt/cat_robot/src/ros2_ws/install/diagnostic_updater/share/diagnostic_updater/cmake/diagnostic_updaterConfig.cmake
-- Symlinking: /opt/cat_robot/src/ros2_ws/install/diagnostic_updater/share/diagnostic_updater/cmake/diagnostic_updaterConfig-version.cmake
-- Symlinking: /opt/cat_robot/src/ros2_ws/install/diagnostic_updater/share/diagnostic_updater/package.xml
-- Installing: /opt/cat_robot/src/ros2_ws/install/diagnostic_updater/lib/libdiagnostic_updater.so
-- Set non-toolchain portion of runtime path of "/opt/cat_robot/src/ros2_ws/install/diagnostic_updater/lib/libdiagnostic_updater.so" to ""
Listing '/opt/cat_robot/src/ros2_ws/install/diagnostic_updater/local/lib/python3.12/dist-packages/diagnostic_updater'...
Compiling '/opt/cat_robot/src/ros2_ws/install/diagnostic_updater/local/lib/python3.12/dist-packages/diagnostic_updater/__init__.py'...
Compiling '/opt/cat_robot/src/ros2_ws/install/diagnostic_updater/local/lib/python3.12/dist-packages/diagnostic_updater/_diagnostic_status_wrapper.py'...
Compiling '/opt/cat_robot/src/ros2_ws/install/diagnostic_updater/local/lib/python3.12/dist-packages/diagnostic_updater/_diagnostic_updater.py'...
Compiling '/opt/cat_robot/src/ros2_ws/install/diagnostic_updater/local/lib/python3.12/dist-packages/diagnostic_updater/_publisher.py'...
Compiling '/opt/cat_robot/src/ros2_ws/install/diagnostic_updater/local/lib/python3.12/dist-packages/diagnostic_updater/_update_functions.py'...
Compiling '/opt/cat_robot/src/ros2_ws/install/diagnostic_updater/local/lib/python3.12/dist-packages/diagnostic_updater/example.py'...
-- Installing: /opt/cat_robot/src/ros2_ws/install/diagnostic_updater/share/diagnostic_updater/cmake/diagnostic_updaterTargetsExport.cmake
-- Installing: /opt/cat_robot/src/ros2_ws/install/diagnostic_updater/share/diagnostic_updater/cmake/diagnostic_updaterTargetsExport-noconfig.cmake
