[0.055s] Invoking command in '/opt/cat_robot/src/ros2_ws/build/wiimote_msgs': CMAKE_PREFIX_PATH=${CMAKE_PREFIX_PATH}:/opt/cat_robot/src/ros2_ws/install/catui_bridge:/opt/cat_robot/src/ros2_ws/install/cat_robot_bringup:/home/user/ros2_humble/install/rqt_bag_plugins:/home/user/ros2_humble/install/rqt_bag:/home/user/ros2_humble/install/launch_testing_examples:/home/user/ros2_humble/install/ros2bag:/home/user/ros2_humble/install/tracetools_test:/home/user/ros2_humble/install/tracetools_launch:/home/user/ros2_humble/install/topic_monitor:/home/user/ros2_humble/install/tf2_tools:/home/user/ros2_humble/install/examples_tf2_py:/home/user/ros2_humble/install/tf2_ros_py:/home/user/ros2_humble/install/sros2:/home/user/ros2_humble/install/rqt_topic:/home/user/ros2_humble/install/rqt_srv:/home/user/ros2_humble/install/rqt_shell:/home/user/ros2_humble/install/rqt_service_caller:/home/user/ros2_humble/install/rqt_reconfigure:/home/user/ros2_humble/install/rqt_py_console:/home/user/ros2_humble/install/rqt_publisher:/home/user/ros2_humble/install/rqt_plot:/home/user/ros2_humble/install/rqt_action:/home/user/ros2_humble/install/rqt_msg:/home/user/ros2_humble/install/rqt_console:/home/user/ros2_humble/install/rqt:/home/user/ros2_humble/install/rqt_graph:/home/user/ros2_humble/install/rqt_gui_py:/home/user/ros2_humble/install/rqt_gui:/home/user/ros2_humble/install/ros2trace:/home/user/ros2_humble/install/ros2topic:/home/user/ros2_humble/install/ros2test:/home/user/ros2_humble/install/ros2component:/home/user/ros2_humble/install/ros2param:/home/user/ros2_humble/install/ros2lifecycle:/home/user/ros2_humble/install/ros2service:/home/user/ros2_humble/install/ros2run:/home/user/ros2_humble/install/ros2plugin:/home/user/ros2_humble/install/ros2launch:/home/user/ros2_humble/install/ros2pkg:/home/user/ros2_humble/install/ros2node:/home/user/ros2_humble/install/ros2multicast:/home/user/ros2_humble/install/ros2interface:/home/user/ros2_humble/install/ros2doctor:/home/user/ros2_humble/install/ros2action:/home/user/ros2_humble/install/ros2cli:/home/user/ros2_humble/install/quality_of_service_demo_py:/home/user/ros2_humble/install/lifecycle_py:/home/user/ros2_humble/install/launch_testing_ros:/home/user/ros2_humble/install/launch_ros:/home/user/ros2_humble/install/examples_rclpy_pointcloud_publisher:/home/user/ros2_humble/install/examples_rclpy_minimal_subscriber:/home/user/ros2_humble/install/examples_rclpy_minimal_service:/home/user/ros2_humble/install/examples_rclpy_minimal_publisher:/home/user/ros2_humble/install/examples_rclpy_minimal_client:/home/user/ros2_humble/install/examples_rclpy_minimal_action_server:/home/user/ros2_humble/install/examples_rclpy_minimal_action_client:/home/user/ros2_humble/install/examples_rclpy_guard_conditions:/home/user/ros2_humble/install/examples_rclpy_executors:/home/user/ros2_humble/install/demo_nodes_py:/home/user/ros2_humble/install/camera_info_manager_py:/home/user/ros2_humble/install/action_tutorials_py:/home/user/ros2_humble/install/ament_uncrustify:/home/user/ros2_humble/install/tracetools_trace:/home/user/ros2_humble/install/tracetools_read:/home/user/ros2_humble/install/test_tracetools_launch:/home/user/ros2_humble/install/test_launch_ros:/home/user/ros2_humble/install/sensor_msgs_py:/home/user/ros2_humble/install/rpyutils:/home/user/ros2_humble/install/rosidl_runtime_py:/home/user/ros2_humble/install/rosidl_cli:/home/user/ros2_humble/install/launch_pytest:/home/user/ros2_humble/install/launch_testing:/home/user/ros2_humble/install/launch_yaml:/home/user/ros2_humble/install/launch_xml:/home/user/ros2_humble/install/launch:/home/user/ros2_humble/install/osrf_pycommon:/home/user/ros2_humble/install/domain_coordinator:/home/user/ros2_humble/install/ament_xmllint:/home/user/ros2_humble/install/ament_pyflakes:/home/user/ros2_humble/install/ament_pycodestyle:/home/user/ros2_humble/install/ament_pep257:/home/user/ros2_humble/install/ament_pclint:/home/user/ros2_humble/install/ament_package:/home/user/ros2_humble/install/ament_mypy:/home/user/ros2_humble/install/ament_lint_cmake:/home/user/ros2_humble/install/ament_flake8:/home/user/ros2_humble/install/ament_copyright:/home/user/ros2_humble/install/ament_lint:/home/user/ros2_humble/install/ament_index_python:/home/user/ros2_humble/install/ament_cpplint:/home/user/ros2_humble/install/ament_cppcheck:/home/user/ros2_humble/install/ament_clang_tidy:/home/user/ros2_humble/install/ament_clang_format DEBUGINFOD_URLS=https://debuginfod.ubuntu.com /usr/bin/cmake /opt/cat_robot/src/ros2_ws/src/joystick_drivers/wiimote_msgs -DAMENT_CMAKE_SYMLINK_INSTALL=1 -DCMAKE_INSTALL_PREFIX=/opt/cat_robot/src/ros2_ws/install/wiimote_msgs
[0.263s] -- The C compiler identification is GNU 13.3.0
[0.455s] -- The CXX compiler identification is GNU 13.3.0
[0.521s] -- Detecting C compiler ABI info
[0.903s] -- Detecting C compiler ABI info - done
[0.917s] -- Check for working C compiler: /usr/bin/cc - skipped
[0.917s] -- Detecting C compile features
[0.919s] -- Detecting C compile features - done
[0.944s] -- Detecting CXX compiler ABI info
[1.295s] -- Detecting CXX compiler ABI info - done
[1.313s] -- Check for working CXX compiler: /usr/bin/c++ - skipped
[1.313s] -- Detecting CXX compile features
[1.313s] -- Detecting CXX compile features - done
[1.350s] -- Found ament_cmake: 1.3.14 (/home/user/ros2_humble/install/ament_cmake/share/ament_cmake/cmake)
[2.323s] -- Found Python3: /usr/bin/python3 (found version "3.12.3") found components: Interpreter 
[2.776s] -- Override CMake install command with custom implementation using symlinks instead of copying resources
[3.335s] -- Found ament_cmake_auto: 1.3.14 (/home/user/ros2_humble/install/ament_cmake_auto/share/ament_cmake_auto/cmake)
[4.078s] -- Found rosidl_generator_c: 3.1.8 (/home/user/ros2_humble/install/rosidl_generator_c/share/rosidl_generator_c/cmake)
[4.137s] -- Found rosidl_adapter: 3.1.8 (/home/user/ros2_humble/install/rosidl_adapter/share/rosidl_adapter/cmake)
[4.202s] -- Found rosidl_generator_cpp: 3.1.8 (/home/user/ros2_humble/install/rosidl_generator_cpp/share/rosidl_generator_cpp/cmake)
[4.329s] -- Using all available rosidl_typesupport_c: rosidl_typesupport_introspection_c;rosidl_typesupport_fastrtps_c
[4.495s] -- Using all available rosidl_typesupport_cpp: rosidl_typesupport_introspection_cpp;rosidl_typesupport_fastrtps_cpp
[5.028s] -- Found ament_lint_auto: 0.12.15 (/home/user/ros2_humble/install/ament_lint_auto/share/ament_lint_auto/cmake)
[7.729s] -- Found ament_cmake_ros: 0.10.0 (/home/user/ros2_humble/install/ament_cmake_ros/share/ament_cmake_ros/cmake)
[12.559s] -- Using all available rosidl_typesupport_c: rosidl_typesupport_introspection_c;rosidl_typesupport_fastrtps_c
[14.486s] -- Using all available rosidl_typesupport_cpp: rosidl_typesupport_introspection_cpp;rosidl_typesupport_fastrtps_cpp
[14.491s] [33mCMake Warning (dev) at /home/user/ros2_humble/install/rosidl_generator_py/share/rosidl_generator_py/cmake/rosidl_generator_py_generate_interfaces.cmake:20 (find_package):
[14.492s]   Policy CMP0148 is not set: The FindPythonInterp and FindPythonLibs modules
[14.492s]   are removed.  Run "cmake --help-policy CMP0148" for policy details.  Use
[14.492s]   the cmake_policy command to set the policy and suppress this warning.
[14.492s] 
[14.492s] Call Stack (most recent call first):
[14.492s]   /home/user/ros2_humble/install/ament_cmake_core/share/ament_cmake_core/cmake/core/ament_execute_extensions.cmake:48 (include)
[14.492s]   /home/user/ros2_humble/install/rosidl_cmake/share/rosidl_cmake/cmake/rosidl_generate_interfaces.cmake:286 (ament_execute_extensions)
[14.492s]   CMakeLists.txt:36 (rosidl_generate_interfaces)
[14.492s] This warning is for project developers.  Use -Wno-dev to suppress it.
[14.492s] [0m
[14.632s] -- Found PythonInterp: /usr/bin/python3 (found suitable version "3.12.3", minimum required is "3.6") 
[14.660s] -- Found python_cmake_module: 0.10.0 (/home/user/ros2_humble/install/python_cmake_module/share/python_cmake_module/cmake)
[14.662s] [33mCMake Warning (dev) at /home/user/ros2_humble/install/python_cmake_module/share/python_cmake_module/cmake/Modules/FindPythonExtra.cmake:52 (find_package):
[14.662s]   Policy CMP0148 is not set: The FindPythonInterp and FindPythonLibs modules
[14.662s]   are removed.  Run "cmake --help-policy CMP0148" for policy details.  Use
[14.662s]   the cmake_policy command to set the policy and suppress this warning.
[14.662s] 
[14.662s] Call Stack (most recent call first):
[14.662s]   /home/user/ros2_humble/install/rosidl_generator_py/share/rosidl_generator_py/cmake/rosidl_generator_py_generate_interfaces.cmake:23 (find_package)
[14.663s]   /home/user/ros2_humble/install/ament_cmake_core/share/ament_cmake_core/cmake/core/ament_execute_extensions.cmake:48 (include)
[14.663s]   /home/user/ros2_humble/install/rosidl_cmake/share/rosidl_cmake/cmake/rosidl_generate_interfaces.cmake:286 (ament_execute_extensions)
[14.663s]   CMakeLists.txt:36 (rosidl_generate_interfaces)
[14.663s] This warning is for project developers.  Use -Wno-dev to suppress it.
[14.665s] [0m
[14.787s] [33mCMake Warning (dev) at /home/user/ros2_humble/install/python_cmake_module/share/python_cmake_module/cmake/Modules/FindPythonExtra.cmake:140 (find_package):
[14.787s]   Policy CMP0148 is not set: The FindPythonInterp and FindPythonLibs modules
[14.787s]   are removed.  Run "cmake --help-policy CMP0148" for policy details.  Use
[14.787s]   the cmake_policy command to set the policy and suppress this warning.
[14.787s] 
[14.787s] Call Stack (most recent call first):
[14.788s]   /home/user/ros2_humble/install/rosidl_generator_py/share/rosidl_generator_py/cmake/rosidl_generator_py_generate_interfaces.cmake:23 (find_package)
[14.788s]   /home/user/ros2_humble/install/ament_cmake_core/share/ament_cmake_core/cmake/core/ament_execute_extensions.cmake:48 (include)
[14.788s]   /home/user/ros2_humble/install/rosidl_cmake/share/rosidl_cmake/cmake/rosidl_generate_interfaces.cmake:286 (ament_execute_extensions)
[14.788s]   CMakeLists.txt:36 (rosidl_generate_interfaces)
[14.788s] This warning is for project developers.  Use -Wno-dev to suppress it.
[14.788s] [0m
[14.829s] -- Found PythonLibs: /usr/lib/aarch64-linux-gnu/libpython3.12.so (found suitable version "3.12.3", minimum required is "3.5") 
[14.830s] -- Using PYTHON_EXECUTABLE: /usr/bin/python3
[14.830s] -- Using PYTHON_INCLUDE_DIRS: /usr/include/python3.12
[14.831s] -- Using PYTHON_LIBRARIES: /usr/lib/aarch64-linux-gnu/libpython3.12.so
[14.964s] -- Found PythonExtra: .so  
[15.820s] -- Using numpy include directory: /usr/lib/python3/dist-packages/numpy/core/include
[17.938s] -- Added test 'copyright' to check source files copyright and LICENSE
[17.952s] -- Added test 'lint_cmake' to check CMake code style
[17.963s] -- Added test 'xmllint' to check XML markup files
[17.996s] -- Configuring done (17.9s)
[18.098s] -- Generating done (0.1s)
[18.123s] -- Build files have been written to: /opt/cat_robot/src/ros2_ws/build/wiimote_msgs
[18.162s] Invoked command in '/opt/cat_robot/src/ros2_ws/build/wiimote_msgs' returned '0': CMAKE_PREFIX_PATH=${CMAKE_PREFIX_PATH}:/opt/cat_robot/src/ros2_ws/install/catui_bridge:/opt/cat_robot/src/ros2_ws/install/cat_robot_bringup:/home/user/ros2_humble/install/rqt_bag_plugins:/home/user/ros2_humble/install/rqt_bag:/home/user/ros2_humble/install/launch_testing_examples:/home/user/ros2_humble/install/ros2bag:/home/user/ros2_humble/install/tracetools_test:/home/user/ros2_humble/install/tracetools_launch:/home/user/ros2_humble/install/topic_monitor:/home/user/ros2_humble/install/tf2_tools:/home/user/ros2_humble/install/examples_tf2_py:/home/user/ros2_humble/install/tf2_ros_py:/home/user/ros2_humble/install/sros2:/home/user/ros2_humble/install/rqt_topic:/home/user/ros2_humble/install/rqt_srv:/home/user/ros2_humble/install/rqt_shell:/home/user/ros2_humble/install/rqt_service_caller:/home/user/ros2_humble/install/rqt_reconfigure:/home/user/ros2_humble/install/rqt_py_console:/home/user/ros2_humble/install/rqt_publisher:/home/user/ros2_humble/install/rqt_plot:/home/user/ros2_humble/install/rqt_action:/home/user/ros2_humble/install/rqt_msg:/home/user/ros2_humble/install/rqt_console:/home/user/ros2_humble/install/rqt:/home/user/ros2_humble/install/rqt_graph:/home/user/ros2_humble/install/rqt_gui_py:/home/user/ros2_humble/install/rqt_gui:/home/user/ros2_humble/install/ros2trace:/home/user/ros2_humble/install/ros2topic:/home/user/ros2_humble/install/ros2test:/home/user/ros2_humble/install/ros2component:/home/user/ros2_humble/install/ros2param:/home/user/ros2_humble/install/ros2lifecycle:/home/user/ros2_humble/install/ros2service:/home/user/ros2_humble/install/ros2run:/home/user/ros2_humble/install/ros2plugin:/home/user/ros2_humble/install/ros2launch:/home/user/ros2_humble/install/ros2pkg:/home/user/ros2_humble/install/ros2node:/home/user/ros2_humble/install/ros2multicast:/home/user/ros2_humble/install/ros2interface:/home/user/ros2_humble/install/ros2doctor:/home/user/ros2_humble/install/ros2action:/home/user/ros2_humble/install/ros2cli:/home/user/ros2_humble/install/quality_of_service_demo_py:/home/user/ros2_humble/install/lifecycle_py:/home/user/ros2_humble/install/launch_testing_ros:/home/user/ros2_humble/install/launch_ros:/home/user/ros2_humble/install/examples_rclpy_pointcloud_publisher:/home/user/ros2_humble/install/examples_rclpy_minimal_subscriber:/home/user/ros2_humble/install/examples_rclpy_minimal_service:/home/user/ros2_humble/install/examples_rclpy_minimal_publisher:/home/user/ros2_humble/install/examples_rclpy_minimal_client:/home/user/ros2_humble/install/examples_rclpy_minimal_action_server:/home/user/ros2_humble/install/examples_rclpy_minimal_action_client:/home/user/ros2_humble/install/examples_rclpy_guard_conditions:/home/user/ros2_humble/install/examples_rclpy_executors:/home/user/ros2_humble/install/demo_nodes_py:/home/user/ros2_humble/install/camera_info_manager_py:/home/user/ros2_humble/install/action_tutorials_py:/home/user/ros2_humble/install/ament_uncrustify:/home/user/ros2_humble/install/tracetools_trace:/home/user/ros2_humble/install/tracetools_read:/home/user/ros2_humble/install/test_tracetools_launch:/home/user/ros2_humble/install/test_launch_ros:/home/user/ros2_humble/install/sensor_msgs_py:/home/user/ros2_humble/install/rpyutils:/home/user/ros2_humble/install/rosidl_runtime_py:/home/user/ros2_humble/install/rosidl_cli:/home/user/ros2_humble/install/launch_pytest:/home/user/ros2_humble/install/launch_testing:/home/user/ros2_humble/install/launch_yaml:/home/user/ros2_humble/install/launch_xml:/home/user/ros2_humble/install/launch:/home/user/ros2_humble/install/osrf_pycommon:/home/user/ros2_humble/install/domain_coordinator:/home/user/ros2_humble/install/ament_xmllint:/home/user/ros2_humble/install/ament_pyflakes:/home/user/ros2_humble/install/ament_pycodestyle:/home/user/ros2_humble/install/ament_pep257:/home/user/ros2_humble/install/ament_pclint:/home/user/ros2_humble/install/ament_package:/home/user/ros2_humble/install/ament_mypy:/home/user/ros2_humble/install/ament_lint_cmake:/home/user/ros2_humble/install/ament_flake8:/home/user/ros2_humble/install/ament_copyright:/home/user/ros2_humble/install/ament_lint:/home/user/ros2_humble/install/ament_index_python:/home/user/ros2_humble/install/ament_cpplint:/home/user/ros2_humble/install/ament_cppcheck:/home/user/ros2_humble/install/ament_clang_tidy:/home/user/ros2_humble/install/ament_clang_format DEBUGINFOD_URLS=https://debuginfod.ubuntu.com /usr/bin/cmake /opt/cat_robot/src/ros2_ws/src/joystick_drivers/wiimote_msgs -DAMENT_CMAKE_SYMLINK_INSTALL=1 -DCMAKE_INSTALL_PREFIX=/opt/cat_robot/src/ros2_ws/install/wiimote_msgs
[18.164s] Invoking command in '/opt/cat_robot/src/ros2_ws/build/wiimote_msgs': CMAKE_PREFIX_PATH=${CMAKE_PREFIX_PATH}:/opt/cat_robot/src/ros2_ws/install/catui_bridge:/opt/cat_robot/src/ros2_ws/install/cat_robot_bringup:/home/user/ros2_humble/install/rqt_bag_plugins:/home/user/ros2_humble/install/rqt_bag:/home/user/ros2_humble/install/launch_testing_examples:/home/user/ros2_humble/install/ros2bag:/home/user/ros2_humble/install/tracetools_test:/home/user/ros2_humble/install/tracetools_launch:/home/user/ros2_humble/install/topic_monitor:/home/user/ros2_humble/install/tf2_tools:/home/user/ros2_humble/install/examples_tf2_py:/home/user/ros2_humble/install/tf2_ros_py:/home/user/ros2_humble/install/sros2:/home/user/ros2_humble/install/rqt_topic:/home/user/ros2_humble/install/rqt_srv:/home/user/ros2_humble/install/rqt_shell:/home/user/ros2_humble/install/rqt_service_caller:/home/user/ros2_humble/install/rqt_reconfigure:/home/user/ros2_humble/install/rqt_py_console:/home/user/ros2_humble/install/rqt_publisher:/home/user/ros2_humble/install/rqt_plot:/home/user/ros2_humble/install/rqt_action:/home/user/ros2_humble/install/rqt_msg:/home/user/ros2_humble/install/rqt_console:/home/user/ros2_humble/install/rqt:/home/user/ros2_humble/install/rqt_graph:/home/user/ros2_humble/install/rqt_gui_py:/home/user/ros2_humble/install/rqt_gui:/home/user/ros2_humble/install/ros2trace:/home/user/ros2_humble/install/ros2topic:/home/user/ros2_humble/install/ros2test:/home/user/ros2_humble/install/ros2component:/home/user/ros2_humble/install/ros2param:/home/user/ros2_humble/install/ros2lifecycle:/home/user/ros2_humble/install/ros2service:/home/user/ros2_humble/install/ros2run:/home/user/ros2_humble/install/ros2plugin:/home/user/ros2_humble/install/ros2launch:/home/user/ros2_humble/install/ros2pkg:/home/user/ros2_humble/install/ros2node:/home/user/ros2_humble/install/ros2multicast:/home/user/ros2_humble/install/ros2interface:/home/user/ros2_humble/install/ros2doctor:/home/user/ros2_humble/install/ros2action:/home/user/ros2_humble/install/ros2cli:/home/user/ros2_humble/install/quality_of_service_demo_py:/home/user/ros2_humble/install/lifecycle_py:/home/user/ros2_humble/install/launch_testing_ros:/home/user/ros2_humble/install/launch_ros:/home/user/ros2_humble/install/examples_rclpy_pointcloud_publisher:/home/user/ros2_humble/install/examples_rclpy_minimal_subscriber:/home/user/ros2_humble/install/examples_rclpy_minimal_service:/home/user/ros2_humble/install/examples_rclpy_minimal_publisher:/home/user/ros2_humble/install/examples_rclpy_minimal_client:/home/user/ros2_humble/install/examples_rclpy_minimal_action_server:/home/user/ros2_humble/install/examples_rclpy_minimal_action_client:/home/user/ros2_humble/install/examples_rclpy_guard_conditions:/home/user/ros2_humble/install/examples_rclpy_executors:/home/user/ros2_humble/install/demo_nodes_py:/home/user/ros2_humble/install/camera_info_manager_py:/home/user/ros2_humble/install/action_tutorials_py:/home/user/ros2_humble/install/ament_uncrustify:/home/user/ros2_humble/install/tracetools_trace:/home/user/ros2_humble/install/tracetools_read:/home/user/ros2_humble/install/test_tracetools_launch:/home/user/ros2_humble/install/test_launch_ros:/home/user/ros2_humble/install/sensor_msgs_py:/home/user/ros2_humble/install/rpyutils:/home/user/ros2_humble/install/rosidl_runtime_py:/home/user/ros2_humble/install/rosidl_cli:/home/user/ros2_humble/install/launch_pytest:/home/user/ros2_humble/install/launch_testing:/home/user/ros2_humble/install/launch_yaml:/home/user/ros2_humble/install/launch_xml:/home/user/ros2_humble/install/launch:/home/user/ros2_humble/install/osrf_pycommon:/home/user/ros2_humble/install/domain_coordinator:/home/user/ros2_humble/install/ament_xmllint:/home/user/ros2_humble/install/ament_pyflakes:/home/user/ros2_humble/install/ament_pycodestyle:/home/user/ros2_humble/install/ament_pep257:/home/user/ros2_humble/install/ament_pclint:/home/user/ros2_humble/install/ament_package:/home/user/ros2_humble/install/ament_mypy:/home/user/ros2_humble/install/ament_lint_cmake:/home/user/ros2_humble/install/ament_flake8:/home/user/ros2_humble/install/ament_copyright:/home/user/ros2_humble/install/ament_lint:/home/user/ros2_humble/install/ament_index_python:/home/user/ros2_humble/install/ament_cpplint:/home/user/ros2_humble/install/ament_cppcheck:/home/user/ros2_humble/install/ament_clang_tidy:/home/user/ros2_humble/install/ament_clang_format DEBUGINFOD_URLS=https://debuginfod.ubuntu.com /usr/bin/cmake --build /opt/cat_robot/src/ros2_ws/build/wiimote_msgs -- -j4 -l4
[18.351s] [  2%] [34m[1mGenerating C code for ROS interfaces[0m
[20.936s] [  4%] [32mBuilding C object CMakeFiles/wiimote_msgs__rosidl_generator_c.dir/rosidl_generator_c/wiimote_msgs/msg/detail/ir_source_info__functions.c.o[0m
[21.078s] [  6%] [32mBuilding C object CMakeFiles/wiimote_msgs__rosidl_generator_c.dir/rosidl_generator_c/wiimote_msgs/msg/detail/state__functions.c.o[0m
[21.260s] [  8%] [32mBuilding C object CMakeFiles/wiimote_msgs__rosidl_generator_c.dir/rosidl_generator_c/wiimote_msgs/msg/detail/timed_switch__functions.c.o[0m
[21.411s] [ 10%] [32m[1mLinking C shared library libwiimote_msgs__rosidl_generator_c.so[0m
[21.578s] [ 10%] Built target wiimote_msgs__rosidl_generator_c
[21.756s] [ 10%] Built target ament_cmake_python_symlink_wiimote_msgs
[21.813s] [ 12%] [34m[1mGenerating C type support for eProsima Fast-RTPS[0m
[23.597s] [ 14%] [32mBuilding CXX object CMakeFiles/wiimote_msgs__rosidl_typesupport_fastrtps_c.dir/rosidl_typesupport_fastrtps_c/wiimote_msgs/msg/detail/ir_source_info__type_support_c.cpp.o[0m
[24.434s] [ 16%] [32mBuilding CXX object CMakeFiles/wiimote_msgs__rosidl_typesupport_fastrtps_c.dir/rosidl_typesupport_fastrtps_c/wiimote_msgs/msg/detail/state__type_support_c.cpp.o[0m
[25.514s] [ 18%] [32mBuilding CXX object CMakeFiles/wiimote_msgs__rosidl_typesupport_fastrtps_c.dir/rosidl_typesupport_fastrtps_c/wiimote_msgs/msg/detail/timed_switch__type_support_c.cpp.o[0m
[27.158s] [ 20%] [32m[1mLinking CXX shared library libwiimote_msgs__rosidl_typesupport_fastrtps_c.so[0m
[27.634s] [ 20%] Built target wiimote_msgs__rosidl_typesupport_fastrtps_c
[27.711s] [ 22%] [34m[1mGenerating C introspection for ROS interfaces[0m
[29.767s] [ 25%] [32mBuilding C object CMakeFiles/wiimote_msgs__rosidl_typesupport_introspection_c.dir/rosidl_typesupport_introspection_c/wiimote_msgs/msg/detail/ir_source_info__type_support.c.o[0m
[29.888s] [ 27%] [32mBuilding C object CMakeFiles/wiimote_msgs__rosidl_typesupport_introspection_c.dir/rosidl_typesupport_introspection_c/wiimote_msgs/msg/detail/state__type_support.c.o[0m
[30.080s] [ 29%] [32mBuilding C object CMakeFiles/wiimote_msgs__rosidl_typesupport_introspection_c.dir/rosidl_typesupport_introspection_c/wiimote_msgs/msg/detail/timed_switch__type_support.c.o[0m
[30.211s] [ 31%] [32m[1mLinking C shared library libwiimote_msgs__rosidl_typesupport_introspection_c.so[0m
[30.364s] [ 31%] Built target wiimote_msgs__rosidl_typesupport_introspection_c
[30.441s] [ 33%] [34m[1mGenerating C type support dispatch for ROS interfaces[0m
[32.312s] [ 35%] [32mBuilding CXX object CMakeFiles/wiimote_msgs__rosidl_typesupport_c.dir/rosidl_typesupport_c/wiimote_msgs/msg/ir_source_info__type_support.cpp.o[0m
[32.428s] [ 37%] [32mBuilding CXX object CMakeFiles/wiimote_msgs__rosidl_typesupport_c.dir/rosidl_typesupport_c/wiimote_msgs/msg/state__type_support.cpp.o[0m
[33.002s] [ 39%] [32mBuilding CXX object CMakeFiles/wiimote_msgs__rosidl_typesupport_c.dir/rosidl_typesupport_c/wiimote_msgs/msg/timed_switch__type_support.cpp.o[0m
[33.110s] [ 41%] [32m[1mLinking CXX shared library libwiimote_msgs__rosidl_typesupport_c.so[0m
[33.262s] [ 41%] Built target wiimote_msgs__rosidl_typesupport_c
[34.421s] running egg_info
[34.421s] creating wiimote_msgs.egg-info
[34.543s] writing wiimote_msgs.egg-info/PKG-INFO
[34.546s] writing dependency_links to wiimote_msgs.egg-info/dependency_links.txt
[34.546s] writing top-level names to wiimote_msgs.egg-info/top_level.txt
[34.548s] writing manifest file 'wiimote_msgs.egg-info/SOURCES.txt'
[34.976s] reading manifest file 'wiimote_msgs.egg-info/SOURCES.txt'
[34.978s] writing manifest file 'wiimote_msgs.egg-info/SOURCES.txt'
[35.178s] [ 41%] Built target ament_cmake_python_build_wiimote_msgs_egg
[35.289s] [ 43%] [34m[1mGenerating Rust code for ROS interfaces[0m
[37.952s] [ 43%] Built target wiimote_msgs__rs
[38.048s] [ 45%] [34m[1mGenerating C++ code for ROS interfaces[0m
[40.245s] [ 45%] Built target wiimote_msgs__cpp
[40.293s] [ 47%] [34m[1mGenerating C++ type support dispatch for ROS interfaces[0m
[42.185s] [ 50%] [32mBuilding CXX object CMakeFiles/wiimote_msgs__rosidl_typesupport_cpp.dir/rosidl_typesupport_cpp/wiimote_msgs/msg/ir_source_info__type_support.cpp.o[0m
[42.830s] [ 52%] [32mBuilding CXX object CMakeFiles/wiimote_msgs__rosidl_typesupport_cpp.dir/rosidl_typesupport_cpp/wiimote_msgs/msg/state__type_support.cpp.o[0m
[43.470s] [ 54%] [32mBuilding CXX object CMakeFiles/wiimote_msgs__rosidl_typesupport_cpp.dir/rosidl_typesupport_cpp/wiimote_msgs/msg/timed_switch__type_support.cpp.o[0m
[44.116s] [ 56%] [32m[1mLinking CXX shared library libwiimote_msgs__rosidl_typesupport_cpp.so[0m
[44.268s] [ 56%] Built target wiimote_msgs__rosidl_typesupport_cpp
[44.318s] [ 58%] [34m[1mGenerating C++ introspection for ROS interfaces[0m
[46.257s] [ 60%] [32mBuilding CXX object CMakeFiles/wiimote_msgs__rosidl_typesupport_introspection_cpp.dir/rosidl_typesupport_introspection_cpp/wiimote_msgs/msg/detail/ir_source_info__type_support.cpp.o[0m
[47.139s] [ 62%] [32mBuilding CXX object CMakeFiles/wiimote_msgs__rosidl_typesupport_introspection_cpp.dir/rosidl_typesupport_introspection_cpp/wiimote_msgs/msg/detail/timed_switch__type_support.cpp.o[0m
[48.140s] [ 64%] [32mBuilding CXX object CMakeFiles/wiimote_msgs__rosidl_typesupport_introspection_cpp.dir/rosidl_typesupport_introspection_cpp/wiimote_msgs/msg/detail/state__type_support.cpp.o[0m
[49.737s] [ 66%] [32m[1mLinking CXX shared library libwiimote_msgs__rosidl_typesupport_introspection_cpp.so[0m
[50.106s] [ 66%] Built target wiimote_msgs__rosidl_typesupport_introspection_cpp
[50.160s] [ 68%] [34m[1mGenerating C++ type support for eProsima Fast-RTPS[0m
[52.086s] [ 70%] [32mBuilding CXX object CMakeFiles/wiimote_msgs__rosidl_typesupport_fastrtps_cpp.dir/rosidl_typesupport_fastrtps_cpp/wiimote_msgs/msg/detail/dds_fastrtps/ir_source_info__type_support.cpp.o[0m
[53.157s] [ 72%] [32mBuilding CXX object CMakeFiles/wiimote_msgs__rosidl_typesupport_fastrtps_cpp.dir/rosidl_typesupport_fastrtps_cpp/wiimote_msgs/msg/detail/dds_fastrtps/timed_switch__type_support.cpp.o[0m
[54.246s] [ 75%] [32mBuilding CXX object CMakeFiles/wiimote_msgs__rosidl_typesupport_fastrtps_cpp.dir/rosidl_typesupport_fastrtps_cpp/wiimote_msgs/msg/detail/dds_fastrtps/state__type_support.cpp.o[0m
[55.410s] [ 77%] [32m[1mLinking CXX shared library libwiimote_msgs__rosidl_typesupport_fastrtps_cpp.so[0m
[55.759s] [ 77%] Built target wiimote_msgs__rosidl_typesupport_fastrtps_cpp
[55.857s] [ 77%] Built target wiimote_msgs
[55.955s] [ 79%] [34m[1mGenerating Python code for ROS interfaces[0m
[59.324s] [ 79%] Built target wiimote_msgs__py
[59.426s] [ 81%] [32mBuilding C object CMakeFiles/wiimote_msgs__rosidl_generator_py.dir/rosidl_generator_py/wiimote_msgs/msg/_ir_source_info_s.c.o[0m
[59.745s] [ 83%] [32mBuilding C object CMakeFiles/wiimote_msgs__rosidl_generator_py.dir/rosidl_generator_py/wiimote_msgs/msg/_timed_switch_s.c.o[0m
[60.100s] [ 85%] [32mBuilding C object CMakeFiles/wiimote_msgs__rosidl_generator_py.dir/rosidl_generator_py/wiimote_msgs/msg/_state_s.c.o[0m
[60.630s] [ 87%] [32m[1mLinking C shared library rosidl_generator_py/wiimote_msgs/libwiimote_msgs__rosidl_generator_py.so[0m
[60.793s] [ 87%] Built target wiimote_msgs__rosidl_generator_py
[60.881s] [ 89%] [32mBuilding C object CMakeFiles/wiimote_msgs__rosidl_typesupport_introspection_c__pyext.dir/rosidl_generator_py/wiimote_msgs/_wiimote_msgs_s.ep.rosidl_typesupport_introspection_c.c.o[0m
[61.155s] [ 91%] [32m[1mLinking C shared library rosidl_generator_py/wiimote_msgs/wiimote_msgs_s__rosidl_typesupport_introspection_c.cpython-312-aarch64-linux-gnu.so[0m
[61.335s] [ 91%] Built target wiimote_msgs__rosidl_typesupport_introspection_c__pyext
[61.422s] [ 93%] [32mBuilding C object CMakeFiles/wiimote_msgs__rosidl_typesupport_c__pyext.dir/rosidl_generator_py/wiimote_msgs/_wiimote_msgs_s.ep.rosidl_typesupport_c.c.o[0m
[61.771s] [ 95%] [32m[1mLinking C shared library rosidl_generator_py/wiimote_msgs/wiimote_msgs_s__rosidl_typesupport_c.cpython-312-aarch64-linux-gnu.so[0m
[61.991s] [ 95%] Built target wiimote_msgs__rosidl_typesupport_c__pyext
[62.109s] [ 97%] [32mBuilding C object CMakeFiles/wiimote_msgs__rosidl_typesupport_fastrtps_c__pyext.dir/rosidl_generator_py/wiimote_msgs/_wiimote_msgs_s.ep.rosidl_typesupport_fastrtps_c.c.o[0m
[62.485s] [100%] [32m[1mLinking C shared library rosidl_generator_py/wiimote_msgs/wiimote_msgs_s__rosidl_typesupport_fastrtps_c.cpython-312-aarch64-linux-gnu.so[0m
[62.694s] [100%] Built target wiimote_msgs__rosidl_typesupport_fastrtps_c__pyext
[62.761s] Invoked command in '/opt/cat_robot/src/ros2_ws/build/wiimote_msgs' returned '0': CMAKE_PREFIX_PATH=${CMAKE_PREFIX_PATH}:/opt/cat_robot/src/ros2_ws/install/catui_bridge:/opt/cat_robot/src/ros2_ws/install/cat_robot_bringup:/home/user/ros2_humble/install/rqt_bag_plugins:/home/user/ros2_humble/install/rqt_bag:/home/user/ros2_humble/install/launch_testing_examples:/home/user/ros2_humble/install/ros2bag:/home/user/ros2_humble/install/tracetools_test:/home/user/ros2_humble/install/tracetools_launch:/home/user/ros2_humble/install/topic_monitor:/home/user/ros2_humble/install/tf2_tools:/home/user/ros2_humble/install/examples_tf2_py:/home/user/ros2_humble/install/tf2_ros_py:/home/user/ros2_humble/install/sros2:/home/user/ros2_humble/install/rqt_topic:/home/user/ros2_humble/install/rqt_srv:/home/user/ros2_humble/install/rqt_shell:/home/user/ros2_humble/install/rqt_service_caller:/home/user/ros2_humble/install/rqt_reconfigure:/home/user/ros2_humble/install/rqt_py_console:/home/user/ros2_humble/install/rqt_publisher:/home/user/ros2_humble/install/rqt_plot:/home/user/ros2_humble/install/rqt_action:/home/user/ros2_humble/install/rqt_msg:/home/user/ros2_humble/install/rqt_console:/home/user/ros2_humble/install/rqt:/home/user/ros2_humble/install/rqt_graph:/home/user/ros2_humble/install/rqt_gui_py:/home/user/ros2_humble/install/rqt_gui:/home/user/ros2_humble/install/ros2trace:/home/user/ros2_humble/install/ros2topic:/home/user/ros2_humble/install/ros2test:/home/user/ros2_humble/install/ros2component:/home/user/ros2_humble/install/ros2param:/home/user/ros2_humble/install/ros2lifecycle:/home/user/ros2_humble/install/ros2service:/home/user/ros2_humble/install/ros2run:/home/user/ros2_humble/install/ros2plugin:/home/user/ros2_humble/install/ros2launch:/home/user/ros2_humble/install/ros2pkg:/home/user/ros2_humble/install/ros2node:/home/user/ros2_humble/install/ros2multicast:/home/user/ros2_humble/install/ros2interface:/home/user/ros2_humble/install/ros2doctor:/home/user/ros2_humble/install/ros2action:/home/user/ros2_humble/install/ros2cli:/home/user/ros2_humble/install/quality_of_service_demo_py:/home/user/ros2_humble/install/lifecycle_py:/home/user/ros2_humble/install/launch_testing_ros:/home/user/ros2_humble/install/launch_ros:/home/user/ros2_humble/install/examples_rclpy_pointcloud_publisher:/home/user/ros2_humble/install/examples_rclpy_minimal_subscriber:/home/user/ros2_humble/install/examples_rclpy_minimal_service:/home/user/ros2_humble/install/examples_rclpy_minimal_publisher:/home/user/ros2_humble/install/examples_rclpy_minimal_client:/home/user/ros2_humble/install/examples_rclpy_minimal_action_server:/home/user/ros2_humble/install/examples_rclpy_minimal_action_client:/home/user/ros2_humble/install/examples_rclpy_guard_conditions:/home/user/ros2_humble/install/examples_rclpy_executors:/home/user/ros2_humble/install/demo_nodes_py:/home/user/ros2_humble/install/camera_info_manager_py:/home/user/ros2_humble/install/action_tutorials_py:/home/user/ros2_humble/install/ament_uncrustify:/home/user/ros2_humble/install/tracetools_trace:/home/user/ros2_humble/install/tracetools_read:/home/user/ros2_humble/install/test_tracetools_launch:/home/user/ros2_humble/install/test_launch_ros:/home/user/ros2_humble/install/sensor_msgs_py:/home/user/ros2_humble/install/rpyutils:/home/user/ros2_humble/install/rosidl_runtime_py:/home/user/ros2_humble/install/rosidl_cli:/home/user/ros2_humble/install/launch_pytest:/home/user/ros2_humble/install/launch_testing:/home/user/ros2_humble/install/launch_yaml:/home/user/ros2_humble/install/launch_xml:/home/user/ros2_humble/install/launch:/home/user/ros2_humble/install/osrf_pycommon:/home/user/ros2_humble/install/domain_coordinator:/home/user/ros2_humble/install/ament_xmllint:/home/user/ros2_humble/install/ament_pyflakes:/home/user/ros2_humble/install/ament_pycodestyle:/home/user/ros2_humble/install/ament_pep257:/home/user/ros2_humble/install/ament_pclint:/home/user/ros2_humble/install/ament_package:/home/user/ros2_humble/install/ament_mypy:/home/user/ros2_humble/install/ament_lint_cmake:/home/user/ros2_humble/install/ament_flake8:/home/user/ros2_humble/install/ament_copyright:/home/user/ros2_humble/install/ament_lint:/home/user/ros2_humble/install/ament_index_python:/home/user/ros2_humble/install/ament_cpplint:/home/user/ros2_humble/install/ament_cppcheck:/home/user/ros2_humble/install/ament_clang_tidy:/home/user/ros2_humble/install/ament_clang_format DEBUGINFOD_URLS=https://debuginfod.ubuntu.com /usr/bin/cmake --build /opt/cat_robot/src/ros2_ws/build/wiimote_msgs -- -j4 -l4
[62.765s] Invoking command in '/opt/cat_robot/src/ros2_ws/build/wiimote_msgs': CMAKE_PREFIX_PATH=${CMAKE_PREFIX_PATH}:/opt/cat_robot/src/ros2_ws/install/catui_bridge:/opt/cat_robot/src/ros2_ws/install/cat_robot_bringup:/home/user/ros2_humble/install/rqt_bag_plugins:/home/user/ros2_humble/install/rqt_bag:/home/user/ros2_humble/install/launch_testing_examples:/home/user/ros2_humble/install/ros2bag:/home/user/ros2_humble/install/tracetools_test:/home/user/ros2_humble/install/tracetools_launch:/home/user/ros2_humble/install/topic_monitor:/home/user/ros2_humble/install/tf2_tools:/home/user/ros2_humble/install/examples_tf2_py:/home/user/ros2_humble/install/tf2_ros_py:/home/user/ros2_humble/install/sros2:/home/user/ros2_humble/install/rqt_topic:/home/user/ros2_humble/install/rqt_srv:/home/user/ros2_humble/install/rqt_shell:/home/user/ros2_humble/install/rqt_service_caller:/home/user/ros2_humble/install/rqt_reconfigure:/home/user/ros2_humble/install/rqt_py_console:/home/user/ros2_humble/install/rqt_publisher:/home/user/ros2_humble/install/rqt_plot:/home/user/ros2_humble/install/rqt_action:/home/user/ros2_humble/install/rqt_msg:/home/user/ros2_humble/install/rqt_console:/home/user/ros2_humble/install/rqt:/home/user/ros2_humble/install/rqt_graph:/home/user/ros2_humble/install/rqt_gui_py:/home/user/ros2_humble/install/rqt_gui:/home/user/ros2_humble/install/ros2trace:/home/user/ros2_humble/install/ros2topic:/home/user/ros2_humble/install/ros2test:/home/user/ros2_humble/install/ros2component:/home/user/ros2_humble/install/ros2param:/home/user/ros2_humble/install/ros2lifecycle:/home/user/ros2_humble/install/ros2service:/home/user/ros2_humble/install/ros2run:/home/user/ros2_humble/install/ros2plugin:/home/user/ros2_humble/install/ros2launch:/home/user/ros2_humble/install/ros2pkg:/home/user/ros2_humble/install/ros2node:/home/user/ros2_humble/install/ros2multicast:/home/user/ros2_humble/install/ros2interface:/home/user/ros2_humble/install/ros2doctor:/home/user/ros2_humble/install/ros2action:/home/user/ros2_humble/install/ros2cli:/home/user/ros2_humble/install/quality_of_service_demo_py:/home/user/ros2_humble/install/lifecycle_py:/home/user/ros2_humble/install/launch_testing_ros:/home/user/ros2_humble/install/launch_ros:/home/user/ros2_humble/install/examples_rclpy_pointcloud_publisher:/home/user/ros2_humble/install/examples_rclpy_minimal_subscriber:/home/user/ros2_humble/install/examples_rclpy_minimal_service:/home/user/ros2_humble/install/examples_rclpy_minimal_publisher:/home/user/ros2_humble/install/examples_rclpy_minimal_client:/home/user/ros2_humble/install/examples_rclpy_minimal_action_server:/home/user/ros2_humble/install/examples_rclpy_minimal_action_client:/home/user/ros2_humble/install/examples_rclpy_guard_conditions:/home/user/ros2_humble/install/examples_rclpy_executors:/home/user/ros2_humble/install/demo_nodes_py:/home/user/ros2_humble/install/camera_info_manager_py:/home/user/ros2_humble/install/action_tutorials_py:/home/user/ros2_humble/install/ament_uncrustify:/home/user/ros2_humble/install/tracetools_trace:/home/user/ros2_humble/install/tracetools_read:/home/user/ros2_humble/install/test_tracetools_launch:/home/user/ros2_humble/install/test_launch_ros:/home/user/ros2_humble/install/sensor_msgs_py:/home/user/ros2_humble/install/rpyutils:/home/user/ros2_humble/install/rosidl_runtime_py:/home/user/ros2_humble/install/rosidl_cli:/home/user/ros2_humble/install/launch_pytest:/home/user/ros2_humble/install/launch_testing:/home/user/ros2_humble/install/launch_yaml:/home/user/ros2_humble/install/launch_xml:/home/user/ros2_humble/install/launch:/home/user/ros2_humble/install/osrf_pycommon:/home/user/ros2_humble/install/domain_coordinator:/home/user/ros2_humble/install/ament_xmllint:/home/user/ros2_humble/install/ament_pyflakes:/home/user/ros2_humble/install/ament_pycodestyle:/home/user/ros2_humble/install/ament_pep257:/home/user/ros2_humble/install/ament_pclint:/home/user/ros2_humble/install/ament_package:/home/user/ros2_humble/install/ament_mypy:/home/user/ros2_humble/install/ament_lint_cmake:/home/user/ros2_humble/install/ament_flake8:/home/user/ros2_humble/install/ament_copyright:/home/user/ros2_humble/install/ament_lint:/home/user/ros2_humble/install/ament_index_python:/home/user/ros2_humble/install/ament_cpplint:/home/user/ros2_humble/install/ament_cppcheck:/home/user/ros2_humble/install/ament_clang_tidy:/home/user/ros2_humble/install/ament_clang_format DEBUGINFOD_URLS=https://debuginfod.ubuntu.com /usr/bin/cmake --install /opt/cat_robot/src/ros2_ws/build/wiimote_msgs
[62.811s] -- Install configuration: ""
[62.812s] -- Execute custom install script
[62.814s] -- Symlinking: /opt/cat_robot/src/ros2_ws/install/wiimote_msgs/share/ament_index/resource_index/rosidl_interfaces/wiimote_msgs
[62.855s] -- Symlinking: /opt/cat_robot/src/ros2_ws/install/wiimote_msgs/include/wiimote_msgs/wiimote_msgs/msg/detail/ir_source_info__functions.h
[62.904s] -- Symlinking: /opt/cat_robot/src/ros2_ws/install/wiimote_msgs/include/wiimote_msgs/wiimote_msgs/msg/detail/ir_source_info__struct.h
[62.955s] -- Symlinking: /opt/cat_robot/src/ros2_ws/install/wiimote_msgs/include/wiimote_msgs/wiimote_msgs/msg/detail/ir_source_info__type_support.h
[62.995s] -- Symlinking: /opt/cat_robot/src/ros2_ws/install/wiimote_msgs/include/wiimote_msgs/wiimote_msgs/msg/detail/state__functions.h
[63.040s] -- Symlinking: /opt/cat_robot/src/ros2_ws/install/wiimote_msgs/include/wiimote_msgs/wiimote_msgs/msg/detail/state__struct.h
[63.083s] -- Symlinking: /opt/cat_robot/src/ros2_ws/install/wiimote_msgs/include/wiimote_msgs/wiimote_msgs/msg/detail/state__type_support.h
[63.127s] -- Symlinking: /opt/cat_robot/src/ros2_ws/install/wiimote_msgs/include/wiimote_msgs/wiimote_msgs/msg/detail/timed_switch__functions.h
[63.164s] -- Symlinking: /opt/cat_robot/src/ros2_ws/install/wiimote_msgs/include/wiimote_msgs/wiimote_msgs/msg/detail/timed_switch__struct.h
[63.206s] -- Symlinking: /opt/cat_robot/src/ros2_ws/install/wiimote_msgs/include/wiimote_msgs/wiimote_msgs/msg/detail/timed_switch__type_support.h
[63.241s] -- Symlinking: /opt/cat_robot/src/ros2_ws/install/wiimote_msgs/include/wiimote_msgs/wiimote_msgs/msg/ir_source_info.h
[63.276s] -- Symlinking: /opt/cat_robot/src/ros2_ws/install/wiimote_msgs/include/wiimote_msgs/wiimote_msgs/msg/rosidl_generator_c__visibility_control.h
[63.312s] -- Symlinking: /opt/cat_robot/src/ros2_ws/install/wiimote_msgs/include/wiimote_msgs/wiimote_msgs/msg/state.h
[63.348s] -- Symlinking: /opt/cat_robot/src/ros2_ws/install/wiimote_msgs/include/wiimote_msgs/wiimote_msgs/msg/timed_switch.h
[63.382s] -- Symlinking: /opt/cat_robot/src/ros2_ws/install/wiimote_msgs/share/wiimote_msgs/environment/library_path.sh
[63.418s] -- Symlinking: /opt/cat_robot/src/ros2_ws/install/wiimote_msgs/share/wiimote_msgs/environment/library_path.dsv
[63.453s] -- Symlinking: /opt/cat_robot/src/ros2_ws/install/wiimote_msgs/include/wiimote_msgs/wiimote_msgs/msg/detail/ir_source_info__rosidl_typesupport_fastrtps_c.h
[63.491s] -- Symlinking: /opt/cat_robot/src/ros2_ws/install/wiimote_msgs/include/wiimote_msgs/wiimote_msgs/msg/detail/state__rosidl_typesupport_fastrtps_c.h
[63.529s] -- Symlinking: /opt/cat_robot/src/ros2_ws/install/wiimote_msgs/include/wiimote_msgs/wiimote_msgs/msg/detail/timed_switch__rosidl_typesupport_fastrtps_c.h
[63.565s] -- Symlinking: /opt/cat_robot/src/ros2_ws/install/wiimote_msgs/include/wiimote_msgs/wiimote_msgs/msg/rosidl_typesupport_fastrtps_c__visibility_control.h
[63.604s] -- Symlinking: /opt/cat_robot/src/ros2_ws/install/wiimote_msgs/include/wiimote_msgs/wiimote_msgs/msg/detail/ir_source_info__builder.hpp
[63.640s] -- Symlinking: /opt/cat_robot/src/ros2_ws/install/wiimote_msgs/include/wiimote_msgs/wiimote_msgs/msg/detail/ir_source_info__struct.hpp
[63.676s] -- Symlinking: /opt/cat_robot/src/ros2_ws/install/wiimote_msgs/include/wiimote_msgs/wiimote_msgs/msg/detail/ir_source_info__traits.hpp
[63.717s] -- Symlinking: /opt/cat_robot/src/ros2_ws/install/wiimote_msgs/include/wiimote_msgs/wiimote_msgs/msg/detail/ir_source_info__type_support.hpp
[63.752s] -- Symlinking: /opt/cat_robot/src/ros2_ws/install/wiimote_msgs/include/wiimote_msgs/wiimote_msgs/msg/detail/state__builder.hpp
[63.792s] -- Symlinking: /opt/cat_robot/src/ros2_ws/install/wiimote_msgs/include/wiimote_msgs/wiimote_msgs/msg/detail/state__struct.hpp
[63.828s] -- Symlinking: /opt/cat_robot/src/ros2_ws/install/wiimote_msgs/include/wiimote_msgs/wiimote_msgs/msg/detail/state__traits.hpp
[63.862s] -- Symlinking: /opt/cat_robot/src/ros2_ws/install/wiimote_msgs/include/wiimote_msgs/wiimote_msgs/msg/detail/state__type_support.hpp
[63.902s] -- Symlinking: /opt/cat_robot/src/ros2_ws/install/wiimote_msgs/include/wiimote_msgs/wiimote_msgs/msg/detail/timed_switch__builder.hpp
[63.940s] -- Symlinking: /opt/cat_robot/src/ros2_ws/install/wiimote_msgs/include/wiimote_msgs/wiimote_msgs/msg/detail/timed_switch__struct.hpp
[63.978s] -- Symlinking: /opt/cat_robot/src/ros2_ws/install/wiimote_msgs/include/wiimote_msgs/wiimote_msgs/msg/detail/timed_switch__traits.hpp
[64.019s] -- Symlinking: /opt/cat_robot/src/ros2_ws/install/wiimote_msgs/include/wiimote_msgs/wiimote_msgs/msg/detail/timed_switch__type_support.hpp
[64.057s] -- Symlinking: /opt/cat_robot/src/ros2_ws/install/wiimote_msgs/include/wiimote_msgs/wiimote_msgs/msg/ir_source_info.hpp
[64.108s] -- Symlinking: /opt/cat_robot/src/ros2_ws/install/wiimote_msgs/include/wiimote_msgs/wiimote_msgs/msg/rosidl_generator_cpp__visibility_control.hpp
[64.163s] -- Symlinking: /opt/cat_robot/src/ros2_ws/install/wiimote_msgs/include/wiimote_msgs/wiimote_msgs/msg/state.hpp
[64.219s] -- Symlinking: /opt/cat_robot/src/ros2_ws/install/wiimote_msgs/include/wiimote_msgs/wiimote_msgs/msg/timed_switch.hpp
[64.285s] -- Symlinking: /opt/cat_robot/src/ros2_ws/install/wiimote_msgs/include/wiimote_msgs/wiimote_msgs/msg/detail/ir_source_info__rosidl_typesupport_fastrtps_cpp.hpp
[64.349s] -- Symlinking: /opt/cat_robot/src/ros2_ws/install/wiimote_msgs/include/wiimote_msgs/wiimote_msgs/msg/detail/state__rosidl_typesupport_fastrtps_cpp.hpp
[64.387s] -- Symlinking: /opt/cat_robot/src/ros2_ws/install/wiimote_msgs/include/wiimote_msgs/wiimote_msgs/msg/detail/timed_switch__rosidl_typesupport_fastrtps_cpp.hpp
[64.426s] -- Symlinking: /opt/cat_robot/src/ros2_ws/install/wiimote_msgs/include/wiimote_msgs/wiimote_msgs/msg/rosidl_typesupport_fastrtps_cpp__visibility_control.h
[64.708s] -- Symlinking: /opt/cat_robot/src/ros2_ws/install/wiimote_msgs/include/wiimote_msgs/wiimote_msgs/msg/detail/ir_source_info__rosidl_typesupport_introspection_c.h
[64.761s] -- Symlinking: /opt/cat_robot/src/ros2_ws/install/wiimote_msgs/include/wiimote_msgs/wiimote_msgs/msg/detail/state__rosidl_typesupport_introspection_c.h
[64.790s] -- Symlinking: /opt/cat_robot/src/ros2_ws/install/wiimote_msgs/include/wiimote_msgs/wiimote_msgs/msg/detail/timed_switch__rosidl_typesupport_introspection_c.h
[64.840s] -- Symlinking: /opt/cat_robot/src/ros2_ws/install/wiimote_msgs/include/wiimote_msgs/wiimote_msgs/msg/rosidl_typesupport_introspection_c__visibility_control.h
[64.908s] -- Symlinking: /opt/cat_robot/src/ros2_ws/install/wiimote_msgs/include/wiimote_msgs/wiimote_msgs/msg/detail/ir_source_info__rosidl_typesupport_introspection_cpp.hpp
[64.972s] -- Symlinking: /opt/cat_robot/src/ros2_ws/install/wiimote_msgs/include/wiimote_msgs/wiimote_msgs/msg/detail/state__rosidl_typesupport_introspection_cpp.hpp
[65.023s] -- Symlinking: /opt/cat_robot/src/ros2_ws/install/wiimote_msgs/include/wiimote_msgs/wiimote_msgs/msg/detail/timed_switch__rosidl_typesupport_introspection_cpp.hpp
[65.091s] -- Symlinking: /opt/cat_robot/src/ros2_ws/install/wiimote_msgs/share/wiimote_msgs/environment/pythonpath.sh
[65.159s] -- Symlinking: /opt/cat_robot/src/ros2_ws/install/wiimote_msgs/share/wiimote_msgs/environment/pythonpath.dsv
[65.233s] -- Symlinking: /opt/cat_robot/src/ros2_ws/install/wiimote_msgs/local/lib/python3.12/dist-packages/wiimote_msgs-3.3.0-py3.12.egg-info/PKG-INFO
[65.302s] -- Symlinking: /opt/cat_robot/src/ros2_ws/install/wiimote_msgs/local/lib/python3.12/dist-packages/wiimote_msgs-3.3.0-py3.12.egg-info/SOURCES.txt
[65.384s] -- Symlinking: /opt/cat_robot/src/ros2_ws/install/wiimote_msgs/local/lib/python3.12/dist-packages/wiimote_msgs-3.3.0-py3.12.egg-info/dependency_links.txt
[65.460s] -- Symlinking: /opt/cat_robot/src/ros2_ws/install/wiimote_msgs/local/lib/python3.12/dist-packages/wiimote_msgs-3.3.0-py3.12.egg-info/top_level.txt
[65.568s] -- Symlinking: /opt/cat_robot/src/ros2_ws/install/wiimote_msgs/local/lib/python3.12/dist-packages/wiimote_msgs/__init__.py
[65.683s] -- Symlinking: /opt/cat_robot/src/ros2_ws/install/wiimote_msgs/local/lib/python3.12/dist-packages/wiimote_msgs/_wiimote_msgs_s.ep.rosidl_typesupport_c.c
[65.746s] -- Symlinking: /opt/cat_robot/src/ros2_ws/install/wiimote_msgs/local/lib/python3.12/dist-packages/wiimote_msgs/_wiimote_msgs_s.ep.rosidl_typesupport_fastrtps_c.c
[65.810s] -- Symlinking: /opt/cat_robot/src/ros2_ws/install/wiimote_msgs/local/lib/python3.12/dist-packages/wiimote_msgs/_wiimote_msgs_s.ep.rosidl_typesupport_introspection_c.c
[65.871s] -- Symlinking: /opt/cat_robot/src/ros2_ws/install/wiimote_msgs/local/lib/python3.12/dist-packages/wiimote_msgs/libwiimote_msgs__rosidl_generator_py.so
[65.959s] -- Symlinking: /opt/cat_robot/src/ros2_ws/install/wiimote_msgs/local/lib/python3.12/dist-packages/wiimote_msgs/msg/__init__.py
[66.002s] -- Symlinking: /opt/cat_robot/src/ros2_ws/install/wiimote_msgs/local/lib/python3.12/dist-packages/wiimote_msgs/msg/_ir_source_info.py
[66.067s] -- Symlinking: /opt/cat_robot/src/ros2_ws/install/wiimote_msgs/local/lib/python3.12/dist-packages/wiimote_msgs/msg/_ir_source_info_s.c
[66.131s] -- Symlinking: /opt/cat_robot/src/ros2_ws/install/wiimote_msgs/local/lib/python3.12/dist-packages/wiimote_msgs/msg/_state.py
[66.193s] -- Symlinking: /opt/cat_robot/src/ros2_ws/install/wiimote_msgs/local/lib/python3.12/dist-packages/wiimote_msgs/msg/_state_s.c
[66.251s] -- Symlinking: /opt/cat_robot/src/ros2_ws/install/wiimote_msgs/local/lib/python3.12/dist-packages/wiimote_msgs/msg/_timed_switch.py
[66.305s] -- Symlinking: /opt/cat_robot/src/ros2_ws/install/wiimote_msgs/local/lib/python3.12/dist-packages/wiimote_msgs/msg/_timed_switch_s.c
[66.362s] -- Symlinking: /opt/cat_robot/src/ros2_ws/install/wiimote_msgs/local/lib/python3.12/dist-packages/wiimote_msgs/wiimote_msgs_s__rosidl_typesupport_c.cpython-312-aarch64-linux-gnu.so
[66.420s] -- Symlinking: /opt/cat_robot/src/ros2_ws/install/wiimote_msgs/local/lib/python3.12/dist-packages/wiimote_msgs/wiimote_msgs_s__rosidl_typesupport_fastrtps_c.cpython-312-aarch64-linux-gnu.so
[66.467s] -- Symlinking: /opt/cat_robot/src/ros2_ws/install/wiimote_msgs/local/lib/python3.12/dist-packages/wiimote_msgs/wiimote_msgs_s__rosidl_typesupport_introspection_c.cpython-312-aarch64-linux-gnu.so
[66.515s] -- Up-to-date symlink: /opt/cat_robot/src/ros2_ws/install/wiimote_msgs/local/lib/python3.12/dist-packages/wiimote_msgs/wiimote_msgs_s__rosidl_typesupport_introspection_c.cpython-312-aarch64-linux-gnu.so
[66.518s] -- Up-to-date symlink: /opt/cat_robot/src/ros2_ws/install/wiimote_msgs/local/lib/python3.12/dist-packages/wiimote_msgs/wiimote_msgs_s__rosidl_typesupport_fastrtps_c.cpython-312-aarch64-linux-gnu.so
[66.520s] -- Up-to-date symlink: /opt/cat_robot/src/ros2_ws/install/wiimote_msgs/local/lib/python3.12/dist-packages/wiimote_msgs/wiimote_msgs_s__rosidl_typesupport_c.cpython-312-aarch64-linux-gnu.so
[66.521s] -- Symlinking: /opt/cat_robot/src/ros2_ws/install/wiimote_msgs/share/ament_index/resource_index/rust_packages/wiimote_msgs
[66.568s] -- Symlinking: /opt/cat_robot/src/ros2_ws/install/wiimote_msgs/share/wiimote_msgs/rust/Cargo.toml
[66.612s] -- Symlinking: /opt/cat_robot/src/ros2_ws/install/wiimote_msgs/share/wiimote_msgs/rust/build.rs
[66.655s] -- Symlinking: /opt/cat_robot/src/ros2_ws/install/wiimote_msgs/share/wiimote_msgs/rust/src/lib.rs
[66.706s] -- Symlinking: /opt/cat_robot/src/ros2_ws/install/wiimote_msgs/share/wiimote_msgs/rust/src/msg.rs
[66.773s] -- Symlinking: /opt/cat_robot/src/ros2_ws/install/wiimote_msgs/share/wiimote_msgs/rust/src/msg/rmw.rs
[66.836s] -- Symlinking: /opt/cat_robot/src/ros2_ws/install/wiimote_msgs/share/wiimote_msgs/msg/IrSourceInfo.idl
[66.897s] -- Symlinking: /opt/cat_robot/src/ros2_ws/install/wiimote_msgs/share/wiimote_msgs/msg/State.idl
[66.936s] -- Symlinking: /opt/cat_robot/src/ros2_ws/install/wiimote_msgs/share/wiimote_msgs/msg/TimedSwitch.idl
[66.974s] -- Symlinking: /opt/cat_robot/src/ros2_ws/install/wiimote_msgs/share/wiimote_msgs/msg/IrSourceInfo.msg
[67.014s] -- Symlinking: /opt/cat_robot/src/ros2_ws/install/wiimote_msgs/share/wiimote_msgs/msg/State.msg
[67.054s] -- Symlinking: /opt/cat_robot/src/ros2_ws/install/wiimote_msgs/share/wiimote_msgs/msg/TimedSwitch.msg
[67.093s] -- Symlinking: /opt/cat_robot/src/ros2_ws/install/wiimote_msgs/share/ament_index/resource_index/package_run_dependencies/wiimote_msgs
[67.131s] -- Symlinking: /opt/cat_robot/src/ros2_ws/install/wiimote_msgs/share/ament_index/resource_index/parent_prefix_path/wiimote_msgs
[67.172s] -- Symlinking: /opt/cat_robot/src/ros2_ws/install/wiimote_msgs/share/wiimote_msgs/environment/ament_prefix_path.sh
[67.210s] -- Symlinking: /opt/cat_robot/src/ros2_ws/install/wiimote_msgs/share/wiimote_msgs/environment/ament_prefix_path.dsv
[67.253s] -- Symlinking: /opt/cat_robot/src/ros2_ws/install/wiimote_msgs/share/wiimote_msgs/environment/path.sh
[67.290s] -- Symlinking: /opt/cat_robot/src/ros2_ws/install/wiimote_msgs/share/wiimote_msgs/environment/path.dsv
[67.332s] -- Symlinking: /opt/cat_robot/src/ros2_ws/install/wiimote_msgs/share/wiimote_msgs/local_setup.bash
[67.375s] -- Symlinking: /opt/cat_robot/src/ros2_ws/install/wiimote_msgs/share/wiimote_msgs/local_setup.sh
[67.416s] -- Symlinking: /opt/cat_robot/src/ros2_ws/install/wiimote_msgs/share/wiimote_msgs/local_setup.zsh
[67.461s] -- Symlinking: /opt/cat_robot/src/ros2_ws/install/wiimote_msgs/share/wiimote_msgs/local_setup.dsv
[67.502s] -- Symlinking: /opt/cat_robot/src/ros2_ws/install/wiimote_msgs/share/wiimote_msgs/package.dsv
[67.545s] -- Symlinking: /opt/cat_robot/src/ros2_ws/install/wiimote_msgs/share/ament_index/resource_index/packages/wiimote_msgs
[67.591s] -- Symlinking: /opt/cat_robot/src/ros2_ws/install/wiimote_msgs/share/wiimote_msgs/cmake/rosidl_cmake-extras.cmake
[67.639s] -- Symlinking: /opt/cat_robot/src/ros2_ws/install/wiimote_msgs/share/wiimote_msgs/cmake/ament_cmake_export_dependencies-extras.cmake
[67.691s] -- Symlinking: /opt/cat_robot/src/ros2_ws/install/wiimote_msgs/share/wiimote_msgs/cmake/ament_cmake_export_include_directories-extras.cmake
[67.745s] -- Symlinking: /opt/cat_robot/src/ros2_ws/install/wiimote_msgs/share/wiimote_msgs/cmake/ament_cmake_export_libraries-extras.cmake
[67.805s] -- Symlinking: /opt/cat_robot/src/ros2_ws/install/wiimote_msgs/share/wiimote_msgs/cmake/ament_cmake_export_targets-extras.cmake
[67.861s] -- Symlinking: /opt/cat_robot/src/ros2_ws/install/wiimote_msgs/share/wiimote_msgs/cmake/rosidl_cmake_export_typesupport_targets-extras.cmake
[67.911s] -- Symlinking: /opt/cat_robot/src/ros2_ws/install/wiimote_msgs/share/wiimote_msgs/cmake/rosidl_cmake_export_typesupport_libraries-extras.cmake
[67.963s] -- Symlinking: /opt/cat_robot/src/ros2_ws/install/wiimote_msgs/share/wiimote_msgs/cmake/wiimote_msgsConfig.cmake
[68.017s] -- Symlinking: /opt/cat_robot/src/ros2_ws/install/wiimote_msgs/share/wiimote_msgs/cmake/wiimote_msgsConfig-version.cmake
[68.072s] -- Symlinking: /opt/cat_robot/src/ros2_ws/install/wiimote_msgs/share/wiimote_msgs/package.xml
[68.118s] -- Installing: /opt/cat_robot/src/ros2_ws/install/wiimote_msgs/lib/libwiimote_msgs__rosidl_generator_c.so
[68.119s] -- Set non-toolchain portion of runtime path of "/opt/cat_robot/src/ros2_ws/install/wiimote_msgs/lib/libwiimote_msgs__rosidl_generator_c.so" to ""
[68.120s] -- Installing: /opt/cat_robot/src/ros2_ws/install/wiimote_msgs/lib/libwiimote_msgs__rosidl_typesupport_fastrtps_c.so
[68.122s] -- Set non-toolchain portion of runtime path of "/opt/cat_robot/src/ros2_ws/install/wiimote_msgs/lib/libwiimote_msgs__rosidl_typesupport_fastrtps_c.so" to ""
[68.122s] -- Installing: /opt/cat_robot/src/ros2_ws/install/wiimote_msgs/lib/libwiimote_msgs__rosidl_typesupport_fastrtps_cpp.so
[68.124s] -- Set non-toolchain portion of runtime path of "/opt/cat_robot/src/ros2_ws/install/wiimote_msgs/lib/libwiimote_msgs__rosidl_typesupport_fastrtps_cpp.so" to ""
[68.125s] -- Installing: /opt/cat_robot/src/ros2_ws/install/wiimote_msgs/lib/libwiimote_msgs__rosidl_typesupport_introspection_c.so
[68.127s] -- Set non-toolchain portion of runtime path of "/opt/cat_robot/src/ros2_ws/install/wiimote_msgs/lib/libwiimote_msgs__rosidl_typesupport_introspection_c.so" to ""
[68.127s] -- Installing: /opt/cat_robot/src/ros2_ws/install/wiimote_msgs/lib/libwiimote_msgs__rosidl_typesupport_c.so
[68.130s] -- Set non-toolchain portion of runtime path of "/opt/cat_robot/src/ros2_ws/install/wiimote_msgs/lib/libwiimote_msgs__rosidl_typesupport_c.so" to ""
[68.131s] -- Installing: /opt/cat_robot/src/ros2_ws/install/wiimote_msgs/lib/libwiimote_msgs__rosidl_typesupport_introspection_cpp.so
[68.131s] -- Set non-toolchain portion of runtime path of "/opt/cat_robot/src/ros2_ws/install/wiimote_msgs/lib/libwiimote_msgs__rosidl_typesupport_introspection_cpp.so" to ""
[68.132s] -- Installing: /opt/cat_robot/src/ros2_ws/install/wiimote_msgs/lib/libwiimote_msgs__rosidl_typesupport_cpp.so
[68.133s] -- Set non-toolchain portion of runtime path of "/opt/cat_robot/src/ros2_ws/install/wiimote_msgs/lib/libwiimote_msgs__rosidl_typesupport_cpp.so" to ""
[68.447s] Listing '/opt/cat_robot/src/ros2_ws/install/wiimote_msgs/local/lib/python3.12/dist-packages/wiimote_msgs'...
[68.448s] Compiling '/opt/cat_robot/src/ros2_ws/install/wiimote_msgs/local/lib/python3.12/dist-packages/wiimote_msgs/__init__.py'...
[68.448s] Listing '/opt/cat_robot/src/ros2_ws/install/wiimote_msgs/local/lib/python3.12/dist-packages/wiimote_msgs/msg'...
[68.449s] Compiling '/opt/cat_robot/src/ros2_ws/install/wiimote_msgs/local/lib/python3.12/dist-packages/wiimote_msgs/msg/__init__.py'...
[68.450s] Compiling '/opt/cat_robot/src/ros2_ws/install/wiimote_msgs/local/lib/python3.12/dist-packages/wiimote_msgs/msg/_ir_source_info.py'...
[68.451s] Compiling '/opt/cat_robot/src/ros2_ws/install/wiimote_msgs/local/lib/python3.12/dist-packages/wiimote_msgs/msg/_state.py'...
[68.451s] Compiling '/opt/cat_robot/src/ros2_ws/install/wiimote_msgs/local/lib/python3.12/dist-packages/wiimote_msgs/msg/_timed_switch.py'...
[68.480s] -- Installing: /opt/cat_robot/src/ros2_ws/install/wiimote_msgs/lib/libwiimote_msgs__rosidl_generator_py.so
[68.481s] -- Set non-toolchain portion of runtime path of "/opt/cat_robot/src/ros2_ws/install/wiimote_msgs/lib/libwiimote_msgs__rosidl_generator_py.so" to ""
[68.482s] -- Installing: /opt/cat_robot/src/ros2_ws/install/wiimote_msgs/share/wiimote_msgs/cmake/export_wiimote_msgs__rosidl_generator_cExport.cmake
[68.483s] -- Installing: /opt/cat_robot/src/ros2_ws/install/wiimote_msgs/share/wiimote_msgs/cmake/export_wiimote_msgs__rosidl_generator_cExport-noconfig.cmake
[68.484s] -- Installing: /opt/cat_robot/src/ros2_ws/install/wiimote_msgs/share/wiimote_msgs/cmake/export_wiimote_msgs__rosidl_typesupport_fastrtps_cExport.cmake
[68.485s] -- Installing: /opt/cat_robot/src/ros2_ws/install/wiimote_msgs/share/wiimote_msgs/cmake/export_wiimote_msgs__rosidl_typesupport_fastrtps_cExport-noconfig.cmake
[68.486s] -- Installing: /opt/cat_robot/src/ros2_ws/install/wiimote_msgs/share/wiimote_msgs/cmake/export_wiimote_msgs__rosidl_generator_cppExport.cmake
[68.487s] -- Installing: /opt/cat_robot/src/ros2_ws/install/wiimote_msgs/share/wiimote_msgs/cmake/export_wiimote_msgs__rosidl_typesupport_fastrtps_cppExport.cmake
[68.488s] -- Installing: /opt/cat_robot/src/ros2_ws/install/wiimote_msgs/share/wiimote_msgs/cmake/export_wiimote_msgs__rosidl_typesupport_fastrtps_cppExport-noconfig.cmake
[68.490s] -- Installing: /opt/cat_robot/src/ros2_ws/install/wiimote_msgs/share/wiimote_msgs/cmake/wiimote_msgs__rosidl_typesupport_introspection_cExport.cmake
[68.490s] -- Installing: /opt/cat_robot/src/ros2_ws/install/wiimote_msgs/share/wiimote_msgs/cmake/wiimote_msgs__rosidl_typesupport_introspection_cExport-noconfig.cmake
[68.492s] -- Installing: /opt/cat_robot/src/ros2_ws/install/wiimote_msgs/share/wiimote_msgs/cmake/wiimote_msgs__rosidl_typesupport_cExport.cmake
[68.492s] -- Installing: /opt/cat_robot/src/ros2_ws/install/wiimote_msgs/share/wiimote_msgs/cmake/wiimote_msgs__rosidl_typesupport_cExport-noconfig.cmake
[68.493s] -- Installing: /opt/cat_robot/src/ros2_ws/install/wiimote_msgs/share/wiimote_msgs/cmake/wiimote_msgs__rosidl_typesupport_introspection_cppExport.cmake
[68.494s] -- Installing: /opt/cat_robot/src/ros2_ws/install/wiimote_msgs/share/wiimote_msgs/cmake/wiimote_msgs__rosidl_typesupport_introspection_cppExport-noconfig.cmake
[68.495s] -- Installing: /opt/cat_robot/src/ros2_ws/install/wiimote_msgs/share/wiimote_msgs/cmake/wiimote_msgs__rosidl_typesupport_cppExport.cmake
[68.495s] -- Installing: /opt/cat_robot/src/ros2_ws/install/wiimote_msgs/share/wiimote_msgs/cmake/wiimote_msgs__rosidl_typesupport_cppExport-noconfig.cmake
[68.497s] -- Installing: /opt/cat_robot/src/ros2_ws/install/wiimote_msgs/share/wiimote_msgs/cmake/export_wiimote_msgs__rosidl_generator_pyExport.cmake
[68.497s] -- Installing: /opt/cat_robot/src/ros2_ws/install/wiimote_msgs/share/wiimote_msgs/cmake/export_wiimote_msgs__rosidl_generator_pyExport-noconfig.cmake
[68.503s] Invoked command in '/opt/cat_robot/src/ros2_ws/build/wiimote_msgs' returned '0': CMAKE_PREFIX_PATH=${CMAKE_PREFIX_PATH}:/opt/cat_robot/src/ros2_ws/install/catui_bridge:/opt/cat_robot/src/ros2_ws/install/cat_robot_bringup:/home/user/ros2_humble/install/rqt_bag_plugins:/home/user/ros2_humble/install/rqt_bag:/home/user/ros2_humble/install/launch_testing_examples:/home/user/ros2_humble/install/ros2bag:/home/user/ros2_humble/install/tracetools_test:/home/user/ros2_humble/install/tracetools_launch:/home/user/ros2_humble/install/topic_monitor:/home/user/ros2_humble/install/tf2_tools:/home/user/ros2_humble/install/examples_tf2_py:/home/user/ros2_humble/install/tf2_ros_py:/home/user/ros2_humble/install/sros2:/home/user/ros2_humble/install/rqt_topic:/home/user/ros2_humble/install/rqt_srv:/home/user/ros2_humble/install/rqt_shell:/home/user/ros2_humble/install/rqt_service_caller:/home/user/ros2_humble/install/rqt_reconfigure:/home/user/ros2_humble/install/rqt_py_console:/home/user/ros2_humble/install/rqt_publisher:/home/user/ros2_humble/install/rqt_plot:/home/user/ros2_humble/install/rqt_action:/home/user/ros2_humble/install/rqt_msg:/home/user/ros2_humble/install/rqt_console:/home/user/ros2_humble/install/rqt:/home/user/ros2_humble/install/rqt_graph:/home/user/ros2_humble/install/rqt_gui_py:/home/user/ros2_humble/install/rqt_gui:/home/user/ros2_humble/install/ros2trace:/home/user/ros2_humble/install/ros2topic:/home/user/ros2_humble/install/ros2test:/home/user/ros2_humble/install/ros2component:/home/user/ros2_humble/install/ros2param:/home/user/ros2_humble/install/ros2lifecycle:/home/user/ros2_humble/install/ros2service:/home/user/ros2_humble/install/ros2run:/home/user/ros2_humble/install/ros2plugin:/home/user/ros2_humble/install/ros2launch:/home/user/ros2_humble/install/ros2pkg:/home/user/ros2_humble/install/ros2node:/home/user/ros2_humble/install/ros2multicast:/home/user/ros2_humble/install/ros2interface:/home/user/ros2_humble/install/ros2doctor:/home/user/ros2_humble/install/ros2action:/home/user/ros2_humble/install/ros2cli:/home/user/ros2_humble/install/quality_of_service_demo_py:/home/user/ros2_humble/install/lifecycle_py:/home/user/ros2_humble/install/launch_testing_ros:/home/user/ros2_humble/install/launch_ros:/home/user/ros2_humble/install/examples_rclpy_pointcloud_publisher:/home/user/ros2_humble/install/examples_rclpy_minimal_subscriber:/home/user/ros2_humble/install/examples_rclpy_minimal_service:/home/user/ros2_humble/install/examples_rclpy_minimal_publisher:/home/user/ros2_humble/install/examples_rclpy_minimal_client:/home/user/ros2_humble/install/examples_rclpy_minimal_action_server:/home/user/ros2_humble/install/examples_rclpy_minimal_action_client:/home/user/ros2_humble/install/examples_rclpy_guard_conditions:/home/user/ros2_humble/install/examples_rclpy_executors:/home/user/ros2_humble/install/demo_nodes_py:/home/user/ros2_humble/install/camera_info_manager_py:/home/user/ros2_humble/install/action_tutorials_py:/home/user/ros2_humble/install/ament_uncrustify:/home/user/ros2_humble/install/tracetools_trace:/home/user/ros2_humble/install/tracetools_read:/home/user/ros2_humble/install/test_tracetools_launch:/home/user/ros2_humble/install/test_launch_ros:/home/user/ros2_humble/install/sensor_msgs_py:/home/user/ros2_humble/install/rpyutils:/home/user/ros2_humble/install/rosidl_runtime_py:/home/user/ros2_humble/install/rosidl_cli:/home/user/ros2_humble/install/launch_pytest:/home/user/ros2_humble/install/launch_testing:/home/user/ros2_humble/install/launch_yaml:/home/user/ros2_humble/install/launch_xml:/home/user/ros2_humble/install/launch:/home/user/ros2_humble/install/osrf_pycommon:/home/user/ros2_humble/install/domain_coordinator:/home/user/ros2_humble/install/ament_xmllint:/home/user/ros2_humble/install/ament_pyflakes:/home/user/ros2_humble/install/ament_pycodestyle:/home/user/ros2_humble/install/ament_pep257:/home/user/ros2_humble/install/ament_pclint:/home/user/ros2_humble/install/ament_package:/home/user/ros2_humble/install/ament_mypy:/home/user/ros2_humble/install/ament_lint_cmake:/home/user/ros2_humble/install/ament_flake8:/home/user/ros2_humble/install/ament_copyright:/home/user/ros2_humble/install/ament_lint:/home/user/ros2_humble/install/ament_index_python:/home/user/ros2_humble/install/ament_cpplint:/home/user/ros2_humble/install/ament_cppcheck:/home/user/ros2_humble/install/ament_clang_tidy:/home/user/ros2_humble/install/ament_clang_format DEBUGINFOD_URLS=https://debuginfod.ubuntu.com /usr/bin/cmake --install /opt/cat_robot/src/ros2_ws/build/wiimote_msgs
