[0.136s] Invoking command in '/opt/cat_robot/src/ros2_ws/build/diagnostic_updater': CMAKE_PREFIX_PATH=${CMAKE_PREFIX_PATH}:/root/ros2_humble/install/ros2bag:/root/ros2_humble/install/tracetools_test:/root/ros2_humble/install/tracetools_launch:/root/ros2_humble/install/tf2_ros_py:/root/ros2_humble/install/sros2:/root/ros2_humble/install/rqt_msg:/root/ros2_humble/install/rqt_console:/root/ros2_humble/install/rqt_gui_py:/root/ros2_humble/install/rqt_gui:/root/ros2_humble/install/ros2test:/root/ros2_humble/install/ros2param:/root/ros2_humble/install/ros2service:/root/ros2_humble/install/ros2run:/root/ros2_humble/install/ros2pkg:/root/ros2_humble/install/ros2node:/root/ros2_humble/install/ros2multicast:/root/ros2_humble/install/ros2cli:/root/ros2_humble/install/launch_testing_ros:/root/ros2_humble/install/launch_ros:/root/ros2_humble/install/demo_nodes_py:/root/ros2_humble/install/ament_uncrustify:/root/ros2_humble/install/tracetools_trace:/root/ros2_humble/install/tracetools_read:/root/ros2_humble/install/sensor_msgs_py:/root/ros2_humble/install/rpyutils:/root/ros2_humble/install/rosidl_runtime_py:/root/ros2_humble/install/rosidl_cli:/root/ros2_humble/install/launch_testing:/root/ros2_humble/install/launch_yaml:/root/ros2_humble/install/launch_xml:/root/ros2_humble/install/launch:/root/ros2_humble/install/osrf_pycommon:/root/ros2_humble/install/domain_coordinator:/root/ros2_humble/install/ament_xmllint:/root/ros2_humble/install/ament_pyflakes:/root/ros2_humble/install/ament_pycodestyle:/root/ros2_humble/install/ament_pep257:/root/ros2_humble/install/ament_pclint:/root/ros2_humble/install/ament_package:/root/ros2_humble/install/ament_mypy:/root/ros2_humble/install/ament_lint_cmake:/root/ros2_humble/install/ament_flake8:/root/ros2_humble/install/ament_copyright:/root/ros2_humble/install/ament_lint:/root/ros2_humble/install/ament_index_python:/root/ros2_humble/install/ament_cpplint:/root/ros2_humble/install/ament_cppcheck:/root/ros2_humble/install/ament_clang_tidy:/root/ros2_humble/install/ament_clang_format /usr/bin/cmake --build /opt/cat_robot/src/ros2_ws/build/diagnostic_updater -- -j4 -l4
[1.344s] [  0%] Built target ament_cmake_python_symlink_diagnostic_updater
[1.359s] [ 16%] Built target gtest_main
[1.403s] [ 33%] Built target gtest
[1.626s] [ 50%] Built target diagnostic_updater
[1.681s] [ 66%] Built target diagnostic_status_wrapper_test
[1.924s] [ 83%] Built target diagnostic_updater_test
[2.001s] [100%] Built target example
[3.118s] running egg_info
[3.287s] writing diagnostic_updater.egg-info/PKG-INFO
[3.301s] writing dependency_links to diagnostic_updater.egg-info/dependency_links.txt
[3.301s] writing top-level names to diagnostic_updater.egg-info/top_level.txt
[3.581s] reading manifest file 'diagnostic_updater.egg-info/SOURCES.txt'
[3.594s] writing manifest file 'diagnostic_updater.egg-info/SOURCES.txt'
[3.976s] [100%] Built target ament_cmake_python_build_diagnostic_updater_egg
[4.029s] Invoked command in '/opt/cat_robot/src/ros2_ws/build/diagnostic_updater' returned '0': CMAKE_PREFIX_PATH=${CMAKE_PREFIX_PATH}:/root/ros2_humble/install/ros2bag:/root/ros2_humble/install/tracetools_test:/root/ros2_humble/install/tracetools_launch:/root/ros2_humble/install/tf2_ros_py:/root/ros2_humble/install/sros2:/root/ros2_humble/install/rqt_msg:/root/ros2_humble/install/rqt_console:/root/ros2_humble/install/rqt_gui_py:/root/ros2_humble/install/rqt_gui:/root/ros2_humble/install/ros2test:/root/ros2_humble/install/ros2param:/root/ros2_humble/install/ros2service:/root/ros2_humble/install/ros2run:/root/ros2_humble/install/ros2pkg:/root/ros2_humble/install/ros2node:/root/ros2_humble/install/ros2multicast:/root/ros2_humble/install/ros2cli:/root/ros2_humble/install/launch_testing_ros:/root/ros2_humble/install/launch_ros:/root/ros2_humble/install/demo_nodes_py:/root/ros2_humble/install/ament_uncrustify:/root/ros2_humble/install/tracetools_trace:/root/ros2_humble/install/tracetools_read:/root/ros2_humble/install/sensor_msgs_py:/root/ros2_humble/install/rpyutils:/root/ros2_humble/install/rosidl_runtime_py:/root/ros2_humble/install/rosidl_cli:/root/ros2_humble/install/launch_testing:/root/ros2_humble/install/launch_yaml:/root/ros2_humble/install/launch_xml:/root/ros2_humble/install/launch:/root/ros2_humble/install/osrf_pycommon:/root/ros2_humble/install/domain_coordinator:/root/ros2_humble/install/ament_xmllint:/root/ros2_humble/install/ament_pyflakes:/root/ros2_humble/install/ament_pycodestyle:/root/ros2_humble/install/ament_pep257:/root/ros2_humble/install/ament_pclint:/root/ros2_humble/install/ament_package:/root/ros2_humble/install/ament_mypy:/root/ros2_humble/install/ament_lint_cmake:/root/ros2_humble/install/ament_flake8:/root/ros2_humble/install/ament_copyright:/root/ros2_humble/install/ament_lint:/root/ros2_humble/install/ament_index_python:/root/ros2_humble/install/ament_cpplint:/root/ros2_humble/install/ament_cppcheck:/root/ros2_humble/install/ament_clang_tidy:/root/ros2_humble/install/ament_clang_format /usr/bin/cmake --build /opt/cat_robot/src/ros2_ws/build/diagnostic_updater -- -j4 -l4
[4.041s] Invoking command in '/opt/cat_robot/src/ros2_ws/build/diagnostic_updater': CMAKE_PREFIX_PATH=${CMAKE_PREFIX_PATH}:/root/ros2_humble/install/ros2bag:/root/ros2_humble/install/tracetools_test:/root/ros2_humble/install/tracetools_launch:/root/ros2_humble/install/tf2_ros_py:/root/ros2_humble/install/sros2:/root/ros2_humble/install/rqt_msg:/root/ros2_humble/install/rqt_console:/root/ros2_humble/install/rqt_gui_py:/root/ros2_humble/install/rqt_gui:/root/ros2_humble/install/ros2test:/root/ros2_humble/install/ros2param:/root/ros2_humble/install/ros2service:/root/ros2_humble/install/ros2run:/root/ros2_humble/install/ros2pkg:/root/ros2_humble/install/ros2node:/root/ros2_humble/install/ros2multicast:/root/ros2_humble/install/ros2cli:/root/ros2_humble/install/launch_testing_ros:/root/ros2_humble/install/launch_ros:/root/ros2_humble/install/demo_nodes_py:/root/ros2_humble/install/ament_uncrustify:/root/ros2_humble/install/tracetools_trace:/root/ros2_humble/install/tracetools_read:/root/ros2_humble/install/sensor_msgs_py:/root/ros2_humble/install/rpyutils:/root/ros2_humble/install/rosidl_runtime_py:/root/ros2_humble/install/rosidl_cli:/root/ros2_humble/install/launch_testing:/root/ros2_humble/install/launch_yaml:/root/ros2_humble/install/launch_xml:/root/ros2_humble/install/launch:/root/ros2_humble/install/osrf_pycommon:/root/ros2_humble/install/domain_coordinator:/root/ros2_humble/install/ament_xmllint:/root/ros2_humble/install/ament_pyflakes:/root/ros2_humble/install/ament_pycodestyle:/root/ros2_humble/install/ament_pep257:/root/ros2_humble/install/ament_pclint:/root/ros2_humble/install/ament_package:/root/ros2_humble/install/ament_mypy:/root/ros2_humble/install/ament_lint_cmake:/root/ros2_humble/install/ament_flake8:/root/ros2_humble/install/ament_copyright:/root/ros2_humble/install/ament_lint:/root/ros2_humble/install/ament_index_python:/root/ros2_humble/install/ament_cpplint:/root/ros2_humble/install/ament_cppcheck:/root/ros2_humble/install/ament_clang_tidy:/root/ros2_humble/install/ament_clang_format /usr/bin/cmake --install /opt/cat_robot/src/ros2_ws/build/diagnostic_updater
[4.125s] -- Install configuration: ""
[4.131s] -- Execute custom install script
[4.132s] -- Up-to-date symlink: /opt/cat_robot/src/ros2_ws/install/diagnostic_updater/share/diagnostic_updater/environment/pythonpath.sh
[4.133s] -- Up-to-date symlink: /opt/cat_robot/src/ros2_ws/install/diagnostic_updater/share/diagnostic_updater/environment/pythonpath.dsv
[4.137s] -- Up-to-date symlink: /opt/cat_robot/src/ros2_ws/install/diagnostic_updater/local/lib/python3.12/dist-packages/diagnostic_updater-4.4.6-py3.12.egg-info/PKG-INFO
[4.138s] -- Up-to-date symlink: /opt/cat_robot/src/ros2_ws/install/diagnostic_updater/local/lib/python3.12/dist-packages/diagnostic_updater-4.4.6-py3.12.egg-info/SOURCES.txt
[4.139s] -- Up-to-date symlink: /opt/cat_robot/src/ros2_ws/install/diagnostic_updater/local/lib/python3.12/dist-packages/diagnostic_updater-4.4.6-py3.12.egg-info/dependency_links.txt
[4.139s] -- Up-to-date symlink: /opt/cat_robot/src/ros2_ws/install/diagnostic_updater/local/lib/python3.12/dist-packages/diagnostic_updater-4.4.6-py3.12.egg-info/top_level.txt
[4.148s] -- Up-to-date symlink: /opt/cat_robot/src/ros2_ws/install/diagnostic_updater/local/lib/python3.12/dist-packages/diagnostic_updater/__init__.py
[4.148s] -- Up-to-date symlink: /opt/cat_robot/src/ros2_ws/install/diagnostic_updater/local/lib/python3.12/dist-packages/diagnostic_updater/_diagnostic_status_wrapper.py
[4.148s] -- Up-to-date symlink: /opt/cat_robot/src/ros2_ws/install/diagnostic_updater/local/lib/python3.12/dist-packages/diagnostic_updater/_diagnostic_updater.py
[4.151s] -- Up-to-date symlink: /opt/cat_robot/src/ros2_ws/install/diagnostic_updater/local/lib/python3.12/dist-packages/diagnostic_updater/_publisher.py
[4.151s] -- Up-to-date symlink: /opt/cat_robot/src/ros2_ws/install/diagnostic_updater/local/lib/python3.12/dist-packages/diagnostic_updater/_update_functions.py
[4.156s] -- Up-to-date symlink: /opt/cat_robot/src/ros2_ws/install/diagnostic_updater/local/lib/python3.12/dist-packages/diagnostic_updater/example.py
[4.157s] -- Up-to-date symlink: /opt/cat_robot/src/ros2_ws/install/diagnostic_updater/lib/diagnostic_updater/example.py
[4.158s] -- Up-to-date symlink: /opt/cat_robot/src/ros2_ws/install/diagnostic_updater/lib/diagnostic_updater/example
[4.168s] -- Up-to-date symlink: /opt/cat_robot/src/ros2_ws/install/diagnostic_updater/include/diagnostic_updater/diagnostic_status_wrapper.hpp
[4.169s] -- Up-to-date symlink: /opt/cat_robot/src/ros2_ws/install/diagnostic_updater/include/diagnostic_updater/diagnostic_updater.hpp
[4.170s] -- Up-to-date symlink: /opt/cat_robot/src/ros2_ws/install/diagnostic_updater/include/diagnostic_updater/publisher.hpp
[4.171s] -- Up-to-date symlink: /opt/cat_robot/src/ros2_ws/install/diagnostic_updater/include/diagnostic_updater/update_functions.hpp
[4.174s] -- Up-to-date symlink: /opt/cat_robot/src/ros2_ws/install/diagnostic_updater/share/diagnostic_updater/environment/library_path.sh
[4.179s] -- Up-to-date symlink: /opt/cat_robot/src/ros2_ws/install/diagnostic_updater/share/diagnostic_updater/environment/library_path.dsv
[4.180s] -- Up-to-date symlink: /opt/cat_robot/src/ros2_ws/install/diagnostic_updater/share/ament_index/resource_index/package_run_dependencies/diagnostic_updater
[4.180s] -- Up-to-date symlink: /opt/cat_robot/src/ros2_ws/install/diagnostic_updater/share/ament_index/resource_index/parent_prefix_path/diagnostic_updater
[4.180s] -- Up-to-date symlink: /opt/cat_robot/src/ros2_ws/install/diagnostic_updater/share/diagnostic_updater/environment/ament_prefix_path.sh
[4.181s] -- Up-to-date symlink: /opt/cat_robot/src/ros2_ws/install/diagnostic_updater/share/diagnostic_updater/environment/ament_prefix_path.dsv
[4.181s] -- Up-to-date symlink: /opt/cat_robot/src/ros2_ws/install/diagnostic_updater/share/diagnostic_updater/environment/path.sh
[4.181s] -- Up-to-date symlink: /opt/cat_robot/src/ros2_ws/install/diagnostic_updater/share/diagnostic_updater/environment/path.dsv
[4.189s] -- Up-to-date symlink: /opt/cat_robot/src/ros2_ws/install/diagnostic_updater/share/diagnostic_updater/local_setup.bash
[4.189s] -- Up-to-date symlink: /opt/cat_robot/src/ros2_ws/install/diagnostic_updater/share/diagnostic_updater/local_setup.sh
[4.190s] -- Up-to-date symlink: /opt/cat_robot/src/ros2_ws/install/diagnostic_updater/share/diagnostic_updater/local_setup.zsh
[4.190s] -- Up-to-date symlink: /opt/cat_robot/src/ros2_ws/install/diagnostic_updater/share/diagnostic_updater/local_setup.dsv
[4.190s] -- Symlinking: /opt/cat_robot/src/ros2_ws/install/diagnostic_updater/share/diagnostic_updater/package.dsv
[4.254s] -- Up-to-date symlink: /opt/cat_robot/src/ros2_ws/install/diagnostic_updater/share/ament_index/resource_index/packages/diagnostic_updater
[4.255s] -- Up-to-date symlink: /opt/cat_robot/src/ros2_ws/install/diagnostic_updater/share/diagnostic_updater/cmake/ament_cmake_export_targets-extras.cmake
[4.255s] -- Up-to-date symlink: /opt/cat_robot/src/ros2_ws/install/diagnostic_updater/share/diagnostic_updater/cmake/ament_cmake_export_include_directories-extras.cmake
[4.257s] -- Up-to-date symlink: /opt/cat_robot/src/ros2_ws/install/diagnostic_updater/share/diagnostic_updater/cmake/ament_cmake_export_libraries-extras.cmake
[4.259s] -- Up-to-date symlink: /opt/cat_robot/src/ros2_ws/install/diagnostic_updater/share/diagnostic_updater/cmake/ament_cmake_export_dependencies-extras.cmake
[4.259s] -- Up-to-date symlink: /opt/cat_robot/src/ros2_ws/install/diagnostic_updater/share/diagnostic_updater/cmake/diagnostic_updaterConfig.cmake
[4.259s] -- Up-to-date symlink: /opt/cat_robot/src/ros2_ws/install/diagnostic_updater/share/diagnostic_updater/cmake/diagnostic_updaterConfig-version.cmake
[4.260s] -- Up-to-date symlink: /opt/cat_robot/src/ros2_ws/install/diagnostic_updater/share/diagnostic_updater/package.xml
[4.266s] -- Up-to-date: /opt/cat_robot/src/ros2_ws/install/diagnostic_updater/lib/libdiagnostic_updater.so
[4.507s] Listing '/opt/cat_robot/src/ros2_ws/install/diagnostic_updater/local/lib/python3.12/dist-packages/diagnostic_updater'...
[4.535s] -- Up-to-date: /opt/cat_robot/src/ros2_ws/install/diagnostic_updater/share/diagnostic_updater/cmake/diagnostic_updaterTargetsExport.cmake
[4.535s] -- Up-to-date: /opt/cat_robot/src/ros2_ws/install/diagnostic_updater/share/diagnostic_updater/cmake/diagnostic_updaterTargetsExport-noconfig.cmake
[4.547s] Invoked command in '/opt/cat_robot/src/ros2_ws/build/diagnostic_updater' returned '0': CMAKE_PREFIX_PATH=${CMAKE_PREFIX_PATH}:/root/ros2_humble/install/ros2bag:/root/ros2_humble/install/tracetools_test:/root/ros2_humble/install/tracetools_launch:/root/ros2_humble/install/tf2_ros_py:/root/ros2_humble/install/sros2:/root/ros2_humble/install/rqt_msg:/root/ros2_humble/install/rqt_console:/root/ros2_humble/install/rqt_gui_py:/root/ros2_humble/install/rqt_gui:/root/ros2_humble/install/ros2test:/root/ros2_humble/install/ros2param:/root/ros2_humble/install/ros2service:/root/ros2_humble/install/ros2run:/root/ros2_humble/install/ros2pkg:/root/ros2_humble/install/ros2node:/root/ros2_humble/install/ros2multicast:/root/ros2_humble/install/ros2cli:/root/ros2_humble/install/launch_testing_ros:/root/ros2_humble/install/launch_ros:/root/ros2_humble/install/demo_nodes_py:/root/ros2_humble/install/ament_uncrustify:/root/ros2_humble/install/tracetools_trace:/root/ros2_humble/install/tracetools_read:/root/ros2_humble/install/sensor_msgs_py:/root/ros2_humble/install/rpyutils:/root/ros2_humble/install/rosidl_runtime_py:/root/ros2_humble/install/rosidl_cli:/root/ros2_humble/install/launch_testing:/root/ros2_humble/install/launch_yaml:/root/ros2_humble/install/launch_xml:/root/ros2_humble/install/launch:/root/ros2_humble/install/osrf_pycommon:/root/ros2_humble/install/domain_coordinator:/root/ros2_humble/install/ament_xmllint:/root/ros2_humble/install/ament_pyflakes:/root/ros2_humble/install/ament_pycodestyle:/root/ros2_humble/install/ament_pep257:/root/ros2_humble/install/ament_pclint:/root/ros2_humble/install/ament_package:/root/ros2_humble/install/ament_mypy:/root/ros2_humble/install/ament_lint_cmake:/root/ros2_humble/install/ament_flake8:/root/ros2_humble/install/ament_copyright:/root/ros2_humble/install/ament_lint:/root/ros2_humble/install/ament_index_python:/root/ros2_humble/install/ament_cpplint:/root/ros2_humble/install/ament_cppcheck:/root/ros2_humble/install/ament_clang_tidy:/root/ros2_humble/install/ament_clang_format /usr/bin/cmake --install /opt/cat_robot/src/ros2_ws/build/diagnostic_updater
