running develop
running egg_info
creating cat_robot_bringup.egg-info
writing cat_robot_bringup.egg-info/PKG-INFO
writing dependency_links to cat_robot_bringup.egg-info/dependency_links.txt
writing requirements to cat_robot_bringup.egg-info/requires.txt
writing top-level names to cat_robot_bringup.egg-info/top_level.txt
writing manifest file 'cat_robot_bringup.egg-info/SOURCES.txt'
reading manifest file 'cat_robot_bringup.egg-info/SOURCES.txt'
writing manifest file 'cat_robot_bringup.egg-info/SOURCES.txt'
running build_ext
Creating /opt/cat_robot/src/ros2_ws/install/cat_robot_bringup/lib/python3.12/site-packages/cat-robot-bringup.egg-link (link to .)

Installed /opt/cat_robot/src/ros2_ws/build/cat_robot_bringup
running symlink_data
creating /opt/cat_robot/src/ros2_ws/install/cat_robot_bringup/share/ament_index
creating /opt/cat_robot/src/ros2_ws/install/cat_robot_bringup/share/ament_index/resource_index
creating /opt/cat_robot/src/ros2_ws/install/cat_robot_bringup/share/ament_index/resource_index/packages
symbolically linking /opt/cat_robot/src/ros2_ws/build/cat_robot_bringup/resource/cat_robot_bringup -> /opt/cat_robot/src/ros2_ws/install/cat_robot_bringup/share/ament_index/resource_index/packages
symbolically linking /opt/cat_robot/src/ros2_ws/build/cat_robot_bringup/package.xml -> /opt/cat_robot/src/ros2_ws/install/cat_robot_bringup/share/cat_robot_bringup
creating /opt/cat_robot/src/ros2_ws/install/cat_robot_bringup/share/cat_robot_bringup/launch
symbolically linking /opt/cat_robot/src/ros2_ws/build/cat_robot_bringup/launch/roomba.launch.py -> /opt/cat_robot/src/ros2_ws/install/cat_robot_bringup/share/cat_robot_bringup/launch
symbolically linking /opt/cat_robot/src/ros2_ws/build/cat_robot_bringup/launch/lidar.launch.py -> /opt/cat_robot/src/ros2_ws/install/cat_robot_bringup/share/cat_robot_bringup/launch
symbolically linking /opt/cat_robot/src/ros2_ws/build/cat_robot_bringup/launch/slam.launch.py -> /opt/cat_robot/src/ros2_ws/install/cat_robot_bringup/share/cat_robot_bringup/launch
symbolically linking /opt/cat_robot/src/ros2_ws/build/cat_robot_bringup/launch/system.launch.py -> /opt/cat_robot/src/ros2_ws/install/cat_robot_bringup/share/cat_robot_bringup/launch
symbolically linking /opt/cat_robot/src/ros2_ws/build/cat_robot_bringup/launch/ui_bridge.launch.py -> /opt/cat_robot/src/ros2_ws/install/cat_robot_bringup/share/cat_robot_bringup/launch
creating /opt/cat_robot/src/ros2_ws/install/cat_robot_bringup/share/cat_robot_bringup/config
symbolically linking /opt/cat_robot/src/ros2_ws/build/cat_robot_bringup/config/slam_params.yaml -> /opt/cat_robot/src/ros2_ws/install/cat_robot_bringup/share/cat_robot_bringup/config
