[  9%] Built target catui_msgs__rosidl_generator_c
[ 12%] Built target catui_msgs__rs
[ 15%] Built target catui_msgs__cpp
[ 15%] Built target ament_cmake_python_symlink_catui_msgs
[ 25%] Built target catui_msgs__rosidl_typesupport_c
[ 34%] Built target catui_msgs__rosidl_typesupport_fastrtps_cpp
[ 43%] Built target catui_msgs__rosidl_typesupport_introspection_c
[ 53%] Built target catui_msgs__rosidl_typesupport_fastrtps_c
[ 62%] Built target catui_msgs__rosidl_typesupport_cpp
[ 71%] Built target catui_msgs__rosidl_typesupport_introspection_cpp
[ 71%] Built target catui_msgs
[ 75%] Built target catui_msgs__py
[ 81%] Built target catui_msgs__rosidl_generator_py
[ 87%] Built target catui_msgs__rosidl_typesupport_introspection_c__pyext
[ 93%] Built target catui_msgs__rosidl_typesupport_c__pyext
[100%] Built target catui_msgs__rosidl_typesupport_fastrtps_c__pyext
running egg_info
writing catui_msgs.egg-info/PKG-INFO
writing dependency_links to catui_msgs.egg-info/dependency_links.txt
writing top-level names to catui_msgs.egg-info/top_level.txt
reading manifest file 'catui_msgs.egg-info/SOURCES.txt'
writing manifest file 'catui_msgs.egg-info/SOURCES.txt'
[100%] Built target ament_cmake_python_build_catui_msgs_egg
-- Install configuration: ""
-- Execute custom install script
-- Up-to-date symlink: /opt/cat_robot/src/ros2_ws/install/catui_msgs/share/ament_index/resource_index/rosidl_interfaces/catui_msgs
-- Up-to-date symlink: /opt/cat_robot/src/ros2_ws/install/catui_msgs/include/catui_msgs/catui_msgs/msg/cat_ui_command.h
-- Up-to-date symlink: /opt/cat_robot/src/ros2_ws/install/catui_msgs/include/catui_msgs/catui_msgs/msg/detail/cat_ui_command__functions.h
-- Up-to-date symlink: /opt/cat_robot/src/ros2_ws/install/catui_msgs/include/catui_msgs/catui_msgs/msg/detail/cat_ui_command__struct.h
-- Up-to-date symlink: /opt/cat_robot/src/ros2_ws/install/catui_msgs/include/catui_msgs/catui_msgs/msg/detail/cat_ui_command__type_support.h
-- Up-to-date symlink: /opt/cat_robot/src/ros2_ws/install/catui_msgs/include/catui_msgs/catui_msgs/msg/rosidl_generator_c__visibility_control.h
-- Up-to-date symlink: /opt/cat_robot/src/ros2_ws/install/catui_msgs/share/catui_msgs/environment/library_path.sh
-- Up-to-date symlink: /opt/cat_robot/src/ros2_ws/install/catui_msgs/share/catui_msgs/environment/library_path.dsv
-- Up-to-date symlink: /opt/cat_robot/src/ros2_ws/install/catui_msgs/include/catui_msgs/catui_msgs/msg/detail/cat_ui_command__rosidl_typesupport_introspection_c.h
-- Up-to-date symlink: /opt/cat_robot/src/ros2_ws/install/catui_msgs/include/catui_msgs/catui_msgs/msg/rosidl_typesupport_introspection_c__visibility_control.h
-- Up-to-date symlink: /opt/cat_robot/src/ros2_ws/install/catui_msgs/include/catui_msgs/catui_msgs/msg/detail/cat_ui_command__rosidl_typesupport_fastrtps_c.h
-- Up-to-date symlink: /opt/cat_robot/src/ros2_ws/install/catui_msgs/include/catui_msgs/catui_msgs/msg/rosidl_typesupport_fastrtps_c__visibility_control.h
-- Up-to-date symlink: /opt/cat_robot/src/ros2_ws/install/catui_msgs/include/catui_msgs/catui_msgs/msg/cat_ui_command.hpp
-- Up-to-date symlink: /opt/cat_robot/src/ros2_ws/install/catui_msgs/include/catui_msgs/catui_msgs/msg/detail/cat_ui_command__builder.hpp
-- Up-to-date symlink: /opt/cat_robot/src/ros2_ws/install/catui_msgs/include/catui_msgs/catui_msgs/msg/detail/cat_ui_command__struct.hpp
-- Up-to-date symlink: /opt/cat_robot/src/ros2_ws/install/catui_msgs/include/catui_msgs/catui_msgs/msg/detail/cat_ui_command__traits.hpp
-- Up-to-date symlink: /opt/cat_robot/src/ros2_ws/install/catui_msgs/include/catui_msgs/catui_msgs/msg/detail/cat_ui_command__type_support.hpp
-- Up-to-date symlink: /opt/cat_robot/src/ros2_ws/install/catui_msgs/include/catui_msgs/catui_msgs/msg/rosidl_generator_cpp__visibility_control.hpp
-- Up-to-date symlink: /opt/cat_robot/src/ros2_ws/install/catui_msgs/include/catui_msgs/catui_msgs/msg/detail/cat_ui_command__rosidl_typesupport_introspection_cpp.hpp
-- Up-to-date symlink: /opt/cat_robot/src/ros2_ws/install/catui_msgs/include/catui_msgs/catui_msgs/msg/detail/cat_ui_command__rosidl_typesupport_fastrtps_cpp.hpp
-- Up-to-date symlink: /opt/cat_robot/src/ros2_ws/install/catui_msgs/include/catui_msgs/catui_msgs/msg/rosidl_typesupport_fastrtps_cpp__visibility_control.h
-- Up-to-date symlink: /opt/cat_robot/src/ros2_ws/install/catui_msgs/share/catui_msgs/environment/pythonpath.sh
-- Up-to-date symlink: /opt/cat_robot/src/ros2_ws/install/catui_msgs/share/catui_msgs/environment/pythonpath.dsv
-- Up-to-date symlink: /opt/cat_robot/src/ros2_ws/install/catui_msgs/local/lib/python3.12/dist-packages/catui_msgs-0.0.1-py3.12.egg-info/PKG-INFO
-- Up-to-date symlink: /opt/cat_robot/src/ros2_ws/install/catui_msgs/local/lib/python3.12/dist-packages/catui_msgs-0.0.1-py3.12.egg-info/SOURCES.txt
-- Up-to-date symlink: /opt/cat_robot/src/ros2_ws/install/catui_msgs/local/lib/python3.12/dist-packages/catui_msgs-0.0.1-py3.12.egg-info/dependency_links.txt
-- Up-to-date symlink: /opt/cat_robot/src/ros2_ws/install/catui_msgs/local/lib/python3.12/dist-packages/catui_msgs-0.0.1-py3.12.egg-info/top_level.txt
-- Up-to-date symlink: /opt/cat_robot/src/ros2_ws/install/catui_msgs/local/lib/python3.12/dist-packages/catui_msgs/__init__.py
-- Up-to-date symlink: /opt/cat_robot/src/ros2_ws/install/catui_msgs/local/lib/python3.12/dist-packages/catui_msgs/_catui_msgs_s.ep.rosidl_typesupport_c.c
-- Up-to-date symlink: /opt/cat_robot/src/ros2_ws/install/catui_msgs/local/lib/python3.12/dist-packages/catui_msgs/_catui_msgs_s.ep.rosidl_typesupport_fastrtps_c.c
-- Up-to-date symlink: /opt/cat_robot/src/ros2_ws/install/catui_msgs/local/lib/python3.12/dist-packages/catui_msgs/_catui_msgs_s.ep.rosidl_typesupport_introspection_c.c
-- Up-to-date symlink: /opt/cat_robot/src/ros2_ws/install/catui_msgs/local/lib/python3.12/dist-packages/catui_msgs/catui_msgs_s__rosidl_typesupport_c.cpython-312-aarch64-linux-gnu.so
-- Up-to-date symlink: /opt/cat_robot/src/ros2_ws/install/catui_msgs/local/lib/python3.12/dist-packages/catui_msgs/catui_msgs_s__rosidl_typesupport_fastrtps_c.cpython-312-aarch64-linux-gnu.so
-- Up-to-date symlink: /opt/cat_robot/src/ros2_ws/install/catui_msgs/local/lib/python3.12/dist-packages/catui_msgs/catui_msgs_s__rosidl_typesupport_introspection_c.cpython-312-aarch64-linux-gnu.so
-- Up-to-date symlink: /opt/cat_robot/src/ros2_ws/install/catui_msgs/local/lib/python3.12/dist-packages/catui_msgs/libcatui_msgs__rosidl_generator_py.so
-- Up-to-date symlink: /opt/cat_robot/src/ros2_ws/install/catui_msgs/local/lib/python3.12/dist-packages/catui_msgs/msg/__init__.py
-- Up-to-date symlink: /opt/cat_robot/src/ros2_ws/install/catui_msgs/local/lib/python3.12/dist-packages/catui_msgs/msg/_cat_ui_command.py
-- Up-to-date symlink: /opt/cat_robot/src/ros2_ws/install/catui_msgs/local/lib/python3.12/dist-packages/catui_msgs/msg/_cat_ui_command_s.c
-- Up-to-date symlink: /opt/cat_robot/src/ros2_ws/install/catui_msgs/local/lib/python3.12/dist-packages/catui_msgs/catui_msgs_s__rosidl_typesupport_introspection_c.cpython-312-aarch64-linux-gnu.so
-- Up-to-date symlink: /opt/cat_robot/src/ros2_ws/install/catui_msgs/local/lib/python3.12/dist-packages/catui_msgs/catui_msgs_s__rosidl_typesupport_fastrtps_c.cpython-312-aarch64-linux-gnu.so
-- Up-to-date symlink: /opt/cat_robot/src/ros2_ws/install/catui_msgs/local/lib/python3.12/dist-packages/catui_msgs/catui_msgs_s__rosidl_typesupport_c.cpython-312-aarch64-linux-gnu.so
-- Up-to-date symlink: /opt/cat_robot/src/ros2_ws/install/catui_msgs/share/ament_index/resource_index/rust_packages/catui_msgs
-- Up-to-date symlink: /opt/cat_robot/src/ros2_ws/install/catui_msgs/share/catui_msgs/rust/Cargo.toml
-- Up-to-date symlink: /opt/cat_robot/src/ros2_ws/install/catui_msgs/share/catui_msgs/rust/build.rs
-- Up-to-date symlink: /opt/cat_robot/src/ros2_ws/install/catui_msgs/share/catui_msgs/rust/src/lib.rs
-- Up-to-date symlink: /opt/cat_robot/src/ros2_ws/install/catui_msgs/share/catui_msgs/rust/src/msg.rs
-- Up-to-date symlink: /opt/cat_robot/src/ros2_ws/install/catui_msgs/share/catui_msgs/rust/src/msg/rmw.rs
-- Up-to-date symlink: /opt/cat_robot/src/ros2_ws/install/catui_msgs/share/catui_msgs/msg/CatUICommand.idl
-- Up-to-date symlink: /opt/cat_robot/src/ros2_ws/install/catui_msgs/share/catui_msgs/msg/CatUICommand.msg
-- Up-to-date symlink: /opt/cat_robot/src/ros2_ws/install/catui_msgs/share/ament_index/resource_index/package_run_dependencies/catui_msgs
-- Up-to-date symlink: /opt/cat_robot/src/ros2_ws/install/catui_msgs/share/ament_index/resource_index/parent_prefix_path/catui_msgs
-- Up-to-date symlink: /opt/cat_robot/src/ros2_ws/install/catui_msgs/share/catui_msgs/environment/ament_prefix_path.sh
-- Up-to-date symlink: /opt/cat_robot/src/ros2_ws/install/catui_msgs/share/catui_msgs/environment/ament_prefix_path.dsv
-- Up-to-date symlink: /opt/cat_robot/src/ros2_ws/install/catui_msgs/share/catui_msgs/environment/path.sh
-- Up-to-date symlink: /opt/cat_robot/src/ros2_ws/install/catui_msgs/share/catui_msgs/environment/path.dsv
-- Up-to-date symlink: /opt/cat_robot/src/ros2_ws/install/catui_msgs/share/catui_msgs/local_setup.bash
-- Up-to-date symlink: /opt/cat_robot/src/ros2_ws/install/catui_msgs/share/catui_msgs/local_setup.sh
-- Up-to-date symlink: /opt/cat_robot/src/ros2_ws/install/catui_msgs/share/catui_msgs/local_setup.zsh
-- Up-to-date symlink: /opt/cat_robot/src/ros2_ws/install/catui_msgs/share/catui_msgs/local_setup.dsv
-- Symlinking: /opt/cat_robot/src/ros2_ws/install/catui_msgs/share/catui_msgs/package.dsv
-- Up-to-date symlink: /opt/cat_robot/src/ros2_ws/install/catui_msgs/share/ament_index/resource_index/packages/catui_msgs
-- Up-to-date symlink: /opt/cat_robot/src/ros2_ws/install/catui_msgs/share/catui_msgs/cmake/rosidl_cmake-extras.cmake
-- Up-to-date symlink: /opt/cat_robot/src/ros2_ws/install/catui_msgs/share/catui_msgs/cmake/ament_cmake_export_dependencies-extras.cmake
-- Up-to-date symlink: /opt/cat_robot/src/ros2_ws/install/catui_msgs/share/catui_msgs/cmake/ament_cmake_export_include_directories-extras.cmake
-- Up-to-date symlink: /opt/cat_robot/src/ros2_ws/install/catui_msgs/share/catui_msgs/cmake/ament_cmake_export_libraries-extras.cmake
-- Up-to-date symlink: /opt/cat_robot/src/ros2_ws/install/catui_msgs/share/catui_msgs/cmake/ament_cmake_export_targets-extras.cmake
-- Up-to-date symlink: /opt/cat_robot/src/ros2_ws/install/catui_msgs/share/catui_msgs/cmake/rosidl_cmake_export_typesupport_targets-extras.cmake
-- Up-to-date symlink: /opt/cat_robot/src/ros2_ws/install/catui_msgs/share/catui_msgs/cmake/rosidl_cmake_export_typesupport_libraries-extras.cmake
-- Up-to-date symlink: /opt/cat_robot/src/ros2_ws/install/catui_msgs/share/catui_msgs/cmake/catui_msgsConfig.cmake
-- Up-to-date symlink: /opt/cat_robot/src/ros2_ws/install/catui_msgs/share/catui_msgs/cmake/catui_msgsConfig-version.cmake
-- Up-to-date symlink: /opt/cat_robot/src/ros2_ws/install/catui_msgs/share/catui_msgs/package.xml
-- Up-to-date: /opt/cat_robot/src/ros2_ws/install/catui_msgs/lib/libcatui_msgs__rosidl_generator_c.so
-- Up-to-date: /opt/cat_robot/src/ros2_ws/install/catui_msgs/lib/libcatui_msgs__rosidl_typesupport_introspection_c.so
-- Up-to-date: /opt/cat_robot/src/ros2_ws/install/catui_msgs/lib/libcatui_msgs__rosidl_typesupport_fastrtps_c.so
-- Up-to-date: /opt/cat_robot/src/ros2_ws/install/catui_msgs/lib/libcatui_msgs__rosidl_typesupport_c.so
-- Up-to-date: /opt/cat_robot/src/ros2_ws/install/catui_msgs/lib/libcatui_msgs__rosidl_typesupport_introspection_cpp.so
-- Up-to-date: /opt/cat_robot/src/ros2_ws/install/catui_msgs/lib/libcatui_msgs__rosidl_typesupport_fastrtps_cpp.so
-- Up-to-date: /opt/cat_robot/src/ros2_ws/install/catui_msgs/lib/libcatui_msgs__rosidl_typesupport_cpp.so
Listing '/opt/cat_robot/src/ros2_ws/install/catui_msgs/local/lib/python3.12/dist-packages/catui_msgs'...
Listing '/opt/cat_robot/src/ros2_ws/install/catui_msgs/local/lib/python3.12/dist-packages/catui_msgs/msg'...
-- Up-to-date: /opt/cat_robot/src/ros2_ws/install/catui_msgs/lib/libcatui_msgs__rosidl_generator_py.so
-- Up-to-date: /opt/cat_robot/src/ros2_ws/install/catui_msgs/share/catui_msgs/cmake/export_catui_msgs__rosidl_generator_cExport.cmake
-- Up-to-date: /opt/cat_robot/src/ros2_ws/install/catui_msgs/share/catui_msgs/cmake/export_catui_msgs__rosidl_generator_cExport-noconfig.cmake
-- Up-to-date: /opt/cat_robot/src/ros2_ws/install/catui_msgs/share/catui_msgs/cmake/catui_msgs__rosidl_typesupport_introspection_cExport.cmake
-- Up-to-date: /opt/cat_robot/src/ros2_ws/install/catui_msgs/share/catui_msgs/cmake/catui_msgs__rosidl_typesupport_introspection_cExport-noconfig.cmake
-- Up-to-date: /opt/cat_robot/src/ros2_ws/install/catui_msgs/share/catui_msgs/cmake/export_catui_msgs__rosidl_typesupport_fastrtps_cExport.cmake
-- Up-to-date: /opt/cat_robot/src/ros2_ws/install/catui_msgs/share/catui_msgs/cmake/export_catui_msgs__rosidl_typesupport_fastrtps_cExport-noconfig.cmake
-- Up-to-date: /opt/cat_robot/src/ros2_ws/install/catui_msgs/share/catui_msgs/cmake/catui_msgs__rosidl_typesupport_cExport.cmake
-- Up-to-date: /opt/cat_robot/src/ros2_ws/install/catui_msgs/share/catui_msgs/cmake/catui_msgs__rosidl_typesupport_cExport-noconfig.cmake
-- Up-to-date: /opt/cat_robot/src/ros2_ws/install/catui_msgs/share/catui_msgs/cmake/export_catui_msgs__rosidl_generator_cppExport.cmake
-- Up-to-date: /opt/cat_robot/src/ros2_ws/install/catui_msgs/share/catui_msgs/cmake/catui_msgs__rosidl_typesupport_introspection_cppExport.cmake
-- Up-to-date: /opt/cat_robot/src/ros2_ws/install/catui_msgs/share/catui_msgs/cmake/catui_msgs__rosidl_typesupport_introspection_cppExport-noconfig.cmake
-- Up-to-date: /opt/cat_robot/src/ros2_ws/install/catui_msgs/share/catui_msgs/cmake/export_catui_msgs__rosidl_typesupport_fastrtps_cppExport.cmake
-- Up-to-date: /opt/cat_robot/src/ros2_ws/install/catui_msgs/share/catui_msgs/cmake/export_catui_msgs__rosidl_typesupport_fastrtps_cppExport-noconfig.cmake
-- Up-to-date: /opt/cat_robot/src/ros2_ws/install/catui_msgs/share/catui_msgs/cmake/catui_msgs__rosidl_typesupport_cppExport.cmake
-- Up-to-date: /opt/cat_robot/src/ros2_ws/install/catui_msgs/share/catui_msgs/cmake/catui_msgs__rosidl_typesupport_cppExport-noconfig.cmake
-- Up-to-date: /opt/cat_robot/src/ros2_ws/install/catui_msgs/share/catui_msgs/cmake/export_catui_msgs__rosidl_generator_pyExport.cmake
-- Up-to-date: /opt/cat_robot/src/ros2_ws/install/catui_msgs/share/catui_msgs/cmake/export_catui_msgs__rosidl_generator_pyExport-noconfig.cmake
