[0.105s] Invoking command in '/opt/cat_robot/src/ros2_ws/build/catui_msgs': CMAKE_PREFIX_PATH=${CMAKE_PREFIX_PATH}:/root/ros2_humble/install/ros2bag:/root/ros2_humble/install/tracetools_test:/root/ros2_humble/install/tracetools_launch:/root/ros2_humble/install/tf2_ros_py:/root/ros2_humble/install/sros2:/root/ros2_humble/install/rqt_msg:/root/ros2_humble/install/rqt_console:/root/ros2_humble/install/rqt_gui_py:/root/ros2_humble/install/rqt_gui:/root/ros2_humble/install/ros2test:/root/ros2_humble/install/ros2param:/root/ros2_humble/install/ros2service:/root/ros2_humble/install/ros2run:/root/ros2_humble/install/ros2pkg:/root/ros2_humble/install/ros2node:/root/ros2_humble/install/ros2multicast:/root/ros2_humble/install/ros2cli:/root/ros2_humble/install/launch_testing_ros:/root/ros2_humble/install/launch_ros:/root/ros2_humble/install/demo_nodes_py:/root/ros2_humble/install/ament_uncrustify:/root/ros2_humble/install/tracetools_trace:/root/ros2_humble/install/tracetools_read:/root/ros2_humble/install/sensor_msgs_py:/root/ros2_humble/install/rpyutils:/root/ros2_humble/install/rosidl_runtime_py:/root/ros2_humble/install/rosidl_cli:/root/ros2_humble/install/launch_testing:/root/ros2_humble/install/launch_yaml:/root/ros2_humble/install/launch_xml:/root/ros2_humble/install/launch:/root/ros2_humble/install/osrf_pycommon:/root/ros2_humble/install/domain_coordinator:/root/ros2_humble/install/ament_xmllint:/root/ros2_humble/install/ament_pyflakes:/root/ros2_humble/install/ament_pycodestyle:/root/ros2_humble/install/ament_pep257:/root/ros2_humble/install/ament_pclint:/root/ros2_humble/install/ament_package:/root/ros2_humble/install/ament_mypy:/root/ros2_humble/install/ament_lint_cmake:/root/ros2_humble/install/ament_flake8:/root/ros2_humble/install/ament_copyright:/root/ros2_humble/install/ament_lint:/root/ros2_humble/install/ament_index_python:/root/ros2_humble/install/ament_cpplint:/root/ros2_humble/install/ament_cppcheck:/root/ros2_humble/install/ament_clang_tidy:/root/ros2_humble/install/ament_clang_format /usr/bin/cmake --build /opt/cat_robot/src/ros2_ws/build/catui_msgs -- -j4 -l4
[0.571s] [  9%] Built target catui_msgs__rosidl_generator_c
[0.624s] [ 12%] Built target catui_msgs__rs
[0.630s] [ 15%] Built target catui_msgs__cpp
[0.652s] [ 15%] Built target ament_cmake_python_symlink_catui_msgs
[0.830s] [ 25%] Built target catui_msgs__rosidl_typesupport_c
[0.843s] [ 34%] Built target catui_msgs__rosidl_typesupport_fastrtps_cpp
[0.849s] [ 43%] Built target catui_msgs__rosidl_typesupport_introspection_c
[0.861s] [ 53%] Built target catui_msgs__rosidl_typesupport_fastrtps_c
[0.984s] [ 62%] Built target catui_msgs__rosidl_typesupport_cpp
[1.006s] [ 71%] Built target catui_msgs__rosidl_typesupport_introspection_cpp
[1.167s] [ 71%] Built target catui_msgs
[1.263s] [ 75%] Built target catui_msgs__py
[1.371s] [ 81%] Built target catui_msgs__rosidl_generator_py
[1.509s] [ 87%] Built target catui_msgs__rosidl_typesupport_introspection_c__pyext
[1.526s] [ 93%] Built target catui_msgs__rosidl_typesupport_c__pyext
[1.539s] [100%] Built target catui_msgs__rosidl_typesupport_fastrtps_c__pyext
[1.691s] running egg_info
[1.753s] writing catui_msgs.egg-info/PKG-INFO
[1.753s] writing dependency_links to catui_msgs.egg-info/dependency_links.txt
[1.754s] writing top-level names to catui_msgs.egg-info/top_level.txt
[1.990s] reading manifest file 'catui_msgs.egg-info/SOURCES.txt'
[2.011s] writing manifest file 'catui_msgs.egg-info/SOURCES.txt'
[2.180s] [100%] Built target ament_cmake_python_build_catui_msgs_egg
[2.220s] Invoked command in '/opt/cat_robot/src/ros2_ws/build/catui_msgs' returned '0': CMAKE_PREFIX_PATH=${CMAKE_PREFIX_PATH}:/root/ros2_humble/install/ros2bag:/root/ros2_humble/install/tracetools_test:/root/ros2_humble/install/tracetools_launch:/root/ros2_humble/install/tf2_ros_py:/root/ros2_humble/install/sros2:/root/ros2_humble/install/rqt_msg:/root/ros2_humble/install/rqt_console:/root/ros2_humble/install/rqt_gui_py:/root/ros2_humble/install/rqt_gui:/root/ros2_humble/install/ros2test:/root/ros2_humble/install/ros2param:/root/ros2_humble/install/ros2service:/root/ros2_humble/install/ros2run:/root/ros2_humble/install/ros2pkg:/root/ros2_humble/install/ros2node:/root/ros2_humble/install/ros2multicast:/root/ros2_humble/install/ros2cli:/root/ros2_humble/install/launch_testing_ros:/root/ros2_humble/install/launch_ros:/root/ros2_humble/install/demo_nodes_py:/root/ros2_humble/install/ament_uncrustify:/root/ros2_humble/install/tracetools_trace:/root/ros2_humble/install/tracetools_read:/root/ros2_humble/install/sensor_msgs_py:/root/ros2_humble/install/rpyutils:/root/ros2_humble/install/rosidl_runtime_py:/root/ros2_humble/install/rosidl_cli:/root/ros2_humble/install/launch_testing:/root/ros2_humble/install/launch_yaml:/root/ros2_humble/install/launch_xml:/root/ros2_humble/install/launch:/root/ros2_humble/install/osrf_pycommon:/root/ros2_humble/install/domain_coordinator:/root/ros2_humble/install/ament_xmllint:/root/ros2_humble/install/ament_pyflakes:/root/ros2_humble/install/ament_pycodestyle:/root/ros2_humble/install/ament_pep257:/root/ros2_humble/install/ament_pclint:/root/ros2_humble/install/ament_package:/root/ros2_humble/install/ament_mypy:/root/ros2_humble/install/ament_lint_cmake:/root/ros2_humble/install/ament_flake8:/root/ros2_humble/install/ament_copyright:/root/ros2_humble/install/ament_lint:/root/ros2_humble/install/ament_index_python:/root/ros2_humble/install/ament_cpplint:/root/ros2_humble/install/ament_cppcheck:/root/ros2_humble/install/ament_clang_tidy:/root/ros2_humble/install/ament_clang_format /usr/bin/cmake --build /opt/cat_robot/src/ros2_ws/build/catui_msgs -- -j4 -l4
[2.227s] Invoking command in '/opt/cat_robot/src/ros2_ws/build/catui_msgs': CMAKE_PREFIX_PATH=${CMAKE_PREFIX_PATH}:/root/ros2_humble/install/ros2bag:/root/ros2_humble/install/tracetools_test:/root/ros2_humble/install/tracetools_launch:/root/ros2_humble/install/tf2_ros_py:/root/ros2_humble/install/sros2:/root/ros2_humble/install/rqt_msg:/root/ros2_humble/install/rqt_console:/root/ros2_humble/install/rqt_gui_py:/root/ros2_humble/install/rqt_gui:/root/ros2_humble/install/ros2test:/root/ros2_humble/install/ros2param:/root/ros2_humble/install/ros2service:/root/ros2_humble/install/ros2run:/root/ros2_humble/install/ros2pkg:/root/ros2_humble/install/ros2node:/root/ros2_humble/install/ros2multicast:/root/ros2_humble/install/ros2cli:/root/ros2_humble/install/launch_testing_ros:/root/ros2_humble/install/launch_ros:/root/ros2_humble/install/demo_nodes_py:/root/ros2_humble/install/ament_uncrustify:/root/ros2_humble/install/tracetools_trace:/root/ros2_humble/install/tracetools_read:/root/ros2_humble/install/sensor_msgs_py:/root/ros2_humble/install/rpyutils:/root/ros2_humble/install/rosidl_runtime_py:/root/ros2_humble/install/rosidl_cli:/root/ros2_humble/install/launch_testing:/root/ros2_humble/install/launch_yaml:/root/ros2_humble/install/launch_xml:/root/ros2_humble/install/launch:/root/ros2_humble/install/osrf_pycommon:/root/ros2_humble/install/domain_coordinator:/root/ros2_humble/install/ament_xmllint:/root/ros2_humble/install/ament_pyflakes:/root/ros2_humble/install/ament_pycodestyle:/root/ros2_humble/install/ament_pep257:/root/ros2_humble/install/ament_pclint:/root/ros2_humble/install/ament_package:/root/ros2_humble/install/ament_mypy:/root/ros2_humble/install/ament_lint_cmake:/root/ros2_humble/install/ament_flake8:/root/ros2_humble/install/ament_copyright:/root/ros2_humble/install/ament_lint:/root/ros2_humble/install/ament_index_python:/root/ros2_humble/install/ament_cpplint:/root/ros2_humble/install/ament_cppcheck:/root/ros2_humble/install/ament_clang_tidy:/root/ros2_humble/install/ament_clang_format /usr/bin/cmake --install /opt/cat_robot/src/ros2_ws/build/catui_msgs
[2.261s] -- Install configuration: ""
[2.267s] -- Execute custom install script
[2.268s] -- Up-to-date symlink: /opt/cat_robot/src/ros2_ws/install/catui_msgs/share/ament_index/resource_index/rosidl_interfaces/catui_msgs
[2.268s] -- Up-to-date symlink: /opt/cat_robot/src/ros2_ws/install/catui_msgs/include/catui_msgs/catui_msgs/msg/cat_ui_command.h
[2.269s] -- Up-to-date symlink: /opt/cat_robot/src/ros2_ws/install/catui_msgs/include/catui_msgs/catui_msgs/msg/detail/cat_ui_command__functions.h
[2.269s] -- Up-to-date symlink: /opt/cat_robot/src/ros2_ws/install/catui_msgs/include/catui_msgs/catui_msgs/msg/detail/cat_ui_command__struct.h
[2.269s] -- Up-to-date symlink: /opt/cat_robot/src/ros2_ws/install/catui_msgs/include/catui_msgs/catui_msgs/msg/detail/cat_ui_command__type_support.h
[2.269s] -- Up-to-date symlink: /opt/cat_robot/src/ros2_ws/install/catui_msgs/include/catui_msgs/catui_msgs/msg/rosidl_generator_c__visibility_control.h
[2.269s] -- Up-to-date symlink: /opt/cat_robot/src/ros2_ws/install/catui_msgs/share/catui_msgs/environment/library_path.sh
[2.270s] -- Up-to-date symlink: /opt/cat_robot/src/ros2_ws/install/catui_msgs/share/catui_msgs/environment/library_path.dsv
[2.272s] -- Up-to-date symlink: /opt/cat_robot/src/ros2_ws/install/catui_msgs/include/catui_msgs/catui_msgs/msg/detail/cat_ui_command__rosidl_typesupport_introspection_c.h
[2.272s] -- Up-to-date symlink: /opt/cat_robot/src/ros2_ws/install/catui_msgs/include/catui_msgs/catui_msgs/msg/rosidl_typesupport_introspection_c__visibility_control.h
[2.272s] -- Up-to-date symlink: /opt/cat_robot/src/ros2_ws/install/catui_msgs/include/catui_msgs/catui_msgs/msg/detail/cat_ui_command__rosidl_typesupport_fastrtps_c.h
[2.272s] -- Up-to-date symlink: /opt/cat_robot/src/ros2_ws/install/catui_msgs/include/catui_msgs/catui_msgs/msg/rosidl_typesupport_fastrtps_c__visibility_control.h
[2.273s] -- Up-to-date symlink: /opt/cat_robot/src/ros2_ws/install/catui_msgs/include/catui_msgs/catui_msgs/msg/cat_ui_command.hpp
[2.273s] -- Up-to-date symlink: /opt/cat_robot/src/ros2_ws/install/catui_msgs/include/catui_msgs/catui_msgs/msg/detail/cat_ui_command__builder.hpp
[2.273s] -- Up-to-date symlink: /opt/cat_robot/src/ros2_ws/install/catui_msgs/include/catui_msgs/catui_msgs/msg/detail/cat_ui_command__struct.hpp
[2.273s] -- Up-to-date symlink: /opt/cat_robot/src/ros2_ws/install/catui_msgs/include/catui_msgs/catui_msgs/msg/detail/cat_ui_command__traits.hpp
[2.273s] -- Up-to-date symlink: /opt/cat_robot/src/ros2_ws/install/catui_msgs/include/catui_msgs/catui_msgs/msg/detail/cat_ui_command__type_support.hpp
[2.273s] -- Up-to-date symlink: /opt/cat_robot/src/ros2_ws/install/catui_msgs/include/catui_msgs/catui_msgs/msg/rosidl_generator_cpp__visibility_control.hpp
[2.273s] -- Up-to-date symlink: /opt/cat_robot/src/ros2_ws/install/catui_msgs/include/catui_msgs/catui_msgs/msg/detail/cat_ui_command__rosidl_typesupport_introspection_cpp.hpp
[2.273s] -- Up-to-date symlink: /opt/cat_robot/src/ros2_ws/install/catui_msgs/include/catui_msgs/catui_msgs/msg/detail/cat_ui_command__rosidl_typesupport_fastrtps_cpp.hpp
[2.273s] -- Up-to-date symlink: /opt/cat_robot/src/ros2_ws/install/catui_msgs/include/catui_msgs/catui_msgs/msg/rosidl_typesupport_fastrtps_cpp__visibility_control.h
[2.274s] -- Up-to-date symlink: /opt/cat_robot/src/ros2_ws/install/catui_msgs/share/catui_msgs/environment/pythonpath.sh
[2.274s] -- Up-to-date symlink: /opt/cat_robot/src/ros2_ws/install/catui_msgs/share/catui_msgs/environment/pythonpath.dsv
[2.274s] -- Up-to-date symlink: /opt/cat_robot/src/ros2_ws/install/catui_msgs/local/lib/python3.12/dist-packages/catui_msgs-0.0.1-py3.12.egg-info/PKG-INFO
[2.274s] -- Up-to-date symlink: /opt/cat_robot/src/ros2_ws/install/catui_msgs/local/lib/python3.12/dist-packages/catui_msgs-0.0.1-py3.12.egg-info/SOURCES.txt
[2.274s] -- Up-to-date symlink: /opt/cat_robot/src/ros2_ws/install/catui_msgs/local/lib/python3.12/dist-packages/catui_msgs-0.0.1-py3.12.egg-info/dependency_links.txt
[2.275s] -- Up-to-date symlink: /opt/cat_robot/src/ros2_ws/install/catui_msgs/local/lib/python3.12/dist-packages/catui_msgs-0.0.1-py3.12.egg-info/top_level.txt
[2.275s] -- Up-to-date symlink: /opt/cat_robot/src/ros2_ws/install/catui_msgs/local/lib/python3.12/dist-packages/catui_msgs/__init__.py
[2.276s] -- Up-to-date symlink: /opt/cat_robot/src/ros2_ws/install/catui_msgs/local/lib/python3.12/dist-packages/catui_msgs/_catui_msgs_s.ep.rosidl_typesupport_c.c
[2.276s] -- Up-to-date symlink: /opt/cat_robot/src/ros2_ws/install/catui_msgs/local/lib/python3.12/dist-packages/catui_msgs/_catui_msgs_s.ep.rosidl_typesupport_fastrtps_c.c
[2.276s] -- Up-to-date symlink: /opt/cat_robot/src/ros2_ws/install/catui_msgs/local/lib/python3.12/dist-packages/catui_msgs/_catui_msgs_s.ep.rosidl_typesupport_introspection_c.c
[2.276s] -- Up-to-date symlink: /opt/cat_robot/src/ros2_ws/install/catui_msgs/local/lib/python3.12/dist-packages/catui_msgs/catui_msgs_s__rosidl_typesupport_c.cpython-312-aarch64-linux-gnu.so
[2.276s] -- Up-to-date symlink: /opt/cat_robot/src/ros2_ws/install/catui_msgs/local/lib/python3.12/dist-packages/catui_msgs/catui_msgs_s__rosidl_typesupport_fastrtps_c.cpython-312-aarch64-linux-gnu.so
[2.276s] -- Up-to-date symlink: /opt/cat_robot/src/ros2_ws/install/catui_msgs/local/lib/python3.12/dist-packages/catui_msgs/catui_msgs_s__rosidl_typesupport_introspection_c.cpython-312-aarch64-linux-gnu.so
[2.277s] -- Up-to-date symlink: /opt/cat_robot/src/ros2_ws/install/catui_msgs/local/lib/python3.12/dist-packages/catui_msgs/libcatui_msgs__rosidl_generator_py.so
[2.277s] -- Up-to-date symlink: /opt/cat_robot/src/ros2_ws/install/catui_msgs/local/lib/python3.12/dist-packages/catui_msgs/msg/__init__.py
[2.277s] -- Up-to-date symlink: /opt/cat_robot/src/ros2_ws/install/catui_msgs/local/lib/python3.12/dist-packages/catui_msgs/msg/_cat_ui_command.py
[2.277s] -- Up-to-date symlink: /opt/cat_robot/src/ros2_ws/install/catui_msgs/local/lib/python3.12/dist-packages/catui_msgs/msg/_cat_ui_command_s.c
[2.281s] -- Up-to-date symlink: /opt/cat_robot/src/ros2_ws/install/catui_msgs/local/lib/python3.12/dist-packages/catui_msgs/catui_msgs_s__rosidl_typesupport_introspection_c.cpython-312-aarch64-linux-gnu.so
[2.283s] -- Up-to-date symlink: /opt/cat_robot/src/ros2_ws/install/catui_msgs/local/lib/python3.12/dist-packages/catui_msgs/catui_msgs_s__rosidl_typesupport_fastrtps_c.cpython-312-aarch64-linux-gnu.so
[2.285s] -- Up-to-date symlink: /opt/cat_robot/src/ros2_ws/install/catui_msgs/local/lib/python3.12/dist-packages/catui_msgs/catui_msgs_s__rosidl_typesupport_c.cpython-312-aarch64-linux-gnu.so
[2.286s] -- Up-to-date symlink: /opt/cat_robot/src/ros2_ws/install/catui_msgs/share/ament_index/resource_index/rust_packages/catui_msgs
[2.286s] -- Up-to-date symlink: /opt/cat_robot/src/ros2_ws/install/catui_msgs/share/catui_msgs/rust/Cargo.toml
[2.287s] -- Up-to-date symlink: /opt/cat_robot/src/ros2_ws/install/catui_msgs/share/catui_msgs/rust/build.rs
[2.287s] -- Up-to-date symlink: /opt/cat_robot/src/ros2_ws/install/catui_msgs/share/catui_msgs/rust/src/lib.rs
[2.287s] -- Up-to-date symlink: /opt/cat_robot/src/ros2_ws/install/catui_msgs/share/catui_msgs/rust/src/msg.rs
[2.287s] -- Up-to-date symlink: /opt/cat_robot/src/ros2_ws/install/catui_msgs/share/catui_msgs/rust/src/msg/rmw.rs
[2.290s] -- Up-to-date symlink: /opt/cat_robot/src/ros2_ws/install/catui_msgs/share/catui_msgs/msg/CatUICommand.idl
[2.290s] -- Up-to-date symlink: /opt/cat_robot/src/ros2_ws/install/catui_msgs/share/catui_msgs/msg/CatUICommand.msg
[2.290s] -- Up-to-date symlink: /opt/cat_robot/src/ros2_ws/install/catui_msgs/share/ament_index/resource_index/package_run_dependencies/catui_msgs
[2.290s] -- Up-to-date symlink: /opt/cat_robot/src/ros2_ws/install/catui_msgs/share/ament_index/resource_index/parent_prefix_path/catui_msgs
[2.291s] -- Up-to-date symlink: /opt/cat_robot/src/ros2_ws/install/catui_msgs/share/catui_msgs/environment/ament_prefix_path.sh
[2.291s] -- Up-to-date symlink: /opt/cat_robot/src/ros2_ws/install/catui_msgs/share/catui_msgs/environment/ament_prefix_path.dsv
[2.291s] -- Up-to-date symlink: /opt/cat_robot/src/ros2_ws/install/catui_msgs/share/catui_msgs/environment/path.sh
[2.291s] -- Up-to-date symlink: /opt/cat_robot/src/ros2_ws/install/catui_msgs/share/catui_msgs/environment/path.dsv
[2.291s] -- Up-to-date symlink: /opt/cat_robot/src/ros2_ws/install/catui_msgs/share/catui_msgs/local_setup.bash
[2.291s] -- Up-to-date symlink: /opt/cat_robot/src/ros2_ws/install/catui_msgs/share/catui_msgs/local_setup.sh
[2.291s] -- Up-to-date symlink: /opt/cat_robot/src/ros2_ws/install/catui_msgs/share/catui_msgs/local_setup.zsh
[2.291s] -- Up-to-date symlink: /opt/cat_robot/src/ros2_ws/install/catui_msgs/share/catui_msgs/local_setup.dsv
[2.291s] -- Symlinking: /opt/cat_robot/src/ros2_ws/install/catui_msgs/share/catui_msgs/package.dsv
[2.328s] -- Up-to-date symlink: /opt/cat_robot/src/ros2_ws/install/catui_msgs/share/ament_index/resource_index/packages/catui_msgs
[2.328s] -- Up-to-date symlink: /opt/cat_robot/src/ros2_ws/install/catui_msgs/share/catui_msgs/cmake/rosidl_cmake-extras.cmake
[2.328s] -- Up-to-date symlink: /opt/cat_robot/src/ros2_ws/install/catui_msgs/share/catui_msgs/cmake/ament_cmake_export_dependencies-extras.cmake
[2.328s] -- Up-to-date symlink: /opt/cat_robot/src/ros2_ws/install/catui_msgs/share/catui_msgs/cmake/ament_cmake_export_include_directories-extras.cmake
[2.329s] -- Up-to-date symlink: /opt/cat_robot/src/ros2_ws/install/catui_msgs/share/catui_msgs/cmake/ament_cmake_export_libraries-extras.cmake
[2.329s] -- Up-to-date symlink: /opt/cat_robot/src/ros2_ws/install/catui_msgs/share/catui_msgs/cmake/ament_cmake_export_targets-extras.cmake
[2.329s] -- Up-to-date symlink: /opt/cat_robot/src/ros2_ws/install/catui_msgs/share/catui_msgs/cmake/rosidl_cmake_export_typesupport_targets-extras.cmake
[2.331s] -- Up-to-date symlink: /opt/cat_robot/src/ros2_ws/install/catui_msgs/share/catui_msgs/cmake/rosidl_cmake_export_typesupport_libraries-extras.cmake
[2.331s] -- Up-to-date symlink: /opt/cat_robot/src/ros2_ws/install/catui_msgs/share/catui_msgs/cmake/catui_msgsConfig.cmake
[2.333s] -- Up-to-date symlink: /opt/cat_robot/src/ros2_ws/install/catui_msgs/share/catui_msgs/cmake/catui_msgsConfig-version.cmake
[2.333s] -- Up-to-date symlink: /opt/cat_robot/src/ros2_ws/install/catui_msgs/share/catui_msgs/package.xml
[2.333s] -- Up-to-date: /opt/cat_robot/src/ros2_ws/install/catui_msgs/lib/libcatui_msgs__rosidl_generator_c.so
[2.333s] -- Up-to-date: /opt/cat_robot/src/ros2_ws/install/catui_msgs/lib/libcatui_msgs__rosidl_typesupport_introspection_c.so
[2.333s] -- Up-to-date: /opt/cat_robot/src/ros2_ws/install/catui_msgs/lib/libcatui_msgs__rosidl_typesupport_fastrtps_c.so
[2.334s] -- Up-to-date: /opt/cat_robot/src/ros2_ws/install/catui_msgs/lib/libcatui_msgs__rosidl_typesupport_c.so
[2.341s] -- Up-to-date: /opt/cat_robot/src/ros2_ws/install/catui_msgs/lib/libcatui_msgs__rosidl_typesupport_introspection_cpp.so
[2.348s] -- Up-to-date: /opt/cat_robot/src/ros2_ws/install/catui_msgs/lib/libcatui_msgs__rosidl_typesupport_fastrtps_cpp.so
[2.355s] -- Up-to-date: /opt/cat_robot/src/ros2_ws/install/catui_msgs/lib/libcatui_msgs__rosidl_typesupport_cpp.so
[2.559s] Listing '/opt/cat_robot/src/ros2_ws/install/catui_msgs/local/lib/python3.12/dist-packages/catui_msgs'...
[2.559s] Listing '/opt/cat_robot/src/ros2_ws/install/catui_msgs/local/lib/python3.12/dist-packages/catui_msgs/msg'...
[2.587s] -- Up-to-date: /opt/cat_robot/src/ros2_ws/install/catui_msgs/lib/libcatui_msgs__rosidl_generator_py.so
[2.588s] -- Up-to-date: /opt/cat_robot/src/ros2_ws/install/catui_msgs/share/catui_msgs/cmake/export_catui_msgs__rosidl_generator_cExport.cmake
[2.589s] -- Up-to-date: /opt/cat_robot/src/ros2_ws/install/catui_msgs/share/catui_msgs/cmake/export_catui_msgs__rosidl_generator_cExport-noconfig.cmake
[2.593s] -- Up-to-date: /opt/cat_robot/src/ros2_ws/install/catui_msgs/share/catui_msgs/cmake/catui_msgs__rosidl_typesupport_introspection_cExport.cmake
[2.594s] -- Up-to-date: /opt/cat_robot/src/ros2_ws/install/catui_msgs/share/catui_msgs/cmake/catui_msgs__rosidl_typesupport_introspection_cExport-noconfig.cmake
[2.594s] -- Up-to-date: /opt/cat_robot/src/ros2_ws/install/catui_msgs/share/catui_msgs/cmake/export_catui_msgs__rosidl_typesupport_fastrtps_cExport.cmake
[2.594s] -- Up-to-date: /opt/cat_robot/src/ros2_ws/install/catui_msgs/share/catui_msgs/cmake/export_catui_msgs__rosidl_typesupport_fastrtps_cExport-noconfig.cmake
[2.594s] -- Up-to-date: /opt/cat_robot/src/ros2_ws/install/catui_msgs/share/catui_msgs/cmake/catui_msgs__rosidl_typesupport_cExport.cmake
[2.594s] -- Up-to-date: /opt/cat_robot/src/ros2_ws/install/catui_msgs/share/catui_msgs/cmake/catui_msgs__rosidl_typesupport_cExport-noconfig.cmake
[2.602s] -- Up-to-date: /opt/cat_robot/src/ros2_ws/install/catui_msgs/share/catui_msgs/cmake/export_catui_msgs__rosidl_generator_cppExport.cmake
[2.607s] -- Up-to-date: /opt/cat_robot/src/ros2_ws/install/catui_msgs/share/catui_msgs/cmake/catui_msgs__rosidl_typesupport_introspection_cppExport.cmake
[2.607s] -- Up-to-date: /opt/cat_robot/src/ros2_ws/install/catui_msgs/share/catui_msgs/cmake/catui_msgs__rosidl_typesupport_introspection_cppExport-noconfig.cmake
[2.608s] -- Up-to-date: /opt/cat_robot/src/ros2_ws/install/catui_msgs/share/catui_msgs/cmake/export_catui_msgs__rosidl_typesupport_fastrtps_cppExport.cmake
[2.609s] -- Up-to-date: /opt/cat_robot/src/ros2_ws/install/catui_msgs/share/catui_msgs/cmake/export_catui_msgs__rosidl_typesupport_fastrtps_cppExport-noconfig.cmake
[2.609s] -- Up-to-date: /opt/cat_robot/src/ros2_ws/install/catui_msgs/share/catui_msgs/cmake/catui_msgs__rosidl_typesupport_cppExport.cmake
[2.609s] -- Up-to-date: /opt/cat_robot/src/ros2_ws/install/catui_msgs/share/catui_msgs/cmake/catui_msgs__rosidl_typesupport_cppExport-noconfig.cmake
[2.610s] -- Up-to-date: /opt/cat_robot/src/ros2_ws/install/catui_msgs/share/catui_msgs/cmake/export_catui_msgs__rosidl_generator_pyExport.cmake
[2.610s] -- Up-to-date: /opt/cat_robot/src/ros2_ws/install/catui_msgs/share/catui_msgs/cmake/export_catui_msgs__rosidl_generator_pyExport-noconfig.cmake
[2.627s] Invoked command in '/opt/cat_robot/src/ros2_ws/build/catui_msgs' returned '0': CMAKE_PREFIX_PATH=${CMAKE_PREFIX_PATH}:/root/ros2_humble/install/ros2bag:/root/ros2_humble/install/tracetools_test:/root/ros2_humble/install/tracetools_launch:/root/ros2_humble/install/tf2_ros_py:/root/ros2_humble/install/sros2:/root/ros2_humble/install/rqt_msg:/root/ros2_humble/install/rqt_console:/root/ros2_humble/install/rqt_gui_py:/root/ros2_humble/install/rqt_gui:/root/ros2_humble/install/ros2test:/root/ros2_humble/install/ros2param:/root/ros2_humble/install/ros2service:/root/ros2_humble/install/ros2run:/root/ros2_humble/install/ros2pkg:/root/ros2_humble/install/ros2node:/root/ros2_humble/install/ros2multicast:/root/ros2_humble/install/ros2cli:/root/ros2_humble/install/launch_testing_ros:/root/ros2_humble/install/launch_ros:/root/ros2_humble/install/demo_nodes_py:/root/ros2_humble/install/ament_uncrustify:/root/ros2_humble/install/tracetools_trace:/root/ros2_humble/install/tracetools_read:/root/ros2_humble/install/sensor_msgs_py:/root/ros2_humble/install/rpyutils:/root/ros2_humble/install/rosidl_runtime_py:/root/ros2_humble/install/rosidl_cli:/root/ros2_humble/install/launch_testing:/root/ros2_humble/install/launch_yaml:/root/ros2_humble/install/launch_xml:/root/ros2_humble/install/launch:/root/ros2_humble/install/osrf_pycommon:/root/ros2_humble/install/domain_coordinator:/root/ros2_humble/install/ament_xmllint:/root/ros2_humble/install/ament_pyflakes:/root/ros2_humble/install/ament_pycodestyle:/root/ros2_humble/install/ament_pep257:/root/ros2_humble/install/ament_pclint:/root/ros2_humble/install/ament_package:/root/ros2_humble/install/ament_mypy:/root/ros2_humble/install/ament_lint_cmake:/root/ros2_humble/install/ament_flake8:/root/ros2_humble/install/ament_copyright:/root/ros2_humble/install/ament_lint:/root/ros2_humble/install/ament_index_python:/root/ros2_humble/install/ament_cpplint:/root/ros2_humble/install/ament_cppcheck:/root/ros2_humble/install/ament_clang_tidy:/root/ros2_humble/install/ament_clang_format /usr/bin/cmake --install /opt/cat_robot/src/ros2_ws/build/catui_msgs
