running develop
/usr/lib/python3/dist-packages/setuptools/command/easy_install.py:363: UserWarning: Unbuilt egg for pytest-repeat [unknown version] (/usr/lib/python3/dist-packages)
  self.local_index = Environment(self.shadow_path + sys.path)
running egg_info
writing cat_robot_bringup.egg-info/PKG-INFO
writing dependency_links to cat_robot_bringup.egg-info/dependency_links.txt
writing requirements to cat_robot_bringup.egg-info/requires.txt
writing top-level names to cat_robot_bringup.egg-info/top_level.txt
reading manifest file 'cat_robot_bringup.egg-info/SOURCES.txt'
writing manifest file 'cat_robot_bringup.egg-info/SOURCES.txt'
running build_ext
Creating /opt/cat_robot/src/ros2_ws/install/cat_robot_bringup/lib/python3.12/site-packages/cat-robot-bringup.egg-link (link to .)

Installed /opt/cat_robot/src/ros2_ws/build/cat_robot_bringup
running symlink_data
creating /opt/cat_robot/src/ros2_ws/install/cat_robot_bringup/share/cat_robot_bringup/urdf
symbolically linking /opt/cat_robot/src/ros2_ws/build/cat_robot_bringup/urdf/robot.urdf -> /opt/cat_robot/src/ros2_ws/install/cat_robot_bringup/share/cat_robot_bringup/urdf
creating /opt/cat_robot/src/ros2_ws/install/cat_robot_bringup/share/cat_robot_bringup/meshes
symbolically linking /opt/cat_robot/src/ros2_ws/build/cat_robot_bringup/meshes/left_wheel.stl -> /opt/cat_robot/src/ros2_ws/install/cat_robot_bringup/share/cat_robot_bringup/meshes
symbolically linking /opt/cat_robot/src/ros2_ws/build/cat_robot_bringup/meshes/futa_1.stl -> /opt/cat_robot/src/ros2_ws/install/cat_robot_bringup/share/cat_robot_bringup/meshes
symbolically linking /opt/cat_robot/src/ros2_ws/build/cat_robot_bringup/meshes/right_wheel.stl -> /opt/cat_robot/src/ros2_ws/install/cat_robot_bringup/share/cat_robot_bringup/meshes
symbolically linking /opt/cat_robot/src/ros2_ws/build/cat_robot_bringup/meshes/base_link.stl -> /opt/cat_robot/src/ros2_ws/install/cat_robot_bringup/share/cat_robot_bringup/meshes
symbolically linking /opt/cat_robot/src/ros2_ws/build/cat_robot_bringup/meshes/flont_wheel.stl -> /opt/cat_robot/src/ros2_ws/install/cat_robot_bringup/share/cat_robot_bringup/meshes
