[2.651s] Invoking command in '/opt/cat_robot/src/ros2_ws/build/cat_robot_bringup': DEBUGINFOD_URLS=https://debuginfod.ubuntu.com PYTHONPATH=/opt/cat_robot/src/ros2_ws/build/cat_robot_bringup/prefix_override:/usr/lib/python3/dist-packages/colcon_core/task/python/colcon_distutils_commands:/opt/cat_robot/src/ros2_ws/install/cat_robot_bringup/lib/python3.12/site-packages:${PYTHONPATH} /usr/bin/python3 -W ignore:setup.py install is deprecated -W ignore:easy_install command is deprecated setup.py develop --editable --build-directory /opt/cat_robot/src/ros2_ws/build/cat_robot_bringup/build --no-deps symlink_data
[3.655s] running develop
[4.065s] /usr/lib/python3/dist-packages/setuptools/command/easy_install.py:363: UserWarning: Unbuilt egg for pytest-repeat [unknown version] (/usr/lib/python3/dist-packages)
[4.066s]   self.local_index = Environment(self.shadow_path + sys.path)
[4.142s] running egg_info
[4.190s] writing cat_robot_bringup.egg-info/PKG-INFO
[4.190s] writing dependency_links to cat_robot_bringup.egg-info/dependency_links.txt
[4.196s] writing requirements to cat_robot_bringup.egg-info/requires.txt
[4.197s] writing top-level names to cat_robot_bringup.egg-info/top_level.txt
[4.349s] reading manifest file 'cat_robot_bringup.egg-info/SOURCES.txt'
[4.350s] writing manifest file 'cat_robot_bringup.egg-info/SOURCES.txt'
[4.405s] running build_ext
[4.405s] Creating /opt/cat_robot/src/ros2_ws/install/cat_robot_bringup/lib/python3.12/site-packages/cat-robot-bringup.egg-link (link to .)
[4.406s] 
[4.406s] Installed /opt/cat_robot/src/ros2_ws/build/cat_robot_bringup
[4.407s] running symlink_data
[4.407s] creating /opt/cat_robot/src/ros2_ws/install/cat_robot_bringup/share/cat_robot_bringup/urdf
[4.407s] symbolically linking /opt/cat_robot/src/ros2_ws/build/cat_robot_bringup/urdf/robot.urdf -> /opt/cat_robot/src/ros2_ws/install/cat_robot_bringup/share/cat_robot_bringup/urdf
[4.407s] creating /opt/cat_robot/src/ros2_ws/install/cat_robot_bringup/share/cat_robot_bringup/meshes
[4.408s] symbolically linking /opt/cat_robot/src/ros2_ws/build/cat_robot_bringup/meshes/left_wheel.stl -> /opt/cat_robot/src/ros2_ws/install/cat_robot_bringup/share/cat_robot_bringup/meshes
[4.408s] symbolically linking /opt/cat_robot/src/ros2_ws/build/cat_robot_bringup/meshes/futa_1.stl -> /opt/cat_robot/src/ros2_ws/install/cat_robot_bringup/share/cat_robot_bringup/meshes
[4.408s] symbolically linking /opt/cat_robot/src/ros2_ws/build/cat_robot_bringup/meshes/right_wheel.stl -> /opt/cat_robot/src/ros2_ws/install/cat_robot_bringup/share/cat_robot_bringup/meshes
[4.408s] symbolically linking /opt/cat_robot/src/ros2_ws/build/cat_robot_bringup/meshes/base_link.stl -> /opt/cat_robot/src/ros2_ws/install/cat_robot_bringup/share/cat_robot_bringup/meshes
[4.408s] symbolically linking /opt/cat_robot/src/ros2_ws/build/cat_robot_bringup/meshes/flont_wheel.stl -> /opt/cat_robot/src/ros2_ws/install/cat_robot_bringup/share/cat_robot_bringup/meshes
[4.526s] Invoked command in '/opt/cat_robot/src/ros2_ws/build/cat_robot_bringup' returned '0': DEBUGINFOD_URLS=https://debuginfod.ubuntu.com PYTHONPATH=/opt/cat_robot/src/ros2_ws/build/cat_robot_bringup/prefix_override:/usr/lib/python3/dist-packages/colcon_core/task/python/colcon_distutils_commands:/opt/cat_robot/src/ros2_ws/install/cat_robot_bringup/lib/python3.12/site-packages:${PYTHONPATH} /usr/bin/python3 -W ignore:setup.py install is deprecated -W ignore:easy_install command is deprecated setup.py develop --editable --build-directory /opt/cat_robot/src/ros2_ws/build/cat_robot_bringup/build --no-deps symlink_data
