[0.396s] DEBUG:colcon:Command line arguments: ['/usr/bin/colcon', 'build', '--symlink-install', '--packages-select', 'catui_bridge']
[0.397s] DEBUG:colcon:Parsed command line arguments: Namespace(log_base=None, log_level=None, verb_name='build', build_base='build', install_base='install', merge_install=False, symlink_install=True, test_result_base=None, continue_on_error=False, executor='parallel', parallel_workers=4, event_handlers=None, ignore_user_meta=False, metas=['./colcon.meta'], base_paths=['.'], packages_ignore=None, packages_ignore_regex=None, paths=None, packages_up_to=None, packages_up_to_regex=None, packages_above=None, packages_above_and_dependencies=None, packages_above_depth=None, packages_select_by_dep=None, packages_skip_by_dep=None, packages_skip_up_to=None, packages_select_build_failed=False, packages_skip_build_finished=False, packages_select_test_failures=False, packages_skip_test_passed=False, packages_select=['catui_bridge'], packages_skip=None, packages_select_regex=None, packages_skip_regex=None, packages_start=None, packages_end=None, allow_overriding=[], cmake_args=None, cmake_target=None, cmake_target_skip_unavailable=False, cmake_clean_cache=False, cmake_clean_first=False, cmake_force_configure=False, ament_cmake_args=None, catkin_cmake_args=None, catkin_skip_building_tests=False, mixin_files=None, mixin=None, verb_parser=<colcon_mixin.mixin.mixin_argument.MixinArgumentDecorator object at 0xffffafc0f770>, verb_extension=<colcon_core.verb.build.BuildVerb object at 0xffffafb33da0>, main=<bound method BuildVerb.main of <colcon_core.verb.build.BuildVerb object at 0xffffafb33da0>>, mixin_verb=('build',))
[0.516s] Level 1:colcon.colcon_core.package_discovery:discover_packages(colcon_meta) check parameters
[0.516s] Level 1:colcon.colcon_core.package_discovery:discover_packages(recursive) check parameters
[0.516s] Level 1:colcon.colcon_core.package_discovery:discover_packages(ignore) check parameters
[0.516s] Level 1:colcon.colcon_core.package_discovery:discover_packages(path) check parameters
[0.516s] Level 1:colcon.colcon_core.package_discovery:discover_packages(colcon_meta) discover
[0.516s] Level 1:colcon.colcon_core.package_discovery:discover_packages(recursive) discover
[0.516s] INFO:colcon.colcon_core.package_discovery:Crawling recursively for packages in '/opt/cat_robot/src/ros2_ws'
[0.516s] Level 1:colcon.colcon_core.package_identification:_identify(.) by extensions ['ignore', 'ignore_ament_install']
[0.516s] Level 1:colcon.colcon_core.package_identification:_identify(.) by extension 'ignore'
[0.516s] Level 1:colcon.colcon_core.package_identification:_identify(.) by extension 'ignore_ament_install'
[0.517s] Level 1:colcon.colcon_core.package_identification:_identify(.) by extensions ['colcon_pkg']
[0.517s] Level 1:colcon.colcon_core.package_identification:_identify(.) by extension 'colcon_pkg'
[0.517s] Level 1:colcon.colcon_core.package_identification:_identify(.) by extensions ['colcon_meta']
[0.517s] Level 1:colcon.colcon_core.package_identification:_identify(.) by extension 'colcon_meta'
[0.517s] Level 1:colcon.colcon_core.package_identification:_identify(.) by extensions ['ros']
[0.517s] Level 1:colcon.colcon_core.package_identification:_identify(.) by extension 'ros'
[0.585s] Level 1:colcon.colcon_core.package_identification:_identify(.) by extensions ['cmake', 'python']
[0.585s] Level 1:colcon.colcon_core.package_identification:_identify(.) by extension 'cmake'
[0.585s] Level 1:colcon.colcon_core.package_identification:_identify(.) by extension 'python'
[0.585s] Level 1:colcon.colcon_core.package_identification:_identify(.) by extensions ['python_setup_py']
[0.586s] Level 1:colcon.colcon_core.package_identification:_identify(.) by extension 'python_setup_py'
[0.586s] Level 1:colcon.colcon_core.package_identification:_identify(build) by extensions ['ignore', 'ignore_ament_install']
[0.586s] Level 1:colcon.colcon_core.package_identification:_identify(build) by extension 'ignore'
[0.586s] Level 1:colcon.colcon_core.package_identification:_identify(build) ignored
[0.586s] Level 1:colcon.colcon_core.package_identification:_identify(install) by extensions ['ignore', 'ignore_ament_install']
[0.586s] Level 1:colcon.colcon_core.package_identification:_identify(install) by extension 'ignore'
[0.586s] Level 1:colcon.colcon_core.package_identification:_identify(install) ignored
[0.587s] Level 1:colcon.colcon_core.package_identification:_identify(log) by extensions ['ignore', 'ignore_ament_install']
[0.587s] Level 1:colcon.colcon_core.package_identification:_identify(log) by extension 'ignore'
[0.587s] Level 1:colcon.colcon_core.package_identification:_identify(log) ignored
[0.587s] Level 1:colcon.colcon_core.package_identification:_identify(src) by extensions ['ignore', 'ignore_ament_install']
[0.587s] Level 1:colcon.colcon_core.package_identification:_identify(src) by extension 'ignore'
[0.588s] Level 1:colcon.colcon_core.package_identification:_identify(src) by extension 'ignore_ament_install'
[0.588s] Level 1:colcon.colcon_core.package_identification:_identify(src) by extensions ['colcon_pkg']
[0.588s] Level 1:colcon.colcon_core.package_identification:_identify(src) by extension 'colcon_pkg'
[0.588s] Level 1:colcon.colcon_core.package_identification:_identify(src) by extensions ['colcon_meta']
[0.588s] Level 1:colcon.colcon_core.package_identification:_identify(src) by extension 'colcon_meta'
[0.588s] Level 1:colcon.colcon_core.package_identification:_identify(src) by extensions ['ros']
[0.588s] Level 1:colcon.colcon_core.package_identification:_identify(src) by extension 'ros'
[0.588s] Level 1:colcon.colcon_core.package_identification:_identify(src) by extensions ['cmake', 'python']
[0.588s] Level 1:colcon.colcon_core.package_identification:_identify(src) by extension 'cmake'
[0.588s] Level 1:colcon.colcon_core.package_identification:_identify(src) by extension 'python'
[0.588s] Level 1:colcon.colcon_core.package_identification:_identify(src) by extensions ['python_setup_py']
[0.588s] Level 1:colcon.colcon_core.package_identification:_identify(src) by extension 'python_setup_py'
[0.589s] Level 1:colcon.colcon_core.package_identification:_identify(src/cat_robot_bringup) by extensions ['ignore', 'ignore_ament_install']
[0.589s] Level 1:colcon.colcon_core.package_identification:_identify(src/cat_robot_bringup) by extension 'ignore'
[0.589s] Level 1:colcon.colcon_core.package_identification:_identify(src/cat_robot_bringup) by extension 'ignore_ament_install'
[0.589s] Level 1:colcon.colcon_core.package_identification:_identify(src/cat_robot_bringup) by extensions ['colcon_pkg']
[0.589s] Level 1:colcon.colcon_core.package_identification:_identify(src/cat_robot_bringup) by extension 'colcon_pkg'
[0.589s] Level 1:colcon.colcon_core.package_identification:_identify(src/cat_robot_bringup) by extensions ['colcon_meta']
[0.589s] Level 1:colcon.colcon_core.package_identification:_identify(src/cat_robot_bringup) by extension 'colcon_meta'
[0.589s] Level 1:colcon.colcon_core.package_identification:_identify(src/cat_robot_bringup) by extensions ['ros']
[0.589s] Level 1:colcon.colcon_core.package_identification:_identify(src/cat_robot_bringup) by extension 'ros'
[0.593s] DEBUG:colcon.colcon_core.package_identification:Package 'src/cat_robot_bringup' with type 'ros.ament_python' and name 'cat_robot_bringup'
[0.593s] Level 1:colcon.colcon_core.package_identification:_identify(src/catui_bridge) by extensions ['ignore', 'ignore_ament_install']
[0.593s] Level 1:colcon.colcon_core.package_identification:_identify(src/catui_bridge) by extension 'ignore'
[0.593s] Level 1:colcon.colcon_core.package_identification:_identify(src/catui_bridge) by extension 'ignore_ament_install'
[0.593s] Level 1:colcon.colcon_core.package_identification:_identify(src/catui_bridge) by extensions ['colcon_pkg']
[0.593s] Level 1:colcon.colcon_core.package_identification:_identify(src/catui_bridge) by extension 'colcon_pkg'
[0.593s] Level 1:colcon.colcon_core.package_identification:_identify(src/catui_bridge) by extensions ['colcon_meta']
[0.593s] Level 1:colcon.colcon_core.package_identification:_identify(src/catui_bridge) by extension 'colcon_meta'
[0.594s] Level 1:colcon.colcon_core.package_identification:_identify(src/catui_bridge) by extensions ['ros']
[0.594s] Level 1:colcon.colcon_core.package_identification:_identify(src/catui_bridge) by extension 'ros'
[0.595s] DEBUG:colcon.colcon_core.package_identification:Package 'src/catui_bridge' with type 'ros.ament_python' and name 'catui_bridge'
[0.595s] Level 1:colcon.colcon_core.package_identification:_identify(src/catui_msgs) by extensions ['ignore', 'ignore_ament_install']
[0.595s] Level 1:colcon.colcon_core.package_identification:_identify(src/catui_msgs) by extension 'ignore'
[0.595s] Level 1:colcon.colcon_core.package_identification:_identify(src/catui_msgs) by extension 'ignore_ament_install'
[0.595s] Level 1:colcon.colcon_core.package_identification:_identify(src/catui_msgs) by extensions ['colcon_pkg']
[0.595s] Level 1:colcon.colcon_core.package_identification:_identify(src/catui_msgs) by extension 'colcon_pkg'
[0.595s] Level 1:colcon.colcon_core.package_identification:_identify(src/catui_msgs) by extensions ['colcon_meta']
[0.595s] Level 1:colcon.colcon_core.package_identification:_identify(src/catui_msgs) by extension 'colcon_meta'
[0.595s] Level 1:colcon.colcon_core.package_identification:_identify(src/catui_msgs) by extensions ['ros']
[0.595s] Level 1:colcon.colcon_core.package_identification:_identify(src/catui_msgs) by extension 'ros'
[0.596s] DEBUG:colcon.colcon_core.package_identification:Package 'src/catui_msgs' with type 'ros.ament_cmake' and name 'catui_msgs'
[0.596s] Level 1:colcon.colcon_core.package_identification:_identify(src/create_robot) by extensions ['ignore', 'ignore_ament_install']
[0.596s] Level 1:colcon.colcon_core.package_identification:_identify(src/create_robot) by extension 'ignore'
[0.596s] Level 1:colcon.colcon_core.package_identification:_identify(src/create_robot) by extension 'ignore_ament_install'
[0.596s] Level 1:colcon.colcon_core.package_identification:_identify(src/create_robot) by extensions ['colcon_pkg']
[0.597s] Level 1:colcon.colcon_core.package_identification:_identify(src/create_robot) by extension 'colcon_pkg'
[0.597s] Level 1:colcon.colcon_core.package_identification:_identify(src/create_robot) by extensions ['colcon_meta']
[0.597s] Level 1:colcon.colcon_core.package_identification:_identify(src/create_robot) by extension 'colcon_meta'
[0.597s] Level 1:colcon.colcon_core.package_identification:_identify(src/create_robot) by extensions ['ros']
[0.597s] Level 1:colcon.colcon_core.package_identification:_identify(src/create_robot) by extension 'ros'
[0.597s] Level 1:colcon.colcon_core.package_identification:_identify(src/create_robot) by extensions ['cmake', 'python']
[0.597s] Level 1:colcon.colcon_core.package_identification:_identify(src/create_robot) by extension 'cmake'
[0.597s] Level 1:colcon.colcon_core.package_identification:_identify(src/create_robot) by extension 'python'
[0.597s] Level 1:colcon.colcon_core.package_identification:_identify(src/create_robot) by extensions ['python_setup_py']
[0.597s] Level 1:colcon.colcon_core.package_identification:_identify(src/create_robot) by extension 'python_setup_py'
[0.597s] Level 1:colcon.colcon_core.package_identification:_identify(src/create_robot/create_bringup) by extensions ['ignore', 'ignore_ament_install']
[0.597s] Level 1:colcon.colcon_core.package_identification:_identify(src/create_robot/create_bringup) by extension 'ignore'
[0.597s] Level 1:colcon.colcon_core.package_identification:_identify(src/create_robot/create_bringup) by extension 'ignore_ament_install'
[0.598s] Level 1:colcon.colcon_core.package_identification:_identify(src/create_robot/create_bringup) by extensions ['colcon_pkg']
[0.598s] Level 1:colcon.colcon_core.package_identification:_identify(src/create_robot/create_bringup) by extension 'colcon_pkg'
[0.598s] Level 1:colcon.colcon_core.package_identification:_identify(src/create_robot/create_bringup) by extensions ['colcon_meta']
[0.598s] Level 1:colcon.colcon_core.package_identification:_identify(src/create_robot/create_bringup) by extension 'colcon_meta'
[0.598s] Level 1:colcon.colcon_core.package_identification:_identify(src/create_robot/create_bringup) by extensions ['ros']
[0.598s] Level 1:colcon.colcon_core.package_identification:_identify(src/create_robot/create_bringup) by extension 'ros'
[0.599s] DEBUG:colcon.colcon_core.package_identification:Package 'src/create_robot/create_bringup' with type 'ros.ament_cmake' and name 'create_bringup'
[0.599s] Level 1:colcon.colcon_core.package_identification:_identify(src/create_robot/create_description) by extensions ['ignore', 'ignore_ament_install']
[0.600s] Level 1:colcon.colcon_core.package_identification:_identify(src/create_robot/create_description) by extension 'ignore'
[0.600s] Level 1:colcon.colcon_core.package_identification:_identify(src/create_robot/create_description) by extension 'ignore_ament_install'
[0.600s] Level 1:colcon.colcon_core.package_identification:_identify(src/create_robot/create_description) by extensions ['colcon_pkg']
[0.600s] Level 1:colcon.colcon_core.package_identification:_identify(src/create_robot/create_description) by extension 'colcon_pkg'
[0.600s] Level 1:colcon.colcon_core.package_identification:_identify(src/create_robot/create_description) by extensions ['colcon_meta']
[0.600s] Level 1:colcon.colcon_core.package_identification:_identify(src/create_robot/create_description) by extension 'colcon_meta'
[0.600s] Level 1:colcon.colcon_core.package_identification:_identify(src/create_robot/create_description) by extensions ['ros']
[0.600s] Level 1:colcon.colcon_core.package_identification:_identify(src/create_robot/create_description) by extension 'ros'
[0.601s] DEBUG:colcon.colcon_core.package_identification:Package 'src/create_robot/create_description' with type 'ros.ament_cmake' and name 'create_description'
[0.601s] Level 1:colcon.colcon_core.package_identification:_identify(src/create_robot/create_driver) by extensions ['ignore', 'ignore_ament_install']
[0.601s] Level 1:colcon.colcon_core.package_identification:_identify(src/create_robot/create_driver) by extension 'ignore'
[0.601s] Level 1:colcon.colcon_core.package_identification:_identify(src/create_robot/create_driver) by extension 'ignore_ament_install'
[0.601s] Level 1:colcon.colcon_core.package_identification:_identify(src/create_robot/create_driver) by extensions ['colcon_pkg']
[0.601s] Level 1:colcon.colcon_core.package_identification:_identify(src/create_robot/create_driver) by extension 'colcon_pkg'
[0.601s] Level 1:colcon.colcon_core.package_identification:_identify(src/create_robot/create_driver) by extensions ['colcon_meta']
[0.601s] Level 1:colcon.colcon_core.package_identification:_identify(src/create_robot/create_driver) by extension 'colcon_meta'
[0.601s] Level 1:colcon.colcon_core.package_identification:_identify(src/create_robot/create_driver) by extensions ['ros']
[0.602s] Level 1:colcon.colcon_core.package_identification:_identify(src/create_robot/create_driver) by extension 'ros'
[0.603s] DEBUG:colcon.colcon_core.package_identification:Package 'src/create_robot/create_driver' with type 'ros.ament_cmake' and name 'create_driver'
[0.603s] Level 1:colcon.colcon_core.package_identification:_identify(src/create_robot/create_msgs) by extensions ['ignore', 'ignore_ament_install']
[0.603s] Level 1:colcon.colcon_core.package_identification:_identify(src/create_robot/create_msgs) by extension 'ignore'
[0.604s] Level 1:colcon.colcon_core.package_identification:_identify(src/create_robot/create_msgs) by extension 'ignore_ament_install'
[0.604s] Level 1:colcon.colcon_core.package_identification:_identify(src/create_robot/create_msgs) by extensions ['colcon_pkg']
[0.604s] Level 1:colcon.colcon_core.package_identification:_identify(src/create_robot/create_msgs) by extension 'colcon_pkg'
[0.604s] Level 1:colcon.colcon_core.package_identification:_identify(src/create_robot/create_msgs) by extensions ['colcon_meta']
[0.604s] Level 1:colcon.colcon_core.package_identification:_identify(src/create_robot/create_msgs) by extension 'colcon_meta'
[0.604s] Level 1:colcon.colcon_core.package_identification:_identify(src/create_robot/create_msgs) by extensions ['ros']
[0.604s] Level 1:colcon.colcon_core.package_identification:_identify(src/create_robot/create_msgs) by extension 'ros'
[0.605s] DEBUG:colcon.colcon_core.package_identification:Package 'src/create_robot/create_msgs' with type 'ros.ament_cmake' and name 'create_msgs'
[0.605s] Level 1:colcon.colcon_core.package_identification:_identify(src/create_robot/create_robot) by extensions ['ignore', 'ignore_ament_install']
[0.605s] Level 1:colcon.colcon_core.package_identification:_identify(src/create_robot/create_robot) by extension 'ignore'
[0.605s] Level 1:colcon.colcon_core.package_identification:_identify(src/create_robot/create_robot) by extension 'ignore_ament_install'
[0.605s] Level 1:colcon.colcon_core.package_identification:_identify(src/create_robot/create_robot) by extensions ['colcon_pkg']
[0.605s] Level 1:colcon.colcon_core.package_identification:_identify(src/create_robot/create_robot) by extension 'colcon_pkg'
[0.605s] Level 1:colcon.colcon_core.package_identification:_identify(src/create_robot/create_robot) by extensions ['colcon_meta']
[0.605s] Level 1:colcon.colcon_core.package_identification:_identify(src/create_robot/create_robot) by extension 'colcon_meta'
[0.605s] Level 1:colcon.colcon_core.package_identification:_identify(src/create_robot/create_robot) by extensions ['ros']
[0.605s] Level 1:colcon.colcon_core.package_identification:_identify(src/create_robot/create_robot) by extension 'ros'
[0.606s] DEBUG:colcon.colcon_core.package_identification:Package 'src/create_robot/create_robot' with type 'ros.ament_cmake' and name 'create_robot'
[0.606s] Level 1:colcon.colcon_core.package_identification:_identify(src/diagnostics) by extensions ['ignore', 'ignore_ament_install']
[0.606s] Level 1:colcon.colcon_core.package_identification:_identify(src/diagnostics) by extension 'ignore'
[0.606s] Level 1:colcon.colcon_core.package_identification:_identify(src/diagnostics) by extension 'ignore_ament_install'
[0.607s] Level 1:colcon.colcon_core.package_identification:_identify(src/diagnostics) by extensions ['colcon_pkg']
[0.607s] Level 1:colcon.colcon_core.package_identification:_identify(src/diagnostics) by extension 'colcon_pkg'
[0.607s] Level 1:colcon.colcon_core.package_identification:_identify(src/diagnostics) by extensions ['colcon_meta']
[0.607s] Level 1:colcon.colcon_core.package_identification:_identify(src/diagnostics) by extension 'colcon_meta'
[0.607s] Level 1:colcon.colcon_core.package_identification:_identify(src/diagnostics) by extensions ['ros']
[0.607s] Level 1:colcon.colcon_core.package_identification:_identify(src/diagnostics) by extension 'ros'
[0.607s] Level 1:colcon.colcon_core.package_identification:_identify(src/diagnostics) by extensions ['cmake', 'python']
[0.607s] Level 1:colcon.colcon_core.package_identification:_identify(src/diagnostics) by extension 'cmake'
[0.607s] Level 1:colcon.colcon_core.package_identification:_identify(src/diagnostics) by extension 'python'
[0.607s] Level 1:colcon.colcon_core.package_identification:_identify(src/diagnostics) by extensions ['python_setup_py']
[0.607s] Level 1:colcon.colcon_core.package_identification:_identify(src/diagnostics) by extension 'python_setup_py'
[0.607s] Level 1:colcon.colcon_core.package_identification:_identify(src/diagnostics/diagnostic_aggregator) by extensions ['ignore', 'ignore_ament_install']
[0.607s] Level 1:colcon.colcon_core.package_identification:_identify(src/diagnostics/diagnostic_aggregator) by extension 'ignore'
[0.607s] Level 1:colcon.colcon_core.package_identification:_identify(src/diagnostics/diagnostic_aggregator) by extension 'ignore_ament_install'
[0.607s] Level 1:colcon.colcon_core.package_identification:_identify(src/diagnostics/diagnostic_aggregator) by extensions ['colcon_pkg']
[0.607s] Level 1:colcon.colcon_core.package_identification:_identify(src/diagnostics/diagnostic_aggregator) by extension 'colcon_pkg'
[0.608s] Level 1:colcon.colcon_core.package_identification:_identify(src/diagnostics/diagnostic_aggregator) by extensions ['colcon_meta']
[0.608s] Level 1:colcon.colcon_core.package_identification:_identify(src/diagnostics/diagnostic_aggregator) by extension 'colcon_meta'
[0.608s] Level 1:colcon.colcon_core.package_identification:_identify(src/diagnostics/diagnostic_aggregator) by extensions ['ros']
[0.608s] Level 1:colcon.colcon_core.package_identification:_identify(src/diagnostics/diagnostic_aggregator) by extension 'ros'
[0.610s] DEBUG:colcon.colcon_core.package_identification:Package 'src/diagnostics/diagnostic_aggregator' with type 'ros.ament_cmake' and name 'diagnostic_aggregator'
[0.610s] Level 1:colcon.colcon_core.package_identification:_identify(src/diagnostics/diagnostic_common_diagnostics) by extensions ['ignore', 'ignore_ament_install']
[0.610s] Level 1:colcon.colcon_core.package_identification:_identify(src/diagnostics/diagnostic_common_diagnostics) by extension 'ignore'
[0.610s] Level 1:colcon.colcon_core.package_identification:_identify(src/diagnostics/diagnostic_common_diagnostics) by extension 'ignore_ament_install'
[0.610s] Level 1:colcon.colcon_core.package_identification:_identify(src/diagnostics/diagnostic_common_diagnostics) by extensions ['colcon_pkg']
[0.610s] Level 1:colcon.colcon_core.package_identification:_identify(src/diagnostics/diagnostic_common_diagnostics) by extension 'colcon_pkg'
[0.610s] Level 1:colcon.colcon_core.package_identification:_identify(src/diagnostics/diagnostic_common_diagnostics) by extensions ['colcon_meta']
[0.610s] Level 1:colcon.colcon_core.package_identification:_identify(src/diagnostics/diagnostic_common_diagnostics) by extension 'colcon_meta'
[0.610s] Level 1:colcon.colcon_core.package_identification:_identify(src/diagnostics/diagnostic_common_diagnostics) by extensions ['ros']
[0.610s] Level 1:colcon.colcon_core.package_identification:_identify(src/diagnostics/diagnostic_common_diagnostics) by extension 'ros'
[0.611s] DEBUG:colcon.colcon_core.package_identification:Package 'src/diagnostics/diagnostic_common_diagnostics' with type 'ros.ament_cmake' and name 'diagnostic_common_diagnostics'
[0.611s] Level 1:colcon.colcon_core.package_identification:_identify(src/diagnostics/diagnostic_remote_logging) by extensions ['ignore', 'ignore_ament_install']
[0.612s] Level 1:colcon.colcon_core.package_identification:_identify(src/diagnostics/diagnostic_remote_logging) by extension 'ignore'
[0.612s] Level 1:colcon.colcon_core.package_identification:_identify(src/diagnostics/diagnostic_remote_logging) by extension 'ignore_ament_install'
[0.612s] Level 1:colcon.colcon_core.package_identification:_identify(src/diagnostics/diagnostic_remote_logging) by extensions ['colcon_pkg']
[0.612s] Level 1:colcon.colcon_core.package_identification:_identify(src/diagnostics/diagnostic_remote_logging) by extension 'colcon_pkg'
[0.612s] Level 1:colcon.colcon_core.package_identification:_identify(src/diagnostics/diagnostic_remote_logging) by extensions ['colcon_meta']
[0.612s] Level 1:colcon.colcon_core.package_identification:_identify(src/diagnostics/diagnostic_remote_logging) by extension 'colcon_meta'
[0.612s] Level 1:colcon.colcon_core.package_identification:_identify(src/diagnostics/diagnostic_remote_logging) by extensions ['ros']
[0.612s] Level 1:colcon.colcon_core.package_identification:_identify(src/diagnostics/diagnostic_remote_logging) by extension 'ros'
[0.613s] DEBUG:colcon.colcon_core.package_identification:Package 'src/diagnostics/diagnostic_remote_logging' with type 'ros.ament_cmake' and name 'diagnostic_remote_logging'
[0.613s] Level 1:colcon.colcon_core.package_identification:_identify(src/diagnostics/diagnostic_updater) by extensions ['ignore', 'ignore_ament_install']
[0.613s] Level 1:colcon.colcon_core.package_identification:_identify(src/diagnostics/diagnostic_updater) by extension 'ignore'
[0.613s] Level 1:colcon.colcon_core.package_identification:_identify(src/diagnostics/diagnostic_updater) by extension 'ignore_ament_install'
[0.613s] Level 1:colcon.colcon_core.package_identification:_identify(src/diagnostics/diagnostic_updater) by extensions ['colcon_pkg']
[0.613s] Level 1:colcon.colcon_core.package_identification:_identify(src/diagnostics/diagnostic_updater) by extension 'colcon_pkg'
[0.613s] Level 1:colcon.colcon_core.package_identification:_identify(src/diagnostics/diagnostic_updater) by extensions ['colcon_meta']
[0.613s] Level 1:colcon.colcon_core.package_identification:_identify(src/diagnostics/diagnostic_updater) by extension 'colcon_meta'
[0.613s] Level 1:colcon.colcon_core.package_identification:_identify(src/diagnostics/diagnostic_updater) by extensions ['ros']
[0.613s] Level 1:colcon.colcon_core.package_identification:_identify(src/diagnostics/diagnostic_updater) by extension 'ros'
[0.615s] DEBUG:colcon.colcon_core.package_identification:Package 'src/diagnostics/diagnostic_updater' with type 'ros.ament_cmake' and name 'diagnostic_updater'
[0.615s] Level 1:colcon.colcon_core.package_identification:_identify(src/diagnostics/diagnostics) by extensions ['ignore', 'ignore_ament_install']
[0.615s] Level 1:colcon.colcon_core.package_identification:_identify(src/diagnostics/diagnostics) by extension 'ignore'
[0.615s] Level 1:colcon.colcon_core.package_identification:_identify(src/diagnostics/diagnostics) by extension 'ignore_ament_install'
[0.615s] Level 1:colcon.colcon_core.package_identification:_identify(src/diagnostics/diagnostics) by extensions ['colcon_pkg']
[0.615s] Level 1:colcon.colcon_core.package_identification:_identify(src/diagnostics/diagnostics) by extension 'colcon_pkg'
[0.615s] Level 1:colcon.colcon_core.package_identification:_identify(src/diagnostics/diagnostics) by extensions ['colcon_meta']
[0.615s] Level 1:colcon.colcon_core.package_identification:_identify(src/diagnostics/diagnostics) by extension 'colcon_meta'
[0.615s] Level 1:colcon.colcon_core.package_identification:_identify(src/diagnostics/diagnostics) by extensions ['ros']
[0.615s] Level 1:colcon.colcon_core.package_identification:_identify(src/diagnostics/diagnostics) by extension 'ros'
[0.616s] DEBUG:colcon.colcon_core.package_identification:Package 'src/diagnostics/diagnostics' with type 'ros.ament_cmake' and name 'diagnostics'
[0.617s] Level 1:colcon.colcon_core.package_identification:_identify(src/diagnostics/self_test) by extensions ['ignore', 'ignore_ament_install']
[0.617s] Level 1:colcon.colcon_core.package_identification:_identify(src/diagnostics/self_test) by extension 'ignore'
[0.617s] Level 1:colcon.colcon_core.package_identification:_identify(src/diagnostics/self_test) by extension 'ignore_ament_install'
[0.617s] Level 1:colcon.colcon_core.package_identification:_identify(src/diagnostics/self_test) by extensions ['colcon_pkg']
[0.617s] Level 1:colcon.colcon_core.package_identification:_identify(src/diagnostics/self_test) by extension 'colcon_pkg'
[0.617s] Level 1:colcon.colcon_core.package_identification:_identify(src/diagnostics/self_test) by extensions ['colcon_meta']
[0.617s] Level 1:colcon.colcon_core.package_identification:_identify(src/diagnostics/self_test) by extension 'colcon_meta'
[0.617s] Level 1:colcon.colcon_core.package_identification:_identify(src/diagnostics/self_test) by extensions ['ros']
[0.617s] Level 1:colcon.colcon_core.package_identification:_identify(src/diagnostics/self_test) by extension 'ros'
[0.618s] DEBUG:colcon.colcon_core.package_identification:Package 'src/diagnostics/self_test' with type 'ros.ament_cmake' and name 'self_test'
[0.619s] Level 1:colcon.colcon_core.package_identification:_identify(src/joystick_drivers) by extensions ['ignore', 'ignore_ament_install']
[0.619s] Level 1:colcon.colcon_core.package_identification:_identify(src/joystick_drivers) by extension 'ignore'
[0.619s] Level 1:colcon.colcon_core.package_identification:_identify(src/joystick_drivers) by extension 'ignore_ament_install'
[0.619s] Level 1:colcon.colcon_core.package_identification:_identify(src/joystick_drivers) by extensions ['colcon_pkg']
[0.619s] Level 1:colcon.colcon_core.package_identification:_identify(src/joystick_drivers) by extension 'colcon_pkg'
[0.620s] Level 1:colcon.colcon_core.package_identification:_identify(src/joystick_drivers) by extensions ['colcon_meta']
[0.620s] Level 1:colcon.colcon_core.package_identification:_identify(src/joystick_drivers) by extension 'colcon_meta'
[0.620s] Level 1:colcon.colcon_core.package_identification:_identify(src/joystick_drivers) by extensions ['ros']
[0.620s] Level 1:colcon.colcon_core.package_identification:_identify(src/joystick_drivers) by extension 'ros'
[0.620s] Level 1:colcon.colcon_core.package_identification:_identify(src/joystick_drivers) by extensions ['cmake', 'python']
[0.620s] Level 1:colcon.colcon_core.package_identification:_identify(src/joystick_drivers) by extension 'cmake'
[0.621s] Level 1:colcon.colcon_core.package_identification:_identify(src/joystick_drivers) by extension 'python'
[0.621s] Level 1:colcon.colcon_core.package_identification:_identify(src/joystick_drivers) by extensions ['python_setup_py']
[0.621s] Level 1:colcon.colcon_core.package_identification:_identify(src/joystick_drivers) by extension 'python_setup_py'
[0.621s] Level 1:colcon.colcon_core.package_identification:_identify(src/joystick_drivers/joy) by extensions ['ignore', 'ignore_ament_install']
[0.621s] Level 1:colcon.colcon_core.package_identification:_identify(src/joystick_drivers/joy) by extension 'ignore'
[0.621s] Level 1:colcon.colcon_core.package_identification:_identify(src/joystick_drivers/joy) by extension 'ignore_ament_install'
[0.621s] Level 1:colcon.colcon_core.package_identification:_identify(src/joystick_drivers/joy) by extensions ['colcon_pkg']
[0.621s] Level 1:colcon.colcon_core.package_identification:_identify(src/joystick_drivers/joy) by extension 'colcon_pkg'
[0.621s] Level 1:colcon.colcon_core.package_identification:_identify(src/joystick_drivers/joy) by extensions ['colcon_meta']
[0.621s] Level 1:colcon.colcon_core.package_identification:_identify(src/joystick_drivers/joy) by extension 'colcon_meta'
[0.621s] Level 1:colcon.colcon_core.package_identification:_identify(src/joystick_drivers/joy) by extensions ['ros']
[0.621s] Level 1:colcon.colcon_core.package_identification:_identify(src/joystick_drivers/joy) by extension 'ros'
[0.622s] DEBUG:colcon.colcon_core.package_identification:Package 'src/joystick_drivers/joy' with type 'ros.ament_cmake' and name 'joy'
[0.623s] Level 1:colcon.colcon_core.package_identification:_identify(src/joystick_drivers/joy_linux) by extensions ['ignore', 'ignore_ament_install']
[0.623s] Level 1:colcon.colcon_core.package_identification:_identify(src/joystick_drivers/joy_linux) by extension 'ignore'
[0.623s] Level 1:colcon.colcon_core.package_identification:_identify(src/joystick_drivers/joy_linux) by extension 'ignore_ament_install'
[0.623s] Level 1:colcon.colcon_core.package_identification:_identify(src/joystick_drivers/joy_linux) by extensions ['colcon_pkg']
[0.623s] Level 1:colcon.colcon_core.package_identification:_identify(src/joystick_drivers/joy_linux) by extension 'colcon_pkg'
[0.623s] Level 1:colcon.colcon_core.package_identification:_identify(src/joystick_drivers/joy_linux) by extensions ['colcon_meta']
[0.623s] Level 1:colcon.colcon_core.package_identification:_identify(src/joystick_drivers/joy_linux) by extension 'colcon_meta'
[0.623s] Level 1:colcon.colcon_core.package_identification:_identify(src/joystick_drivers/joy_linux) by extensions ['ros']
[0.623s] Level 1:colcon.colcon_core.package_identification:_identify(src/joystick_drivers/joy_linux) by extension 'ros'
[0.625s] DEBUG:colcon.colcon_core.package_identification:Package 'src/joystick_drivers/joy_linux' with type 'ros.ament_cmake' and name 'joy_linux'
[0.626s] Level 1:colcon.colcon_core.package_identification:_identify(src/joystick_drivers/joystick_drivers) by extensions ['ignore', 'ignore_ament_install']
[0.626s] Level 1:colcon.colcon_core.package_identification:_identify(src/joystick_drivers/joystick_drivers) by extension 'ignore'
[0.626s] Level 1:colcon.colcon_core.package_identification:_identify(src/joystick_drivers/joystick_drivers) by extension 'ignore_ament_install'
[0.626s] Level 1:colcon.colcon_core.package_identification:_identify(src/joystick_drivers/joystick_drivers) by extensions ['colcon_pkg']
[0.626s] Level 1:colcon.colcon_core.package_identification:_identify(src/joystick_drivers/joystick_drivers) by extension 'colcon_pkg'
[0.626s] Level 1:colcon.colcon_core.package_identification:_identify(src/joystick_drivers/joystick_drivers) by extensions ['colcon_meta']
[0.626s] Level 1:colcon.colcon_core.package_identification:_identify(src/joystick_drivers/joystick_drivers) by extension 'colcon_meta'
[0.626s] Level 1:colcon.colcon_core.package_identification:_identify(src/joystick_drivers/joystick_drivers) by extensions ['ros']
[0.626s] Level 1:colcon.colcon_core.package_identification:_identify(src/joystick_drivers/joystick_drivers) by extension 'ros'
[0.626s] Level 1:colcon.colcon_core.package_identification:_identify(src/joystick_drivers/joystick_drivers) ignored
[0.626s] Level 1:colcon.colcon_core.package_identification:_identify(src/joystick_drivers/ps3joy) by extensions ['ignore', 'ignore_ament_install']
[0.626s] Level 1:colcon.colcon_core.package_identification:_identify(src/joystick_drivers/ps3joy) by extension 'ignore'
[0.627s] Level 1:colcon.colcon_core.package_identification:_identify(src/joystick_drivers/ps3joy) by extension 'ignore_ament_install'
[0.627s] Level 1:colcon.colcon_core.package_identification:_identify(src/joystick_drivers/ps3joy) by extensions ['colcon_pkg']
[0.627s] Level 1:colcon.colcon_core.package_identification:_identify(src/joystick_drivers/ps3joy) by extension 'colcon_pkg'
[0.627s] Level 1:colcon.colcon_core.package_identification:_identify(src/joystick_drivers/ps3joy) by extensions ['colcon_meta']
[0.627s] Level 1:colcon.colcon_core.package_identification:_identify(src/joystick_drivers/ps3joy) by extension 'colcon_meta'
[0.627s] Level 1:colcon.colcon_core.package_identification:_identify(src/joystick_drivers/ps3joy) by extensions ['ros']
[0.627s] Level 1:colcon.colcon_core.package_identification:_identify(src/joystick_drivers/ps3joy) by extension 'ros'
[0.627s] Level 1:colcon.colcon_core.package_identification:_identify(src/joystick_drivers/ps3joy) ignored
[0.627s] Level 1:colcon.colcon_core.package_identification:_identify(src/joystick_drivers/sdl2_vendor) by extensions ['ignore', 'ignore_ament_install']
[0.627s] Level 1:colcon.colcon_core.package_identification:_identify(src/joystick_drivers/sdl2_vendor) by extension 'ignore'
[0.627s] Level 1:colcon.colcon_core.package_identification:_identify(src/joystick_drivers/sdl2_vendor) by extension 'ignore_ament_install'
[0.627s] Level 1:colcon.colcon_core.package_identification:_identify(src/joystick_drivers/sdl2_vendor) by extensions ['colcon_pkg']
[0.627s] Level 1:colcon.colcon_core.package_identification:_identify(src/joystick_drivers/sdl2_vendor) by extension 'colcon_pkg'
[0.627s] Level 1:colcon.colcon_core.package_identification:_identify(src/joystick_drivers/sdl2_vendor) by extensions ['colcon_meta']
[0.627s] Level 1:colcon.colcon_core.package_identification:_identify(src/joystick_drivers/sdl2_vendor) by extension 'colcon_meta'
[0.627s] Level 1:colcon.colcon_core.package_identification:_identify(src/joystick_drivers/sdl2_vendor) by extensions ['ros']
[0.627s] Level 1:colcon.colcon_core.package_identification:_identify(src/joystick_drivers/sdl2_vendor) by extension 'ros'
[0.628s] DEBUG:colcon.colcon_core.package_identification:Package 'src/joystick_drivers/sdl2_vendor' with type 'ros.ament_cmake' and name 'sdl2_vendor'
[0.628s] Level 1:colcon.colcon_core.package_identification:_identify(src/joystick_drivers/spacenav) by extensions ['ignore', 'ignore_ament_install']
[0.629s] Level 1:colcon.colcon_core.package_identification:_identify(src/joystick_drivers/spacenav) by extension 'ignore'
[0.629s] Level 1:colcon.colcon_core.package_identification:_identify(src/joystick_drivers/spacenav) by extension 'ignore_ament_install'
[0.629s] Level 1:colcon.colcon_core.package_identification:_identify(src/joystick_drivers/spacenav) by extensions ['colcon_pkg']
[0.629s] Level 1:colcon.colcon_core.package_identification:_identify(src/joystick_drivers/spacenav) by extension 'colcon_pkg'
[0.629s] Level 1:colcon.colcon_core.package_identification:_identify(src/joystick_drivers/spacenav) by extensions ['colcon_meta']
[0.629s] Level 1:colcon.colcon_core.package_identification:_identify(src/joystick_drivers/spacenav) by extension 'colcon_meta'
[0.629s] Level 1:colcon.colcon_core.package_identification:_identify(src/joystick_drivers/spacenav) by extensions ['ros']
[0.629s] Level 1:colcon.colcon_core.package_identification:_identify(src/joystick_drivers/spacenav) by extension 'ros'
[0.630s] DEBUG:colcon.colcon_core.package_identification:Package 'src/joystick_drivers/spacenav' with type 'ros.ament_cmake' and name 'spacenav'
[0.631s] Level 1:colcon.colcon_core.package_identification:_identify(src/joystick_drivers/wiimote) by extensions ['ignore', 'ignore_ament_install']
[0.631s] Level 1:colcon.colcon_core.package_identification:_identify(src/joystick_drivers/wiimote) by extension 'ignore'
[0.631s] Level 1:colcon.colcon_core.package_identification:_identify(src/joystick_drivers/wiimote) by extension 'ignore_ament_install'
[0.631s] Level 1:colcon.colcon_core.package_identification:_identify(src/joystick_drivers/wiimote) by extensions ['colcon_pkg']
[0.631s] Level 1:colcon.colcon_core.package_identification:_identify(src/joystick_drivers/wiimote) by extension 'colcon_pkg'
[0.631s] Level 1:colcon.colcon_core.package_identification:_identify(src/joystick_drivers/wiimote) by extensions ['colcon_meta']
[0.631s] Level 1:colcon.colcon_core.package_identification:_identify(src/joystick_drivers/wiimote) by extension 'colcon_meta'
[0.631s] Level 1:colcon.colcon_core.package_identification:_identify(src/joystick_drivers/wiimote) by extensions ['ros']
[0.631s] Level 1:colcon.colcon_core.package_identification:_identify(src/joystick_drivers/wiimote) by extension 'ros'
[0.633s] DEBUG:colcon.colcon_core.package_identification:Package 'src/joystick_drivers/wiimote' with type 'ros.ament_cmake' and name 'wiimote'
[0.633s] Level 1:colcon.colcon_core.package_identification:_identify(src/joystick_drivers/wiimote_msgs) by extensions ['ignore', 'ignore_ament_install']
[0.633s] Level 1:colcon.colcon_core.package_identification:_identify(src/joystick_drivers/wiimote_msgs) by extension 'ignore'
[0.633s] Level 1:colcon.colcon_core.package_identification:_identify(src/joystick_drivers/wiimote_msgs) by extension 'ignore_ament_install'
[0.633s] Level 1:colcon.colcon_core.package_identification:_identify(src/joystick_drivers/wiimote_msgs) by extensions ['colcon_pkg']
[0.633s] Level 1:colcon.colcon_core.package_identification:_identify(src/joystick_drivers/wiimote_msgs) by extension 'colcon_pkg'
[0.633s] Level 1:colcon.colcon_core.package_identification:_identify(src/joystick_drivers/wiimote_msgs) by extensions ['colcon_meta']
[0.633s] Level 1:colcon.colcon_core.package_identification:_identify(src/joystick_drivers/wiimote_msgs) by extension 'colcon_meta'
[0.633s] Level 1:colcon.colcon_core.package_identification:_identify(src/joystick_drivers/wiimote_msgs) by extensions ['ros']
[0.633s] Level 1:colcon.colcon_core.package_identification:_identify(src/joystick_drivers/wiimote_msgs) by extension 'ros'
[0.635s] DEBUG:colcon.colcon_core.package_identification:Package 'src/joystick_drivers/wiimote_msgs' with type 'ros.ament_cmake' and name 'wiimote_msgs'
[0.635s] Level 1:colcon.colcon_core.package_identification:_identify(src/libcreate) by extensions ['ignore', 'ignore_ament_install']
[0.635s] Level 1:colcon.colcon_core.package_identification:_identify(src/libcreate) by extension 'ignore'
[0.635s] Level 1:colcon.colcon_core.package_identification:_identify(src/libcreate) by extension 'ignore_ament_install'
[0.635s] Level 1:colcon.colcon_core.package_identification:_identify(src/libcreate) by extensions ['colcon_pkg']
[0.636s] Level 1:colcon.colcon_core.package_identification:_identify(src/libcreate) by extension 'colcon_pkg'
[0.636s] Level 1:colcon.colcon_core.package_identification:_identify(src/libcreate) by extensions ['colcon_meta']
[0.636s] Level 1:colcon.colcon_core.package_identification:_identify(src/libcreate) by extension 'colcon_meta'
[0.636s] Level 1:colcon.colcon_core.package_identification:_identify(src/libcreate) by extensions ['ros']
[0.636s] Level 1:colcon.colcon_core.package_identification:_identify(src/libcreate) by extension 'ros'
[0.641s] DEBUG:colcon.colcon_core.package_identification:Package 'src/libcreate' with type 'ros.cmake' and name 'libcreate'
[0.641s] Level 1:colcon.colcon_core.package_identification:_identify(src/slam_toolbox) by extensions ['ignore', 'ignore_ament_install']
[0.642s] Level 1:colcon.colcon_core.package_identification:_identify(src/slam_toolbox) by extension 'ignore'
[0.642s] Level 1:colcon.colcon_core.package_identification:_identify(src/slam_toolbox) by extension 'ignore_ament_install'
[0.642s] Level 1:colcon.colcon_core.package_identification:_identify(src/slam_toolbox) by extensions ['colcon_pkg']
[0.642s] Level 1:colcon.colcon_core.package_identification:_identify(src/slam_toolbox) by extension 'colcon_pkg'
[0.642s] Level 1:colcon.colcon_core.package_identification:_identify(src/slam_toolbox) by extensions ['colcon_meta']
[0.642s] Level 1:colcon.colcon_core.package_identification:_identify(src/slam_toolbox) by extension 'colcon_meta'
[0.642s] Level 1:colcon.colcon_core.package_identification:_identify(src/slam_toolbox) by extensions ['ros']
[0.642s] Level 1:colcon.colcon_core.package_identification:_identify(src/slam_toolbox) by extension 'ros'
[0.644s] DEBUG:colcon.colcon_core.package_identification:Package 'src/slam_toolbox' with type 'ros.ament_cmake' and name 'slam_toolbox'
[0.644s] Level 1:colcon.colcon_core.package_identification:_identify(src/xacro) by extensions ['ignore', 'ignore_ament_install']
[0.644s] Level 1:colcon.colcon_core.package_identification:_identify(src/xacro) by extension 'ignore'
[0.645s] Level 1:colcon.colcon_core.package_identification:_identify(src/xacro) by extension 'ignore_ament_install'
[0.645s] Level 1:colcon.colcon_core.package_identification:_identify(src/xacro) by extensions ['colcon_pkg']
[0.645s] Level 1:colcon.colcon_core.package_identification:_identify(src/xacro) by extension 'colcon_pkg'
[0.645s] Level 1:colcon.colcon_core.package_identification:_identify(src/xacro) by extensions ['colcon_meta']
[0.645s] Level 1:colcon.colcon_core.package_identification:_identify(src/xacro) by extension 'colcon_meta'
[0.645s] Level 1:colcon.colcon_core.package_identification:_identify(src/xacro) by extensions ['ros']
[0.646s] Level 1:colcon.colcon_core.package_identification:_identify(src/xacro) by extension 'ros'
[0.646s] DEBUG:colcon.colcon_core.package_identification:Package 'src/xacro' with type 'ros.ament_cmake' and name 'xacro'
[0.647s] Level 1:colcon.colcon_core.package_identification:_identify(src/ydlidar_ros2_driver) by extensions ['ignore', 'ignore_ament_install']
[0.647s] Level 1:colcon.colcon_core.package_identification:_identify(src/ydlidar_ros2_driver) by extension 'ignore'
[0.647s] Level 1:colcon.colcon_core.package_identification:_identify(src/ydlidar_ros2_driver) by extension 'ignore_ament_install'
[0.647s] Level 1:colcon.colcon_core.package_identification:_identify(src/ydlidar_ros2_driver) by extensions ['colcon_pkg']
[0.647s] Level 1:colcon.colcon_core.package_identification:_identify(src/ydlidar_ros2_driver) by extension 'colcon_pkg'
[0.647s] Level 1:colcon.colcon_core.package_identification:_identify(src/ydlidar_ros2_driver) by extensions ['colcon_meta']
[0.647s] Level 1:colcon.colcon_core.package_identification:_identify(src/ydlidar_ros2_driver) by extension 'colcon_meta'
[0.647s] Level 1:colcon.colcon_core.package_identification:_identify(src/ydlidar_ros2_driver) by extensions ['ros']
[0.647s] Level 1:colcon.colcon_core.package_identification:_identify(src/ydlidar_ros2_driver) by extension 'ros'
[0.648s] DEBUG:colcon.colcon_core.package_identification:Package 'src/ydlidar_ros2_driver' with type 'ros.ament_cmake' and name 'ydlidar_ros2_driver'
[0.648s] Level 1:colcon.colcon_core.package_discovery:discover_packages(recursive) using defaults
[0.649s] Level 1:colcon.colcon_core.package_discovery:discover_packages(ignore) discover
[0.649s] Level 1:colcon.colcon_core.package_discovery:discover_packages(ignore) using defaults
[0.649s] Level 1:colcon.colcon_core.package_discovery:discover_packages(path) discover
[0.649s] Level 1:colcon.colcon_core.package_discovery:discover_packages(path) using defaults
[0.761s] INFO:colcon.colcon_metadata.metadata.colcon_pkg:Updating descriptor of package 'src/xacro' from colcon.pkg: {'hooks': ['share/xacro/environment/completion.bash']}
[0.770s] INFO:colcon.colcon_core.package_selection:Skipping not selected package 'cat_robot_bringup' in 'src/cat_robot_bringup'
[0.770s] INFO:colcon.colcon_core.package_selection:Skipping not selected package 'catui_msgs' in 'src/catui_msgs'
[0.770s] INFO:colcon.colcon_core.package_selection:Skipping not selected package 'create_msgs' in 'src/create_robot/create_msgs'
[0.770s] INFO:colcon.colcon_core.package_selection:Skipping not selected package 'diagnostic_aggregator' in 'src/diagnostics/diagnostic_aggregator'
[0.770s] INFO:colcon.colcon_core.package_selection:Skipping not selected package 'diagnostic_remote_logging' in 'src/diagnostics/diagnostic_remote_logging'
[0.770s] INFO:colcon.colcon_core.package_selection:Skipping not selected package 'diagnostic_updater' in 'src/diagnostics/diagnostic_updater'
[0.770s] INFO:colcon.colcon_core.package_selection:Skipping not selected package 'libcreate' in 'src/libcreate'
[0.770s] INFO:colcon.colcon_core.package_selection:Skipping not selected package 'sdl2_vendor' in 'src/joystick_drivers/sdl2_vendor'
[0.770s] INFO:colcon.colcon_core.package_selection:Skipping not selected package 'slam_toolbox' in 'src/slam_toolbox'
[0.770s] INFO:colcon.colcon_core.package_selection:Skipping not selected package 'spacenav' in 'src/joystick_drivers/spacenav'
[0.770s] INFO:colcon.colcon_core.package_selection:Skipping not selected package 'wiimote_msgs' in 'src/joystick_drivers/wiimote_msgs'
[0.770s] INFO:colcon.colcon_core.package_selection:Skipping not selected package 'xacro' in 'src/xacro'
[0.770s] INFO:colcon.colcon_core.package_selection:Skipping not selected package 'ydlidar_ros2_driver' in 'src/ydlidar_ros2_driver'
[0.770s] INFO:colcon.colcon_core.package_selection:Skipping not selected package 'create_description' in 'src/create_robot/create_description'
[0.770s] INFO:colcon.colcon_core.package_selection:Skipping not selected package 'create_driver' in 'src/create_robot/create_driver'
[0.770s] INFO:colcon.colcon_core.package_selection:Skipping not selected package 'diagnostic_common_diagnostics' in 'src/diagnostics/diagnostic_common_diagnostics'
[0.770s] INFO:colcon.colcon_core.package_selection:Skipping not selected package 'joy' in 'src/joystick_drivers/joy'
[0.770s] INFO:colcon.colcon_core.package_selection:Skipping not selected package 'joy_linux' in 'src/joystick_drivers/joy_linux'
[0.770s] INFO:colcon.colcon_core.package_selection:Skipping not selected package 'self_test' in 'src/diagnostics/self_test'
[0.770s] INFO:colcon.colcon_core.package_selection:Skipping not selected package 'wiimote' in 'src/joystick_drivers/wiimote'
[0.770s] INFO:colcon.colcon_core.package_selection:Skipping not selected package 'create_bringup' in 'src/create_robot/create_bringup'
[0.770s] INFO:colcon.colcon_core.package_selection:Skipping not selected package 'diagnostics' in 'src/diagnostics/diagnostics'
[0.770s] INFO:colcon.colcon_core.package_selection:Skipping not selected package 'create_robot' in 'src/create_robot/create_robot'
[0.771s] Level 1:colcon.colcon_core.package_discovery:discover_packages(prefix_path) check parameters
[0.771s] Level 1:colcon.colcon_core.package_discovery:discover_packages(prefix_path) discover
[0.795s] DEBUG:colcon.colcon_installed_package_information.package_discovery:Found 23 installed packages in /opt/cat_robot/src/ros2_ws/install
[0.808s] DEBUG:colcon.colcon_installed_package_information.package_discovery:Found 343 installed packages in /home/user/ros2_humble/install
[0.810s] Level 1:colcon.colcon_core.package_discovery:discover_packages(prefix_path) using defaults
[0.866s] Level 5:colcon.colcon_core.verb:set package 'catui_bridge' build argument 'cmake_args' from command line to 'None'
[0.867s] Level 5:colcon.colcon_core.verb:set package 'catui_bridge' build argument 'cmake_target' from command line to 'None'
[0.867s] Level 5:colcon.colcon_core.verb:set package 'catui_bridge' build argument 'cmake_target_skip_unavailable' from command line to 'False'
[0.867s] Level 5:colcon.colcon_core.verb:set package 'catui_bridge' build argument 'cmake_clean_cache' from command line to 'False'
[0.867s] Level 5:colcon.colcon_core.verb:set package 'catui_bridge' build argument 'cmake_clean_first' from command line to 'False'
[0.867s] Level 5:colcon.colcon_core.verb:set package 'catui_bridge' build argument 'cmake_force_configure' from command line to 'False'
[0.867s] Level 5:colcon.colcon_core.verb:set package 'catui_bridge' build argument 'ament_cmake_args' from command line to 'None'
[0.867s] Level 5:colcon.colcon_core.verb:set package 'catui_bridge' build argument 'catkin_cmake_args' from command line to 'None'
[0.867s] Level 5:colcon.colcon_core.verb:set package 'catui_bridge' build argument 'catkin_skip_building_tests' from command line to 'False'
[0.867s] DEBUG:colcon.colcon_core.verb:Building package 'catui_bridge' with the following arguments: {'ament_cmake_args': None, 'build_base': '/opt/cat_robot/src/ros2_ws/build/catui_bridge', 'catkin_cmake_args': None, 'catkin_skip_building_tests': False, 'cmake_args': None, 'cmake_clean_cache': False, 'cmake_clean_first': False, 'cmake_force_configure': False, 'cmake_target': None, 'cmake_target_skip_unavailable': False, 'install_base': '/opt/cat_robot/src/ros2_ws/install/catui_bridge', 'merge_install': False, 'path': '/opt/cat_robot/src/ros2_ws/src/catui_bridge', 'symlink_install': True, 'test_result_base': None}
[0.868s] INFO:colcon.colcon_core.executor:Executing jobs using 'parallel' executor
[0.870s] DEBUG:colcon.colcon_parallel_executor.executor.parallel:run_until_complete
[0.871s] INFO:colcon.colcon_ros.task.ament_python.build:Building ROS package in '/opt/cat_robot/src/ros2_ws/src/catui_bridge' with build type 'ament_python'
[0.872s] Level 1:colcon.colcon_core.shell:create_environment_hook('catui_bridge', 'ament_prefix_path')
[0.883s] INFO:colcon.colcon_core.plugin_system:Skipping extension 'colcon_core.shell.bat': Not used on non-Windows systems
[0.884s] INFO:colcon.colcon_core.shell:Creating environment hook '/opt/cat_robot/src/ros2_ws/install/catui_bridge/share/catui_bridge/hook/ament_prefix_path.ps1'
[0.886s] INFO:colcon.colcon_core.shell:Creating environment descriptor '/opt/cat_robot/src/ros2_ws/install/catui_bridge/share/catui_bridge/hook/ament_prefix_path.dsv'
[0.892s] INFO:colcon.colcon_core.shell:Creating environment hook '/opt/cat_robot/src/ros2_ws/install/catui_bridge/share/catui_bridge/hook/ament_prefix_path.sh'
[0.894s] INFO:colcon.colcon_core.shell:Skip shell extension 'powershell' for command environment: Not usable outside of PowerShell
[0.894s] DEBUG:colcon.colcon_core.shell:Skip shell extension 'dsv' for command environment
[1.958s] INFO:colcon.colcon_core.task.python.build:Building Python package in '/opt/cat_robot/src/ros2_ws/src/catui_bridge'
[1.960s] INFO:colcon.colcon_core.shell:Skip shell extension 'powershell' for command environment: Not usable outside of PowerShell
[1.960s] DEBUG:colcon.colcon_core.shell:Skip shell extension 'dsv' for command environment
[4.002s] DEBUG:colcon.colcon_core.event_handler.log_command:Invoking command in '/opt/cat_robot/src/ros2_ws/build/catui_bridge': CMAKE_PREFIX_PATH=/opt/cat_robot/src/ros2_ws/install/catui_msgs:/opt/cat_robot/src/ros2_ws/install/ydlidar_ros2_driver:/opt/cat_robot/src/ros2_ws/install/create_robot:/opt/cat_robot/src/ros2_ws/install/create_bringup:/opt/cat_robot/src/ros2_ws/install/create_description:/opt/cat_robot/src/ros2_ws/install/xacro:/opt/cat_robot/src/ros2_ws/install/wiimote:/opt/cat_robot/src/ros2_ws/install/wiimote_msgs:/opt/cat_robot/src/ros2_ws/install/spacenav:/opt/cat_robot/src/ros2_ws/install/diagnostics:/opt/cat_robot/src/ros2_ws/install/self_test:/opt/cat_robot/src/ros2_ws/install/joy:/opt/cat_robot/src/ros2_ws/install/sdl2_vendor:/opt/cat_robot/src/ros2_ws/install/create_driver:/opt/cat_robot/src/ros2_ws/install/libcreate:/opt/cat_robot/src/ros2_ws/install/joy_linux:/opt/cat_robot/src/ros2_ws/install/diagnostic_common_diagnostics:/opt/cat_robot/src/ros2_ws/install/diagnostic_updater:/opt/cat_robot/src/ros2_ws/install/diagnostic_remote_logging:/opt/cat_robot/src/ros2_ws/install/diagnostic_aggregator:/opt/cat_robot/src/ros2_ws/install/create_msgs:/home/user/ros2_humble/install/rosbag2_storage_mcap:/home/user/ros2_humble/install/rosbag2:/home/user/ros2_humble/install/rosbag2_compression_zstd:/home/user/ros2_humble/install/mcap_vendor:/home/user/ros2_humble/install/zstd_vendor:/home/user/ros2_humble/install/rosbag2_py:/home/user/ros2_humble/install/rosbag2_transport:/home/user/ros2_humble/install/rosbag2_storage_default_plugins:/home/user/ros2_humble/install/rosbag2_performance_benchmarking:/home/user/ros2_humble/install/rosbag2_compression:/home/user/ros2_humble/install/rosbag2_cpp:/home/user/ros2_humble/install/rosbag2_storage:/home/user/ros2_humble/install/image_common:/home/user/ros2_humble/install/camera_info_manager:/home/user/ros2_humble/install/camera_calibration_parsers:/home/user/ros2_humble/install/yaml_cpp_vendor:/home/user/ros2_humble/install/interactive_markers:/home/user/ros2_humble/install/common_interfaces:/home/user/ros2_humble/install/visualization_msgs:/home/user/ros2_humble/install/dummy_robot_bringup:/home/user/ros2_humble/install/robot_state_publisher:/home/user/ros2_humble/install/kdl_parser:/home/user/ros2_humble/install/urdf:/home/user/ros2_humble/install/urdfdom:/home/user/ros2_humble/install/urdf_parser_plugin:/home/user/ros2_humble/install/urdfdom_headers:/home/user/ros2_humble/install/turtlesim:/home/user/ros2_humble/install/geometry2:/home/user/ros2_humble/install/tf2_sensor_msgs:/home/user/ros2_humble/install/test_tf2:/home/user/ros2_humble/install/tf2_kdl:/home/user/ros2_humble/install/tf2_geometry_msgs:/home/user/ros2_humble/install/tf2_eigen:/home/user/ros2_humble/install/tf2_bullet:/home/user/ros2_humble/install/tf2_ros:/home/user/ros2_humble/install/tf2_py:/home/user/ros2_humble/install/tf2_msgs:/home/user/ros2_humble/install/test_msgs:/home/user/ros2_humble/install/sros2_cmake:/home/user/ros2_humble/install/ros2cli_common_extensions:/home/user/ros2_humble/install/rqt_py_common:/home/user/ros2_humble/install/rosbag2_storage_mcap_testdata:/home/user/ros2_humble/install/ros_testing:/home/user/ros2_humble/install/ros2cli_test_interfaces:/home/user/ros2_humble/install/quality_of_service_demo_cpp:/home/user/ros2_humble/install/image_transport:/home/user/ros2_humble/install/message_filters:/home/user/ros2_humble/install/demo_nodes_cpp:/home/user/ros2_humble/install/composition:/home/user/ros2_humble/install/laser_geometry:/home/user/ros2_humble/install/rclpy:/home/user/ros2_humble/install/examples_rclcpp_minimal_action_server:/home/user/ros2_humble/install/examples_rclcpp_minimal_action_client:/home/user/ros2_humble/install/action_tutorials_cpp:/home/user/ros2_humble/install/rclcpp_action:/home/user/ros2_humble/install/rcl_action:/home/user/ros2_humble/install/examples_rclcpp_wait_set:/home/user/ros2_humble/install/examples_rclcpp_minimal_service:/home/user/ros2_humble/install/examples_rclcpp_minimal_client:/home/user/ros2_humble/install/examples_rclcpp_async_client:/home/user/ros2_humble/install/example_interfaces:/home/user/ros2_humble/install/action_tutorials_interfaces:/home/user/ros2_humble/install/action_msgs:/home/user/ros2_humble/install/unique_identifier_msgs:/home/user/ros2_humble/install/ament_lint_common:/home/user/ros2_humble/install/ament_cmake_uncrustify:/home/user/ros2_humble/install/uncrustify_vendor:/home/user/ros2_humble/install/trajectory_msgs:/home/user/ros2_humble/install/topic_statistics_demo:/home/user/ros2_humble/install/pendulum_control:/home/user/ros2_humble/install/tlsf_cpp:/home/user/ros2_humble/install/test_tracetools:/home/user/ros2_humble/install/rqt_gui_cpp:/home/user/ros2_humble/install/rosbag2_test_common:/home/user/ros2_humble/install/ros2lifecycle_test_fixtures:/home/user/ros2_humble/install/lifecycle:/home/user/ros2_humble/install/rclcpp_lifecycle:/home/user/ros2_humble/install/logging_demo:/home/user/ros2_humble/install/image_tools:/home/user/ros2_humble/install/examples_rclcpp_minimal_subscriber:/home/user/ros2_humble/install/examples_rclcpp_minimal_composition:/home/user/ros2_humble/install/demo_nodes_cpp_native:/home/user/ros2_humble/install/rclcpp_components:/home/user/ros2_humble/install/intra_process_demo:/home/user/ros2_humble/install/examples_rclcpp_multithreaded_executor:/home/user/ros2_humble/install/examples_rclcpp_minimal_timer:/home/user/ros2_humble/install/examples_rclcpp_minimal_publisher:/home/user/ros2_humble/install/examples_rclcpp_cbg_executor:/home/user/ros2_humble/install/dummy_sensors:/home/user/ros2_humble/install/dummy_map_server:/home/user/ros2_humble/install/rclcpp:/home/user/ros2_humble/install/rcl_lifecycle:/home/user/ros2_humble/install/libstatistics_collector:/home/user/ros2_humble/install/rcl:/home/user/ros2_humble/install/rmw_implementation:/home/user/ros2_humble/install/rmw_fastrtps_dynamic_cpp:/home/user/ros2_humble/install/rmw_fastrtps_cpp:/home/user/ros2_humble/install/rmw_fastrtps_shared_cpp:/home/user/ros2_humble/install/rmw_cyclonedds_cpp:/home/user/ros2_humble/install/tracetools:/home/user/ros2_humble/install/tlsf:/home/user/ros2_humble/install/tinyxml_vendor:/home/user/ros2_humble/install/qt_gui_core:/home/user/ros2_humble/install/qt_gui_cpp:/home/user/ros2_humble/install/pluginlib:/home/user/ros2_humble/install/tinyxml2_vendor:/home/user/ros2_humble/install/tf2_eigen_kdl:/home/user/ros2_humble/install/tf2:/home/user/ros2_humble/install/test_security:/home/user/ros2_humble/install/test_rmw_implementation:/home/user/ros2_humble/install/test_rclcpp:/home/user/ros2_humble/install/test_quality_of_service:/home/user/ros2_humble/install/test_launch_testing:/home/user/ros2_humble/install/test_interface_files:/home/user/ros2_humble/install/test_communication:/home/user/ros2_humble/install/test_cli_remapping:/home/user/ros2_humble/install/test_cli:/home/user/ros2_humble/install/qt_gui_app:/home/user/ros2_humble/install/qt_gui:/home/user/ros2_humble/install/tango_icons_vendor:/home/user/ros2_humble/install/stereo_msgs:/home/user/ros2_humble/install/std_srvs:/home/user/ros2_humble/install/shape_msgs:/home/user/ros2_humble/install/map_msgs:/home/user/ros2_humble/install/sensor_msgs:/home/user/ros2_humble/install/nav_msgs:/home/user/ros2_humble/install/diagnostic_msgs:/home/user/ros2_humble/install/geometry_msgs:/home/user/ros2_humble/install/actionlib_msgs:/home/user/ros2_humble/install/std_msgs:/home/user/ros2_humble/install/statistics_msgs:/home/user/ros2_humble/install/sqlite3_vendor:/home/user/ros2_humble/install/rcl_logging_spdlog:/home/user/ros2_humble/install/spdlog_vendor:/home/user/ros2_humble/install/shared_queues_vendor:/home/user/ros2_humble/install/rviz_assimp_vendor:/home/user/ros2_humble/install/rttest:/home/user/ros2_humble/install/rmw_connextddsmicro:/home/user/ros2_humble/install/rmw_connextdds:/home/user/ros2_humble/install/rmw_connextdds_common:/home/user/ros2_humble/install/rti_connext_dds_cmake_module:/home/user/ros2_humble/install/rosgraph_msgs:/home/user/ros2_humble/install/rosbag2_interfaces:/home/user/ros2_humble/install/rmw_dds_common:/home/user/ros2_humble/install/composition_interfaces:/home/user/ros2_humble/install/rcl_interfaces:/home/user/ros2_humble/install/pendulum_msgs:/home/user/ros2_humble/install/lifecycle_msgs:/home/user/ros2_humble/install/builtin_interfaces:/home/user/ros2_humble/install/rosidl_default_runtime:/home/user/ros2_humble/install/rosidl_default_generators:/home/user/ros2_humble/install/rosidl_generator_py:/home/user/ros2_humble/install/rosidl_typesupport_introspection_tests:/home/user/ros2_humble/install/rosidl_typesupport_cpp:/home/user/ros2_humble/install/rosidl_typesupport_introspection_cpp:/home/user/ros2_humble/install/rosidl_generator_rs:/home/user/ros2_humble/install/rosidl_typesupport_c:/home/user/ros2_humble/install/rosidl_typesupport_introspection_c:/home/user/ros2_humble/install/rosidl_typesupport_fastrtps_c:/home/user/ros2_humble/install/rosidl_typesupport_fastrtps_cpp:/home/user/ros2_humble/install/rosidl_generator_cpp:/home/user/ros2_humble/install/rosidl_runtime_cpp:/home/user/ros2_humble/install/rcl_yaml_param_parser:/home/user/ros2_humble/install/rmw:/home/user/ros2_humble/install/rosidl_runtime_c:/home/user/ros2_humble/install/rosidl_generator_c:/home/user/ros2_humble/install/rosidl_typesupport_interface:/home/user/ros2_humble/install/rosidl_generator_dds_idl:/home/user/ros2_humble/install/rosidl_cmake:/home/user/ros2_humble/install/rosidl_parser:/home/user/ros2_humble/install/rosidl_adapter:/home/user/ros2_humble/install/rosbag2_tests:/home/user/ros2_humble/install/ros_environment:/home/user/ros2_humble/install/rmw_implementation_cmake:/home/user/ros2_humble/install/resource_retriever:/home/user/ros2_humble/install/class_loader:/home/user/ros2_humble/install/rcpputils:/home/user/ros2_humble/install/rcl_logging_noop:/home/user/ros2_humble/install/rcl_logging_interface:/home/user/ros2_humble/install/rcutils:/home/user/ros2_humble/install/qt_gui_py_common:/home/user/ros2_humble/install/qt_dotgraph:/home/user/ros2_humble/install/python_qt_binding:/home/user/ros2_humble/install/python_orocos_kdl_vendor:/home/user/ros2_humble/install/launch_testing_ament_cmake:/home/user/ros2_humble/install/python_cmake_module:/home/user/ros2_humble/install/pybind11_vendor:/home/user/ros2_humble/install/performance_test_fixture:/home/user/ros2_humble/install/osrf_testing_tools_cpp:/home/user/ros2_humble/install/orocos_kdl_vendor:/home/user/ros2_humble/install/mimick_vendor:/home/user/ros2_humble/install/libyaml_vendor:/home/user/ros2_humble/install/libcurl_vendor:/home/user/ros2_humble/install/keyboard_handler:/home/user/ros2_humble/install/ignition_math6_vendor:/home/user/ros2_humble/install/ignition_cmake2_vendor:/home/user/ros2_humble/install/iceoryx_introspection:/home/user/ros2_humble/install/cyclonedds:/home/user/ros2_humble/install/iceoryx_posh:/home/user/ros2_humble/install/iceoryx_hoofs:/home/user/ros2_humble/install/iceoryx_binding_c:/home/user/ros2_humble/install/ament_cmake_ros:/home/user/ros2_humble/install/ament_cmake_auto:/home/user/ros2_humble/install/ament_cmake_gmock:/home/user/ros2_humble/install/gmock_vendor:/home/user/ros2_humble/install/ament_cmake_gtest:/home/user/ros2_humble/install/gtest_vendor:/home/user/ros2_humble/install/ament_cmake_google_benchmark:/home/user/ros2_humble/install/google_benchmark_vendor:/home/user/ros2_humble/install/fastrtps:/home/user/ros2_humble/install/foonathan_memory_vendor:/home/user/ros2_humble/install/fastrtps_cmake_module:/home/user/ros2_humble/install/fastcdr:/home/user/ros2_humble/install/eigen3_cmake_module:/home/user/ros2_humble/install/console_bridge_vendor:/home/user/ros2_humble/install/ament_cmake_xmllint:/home/user/ros2_humble/install/ament_cmake_pyflakes:/home/user/ros2_humble/install/ament_cmake_pycodestyle:/home/user/ros2_humble/install/ament_cmake_pep257:/home/user/ros2_humble/install/ament_cmake_pclint:/home/user/ros2_humble/install/ament_lint_auto:/home/user/ros2_humble/install/ament_cmake:/home/user/ros2_humble/install/ament_cmake_version:/home/user/ros2_humble/install/ament_cmake_vendor_package:/home/user/ros2_humble/install/ament_cmake_pytest:/home/user/ros2_humble/install/ament_cmake_nose:/home/user/ros2_humble/install/ament_cmake_mypy:/home/user/ros2_humble/install/ament_cmake_lint_cmake:/home/user/ros2_humble/install/ament_cmake_flake8:/home/user/ros2_humble/install/ament_cmake_cpplint:/home/user/ros2_humble/install/ament_cmake_cppcheck:/home/user/ros2_humble/install/ament_cmake_copyright:/home/user/ros2_humble/install/ament_cmake_clang_tidy:/home/user/ros2_humble/install/ament_cmake_clang_format:/home/user/ros2_humble/install/ament_cmake_test:/home/user/ros2_humble/install/ament_cmake_target_dependencies:/home/user/ros2_humble/install/ament_cmake_python:/home/user/ros2_humble/install/ament_cmake_export_dependencies:/home/user/ros2_humble/install/ament_cmake_libraries:/home/user/ros2_humble/install/ament_cmake_include_directories:/home/user/ros2_humble/install/ament_cmake_gen_version_h:/home/user/ros2_humble/install/ament_cmake_export_targets:/home/user/ros2_humble/install/ament_cmake_export_link_flags:/home/user/ros2_humble/install/ament_cmake_export_interfaces:/home/user/ros2_humble/install/ament_cmake_export_libraries:/home/user/ros2_humble/install/ament_cmake_export_include_directories:/home/user/ros2_humble/install/ament_cmake_export_definitions:/home/user/ros2_humble/install/ament_cmake_core:/home/user/ros2_humble/install/ament_index_cpp DEBUGINFOD_URLS=https://debuginfod.ubuntu.com LD_LIBRARY_PATH=/opt/cat_robot/src/ros2_ws/install/catui_msgs/lib:/opt/cat_robot/src/ros2_ws/install/wiimote/lib:/opt/cat_robot/src/ros2_ws/install/wiimote_msgs/lib:/opt/cat_robot/src/ros2_ws/install/spacenav/lib:/opt/cat_robot/src/ros2_ws/install/joy/lib:/opt/cat_robot/src/ros2_ws/install/libcreate/lib:/opt/cat_robot/src/ros2_ws/install/diagnostic_updater/lib:/opt/cat_robot/src/ros2_ws/install/diagnostic_remote_logging/lib:/opt/cat_robot/src/ros2_ws/install/diagnostic_aggregator/lib:/opt/cat_robot/src/ros2_ws/install/create_msgs/lib:/home/user/ros2_humble/install/rosbag2_storage_mcap/lib:/home/user/ros2_humble/install/rosbag2_compression_zstd/lib:/home/user/ros2_humble/install/mcap_vendor/lib:/home/user/ros2_humble/install/rosbag2_transport/lib:/home/user/ros2_humble/install/rosbag2_storage_default_plugins/lib:/home/user/ros2_humble/install/rosbag2_compression/lib:/home/user/ros2_humble/install/rosbag2_cpp/lib:/home/user/ros2_humble/install/rosbag2_storage/lib:/home/user/ros2_humble/install/camera_info_manager/lib:/home/user/ros2_humble/install/camera_calibration_parsers/lib:/home/user/ros2_humble/install/interactive_markers/lib:/home/user/ros2_humble/install/visualization_msgs/lib:/home/user/ros2_humble/install/robot_state_publisher/lib:/home/user/ros2_humble/install/kdl_parser/lib:/home/user/ros2_humble/install/urdf/lib:/home/user/ros2_humble/install/urdfdom/lib:/home/user/ros2_humble/install/turtlesim/lib:/home/user/ros2_humble/install/tf2_ros/lib:/home/user/ros2_humble/install/tf2_msgs/lib:/home/user/ros2_humble/install/test_msgs/lib:/home/user/ros2_humble/install/rosbag2_storage_mcap_testdata/lib:/home/user/ros2_humble/install/ros2cli_test_interfaces/lib:/home/user/ros2_humble/install/quality_of_service_demo_cpp/lib:/home/user/ros2_humble/install/image_transport/lib:/home/user/ros2_humble/install/message_filters/lib:/home/user/ros2_humble/install/demo_nodes_cpp/lib:/home/user/ros2_humble/install/composition/lib:/home/user/ros2_humble/install/laser_geometry/lib:/home/user/ros2_humble/install/rclpy/lib:/home/user/ros2_humble/install/action_tutorials_cpp/lib:/home/user/ros2_humble/install/rclcpp_action/lib:/home/user/ros2_humble/install/rcl_action/lib:/home/user/ros2_humble/install/examples_rclcpp_wait_set/lib:/home/user/ros2_humble/install/example_interfaces/lib:/home/user/ros2_humble/install/action_tutorials_interfaces/lib:/home/user/ros2_humble/install/action_msgs/lib:/home/user/ros2_humble/install/unique_identifier_msgs/lib:/home/user/ros2_humble/install/trajectory_msgs/lib:/home/user/ros2_humble/install/rqt_gui_cpp/lib:/home/user/ros2_humble/install/rclcpp_lifecycle/lib:/home/user/ros2_humble/install/logging_demo/lib:/home/user/ros2_humble/install/image_tools/lib:/home/user/ros2_humble/install/examples_rclcpp_minimal_subscriber/lib:/home/user/ros2_humble/install/examples_rclcpp_minimal_composition/lib:/home/user/ros2_humble/install/demo_nodes_cpp_native/lib:/home/user/ros2_humble/install/rclcpp_components/lib:/home/user/ros2_humble/install/rclcpp/lib:/home/user/ros2_humble/install/rcl_lifecycle/lib:/home/user/ros2_humble/install/libstatistics_collector/lib:/home/user/ros2_humble/install/rcl/lib:/home/user/ros2_humble/install/rmw_implementation/lib:/home/user/ros2_humble/install/rmw_fastrtps_dynamic_cpp/lib:/home/user/ros2_humble/install/rmw_fastrtps_cpp/lib:/home/user/ros2_humble/install/rmw_fastrtps_shared_cpp/lib:/home/user/ros2_humble/install/rmw_cyclonedds_cpp/lib:/home/user/ros2_humble/install/tracetools/lib:/home/user/ros2_humble/install/qt_gui_cpp/lib:/home/user/ros2_humble/install/tf2_eigen_kdl/lib:/home/user/ros2_humble/install/tf2/lib:/home/user/ros2_humble/install/stereo_msgs/lib:/home/user/ros2_humble/install/std_srvs/lib:/home/user/ros2_humble/install/shape_msgs/lib:/home/user/ros2_humble/install/map_msgs/lib:/home/user/ros2_humble/install/sensor_msgs/lib:/home/user/ros2_humble/install/nav_msgs/lib:/home/user/ros2_humble/install/diagnostic_msgs/lib:/home/user/ros2_humble/install/geometry_msgs/lib:/home/user/ros2_humble/install/actionlib_msgs/lib:/home/user/ros2_humble/install/std_msgs/lib:/home/user/ros2_humble/install/statistics_msgs/lib:/home/user/ros2_humble/install/rcl_logging_spdlog/lib:/home/user/ros2_humble/install/rttest/lib:/home/user/ros2_humble/install/rosgraph_msgs/lib:/home/user/ros2_humble/install/rosbag2_interfaces/lib:/home/user/ros2_humble/install/rmw_dds_common/lib:/home/user/ros2_humble/install/composition_interfaces/lib:/home/user/ros2_humble/install/rcl_interfaces/lib:/home/user/ros2_humble/install/pendulum_msgs/lib:/home/user/ros2_humble/install/lifecycle_msgs/lib:/home/user/ros2_humble/install/builtin_interfaces/lib:/home/user/ros2_humble/install/rosidl_typesupport_cpp/lib:/home/user/ros2_humble/install/rosidl_typesupport_introspection_cpp/lib:/home/user/ros2_humble/install/rosidl_typesupport_c/lib:/home/user/ros2_humble/install/rosidl_typesupport_introspection_c/lib:/home/user/ros2_humble/install/rosidl_typesupport_fastrtps_c/lib:/home/user/ros2_humble/install/rosidl_typesupport_fastrtps_cpp/lib:/home/user/ros2_humble/install/rcl_yaml_param_parser/lib:/home/user/ros2_humble/install/rmw/lib:/home/user/ros2_humble/install/rosidl_runtime_c/lib:/home/user/ros2_humble/install/resource_retriever/lib:/home/user/ros2_humble/install/class_loader/lib:/home/user/ros2_humble/install/rcpputils/lib:/home/user/ros2_humble/install/rcl_logging_noop/lib:/home/user/ros2_humble/install/rcl_logging_interface/lib:/home/user/ros2_humble/install/rcutils/lib:/home/user/ros2_humble/install/performance_test_fixture/lib:/home/user/ros2_humble/install/osrf_testing_tools_cpp/lib:/home/user/ros2_humble/install/mimick_vendor/lib:/home/user/ros2_humble/install/libyaml_vendor/lib:/home/user/ros2_humble/install/keyboard_handler/lib:/home/user/ros2_humble/install/ignition_math6_vendor/lib:/home/user/ros2_humble/install/iceoryx_introspection/lib:/home/user/ros2_humble/install/cyclonedds/lib:/home/user/ros2_humble/install/iceoryx_posh/lib:/home/user/ros2_humble/install/iceoryx_hoofs/lib:/home/user/ros2_humble/install/iceoryx_binding_c/lib:/home/user/ros2_humble/install/google_benchmark_vendor/lib:/home/user/ros2_humble/install/fastrtps/lib:/home/user/ros2_humble/install/fastcdr/lib:/home/user/ros2_humble/install/ament_index_cpp/lib PYTHONPATH=/opt/cat_robot/src/ros2_ws/build/catui_bridge/prefix_override:/usr/lib/python3/dist-packages/colcon_core/task/python/colcon_distutils_commands:/opt/cat_robot/src/ros2_ws/install/catui_bridge/lib/python3.12/site-packages:${PYTHONPATH} /usr/bin/python3 -W ignore:setup.py install is deprecated -W ignore:easy_install command is deprecated setup.py develop --editable --build-directory /opt/cat_robot/src/ros2_ws/build/catui_bridge/build --no-deps symlink_data
[5.859s] Level 1:colcon.colcon_core.shell:create_environment_hook('catui_bridge', 'pythonpath_develop')
[5.860s] INFO:colcon.colcon_core.shell:Creating environment hook '/opt/cat_robot/src/ros2_ws/build/catui_bridge/share/catui_bridge/hook/pythonpath_develop.ps1'
[5.860s] DEBUG:colcon.colcon_core.event_handler.log_command:Invoked command in '/opt/cat_robot/src/ros2_ws/build/catui_bridge' returned '0': CMAKE_PREFIX_PATH=/opt/cat_robot/src/ros2_ws/install/catui_msgs:/opt/cat_robot/src/ros2_ws/install/ydlidar_ros2_driver:/opt/cat_robot/src/ros2_ws/install/create_robot:/opt/cat_robot/src/ros2_ws/install/create_bringup:/opt/cat_robot/src/ros2_ws/install/create_description:/opt/cat_robot/src/ros2_ws/install/xacro:/opt/cat_robot/src/ros2_ws/install/wiimote:/opt/cat_robot/src/ros2_ws/install/wiimote_msgs:/opt/cat_robot/src/ros2_ws/install/spacenav:/opt/cat_robot/src/ros2_ws/install/diagnostics:/opt/cat_robot/src/ros2_ws/install/self_test:/opt/cat_robot/src/ros2_ws/install/joy:/opt/cat_robot/src/ros2_ws/install/sdl2_vendor:/opt/cat_robot/src/ros2_ws/install/create_driver:/opt/cat_robot/src/ros2_ws/install/libcreate:/opt/cat_robot/src/ros2_ws/install/joy_linux:/opt/cat_robot/src/ros2_ws/install/diagnostic_common_diagnostics:/opt/cat_robot/src/ros2_ws/install/diagnostic_updater:/opt/cat_robot/src/ros2_ws/install/diagnostic_remote_logging:/opt/cat_robot/src/ros2_ws/install/diagnostic_aggregator:/opt/cat_robot/src/ros2_ws/install/create_msgs:/home/user/ros2_humble/install/rosbag2_storage_mcap:/home/user/ros2_humble/install/rosbag2:/home/user/ros2_humble/install/rosbag2_compression_zstd:/home/user/ros2_humble/install/mcap_vendor:/home/user/ros2_humble/install/zstd_vendor:/home/user/ros2_humble/install/rosbag2_py:/home/user/ros2_humble/install/rosbag2_transport:/home/user/ros2_humble/install/rosbag2_storage_default_plugins:/home/user/ros2_humble/install/rosbag2_performance_benchmarking:/home/user/ros2_humble/install/rosbag2_compression:/home/user/ros2_humble/install/rosbag2_cpp:/home/user/ros2_humble/install/rosbag2_storage:/home/user/ros2_humble/install/image_common:/home/user/ros2_humble/install/camera_info_manager:/home/user/ros2_humble/install/camera_calibration_parsers:/home/user/ros2_humble/install/yaml_cpp_vendor:/home/user/ros2_humble/install/interactive_markers:/home/user/ros2_humble/install/common_interfaces:/home/user/ros2_humble/install/visualization_msgs:/home/user/ros2_humble/install/dummy_robot_bringup:/home/user/ros2_humble/install/robot_state_publisher:/home/user/ros2_humble/install/kdl_parser:/home/user/ros2_humble/install/urdf:/home/user/ros2_humble/install/urdfdom:/home/user/ros2_humble/install/urdf_parser_plugin:/home/user/ros2_humble/install/urdfdom_headers:/home/user/ros2_humble/install/turtlesim:/home/user/ros2_humble/install/geometry2:/home/user/ros2_humble/install/tf2_sensor_msgs:/home/user/ros2_humble/install/test_tf2:/home/user/ros2_humble/install/tf2_kdl:/home/user/ros2_humble/install/tf2_geometry_msgs:/home/user/ros2_humble/install/tf2_eigen:/home/user/ros2_humble/install/tf2_bullet:/home/user/ros2_humble/install/tf2_ros:/home/user/ros2_humble/install/tf2_py:/home/user/ros2_humble/install/tf2_msgs:/home/user/ros2_humble/install/test_msgs:/home/user/ros2_humble/install/sros2_cmake:/home/user/ros2_humble/install/ros2cli_common_extensions:/home/user/ros2_humble/install/rqt_py_common:/home/user/ros2_humble/install/rosbag2_storage_mcap_testdata:/home/user/ros2_humble/install/ros_testing:/home/user/ros2_humble/install/ros2cli_test_interfaces:/home/user/ros2_humble/install/quality_of_service_demo_cpp:/home/user/ros2_humble/install/image_transport:/home/user/ros2_humble/install/message_filters:/home/user/ros2_humble/install/demo_nodes_cpp:/home/user/ros2_humble/install/composition:/home/user/ros2_humble/install/laser_geometry:/home/user/ros2_humble/install/rclpy:/home/user/ros2_humble/install/examples_rclcpp_minimal_action_server:/home/user/ros2_humble/install/examples_rclcpp_minimal_action_client:/home/user/ros2_humble/install/action_tutorials_cpp:/home/user/ros2_humble/install/rclcpp_action:/home/user/ros2_humble/install/rcl_action:/home/user/ros2_humble/install/examples_rclcpp_wait_set:/home/user/ros2_humble/install/examples_rclcpp_minimal_service:/home/user/ros2_humble/install/examples_rclcpp_minimal_client:/home/user/ros2_humble/install/examples_rclcpp_async_client:/home/user/ros2_humble/install/example_interfaces:/home/user/ros2_humble/install/action_tutorials_interfaces:/home/user/ros2_humble/install/action_msgs:/home/user/ros2_humble/install/unique_identifier_msgs:/home/user/ros2_humble/install/ament_lint_common:/home/user/ros2_humble/install/ament_cmake_uncrustify:/home/user/ros2_humble/install/uncrustify_vendor:/home/user/ros2_humble/install/trajectory_msgs:/home/user/ros2_humble/install/topic_statistics_demo:/home/user/ros2_humble/install/pendulum_control:/home/user/ros2_humble/install/tlsf_cpp:/home/user/ros2_humble/install/test_tracetools:/home/user/ros2_humble/install/rqt_gui_cpp:/home/user/ros2_humble/install/rosbag2_test_common:/home/user/ros2_humble/install/ros2lifecycle_test_fixtures:/home/user/ros2_humble/install/lifecycle:/home/user/ros2_humble/install/rclcpp_lifecycle:/home/user/ros2_humble/install/logging_demo:/home/user/ros2_humble/install/image_tools:/home/user/ros2_humble/install/examples_rclcpp_minimal_subscriber:/home/user/ros2_humble/install/examples_rclcpp_minimal_composition:/home/user/ros2_humble/install/demo_nodes_cpp_native:/home/user/ros2_humble/install/rclcpp_components:/home/user/ros2_humble/install/intra_process_demo:/home/user/ros2_humble/install/examples_rclcpp_multithreaded_executor:/home/user/ros2_humble/install/examples_rclcpp_minimal_timer:/home/user/ros2_humble/install/examples_rclcpp_minimal_publisher:/home/user/ros2_humble/install/examples_rclcpp_cbg_executor:/home/user/ros2_humble/install/dummy_sensors:/home/user/ros2_humble/install/dummy_map_server:/home/user/ros2_humble/install/rclcpp:/home/user/ros2_humble/install/rcl_lifecycle:/home/user/ros2_humble/install/libstatistics_collector:/home/user/ros2_humble/install/rcl:/home/user/ros2_humble/install/rmw_implementation:/home/user/ros2_humble/install/rmw_fastrtps_dynamic_cpp:/home/user/ros2_humble/install/rmw_fastrtps_cpp:/home/user/ros2_humble/install/rmw_fastrtps_shared_cpp:/home/user/ros2_humble/install/rmw_cyclonedds_cpp:/home/user/ros2_humble/install/tracetools:/home/user/ros2_humble/install/tlsf:/home/user/ros2_humble/install/tinyxml_vendor:/home/user/ros2_humble/install/qt_gui_core:/home/user/ros2_humble/install/qt_gui_cpp:/home/user/ros2_humble/install/pluginlib:/home/user/ros2_humble/install/tinyxml2_vendor:/home/user/ros2_humble/install/tf2_eigen_kdl:/home/user/ros2_humble/install/tf2:/home/user/ros2_humble/install/test_security:/home/user/ros2_humble/install/test_rmw_implementation:/home/user/ros2_humble/install/test_rclcpp:/home/user/ros2_humble/install/test_quality_of_service:/home/user/ros2_humble/install/test_launch_testing:/home/user/ros2_humble/install/test_interface_files:/home/user/ros2_humble/install/test_communication:/home/user/ros2_humble/install/test_cli_remapping:/home/user/ros2_humble/install/test_cli:/home/user/ros2_humble/install/qt_gui_app:/home/user/ros2_humble/install/qt_gui:/home/user/ros2_humble/install/tango_icons_vendor:/home/user/ros2_humble/install/stereo_msgs:/home/user/ros2_humble/install/std_srvs:/home/user/ros2_humble/install/shape_msgs:/home/user/ros2_humble/install/map_msgs:/home/user/ros2_humble/install/sensor_msgs:/home/user/ros2_humble/install/nav_msgs:/home/user/ros2_humble/install/diagnostic_msgs:/home/user/ros2_humble/install/geometry_msgs:/home/user/ros2_humble/install/actionlib_msgs:/home/user/ros2_humble/install/std_msgs:/home/user/ros2_humble/install/statistics_msgs:/home/user/ros2_humble/install/sqlite3_vendor:/home/user/ros2_humble/install/rcl_logging_spdlog:/home/user/ros2_humble/install/spdlog_vendor:/home/user/ros2_humble/install/shared_queues_vendor:/home/user/ros2_humble/install/rviz_assimp_vendor:/home/user/ros2_humble/install/rttest:/home/user/ros2_humble/install/rmw_connextddsmicro:/home/user/ros2_humble/install/rmw_connextdds:/home/user/ros2_humble/install/rmw_connextdds_common:/home/user/ros2_humble/install/rti_connext_dds_cmake_module:/home/user/ros2_humble/install/rosgraph_msgs:/home/user/ros2_humble/install/rosbag2_interfaces:/home/user/ros2_humble/install/rmw_dds_common:/home/user/ros2_humble/install/composition_interfaces:/home/user/ros2_humble/install/rcl_interfaces:/home/user/ros2_humble/install/pendulum_msgs:/home/user/ros2_humble/install/lifecycle_msgs:/home/user/ros2_humble/install/builtin_interfaces:/home/user/ros2_humble/install/rosidl_default_runtime:/home/user/ros2_humble/install/rosidl_default_generators:/home/user/ros2_humble/install/rosidl_generator_py:/home/user/ros2_humble/install/rosidl_typesupport_introspection_tests:/home/user/ros2_humble/install/rosidl_typesupport_cpp:/home/user/ros2_humble/install/rosidl_typesupport_introspection_cpp:/home/user/ros2_humble/install/rosidl_generator_rs:/home/user/ros2_humble/install/rosidl_typesupport_c:/home/user/ros2_humble/install/rosidl_typesupport_introspection_c:/home/user/ros2_humble/install/rosidl_typesupport_fastrtps_c:/home/user/ros2_humble/install/rosidl_typesupport_fastrtps_cpp:/home/user/ros2_humble/install/rosidl_generator_cpp:/home/user/ros2_humble/install/rosidl_runtime_cpp:/home/user/ros2_humble/install/rcl_yaml_param_parser:/home/user/ros2_humble/install/rmw:/home/user/ros2_humble/install/rosidl_runtime_c:/home/user/ros2_humble/install/rosidl_generator_c:/home/user/ros2_humble/install/rosidl_typesupport_interface:/home/user/ros2_humble/install/rosidl_generator_dds_idl:/home/user/ros2_humble/install/rosidl_cmake:/home/user/ros2_humble/install/rosidl_parser:/home/user/ros2_humble/install/rosidl_adapter:/home/user/ros2_humble/install/rosbag2_tests:/home/user/ros2_humble/install/ros_environment:/home/user/ros2_humble/install/rmw_implementation_cmake:/home/user/ros2_humble/install/resource_retriever:/home/user/ros2_humble/install/class_loader:/home/user/ros2_humble/install/rcpputils:/home/user/ros2_humble/install/rcl_logging_noop:/home/user/ros2_humble/install/rcl_logging_interface:/home/user/ros2_humble/install/rcutils:/home/user/ros2_humble/install/qt_gui_py_common:/home/user/ros2_humble/install/qt_dotgraph:/home/user/ros2_humble/install/python_qt_binding:/home/user/ros2_humble/install/python_orocos_kdl_vendor:/home/user/ros2_humble/install/launch_testing_ament_cmake:/home/user/ros2_humble/install/python_cmake_module:/home/user/ros2_humble/install/pybind11_vendor:/home/user/ros2_humble/install/performance_test_fixture:/home/user/ros2_humble/install/osrf_testing_tools_cpp:/home/user/ros2_humble/install/orocos_kdl_vendor:/home/user/ros2_humble/install/mimick_vendor:/home/user/ros2_humble/install/libyaml_vendor:/home/user/ros2_humble/install/libcurl_vendor:/home/user/ros2_humble/install/keyboard_handler:/home/user/ros2_humble/install/ignition_math6_vendor:/home/user/ros2_humble/install/ignition_cmake2_vendor:/home/user/ros2_humble/install/iceoryx_introspection:/home/user/ros2_humble/install/cyclonedds:/home/user/ros2_humble/install/iceoryx_posh:/home/user/ros2_humble/install/iceoryx_hoofs:/home/user/ros2_humble/install/iceoryx_binding_c:/home/user/ros2_humble/install/ament_cmake_ros:/home/user/ros2_humble/install/ament_cmake_auto:/home/user/ros2_humble/install/ament_cmake_gmock:/home/user/ros2_humble/install/gmock_vendor:/home/user/ros2_humble/install/ament_cmake_gtest:/home/user/ros2_humble/install/gtest_vendor:/home/user/ros2_humble/install/ament_cmake_google_benchmark:/home/user/ros2_humble/install/google_benchmark_vendor:/home/user/ros2_humble/install/fastrtps:/home/user/ros2_humble/install/foonathan_memory_vendor:/home/user/ros2_humble/install/fastrtps_cmake_module:/home/user/ros2_humble/install/fastcdr:/home/user/ros2_humble/install/eigen3_cmake_module:/home/user/ros2_humble/install/console_bridge_vendor:/home/user/ros2_humble/install/ament_cmake_xmllint:/home/user/ros2_humble/install/ament_cmake_pyflakes:/home/user/ros2_humble/install/ament_cmake_pycodestyle:/home/user/ros2_humble/install/ament_cmake_pep257:/home/user/ros2_humble/install/ament_cmake_pclint:/home/user/ros2_humble/install/ament_lint_auto:/home/user/ros2_humble/install/ament_cmake:/home/user/ros2_humble/install/ament_cmake_version:/home/user/ros2_humble/install/ament_cmake_vendor_package:/home/user/ros2_humble/install/ament_cmake_pytest:/home/user/ros2_humble/install/ament_cmake_nose:/home/user/ros2_humble/install/ament_cmake_mypy:/home/user/ros2_humble/install/ament_cmake_lint_cmake:/home/user/ros2_humble/install/ament_cmake_flake8:/home/user/ros2_humble/install/ament_cmake_cpplint:/home/user/ros2_humble/install/ament_cmake_cppcheck:/home/user/ros2_humble/install/ament_cmake_copyright:/home/user/ros2_humble/install/ament_cmake_clang_tidy:/home/user/ros2_humble/install/ament_cmake_clang_format:/home/user/ros2_humble/install/ament_cmake_test:/home/user/ros2_humble/install/ament_cmake_target_dependencies:/home/user/ros2_humble/install/ament_cmake_python:/home/user/ros2_humble/install/ament_cmake_export_dependencies:/home/user/ros2_humble/install/ament_cmake_libraries:/home/user/ros2_humble/install/ament_cmake_include_directories:/home/user/ros2_humble/install/ament_cmake_gen_version_h:/home/user/ros2_humble/install/ament_cmake_export_targets:/home/user/ros2_humble/install/ament_cmake_export_link_flags:/home/user/ros2_humble/install/ament_cmake_export_interfaces:/home/user/ros2_humble/install/ament_cmake_export_libraries:/home/user/ros2_humble/install/ament_cmake_export_include_directories:/home/user/ros2_humble/install/ament_cmake_export_definitions:/home/user/ros2_humble/install/ament_cmake_core:/home/user/ros2_humble/install/ament_index_cpp DEBUGINFOD_URLS=https://debuginfod.ubuntu.com LD_LIBRARY_PATH=/opt/cat_robot/src/ros2_ws/install/catui_msgs/lib:/opt/cat_robot/src/ros2_ws/install/wiimote/lib:/opt/cat_robot/src/ros2_ws/install/wiimote_msgs/lib:/opt/cat_robot/src/ros2_ws/install/spacenav/lib:/opt/cat_robot/src/ros2_ws/install/joy/lib:/opt/cat_robot/src/ros2_ws/install/libcreate/lib:/opt/cat_robot/src/ros2_ws/install/diagnostic_updater/lib:/opt/cat_robot/src/ros2_ws/install/diagnostic_remote_logging/lib:/opt/cat_robot/src/ros2_ws/install/diagnostic_aggregator/lib:/opt/cat_robot/src/ros2_ws/install/create_msgs/lib:/home/user/ros2_humble/install/rosbag2_storage_mcap/lib:/home/user/ros2_humble/install/rosbag2_compression_zstd/lib:/home/user/ros2_humble/install/mcap_vendor/lib:/home/user/ros2_humble/install/rosbag2_transport/lib:/home/user/ros2_humble/install/rosbag2_storage_default_plugins/lib:/home/user/ros2_humble/install/rosbag2_compression/lib:/home/user/ros2_humble/install/rosbag2_cpp/lib:/home/user/ros2_humble/install/rosbag2_storage/lib:/home/user/ros2_humble/install/camera_info_manager/lib:/home/user/ros2_humble/install/camera_calibration_parsers/lib:/home/user/ros2_humble/install/interactive_markers/lib:/home/user/ros2_humble/install/visualization_msgs/lib:/home/user/ros2_humble/install/robot_state_publisher/lib:/home/user/ros2_humble/install/kdl_parser/lib:/home/user/ros2_humble/install/urdf/lib:/home/user/ros2_humble/install/urdfdom/lib:/home/user/ros2_humble/install/turtlesim/lib:/home/user/ros2_humble/install/tf2_ros/lib:/home/user/ros2_humble/install/tf2_msgs/lib:/home/user/ros2_humble/install/test_msgs/lib:/home/user/ros2_humble/install/rosbag2_storage_mcap_testdata/lib:/home/user/ros2_humble/install/ros2cli_test_interfaces/lib:/home/user/ros2_humble/install/quality_of_service_demo_cpp/lib:/home/user/ros2_humble/install/image_transport/lib:/home/user/ros2_humble/install/message_filters/lib:/home/user/ros2_humble/install/demo_nodes_cpp/lib:/home/user/ros2_humble/install/composition/lib:/home/user/ros2_humble/install/laser_geometry/lib:/home/user/ros2_humble/install/rclpy/lib:/home/user/ros2_humble/install/action_tutorials_cpp/lib:/home/user/ros2_humble/install/rclcpp_action/lib:/home/user/ros2_humble/install/rcl_action/lib:/home/user/ros2_humble/install/examples_rclcpp_wait_set/lib:/home/user/ros2_humble/install/example_interfaces/lib:/home/user/ros2_humble/install/action_tutorials_interfaces/lib:/home/user/ros2_humble/install/action_msgs/lib:/home/user/ros2_humble/install/unique_identifier_msgs/lib:/home/user/ros2_humble/install/trajectory_msgs/lib:/home/user/ros2_humble/install/rqt_gui_cpp/lib:/home/user/ros2_humble/install/rclcpp_lifecycle/lib:/home/user/ros2_humble/install/logging_demo/lib:/home/user/ros2_humble/install/image_tools/lib:/home/user/ros2_humble/install/examples_rclcpp_minimal_subscriber/lib:/home/user/ros2_humble/install/examples_rclcpp_minimal_composition/lib:/home/user/ros2_humble/install/demo_nodes_cpp_native/lib:/home/user/ros2_humble/install/rclcpp_components/lib:/home/user/ros2_humble/install/rclcpp/lib:/home/user/ros2_humble/install/rcl_lifecycle/lib:/home/user/ros2_humble/install/libstatistics_collector/lib:/home/user/ros2_humble/install/rcl/lib:/home/user/ros2_humble/install/rmw_implementation/lib:/home/user/ros2_humble/install/rmw_fastrtps_dynamic_cpp/lib:/home/user/ros2_humble/install/rmw_fastrtps_cpp/lib:/home/user/ros2_humble/install/rmw_fastrtps_shared_cpp/lib:/home/user/ros2_humble/install/rmw_cyclonedds_cpp/lib:/home/user/ros2_humble/install/tracetools/lib:/home/user/ros2_humble/install/qt_gui_cpp/lib:/home/user/ros2_humble/install/tf2_eigen_kdl/lib:/home/user/ros2_humble/install/tf2/lib:/home/user/ros2_humble/install/stereo_msgs/lib:/home/user/ros2_humble/install/std_srvs/lib:/home/user/ros2_humble/install/shape_msgs/lib:/home/user/ros2_humble/install/map_msgs/lib:/home/user/ros2_humble/install/sensor_msgs/lib:/home/user/ros2_humble/install/nav_msgs/lib:/home/user/ros2_humble/install/diagnostic_msgs/lib:/home/user/ros2_humble/install/geometry_msgs/lib:/home/user/ros2_humble/install/actionlib_msgs/lib:/home/user/ros2_humble/install/std_msgs/lib:/home/user/ros2_humble/install/statistics_msgs/lib:/home/user/ros2_humble/install/rcl_logging_spdlog/lib:/home/user/ros2_humble/install/rttest/lib:/home/user/ros2_humble/install/rosgraph_msgs/lib:/home/user/ros2_humble/install/rosbag2_interfaces/lib:/home/user/ros2_humble/install/rmw_dds_common/lib:/home/user/ros2_humble/install/composition_interfaces/lib:/home/user/ros2_humble/install/rcl_interfaces/lib:/home/user/ros2_humble/install/pendulum_msgs/lib:/home/user/ros2_humble/install/lifecycle_msgs/lib:/home/user/ros2_humble/install/builtin_interfaces/lib:/home/user/ros2_humble/install/rosidl_typesupport_cpp/lib:/home/user/ros2_humble/install/rosidl_typesupport_introspection_cpp/lib:/home/user/ros2_humble/install/rosidl_typesupport_c/lib:/home/user/ros2_humble/install/rosidl_typesupport_introspection_c/lib:/home/user/ros2_humble/install/rosidl_typesupport_fastrtps_c/lib:/home/user/ros2_humble/install/rosidl_typesupport_fastrtps_cpp/lib:/home/user/ros2_humble/install/rcl_yaml_param_parser/lib:/home/user/ros2_humble/install/rmw/lib:/home/user/ros2_humble/install/rosidl_runtime_c/lib:/home/user/ros2_humble/install/resource_retriever/lib:/home/user/ros2_humble/install/class_loader/lib:/home/user/ros2_humble/install/rcpputils/lib:/home/user/ros2_humble/install/rcl_logging_noop/lib:/home/user/ros2_humble/install/rcl_logging_interface/lib:/home/user/ros2_humble/install/rcutils/lib:/home/user/ros2_humble/install/performance_test_fixture/lib:/home/user/ros2_humble/install/osrf_testing_tools_cpp/lib:/home/user/ros2_humble/install/mimick_vendor/lib:/home/user/ros2_humble/install/libyaml_vendor/lib:/home/user/ros2_humble/install/keyboard_handler/lib:/home/user/ros2_humble/install/ignition_math6_vendor/lib:/home/user/ros2_humble/install/iceoryx_introspection/lib:/home/user/ros2_humble/install/cyclonedds/lib:/home/user/ros2_humble/install/iceoryx_posh/lib:/home/user/ros2_humble/install/iceoryx_hoofs/lib:/home/user/ros2_humble/install/iceoryx_binding_c/lib:/home/user/ros2_humble/install/google_benchmark_vendor/lib:/home/user/ros2_humble/install/fastrtps/lib:/home/user/ros2_humble/install/fastcdr/lib:/home/user/ros2_humble/install/ament_index_cpp/lib PYTHONPATH=/opt/cat_robot/src/ros2_ws/build/catui_bridge/prefix_override:/usr/lib/python3/dist-packages/colcon_core/task/python/colcon_distutils_commands:/opt/cat_robot/src/ros2_ws/install/catui_bridge/lib/python3.12/site-packages:${PYTHONPATH} /usr/bin/python3 -W ignore:setup.py install is deprecated -W ignore:easy_install command is deprecated setup.py develop --editable --build-directory /opt/cat_robot/src/ros2_ws/build/catui_bridge/build --no-deps symlink_data
[5.861s] INFO:colcon.colcon_core.shell:Creating environment descriptor '/opt/cat_robot/src/ros2_ws/build/catui_bridge/share/catui_bridge/hook/pythonpath_develop.dsv'
[5.867s] INFO:colcon.colcon_core.shell:Creating environment hook '/opt/cat_robot/src/ros2_ws/build/catui_bridge/share/catui_bridge/hook/pythonpath_develop.sh'
[5.878s] Level 1:colcon.colcon_core.environment:checking '/opt/cat_robot/src/ros2_ws/install/catui_bridge' for CMake module files
[5.879s] Level 1:colcon.colcon_core.environment:checking '/opt/cat_robot/src/ros2_ws/install/catui_bridge' for CMake config files
[5.880s] Level 1:colcon.colcon_core.environment:checking '/opt/cat_robot/src/ros2_ws/install/catui_bridge/lib'
[5.880s] Level 1:colcon.colcon_core.environment:checking '/opt/cat_robot/src/ros2_ws/install/catui_bridge/bin'
[5.880s] Level 1:colcon.colcon_core.environment:checking '/opt/cat_robot/src/ros2_ws/install/catui_bridge/lib/pkgconfig/catui_bridge.pc'
[5.880s] Level 1:colcon.colcon_core.environment:checking '/opt/cat_robot/src/ros2_ws/install/catui_bridge/lib/python3.12/site-packages'
[5.881s] Level 1:colcon.colcon_core.shell:create_environment_hook('catui_bridge', 'pythonpath')
[5.881s] INFO:colcon.colcon_core.shell:Creating environment hook '/opt/cat_robot/src/ros2_ws/install/catui_bridge/share/catui_bridge/hook/pythonpath.ps1'
[5.882s] INFO:colcon.colcon_core.shell:Creating environment descriptor '/opt/cat_robot/src/ros2_ws/install/catui_bridge/share/catui_bridge/hook/pythonpath.dsv'
[5.888s] INFO:colcon.colcon_core.shell:Creating environment hook '/opt/cat_robot/src/ros2_ws/install/catui_bridge/share/catui_bridge/hook/pythonpath.sh'
[5.889s] Level 1:colcon.colcon_core.environment:checking '/opt/cat_robot/src/ros2_ws/install/catui_bridge/bin'
[5.889s] Level 1:colcon.colcon_core.environment:create_environment_scripts_only(catui_bridge)
[5.890s] INFO:colcon.colcon_core.shell:Creating package script '/opt/cat_robot/src/ros2_ws/install/catui_bridge/share/catui_bridge/package.ps1'
[5.891s] INFO:colcon.colcon_core.shell:Creating package descriptor '/opt/cat_robot/src/ros2_ws/install/catui_bridge/share/catui_bridge/package.dsv'
[5.892s] INFO:colcon.colcon_core.shell:Creating package script '/opt/cat_robot/src/ros2_ws/install/catui_bridge/share/catui_bridge/package.sh'
[5.893s] INFO:colcon.colcon_core.shell:Creating package script '/opt/cat_robot/src/ros2_ws/install/catui_bridge/share/catui_bridge/package.bash'
[5.894s] INFO:colcon.colcon_core.shell:Creating package script '/opt/cat_robot/src/ros2_ws/install/catui_bridge/share/catui_bridge/package.zsh'
[5.896s] Level 1:colcon.colcon_core.environment:create_file_with_runtime_dependencies(/opt/cat_robot/src/ros2_ws/install/catui_bridge/share/colcon-core/packages/catui_bridge)
[5.897s] DEBUG:colcon.colcon_parallel_executor.executor.parallel:closing loop
[5.897s] DEBUG:colcon.colcon_parallel_executor.executor.parallel:loop closed
[5.897s] DEBUG:colcon.colcon_parallel_executor.executor.parallel:run_until_complete finished with '0'
[5.898s] DEBUG:colcon.colcon_core.event_reactor:joining thread
[5.921s] INFO:colcon.colcon_core.plugin_system:Skipping extension 'colcon_notification.desktop_notification.terminal_notifier': Not used on non-Darwin systems
[5.921s] INFO:colcon.colcon_core.plugin_system:Skipping extension 'colcon_notification.desktop_notification.win32': Not used on non-Windows systems
[5.921s] INFO:colcon.colcon_notification.desktop_notification:Sending desktop notification using 'notify2'
[5.938s] DEBUG:colcon.colcon_core.event_reactor:joined thread
[5.939s] INFO:colcon.colcon_core.shell:Creating prefix script '/opt/cat_robot/src/ros2_ws/install/local_setup.ps1'
[5.940s] INFO:colcon.colcon_core.shell:Creating prefix util module '/opt/cat_robot/src/ros2_ws/install/_local_setup_util_ps1.py'
[5.946s] INFO:colcon.colcon_core.shell:Creating prefix chain script '/opt/cat_robot/src/ros2_ws/install/setup.ps1'
[5.969s] INFO:colcon.colcon_core.shell:Creating prefix script '/opt/cat_robot/src/ros2_ws/install/local_setup.sh'
[5.975s] INFO:colcon.colcon_core.shell:Creating prefix util module '/opt/cat_robot/src/ros2_ws/install/_local_setup_util_sh.py'
[5.977s] INFO:colcon.colcon_core.shell:Creating prefix chain script '/opt/cat_robot/src/ros2_ws/install/setup.sh'
[6.000s] INFO:colcon.colcon_core.shell:Creating prefix script '/opt/cat_robot/src/ros2_ws/install/local_setup.bash'
[6.006s] INFO:colcon.colcon_core.shell:Creating prefix chain script '/opt/cat_robot/src/ros2_ws/install/setup.bash'
[6.031s] INFO:colcon.colcon_core.shell:Creating prefix script '/opt/cat_robot/src/ros2_ws/install/local_setup.zsh'
[6.038s] INFO:colcon.colcon_core.shell:Creating prefix chain script '/opt/cat_robot/src/ros2_ws/install/setup.zsh'
