[0mCMake Deprecation Warning at CMakeLists.txt:8 (cmake_minimum_required):
  Compatibility with CMake < 3.5 will be removed from a future version of
  CMake.

  Update the VERSION argument <min> value or use a ...<max> suffix to tell
  CMake that the project does not need compatibility with older versions.

[0m
-- The C compiler identification is GNU 13.3.0
-- The CXX compiler identification is GNU 13.3.0
-- Detecting C compiler ABI info
-- Detecting C compiler ABI info - done
-- Check for working C compiler: /usr/bin/cc - skipped
-- Detecting C compile features
-- Detecting C compile features - done
-- Detecting CXX compiler ABI info
-- Detecting CXX compiler ABI info - done
-- Check for working CXX compiler: /usr/bin/c++ - skipped
-- Detecting CXX compile features
-- Detecting CXX compile features - done
-- Found Boost: /usr/lib/aarch64-linux-gnu/cmake/Boost-1.83.0/BoostConfig.cmake (found version "1.83.0") found components: system thread 
-- Found Threads: TRUE  
-- Found GTest: /usr/lib/aarch64-linux-gnu/cmake/GTest/GTestConfig.cmake (found version "1.14.0")  
[0mGTest installation found. Building tests.[0m
-- Configuring done (6.7s)
-- Generating done (0.1s)
-- Build files have been written to: /opt/cat_robot/src/ros2_ws/build/libcreate
[  2%] [32mBuilding CXX object CMakeFiles/create.dir/src/serial.cpp.o[0m
[  5%] [32mBuilding CXX object CMakeFiles/create.dir/src/create.cpp.o[0m
[ 11%] [32mBuilding CXX object CMakeFiles/create.dir/src/serial_query.cpp.o[0m
[ 11%] [32mBuilding CXX object CMakeFiles/create.dir/src/serial_stream.cpp.o[0m
[ 13%] [32mBuilding CXX object CMakeFiles/create.dir/src/data.cpp.o[0m
[ 16%] [32mBuilding CXX object CMakeFiles/create.dir/src/packet.cpp.o[0m
[ 19%] [32mBuilding CXX object CMakeFiles/create.dir/src/types.cpp.o[0m
[ 22%] [32m[1mLinking CXX shared library libcreate.so[0m
[ 22%] Built target create
[ 25%] [32mBuilding CXX object CMakeFiles/battery_level.dir/examples/battery_level.cpp.o[0m
[ 27%] [32mBuilding CXX object CMakeFiles/drive_circle.dir/examples/drive_circle.cpp.o[0m
[ 30%] [32mBuilding CXX object CMakeFiles/cliffs.dir/examples/cliffs.cpp.o[0m
[ 33%] [32mBuilding CXX object CMakeFiles/bumpers.dir/examples/bumpers.cpp.o[0m
[ 36%] [32m[1mLinking CXX executable drive_circle[0m
[ 36%] Built target drive_circle
[ 38%] [32m[1mLinking CXX executable bumpers[0m
[ 41%] [32m[1mLinking CXX executable cliffs[0m
[ 41%] Built target bumpers
[ 41%] Built target cliffs
[ 44%] [32m[1mLinking CXX executable battery_level[0m
[ 44%] Built target battery_level
[ 47%] [32mBuilding CXX object CMakeFiles/play_song.dir/examples/play_song.cpp.o[0m
[ 50%] [32m[1mLinking CXX executable play_song[0m
[ 50%] Built target play_song
[ 52%] [32mBuilding CXX object CMakeFiles/wheeldrop.dir/examples/wheeldrop.cpp.o[0m
[ 55%] [32m[1mLinking CXX executable wheeldrop[0m
[ 55%] Built target wheeldrop
[ 58%] [32mBuilding CXX object CMakeFiles/test_create.dir/tests/test_create.cpp.o[0m
[ 61%] [32m[1mLinking CXX executable test_create[0m
[ 61%] Built target test_create
[ 63%] [32mBuilding CXX object CMakeFiles/test_data.dir/tests/test_data.cpp.o[0m
[ 66%] [32m[1mLinking CXX executable test_data[0m
[ 66%] Built target test_data
[ 69%] [32mBuilding CXX object CMakeFiles/test_packet.dir/tests/test_packet.cpp.o[0m
[ 72%] [32m[1mLinking CXX executable test_packet[0m
[ 72%] Built target test_packet
[ 75%] [32mBuilding CXX object CMakeFiles/test_robot_model.dir/tests/test_robot_model.cpp.o[0m
[ 77%] [32m[1mLinking CXX executable test_robot_model[0m
[ 77%] Built target test_robot_model
[ 80%] [32mBuilding CXX object CMakeFiles/test_serial_stream.dir/tests/test_serial_stream.cpp.o[0m
[ 83%] [32m[1mLinking CXX executable test_serial_stream[0m
[ 83%] Built target test_serial_stream
[ 86%] [32mBuilding CXX object CMakeFiles/test_serial_query.dir/tests/test_serial_query.cpp.o[0m
[ 88%] [32m[1mLinking CXX executable test_serial_query[0m
[ 88%] Built target test_serial_query
[ 91%] [32mBuilding CXX object CMakeFiles/packets.dir/examples/packets.cpp.o[0m
[ 94%] [32m[1mLinking CXX executable packets[0m
[ 94%] Built target packets
[ 97%] [32mBuilding CXX object CMakeFiles/leds.dir/examples/leds.cpp.o[0m
[100%] [32m[1mLinking CXX executable leds[0m
[100%] Built target leds
-- Install configuration: ""
-- Installing: /opt/cat_robot/src/ros2_ws/install/libcreate/lib/libcreate.so
-- Installing: /opt/cat_robot/src/ros2_ws/install/libcreate/include
-- Installing: /opt/cat_robot/src/ros2_ws/install/libcreate/include/create
-- Installing: /opt/cat_robot/src/ros2_ws/install/libcreate/include/create/serial_stream.h
-- Installing: /opt/cat_robot/src/ros2_ws/install/libcreate/include/create/create.h
-- Installing: /opt/cat_robot/src/ros2_ws/install/libcreate/include/create/serial_query.h
-- Installing: /opt/cat_robot/src/ros2_ws/install/libcreate/include/create/serial.h
-- Installing: /opt/cat_robot/src/ros2_ws/install/libcreate/include/create/util.h
-- Installing: /opt/cat_robot/src/ros2_ws/install/libcreate/include/create/data.h
-- Installing: /opt/cat_robot/src/ros2_ws/install/libcreate/include/create/packet.h
-- Installing: /opt/cat_robot/src/ros2_ws/install/libcreate/include/create/types.h
-- Installing: /opt/cat_robot/src/ros2_ws/install/libcreate/lib/cmake/libcreate/libcreate-config.cmake
-- Installing: /opt/cat_robot/src/ros2_ws/install/libcreate/lib/cmake/libcreate/libcreate-config-version.cmake
-- Installing: /opt/cat_robot/src/ros2_ws/install/libcreate/lib/cmake/libcreate/libcreate-targets.cmake
-- Installing: /opt/cat_robot/src/ros2_ws/install/libcreate/lib/cmake/libcreate/libcreate-targets-noconfig.cmake
-- Installing: /opt/cat_robot/src/ros2_ws/install/libcreate/share/libcreate/package.xml
