[0.123s] Invoking command in '/opt/cat_robot/src/ros2_ws/build/create_msgs': CMAKE_PREFIX_PATH=${CMAKE_PREFIX_PATH}:/opt/cat_robot/src/ros2_ws/install/catui_bridge:/opt/cat_robot/src/ros2_ws/install/cat_robot_bringup:/home/user/ros2_humble/install/rqt_bag_plugins:/home/user/ros2_humble/install/rqt_bag:/home/user/ros2_humble/install/launch_testing_examples:/home/user/ros2_humble/install/ros2bag:/home/user/ros2_humble/install/tracetools_test:/home/user/ros2_humble/install/tracetools_launch:/home/user/ros2_humble/install/topic_monitor:/home/user/ros2_humble/install/tf2_tools:/home/user/ros2_humble/install/examples_tf2_py:/home/user/ros2_humble/install/tf2_ros_py:/home/user/ros2_humble/install/sros2:/home/user/ros2_humble/install/rqt_topic:/home/user/ros2_humble/install/rqt_srv:/home/user/ros2_humble/install/rqt_shell:/home/user/ros2_humble/install/rqt_service_caller:/home/user/ros2_humble/install/rqt_reconfigure:/home/user/ros2_humble/install/rqt_py_console:/home/user/ros2_humble/install/rqt_publisher:/home/user/ros2_humble/install/rqt_plot:/home/user/ros2_humble/install/rqt_action:/home/user/ros2_humble/install/rqt_msg:/home/user/ros2_humble/install/rqt_console:/home/user/ros2_humble/install/rqt:/home/user/ros2_humble/install/rqt_graph:/home/user/ros2_humble/install/rqt_gui_py:/home/user/ros2_humble/install/rqt_gui:/home/user/ros2_humble/install/ros2trace:/home/user/ros2_humble/install/ros2topic:/home/user/ros2_humble/install/ros2test:/home/user/ros2_humble/install/ros2component:/home/user/ros2_humble/install/ros2param:/home/user/ros2_humble/install/ros2lifecycle:/home/user/ros2_humble/install/ros2service:/home/user/ros2_humble/install/ros2run:/home/user/ros2_humble/install/ros2plugin:/home/user/ros2_humble/install/ros2launch:/home/user/ros2_humble/install/ros2pkg:/home/user/ros2_humble/install/ros2node:/home/user/ros2_humble/install/ros2multicast:/home/user/ros2_humble/install/ros2interface:/home/user/ros2_humble/install/ros2doctor:/home/user/ros2_humble/install/ros2action:/home/user/ros2_humble/install/ros2cli:/home/user/ros2_humble/install/quality_of_service_demo_py:/home/user/ros2_humble/install/lifecycle_py:/home/user/ros2_humble/install/launch_testing_ros:/home/user/ros2_humble/install/launch_ros:/home/user/ros2_humble/install/examples_rclpy_pointcloud_publisher:/home/user/ros2_humble/install/examples_rclpy_minimal_subscriber:/home/user/ros2_humble/install/examples_rclpy_minimal_service:/home/user/ros2_humble/install/examples_rclpy_minimal_publisher:/home/user/ros2_humble/install/examples_rclpy_minimal_client:/home/user/ros2_humble/install/examples_rclpy_minimal_action_server:/home/user/ros2_humble/install/examples_rclpy_minimal_action_client:/home/user/ros2_humble/install/examples_rclpy_guard_conditions:/home/user/ros2_humble/install/examples_rclpy_executors:/home/user/ros2_humble/install/demo_nodes_py:/home/user/ros2_humble/install/camera_info_manager_py:/home/user/ros2_humble/install/action_tutorials_py:/home/user/ros2_humble/install/ament_uncrustify:/home/user/ros2_humble/install/tracetools_trace:/home/user/ros2_humble/install/tracetools_read:/home/user/ros2_humble/install/test_tracetools_launch:/home/user/ros2_humble/install/test_launch_ros:/home/user/ros2_humble/install/sensor_msgs_py:/home/user/ros2_humble/install/rpyutils:/home/user/ros2_humble/install/rosidl_runtime_py:/home/user/ros2_humble/install/rosidl_cli:/home/user/ros2_humble/install/launch_pytest:/home/user/ros2_humble/install/launch_testing:/home/user/ros2_humble/install/launch_yaml:/home/user/ros2_humble/install/launch_xml:/home/user/ros2_humble/install/launch:/home/user/ros2_humble/install/osrf_pycommon:/home/user/ros2_humble/install/domain_coordinator:/home/user/ros2_humble/install/ament_xmllint:/home/user/ros2_humble/install/ament_pyflakes:/home/user/ros2_humble/install/ament_pycodestyle:/home/user/ros2_humble/install/ament_pep257:/home/user/ros2_humble/install/ament_pclint:/home/user/ros2_humble/install/ament_package:/home/user/ros2_humble/install/ament_mypy:/home/user/ros2_humble/install/ament_lint_cmake:/home/user/ros2_humble/install/ament_flake8:/home/user/ros2_humble/install/ament_copyright:/home/user/ros2_humble/install/ament_lint:/home/user/ros2_humble/install/ament_index_python:/home/user/ros2_humble/install/ament_cpplint:/home/user/ros2_humble/install/ament_cppcheck:/home/user/ros2_humble/install/ament_clang_tidy:/home/user/ros2_humble/install/ament_clang_format DEBUGINFOD_URLS=https://debuginfod.ubuntu.com /usr/bin/cmake /opt/cat_robot/src/ros2_ws/src/create_robot/create_msgs -DAMENT_CMAKE_SYMLINK_INSTALL=1 -DCMAKE_INSTALL_PREFIX=/opt/cat_robot/src/ros2_ws/install/create_msgs
[0.474s] -- The C compiler identification is GNU 13.3.0
[0.718s] -- The CXX compiler identification is GNU 13.3.0
[0.760s] -- Detecting C compiler ABI info
[1.141s] -- Detecting C compiler ABI info - done
[1.154s] -- Check for working C compiler: /usr/bin/cc - skipped
[1.154s] -- Detecting C compile features
[1.155s] -- Detecting C compile features - done
[1.178s] -- Detecting CXX compiler ABI info
[2.267s] -- Detecting CXX compiler ABI info - done
[2.281s] -- Check for working CXX compiler: /usr/bin/c++ - skipped
[2.283s] -- Detecting CXX compile features
[2.283s] -- Detecting CXX compile features - done
[6.190s] -- Found ament_cmake: 1.3.14 (/home/user/ros2_humble/install/ament_cmake/share/ament_cmake/cmake)
[7.143s] -- Found Python3: /usr/bin/python3 (found version "3.12.3") found components: Interpreter 
[7.728s] -- Override CMake install command with custom implementation using symlinks instead of copying resources
[8.620s] -- Found rosidl_default_generators: 1.2.1 (/home/user/ros2_humble/install/rosidl_default_generators/share/rosidl_default_generators/cmake)
[9.068s] -- Using all available rosidl_typesupport_c: rosidl_typesupport_introspection_c;rosidl_typesupport_fastrtps_c
[9.249s] -- Found rosidl_adapter: 3.1.8 (/home/user/ros2_humble/install/rosidl_adapter/share/rosidl_adapter/cmake)
[10.201s] -- Using all available rosidl_typesupport_cpp: rosidl_typesupport_introspection_cpp;rosidl_typesupport_fastrtps_cpp
[10.863s] -- Found std_msgs: 4.9.1 (/home/user/ros2_humble/install/std_msgs/share/std_msgs/cmake)
[18.686s] -- Found ament_cmake_ros: 0.10.0 (/home/user/ros2_humble/install/ament_cmake_ros/share/ament_cmake_ros/cmake)
[21.681s] -- Using all available rosidl_typesupport_c: rosidl_typesupport_introspection_c;rosidl_typesupport_fastrtps_c
[29.151s] -- Using all available rosidl_typesupport_cpp: rosidl_typesupport_introspection_cpp;rosidl_typesupport_fastrtps_cpp
[29.165s] [33mCMake Warning (dev) at /home/user/ros2_humble/install/rosidl_generator_py/share/rosidl_generator_py/cmake/rosidl_generator_py_generate_interfaces.cmake:20 (find_package):
[29.168s]   Policy CMP0148 is not set: The FindPythonInterp and FindPythonLibs modules
[29.168s]   are removed.  Run "cmake --help-policy CMP0148" for policy details.  Use
[29.174s]   the cmake_policy command to set the policy and suppress this warning.
[29.174s] 
[29.174s] Call Stack (most recent call first):
[29.174s]   /home/user/ros2_humble/install/ament_cmake_core/share/ament_cmake_core/cmake/core/ament_execute_extensions.cmake:48 (include)
[29.174s]   /home/user/ros2_humble/install/rosidl_cmake/share/rosidl_cmake/cmake/rosidl_generate_interfaces.cmake:286 (ament_execute_extensions)
[29.175s]   CMakeLists.txt:18 (rosidl_generate_interfaces)
[29.175s] This warning is for project developers.  Use -Wno-dev to suppress it.
[29.182s] [0m
[29.552s] -- Found PythonInterp: /usr/bin/python3 (found suitable version "3.12.3", minimum required is "3.6") 
[29.629s] -- Found python_cmake_module: 0.10.0 (/home/user/ros2_humble/install/python_cmake_module/share/python_cmake_module/cmake)
[29.643s] [33mCMake Warning (dev) at /home/user/ros2_humble/install/python_cmake_module/share/python_cmake_module/cmake/Modules/FindPythonExtra.cmake:52 (find_package):
[29.643s]   Policy CMP0148 is not set: The FindPythonInterp and FindPythonLibs modules
[29.643s]   are removed.  Run "cmake --help-policy CMP0148" for policy details.  Use
[29.643s]   the cmake_policy command to set the policy and suppress this warning.
[29.644s] 
[29.644s] Call Stack (most recent call first):
[29.644s]   /home/user/ros2_humble/install/rosidl_generator_py/share/rosidl_generator_py/cmake/rosidl_generator_py_generate_interfaces.cmake:23 (find_package)
[29.644s]   /home/user/ros2_humble/install/ament_cmake_core/share/ament_cmake_core/cmake/core/ament_execute_extensions.cmake:48 (include)
[29.644s]   /home/user/ros2_humble/install/rosidl_cmake/share/rosidl_cmake/cmake/rosidl_generate_interfaces.cmake:286 (ament_execute_extensions)
[29.644s]   CMakeLists.txt:18 (rosidl_generate_interfaces)
[29.644s] This warning is for project developers.  Use -Wno-dev to suppress it.
[29.644s] [0m
[29.981s] [33mCMake Warning (dev) at /home/user/ros2_humble/install/python_cmake_module/share/python_cmake_module/cmake/Modules/FindPythonExtra.cmake:140 (find_package):
[29.982s]   Policy CMP0148 is not set: The FindPythonInterp and FindPythonLibs modules
[29.982s]   are removed.  Run "cmake --help-policy CMP0148" for policy details.  Use
[29.985s]   the cmake_policy command to set the policy and suppress this warning.
[29.985s] 
[29.985s] Call Stack (most recent call first):
[29.985s]   /home/user/ros2_humble/install/rosidl_generator_py/share/rosidl_generator_py/cmake/rosidl_generator_py_generate_interfaces.cmake:23 (find_package)
[29.985s]   /home/user/ros2_humble/install/ament_cmake_core/share/ament_cmake_core/cmake/core/ament_execute_extensions.cmake:48 (include)
[29.986s]   /home/user/ros2_humble/install/rosidl_cmake/share/rosidl_cmake/cmake/rosidl_generate_interfaces.cmake:286 (ament_execute_extensions)
[29.986s]   CMakeLists.txt:18 (rosidl_generate_interfaces)
[29.986s] This warning is for project developers.  Use -Wno-dev to suppress it.
[29.986s] [0m
[30.097s] -- Found PythonLibs: /usr/lib/aarch64-linux-gnu/libpython3.12.so (found suitable version "3.12.3", minimum required is "3.5") 
[30.098s] -- Using PYTHON_EXECUTABLE: /usr/bin/python3
[30.099s] -- Using PYTHON_INCLUDE_DIRS: /usr/include/python3.12
[30.102s] -- Using PYTHON_LIBRARIES: /usr/lib/aarch64-linux-gnu/libpython3.12.so
[30.314s] -- Found PythonExtra: .so  
[32.717s] -- Using numpy include directory: /usr/lib/python3/dist-packages/numpy/core/include
[35.757s] -- Configuring done (35.5s)
[35.892s] -- Generating done (0.1s)
[35.918s] -- Build files have been written to: /opt/cat_robot/src/ros2_ws/build/create_msgs
[35.952s] Invoked command in '/opt/cat_robot/src/ros2_ws/build/create_msgs' returned '0': CMAKE_PREFIX_PATH=${CMAKE_PREFIX_PATH}:/opt/cat_robot/src/ros2_ws/install/catui_bridge:/opt/cat_robot/src/ros2_ws/install/cat_robot_bringup:/home/user/ros2_humble/install/rqt_bag_plugins:/home/user/ros2_humble/install/rqt_bag:/home/user/ros2_humble/install/launch_testing_examples:/home/user/ros2_humble/install/ros2bag:/home/user/ros2_humble/install/tracetools_test:/home/user/ros2_humble/install/tracetools_launch:/home/user/ros2_humble/install/topic_monitor:/home/user/ros2_humble/install/tf2_tools:/home/user/ros2_humble/install/examples_tf2_py:/home/user/ros2_humble/install/tf2_ros_py:/home/user/ros2_humble/install/sros2:/home/user/ros2_humble/install/rqt_topic:/home/user/ros2_humble/install/rqt_srv:/home/user/ros2_humble/install/rqt_shell:/home/user/ros2_humble/install/rqt_service_caller:/home/user/ros2_humble/install/rqt_reconfigure:/home/user/ros2_humble/install/rqt_py_console:/home/user/ros2_humble/install/rqt_publisher:/home/user/ros2_humble/install/rqt_plot:/home/user/ros2_humble/install/rqt_action:/home/user/ros2_humble/install/rqt_msg:/home/user/ros2_humble/install/rqt_console:/home/user/ros2_humble/install/rqt:/home/user/ros2_humble/install/rqt_graph:/home/user/ros2_humble/install/rqt_gui_py:/home/user/ros2_humble/install/rqt_gui:/home/user/ros2_humble/install/ros2trace:/home/user/ros2_humble/install/ros2topic:/home/user/ros2_humble/install/ros2test:/home/user/ros2_humble/install/ros2component:/home/user/ros2_humble/install/ros2param:/home/user/ros2_humble/install/ros2lifecycle:/home/user/ros2_humble/install/ros2service:/home/user/ros2_humble/install/ros2run:/home/user/ros2_humble/install/ros2plugin:/home/user/ros2_humble/install/ros2launch:/home/user/ros2_humble/install/ros2pkg:/home/user/ros2_humble/install/ros2node:/home/user/ros2_humble/install/ros2multicast:/home/user/ros2_humble/install/ros2interface:/home/user/ros2_humble/install/ros2doctor:/home/user/ros2_humble/install/ros2action:/home/user/ros2_humble/install/ros2cli:/home/user/ros2_humble/install/quality_of_service_demo_py:/home/user/ros2_humble/install/lifecycle_py:/home/user/ros2_humble/install/launch_testing_ros:/home/user/ros2_humble/install/launch_ros:/home/user/ros2_humble/install/examples_rclpy_pointcloud_publisher:/home/user/ros2_humble/install/examples_rclpy_minimal_subscriber:/home/user/ros2_humble/install/examples_rclpy_minimal_service:/home/user/ros2_humble/install/examples_rclpy_minimal_publisher:/home/user/ros2_humble/install/examples_rclpy_minimal_client:/home/user/ros2_humble/install/examples_rclpy_minimal_action_server:/home/user/ros2_humble/install/examples_rclpy_minimal_action_client:/home/user/ros2_humble/install/examples_rclpy_guard_conditions:/home/user/ros2_humble/install/examples_rclpy_executors:/home/user/ros2_humble/install/demo_nodes_py:/home/user/ros2_humble/install/camera_info_manager_py:/home/user/ros2_humble/install/action_tutorials_py:/home/user/ros2_humble/install/ament_uncrustify:/home/user/ros2_humble/install/tracetools_trace:/home/user/ros2_humble/install/tracetools_read:/home/user/ros2_humble/install/test_tracetools_launch:/home/user/ros2_humble/install/test_launch_ros:/home/user/ros2_humble/install/sensor_msgs_py:/home/user/ros2_humble/install/rpyutils:/home/user/ros2_humble/install/rosidl_runtime_py:/home/user/ros2_humble/install/rosidl_cli:/home/user/ros2_humble/install/launch_pytest:/home/user/ros2_humble/install/launch_testing:/home/user/ros2_humble/install/launch_yaml:/home/user/ros2_humble/install/launch_xml:/home/user/ros2_humble/install/launch:/home/user/ros2_humble/install/osrf_pycommon:/home/user/ros2_humble/install/domain_coordinator:/home/user/ros2_humble/install/ament_xmllint:/home/user/ros2_humble/install/ament_pyflakes:/home/user/ros2_humble/install/ament_pycodestyle:/home/user/ros2_humble/install/ament_pep257:/home/user/ros2_humble/install/ament_pclint:/home/user/ros2_humble/install/ament_package:/home/user/ros2_humble/install/ament_mypy:/home/user/ros2_humble/install/ament_lint_cmake:/home/user/ros2_humble/install/ament_flake8:/home/user/ros2_humble/install/ament_copyright:/home/user/ros2_humble/install/ament_lint:/home/user/ros2_humble/install/ament_index_python:/home/user/ros2_humble/install/ament_cpplint:/home/user/ros2_humble/install/ament_cppcheck:/home/user/ros2_humble/install/ament_clang_tidy:/home/user/ros2_humble/install/ament_clang_format DEBUGINFOD_URLS=https://debuginfod.ubuntu.com /usr/bin/cmake /opt/cat_robot/src/ros2_ws/src/create_robot/create_msgs -DAMENT_CMAKE_SYMLINK_INSTALL=1 -DCMAKE_INSTALL_PREFIX=/opt/cat_robot/src/ros2_ws/install/create_msgs
[35.955s] Invoking command in '/opt/cat_robot/src/ros2_ws/build/create_msgs': CMAKE_PREFIX_PATH=${CMAKE_PREFIX_PATH}:/opt/cat_robot/src/ros2_ws/install/catui_bridge:/opt/cat_robot/src/ros2_ws/install/cat_robot_bringup:/home/user/ros2_humble/install/rqt_bag_plugins:/home/user/ros2_humble/install/rqt_bag:/home/user/ros2_humble/install/launch_testing_examples:/home/user/ros2_humble/install/ros2bag:/home/user/ros2_humble/install/tracetools_test:/home/user/ros2_humble/install/tracetools_launch:/home/user/ros2_humble/install/topic_monitor:/home/user/ros2_humble/install/tf2_tools:/home/user/ros2_humble/install/examples_tf2_py:/home/user/ros2_humble/install/tf2_ros_py:/home/user/ros2_humble/install/sros2:/home/user/ros2_humble/install/rqt_topic:/home/user/ros2_humble/install/rqt_srv:/home/user/ros2_humble/install/rqt_shell:/home/user/ros2_humble/install/rqt_service_caller:/home/user/ros2_humble/install/rqt_reconfigure:/home/user/ros2_humble/install/rqt_py_console:/home/user/ros2_humble/install/rqt_publisher:/home/user/ros2_humble/install/rqt_plot:/home/user/ros2_humble/install/rqt_action:/home/user/ros2_humble/install/rqt_msg:/home/user/ros2_humble/install/rqt_console:/home/user/ros2_humble/install/rqt:/home/user/ros2_humble/install/rqt_graph:/home/user/ros2_humble/install/rqt_gui_py:/home/user/ros2_humble/install/rqt_gui:/home/user/ros2_humble/install/ros2trace:/home/user/ros2_humble/install/ros2topic:/home/user/ros2_humble/install/ros2test:/home/user/ros2_humble/install/ros2component:/home/user/ros2_humble/install/ros2param:/home/user/ros2_humble/install/ros2lifecycle:/home/user/ros2_humble/install/ros2service:/home/user/ros2_humble/install/ros2run:/home/user/ros2_humble/install/ros2plugin:/home/user/ros2_humble/install/ros2launch:/home/user/ros2_humble/install/ros2pkg:/home/user/ros2_humble/install/ros2node:/home/user/ros2_humble/install/ros2multicast:/home/user/ros2_humble/install/ros2interface:/home/user/ros2_humble/install/ros2doctor:/home/user/ros2_humble/install/ros2action:/home/user/ros2_humble/install/ros2cli:/home/user/ros2_humble/install/quality_of_service_demo_py:/home/user/ros2_humble/install/lifecycle_py:/home/user/ros2_humble/install/launch_testing_ros:/home/user/ros2_humble/install/launch_ros:/home/user/ros2_humble/install/examples_rclpy_pointcloud_publisher:/home/user/ros2_humble/install/examples_rclpy_minimal_subscriber:/home/user/ros2_humble/install/examples_rclpy_minimal_service:/home/user/ros2_humble/install/examples_rclpy_minimal_publisher:/home/user/ros2_humble/install/examples_rclpy_minimal_client:/home/user/ros2_humble/install/examples_rclpy_minimal_action_server:/home/user/ros2_humble/install/examples_rclpy_minimal_action_client:/home/user/ros2_humble/install/examples_rclpy_guard_conditions:/home/user/ros2_humble/install/examples_rclpy_executors:/home/user/ros2_humble/install/demo_nodes_py:/home/user/ros2_humble/install/camera_info_manager_py:/home/user/ros2_humble/install/action_tutorials_py:/home/user/ros2_humble/install/ament_uncrustify:/home/user/ros2_humble/install/tracetools_trace:/home/user/ros2_humble/install/tracetools_read:/home/user/ros2_humble/install/test_tracetools_launch:/home/user/ros2_humble/install/test_launch_ros:/home/user/ros2_humble/install/sensor_msgs_py:/home/user/ros2_humble/install/rpyutils:/home/user/ros2_humble/install/rosidl_runtime_py:/home/user/ros2_humble/install/rosidl_cli:/home/user/ros2_humble/install/launch_pytest:/home/user/ros2_humble/install/launch_testing:/home/user/ros2_humble/install/launch_yaml:/home/user/ros2_humble/install/launch_xml:/home/user/ros2_humble/install/launch:/home/user/ros2_humble/install/osrf_pycommon:/home/user/ros2_humble/install/domain_coordinator:/home/user/ros2_humble/install/ament_xmllint:/home/user/ros2_humble/install/ament_pyflakes:/home/user/ros2_humble/install/ament_pycodestyle:/home/user/ros2_humble/install/ament_pep257:/home/user/ros2_humble/install/ament_pclint:/home/user/ros2_humble/install/ament_package:/home/user/ros2_humble/install/ament_mypy:/home/user/ros2_humble/install/ament_lint_cmake:/home/user/ros2_humble/install/ament_flake8:/home/user/ros2_humble/install/ament_copyright:/home/user/ros2_humble/install/ament_lint:/home/user/ros2_humble/install/ament_index_python:/home/user/ros2_humble/install/ament_cpplint:/home/user/ros2_humble/install/ament_cppcheck:/home/user/ros2_humble/install/ament_clang_tidy:/home/user/ros2_humble/install/ament_clang_format DEBUGINFOD_URLS=https://debuginfod.ubuntu.com /usr/bin/cmake --build /opt/cat_robot/src/ros2_ws/build/create_msgs -- -j4 -l4
[36.307s] [  1%] [34m[1mGenerating Rust code for ROS interfaces[0m
[38.189s] [  1%] Built target create_msgs__rs
[38.385s] [  1%] Built target ament_cmake_python_symlink_create_msgs
[38.472s] [  2%] [34m[1mGenerating C code for ROS interfaces[0m
[42.468s] [  3%] [32mBuilding C object CMakeFiles/create_msgs__rosidl_generator_c.dir/rosidl_generator_c/create_msgs/msg/detail/bumper__functions.c.o[0m
[42.730s] [  5%] [32mBuilding C object CMakeFiles/create_msgs__rosidl_generator_c.dir/rosidl_generator_c/create_msgs/msg/detail/charging_state__functions.c.o[0m
[42.946s] [  6%] [32mBuilding C object CMakeFiles/create_msgs__rosidl_generator_c.dir/rosidl_generator_c/create_msgs/msg/detail/define_song__functions.c.o[0m
[43.174s] [  7%] [32mBuilding C object CMakeFiles/create_msgs__rosidl_generator_c.dir/rosidl_generator_c/create_msgs/msg/detail/mode__functions.c.o[0m
[43.384s] [  8%] [32mBuilding C object CMakeFiles/create_msgs__rosidl_generator_c.dir/rosidl_generator_c/create_msgs/msg/detail/play_song__functions.c.o[0m
[43.569s] [ 10%] [32mBuilding C object CMakeFiles/create_msgs__rosidl_generator_c.dir/rosidl_generator_c/create_msgs/msg/detail/motor_setpoint__functions.c.o[0m
[43.759s] [ 11%] [32mBuilding C object CMakeFiles/create_msgs__rosidl_generator_c.dir/rosidl_generator_c/create_msgs/msg/detail/cliff__functions.c.o[0m
[43.968s] [ 12%] [32m[1mLinking C shared library libcreate_msgs__rosidl_generator_c.so[0m
[44.165s] [ 12%] Built target create_msgs__rosidl_generator_c
[45.153s] running egg_info
[45.154s] creating create_msgs.egg-info
[45.234s] writing create_msgs.egg-info/PKG-INFO
[45.235s] writing dependency_links to create_msgs.egg-info/dependency_links.txt
[45.235s] writing top-level names to create_msgs.egg-info/top_level.txt
[45.237s] writing manifest file 'create_msgs.egg-info/SOURCES.txt'
[45.500s] reading manifest file 'create_msgs.egg-info/SOURCES.txt'
[45.501s] writing manifest file 'create_msgs.egg-info/SOURCES.txt'
[45.654s] [ 12%] Built target ament_cmake_python_build_create_msgs_egg
[45.705s] [ 13%] [34m[1mGenerating C introspection for ROS interfaces[0m
[47.605s] [ 15%] [32mBuilding C object CMakeFiles/create_msgs__rosidl_typesupport_introspection_c.dir/rosidl_typesupport_introspection_c/create_msgs/msg/detail/bumper__type_support.c.o[0m
[47.730s] [ 16%] [32mBuilding C object CMakeFiles/create_msgs__rosidl_typesupport_introspection_c.dir/rosidl_typesupport_introspection_c/create_msgs/msg/detail/charging_state__type_support.c.o[0m
[47.855s] [ 17%] [32mBuilding C object CMakeFiles/create_msgs__rosidl_typesupport_introspection_c.dir/rosidl_typesupport_introspection_c/create_msgs/msg/detail/define_song__type_support.c.o[0m
[47.982s] [ 18%] [32mBuilding C object CMakeFiles/create_msgs__rosidl_typesupport_introspection_c.dir/rosidl_typesupport_introspection_c/create_msgs/msg/detail/mode__type_support.c.o[0m
[48.152s] [ 20%] [32mBuilding C object CMakeFiles/create_msgs__rosidl_typesupport_introspection_c.dir/rosidl_typesupport_introspection_c/create_msgs/msg/detail/play_song__type_support.c.o[0m
[48.355s] [ 21%] [32mBuilding C object CMakeFiles/create_msgs__rosidl_typesupport_introspection_c.dir/rosidl_typesupport_introspection_c/create_msgs/msg/detail/motor_setpoint__type_support.c.o[0m
[48.510s] [ 22%] [32mBuilding C object CMakeFiles/create_msgs__rosidl_typesupport_introspection_c.dir/rosidl_typesupport_introspection_c/create_msgs/msg/detail/cliff__type_support.c.o[0m
[48.668s] [ 23%] [32m[1mLinking C shared library libcreate_msgs__rosidl_typesupport_introspection_c.so[0m
[48.856s] [ 23%] Built target create_msgs__rosidl_typesupport_introspection_c
[48.949s] [ 25%] [34m[1mGenerating C type support for eProsima Fast-RTPS[0m
[51.034s] [ 26%] [32mBuilding CXX object CMakeFiles/create_msgs__rosidl_typesupport_fastrtps_c.dir/rosidl_typesupport_fastrtps_c/create_msgs/msg/detail/bumper__type_support_c.cpp.o[0m
[51.982s] [ 27%] [32mBuilding CXX object CMakeFiles/create_msgs__rosidl_typesupport_fastrtps_c.dir/rosidl_typesupport_fastrtps_c/create_msgs/msg/detail/charging_state__type_support_c.cpp.o[0m
[52.860s] [ 28%] [32mBuilding CXX object CMakeFiles/create_msgs__rosidl_typesupport_fastrtps_c.dir/rosidl_typesupport_fastrtps_c/create_msgs/msg/detail/define_song__type_support_c.cpp.o[0m
[53.734s] [ 30%] [32mBuilding CXX object CMakeFiles/create_msgs__rosidl_typesupport_fastrtps_c.dir/rosidl_typesupport_fastrtps_c/create_msgs/msg/detail/mode__type_support_c.cpp.o[0m
[54.635s] [ 31%] [32mBuilding CXX object CMakeFiles/create_msgs__rosidl_typesupport_fastrtps_c.dir/rosidl_typesupport_fastrtps_c/create_msgs/msg/detail/play_song__type_support_c.cpp.o[0m
[55.450s] [ 32%] [32mBuilding CXX object CMakeFiles/create_msgs__rosidl_typesupport_fastrtps_c.dir/rosidl_typesupport_fastrtps_c/create_msgs/msg/detail/motor_setpoint__type_support_c.cpp.o[0m
[56.255s] [ 33%] [32mBuilding CXX object CMakeFiles/create_msgs__rosidl_typesupport_fastrtps_c.dir/rosidl_typesupport_fastrtps_c/create_msgs/msg/detail/cliff__type_support_c.cpp.o[0m
[57.122s] [ 35%] [32m[1mLinking CXX shared library libcreate_msgs__rosidl_typesupport_fastrtps_c.so[0m
[57.421s] [ 35%] Built target create_msgs__rosidl_typesupport_fastrtps_c
[57.470s] [ 36%] [34m[1mGenerating C type support dispatch for ROS interfaces[0m
[59.173s] [ 37%] [32mBuilding CXX object CMakeFiles/create_msgs__rosidl_typesupport_c.dir/rosidl_typesupport_c/create_msgs/msg/bumper__type_support.cpp.o[0m
[59.369s] [ 38%] [32mBuilding CXX object CMakeFiles/create_msgs__rosidl_typesupport_c.dir/rosidl_typesupport_c/create_msgs/msg/define_song__type_support.cpp.o[0m
[59.544s] [ 40%] [32mBuilding CXX object CMakeFiles/create_msgs__rosidl_typesupport_c.dir/rosidl_typesupport_c/create_msgs/msg/mode__type_support.cpp.o[0m
[59.702s] [ 41%] [32mBuilding CXX object CMakeFiles/create_msgs__rosidl_typesupport_c.dir/rosidl_typesupport_c/create_msgs/msg/play_song__type_support.cpp.o[0m
[59.856s] [ 42%] [32mBuilding CXX object CMakeFiles/create_msgs__rosidl_typesupport_c.dir/rosidl_typesupport_c/create_msgs/msg/motor_setpoint__type_support.cpp.o[0m
[60.011s] [ 43%] [32mBuilding CXX object CMakeFiles/create_msgs__rosidl_typesupport_c.dir/rosidl_typesupport_c/create_msgs/msg/cliff__type_support.cpp.o[0m
[60.193s] [ 45%] [32mBuilding CXX object CMakeFiles/create_msgs__rosidl_typesupport_c.dir/rosidl_typesupport_c/create_msgs/msg/charging_state__type_support.cpp.o[0m
[60.340s] [ 46%] [32m[1mLinking CXX shared library libcreate_msgs__rosidl_typesupport_c.so[0m
[60.584s] [ 46%] Built target create_msgs__rosidl_typesupport_c
[60.718s] [ 47%] [34m[1mGenerating C++ code for ROS interfaces[0m
[63.895s] [ 47%] Built target create_msgs__cpp
[63.943s] [ 48%] [34m[1mGenerating C++ type support for eProsima Fast-RTPS[0m
[65.989s] [ 50%] [32mBuilding CXX object CMakeFiles/create_msgs__rosidl_typesupport_fastrtps_cpp.dir/rosidl_typesupport_fastrtps_cpp/create_msgs/msg/detail/dds_fastrtps/bumper__type_support.cpp.o[0m
[67.036s] [ 51%] [32mBuilding CXX object CMakeFiles/create_msgs__rosidl_typesupport_fastrtps_cpp.dir/rosidl_typesupport_fastrtps_cpp/create_msgs/msg/detail/dds_fastrtps/charging_state__type_support.cpp.o[0m
[68.065s] [ 52%] [32mBuilding CXX object CMakeFiles/create_msgs__rosidl_typesupport_fastrtps_cpp.dir/rosidl_typesupport_fastrtps_cpp/create_msgs/msg/detail/dds_fastrtps/define_song__type_support.cpp.o[0m
[69.415s] [ 53%] [32mBuilding CXX object CMakeFiles/create_msgs__rosidl_typesupport_fastrtps_cpp.dir/rosidl_typesupport_fastrtps_cpp/create_msgs/msg/detail/dds_fastrtps/mode__type_support.cpp.o[0m
[70.494s] [ 55%] [32mBuilding CXX object CMakeFiles/create_msgs__rosidl_typesupport_fastrtps_cpp.dir/rosidl_typesupport_fastrtps_cpp/create_msgs/msg/detail/dds_fastrtps/play_song__type_support.cpp.o[0m
[71.384s] [ 56%] [32mBuilding CXX object CMakeFiles/create_msgs__rosidl_typesupport_fastrtps_cpp.dir/rosidl_typesupport_fastrtps_cpp/create_msgs/msg/detail/dds_fastrtps/motor_setpoint__type_support.cpp.o[0m
[73.010s] [ 57%] [32mBuilding CXX object CMakeFiles/create_msgs__rosidl_typesupport_fastrtps_cpp.dir/rosidl_typesupport_fastrtps_cpp/create_msgs/msg/detail/dds_fastrtps/cliff__type_support.cpp.o[0m
[74.214s] [ 58%] [32m[1mLinking CXX shared library libcreate_msgs__rosidl_typesupport_fastrtps_cpp.so[0m
[74.609s] [ 58%] Built target create_msgs__rosidl_typesupport_fastrtps_cpp
[74.691s] [ 60%] [34m[1mGenerating C++ introspection for ROS interfaces[0m
[76.741s] [ 61%] [32mBuilding CXX object CMakeFiles/create_msgs__rosidl_typesupport_introspection_cpp.dir/rosidl_typesupport_introspection_cpp/create_msgs/msg/detail/bumper__type_support.cpp.o[0m
[77.423s] [ 62%] [32mBuilding CXX object CMakeFiles/create_msgs__rosidl_typesupport_introspection_cpp.dir/rosidl_typesupport_introspection_cpp/create_msgs/msg/detail/define_song__type_support.cpp.o[0m
[78.282s] [ 63%] [32mBuilding CXX object CMakeFiles/create_msgs__rosidl_typesupport_introspection_cpp.dir/rosidl_typesupport_introspection_cpp/create_msgs/msg/detail/mode__type_support.cpp.o[0m
[79.010s] [ 65%] [32mBuilding CXX object CMakeFiles/create_msgs__rosidl_typesupport_introspection_cpp.dir/rosidl_typesupport_introspection_cpp/create_msgs/msg/detail/play_song__type_support.cpp.o[0m
[79.758s] [ 66%] [32mBuilding CXX object CMakeFiles/create_msgs__rosidl_typesupport_introspection_cpp.dir/rosidl_typesupport_introspection_cpp/create_msgs/msg/detail/motor_setpoint__type_support.cpp.o[0m
[80.482s] [ 67%] [32mBuilding CXX object CMakeFiles/create_msgs__rosidl_typesupport_introspection_cpp.dir/rosidl_typesupport_introspection_cpp/create_msgs/msg/detail/cliff__type_support.cpp.o[0m
[81.144s] [ 68%] [32mBuilding CXX object CMakeFiles/create_msgs__rosidl_typesupport_introspection_cpp.dir/rosidl_typesupport_introspection_cpp/create_msgs/msg/detail/charging_state__type_support.cpp.o[0m
[81.792s] [ 70%] [32m[1mLinking CXX shared library libcreate_msgs__rosidl_typesupport_introspection_cpp.so[0m
[82.084s] [ 70%] Built target create_msgs__rosidl_typesupport_introspection_cpp
[82.129s] [ 71%] [34m[1mGenerating C++ type support dispatch for ROS interfaces[0m
[84.241s] [ 72%] [32mBuilding CXX object CMakeFiles/create_msgs__rosidl_typesupport_cpp.dir/rosidl_typesupport_cpp/create_msgs/msg/bumper__type_support.cpp.o[0m
[84.854s] [ 73%] [32mBuilding CXX object CMakeFiles/create_msgs__rosidl_typesupport_cpp.dir/rosidl_typesupport_cpp/create_msgs/msg/mode__type_support.cpp.o[0m
[85.553s] [ 75%] [32mBuilding CXX object CMakeFiles/create_msgs__rosidl_typesupport_cpp.dir/rosidl_typesupport_cpp/create_msgs/msg/play_song__type_support.cpp.o[0m
[86.276s] [ 76%] [32mBuilding CXX object CMakeFiles/create_msgs__rosidl_typesupport_cpp.dir/rosidl_typesupport_cpp/create_msgs/msg/motor_setpoint__type_support.cpp.o[0m
[86.931s] [ 77%] [32mBuilding CXX object CMakeFiles/create_msgs__rosidl_typesupport_cpp.dir/rosidl_typesupport_cpp/create_msgs/msg/cliff__type_support.cpp.o[0m
[87.571s] [ 78%] [32mBuilding CXX object CMakeFiles/create_msgs__rosidl_typesupport_cpp.dir/rosidl_typesupport_cpp/create_msgs/msg/define_song__type_support.cpp.o[0m
[88.206s] [ 80%] [32mBuilding CXX object CMakeFiles/create_msgs__rosidl_typesupport_cpp.dir/rosidl_typesupport_cpp/create_msgs/msg/charging_state__type_support.cpp.o[0m
[88.813s] [ 81%] [32m[1mLinking CXX shared library libcreate_msgs__rosidl_typesupport_cpp.so[0m
[88.954s] [ 81%] Built target create_msgs__rosidl_typesupport_cpp
[89.034s] [ 81%] Built target create_msgs
[89.118s] [ 82%] [34m[1mGenerating Python code for ROS interfaces[0m
[91.604s] [ 82%] Built target create_msgs__py
[91.694s] [ 83%] [32mBuilding C object CMakeFiles/create_msgs__rosidl_generator_py.dir/rosidl_generator_py/create_msgs/msg/_bumper_s.c.o[0m
[92.241s] [ 85%] [32mBuilding C object CMakeFiles/create_msgs__rosidl_generator_py.dir/rosidl_generator_py/create_msgs/msg/_mode_s.c.o[0m
[92.483s] [ 86%] [32mBuilding C object CMakeFiles/create_msgs__rosidl_generator_py.dir/rosidl_generator_py/create_msgs/msg/_play_song_s.c.o[0m
[92.727s] [ 87%] [32mBuilding C object CMakeFiles/create_msgs__rosidl_generator_py.dir/rosidl_generator_py/create_msgs/msg/_motor_setpoint_s.c.o[0m
[93.016s] [ 88%] [32mBuilding C object CMakeFiles/create_msgs__rosidl_generator_py.dir/rosidl_generator_py/create_msgs/msg/_cliff_s.c.o[0m
[93.287s] [ 90%] [32mBuilding C object CMakeFiles/create_msgs__rosidl_generator_py.dir/rosidl_generator_py/create_msgs/msg/_define_song_s.c.o[0m
[93.618s] [ 91%] [32mBuilding C object CMakeFiles/create_msgs__rosidl_generator_py.dir/rosidl_generator_py/create_msgs/msg/_charging_state_s.c.o[0m
[93.870s] [ 92%] [32m[1mLinking C shared library rosidl_generator_py/create_msgs/libcreate_msgs__rosidl_generator_py.so[0m
[94.031s] [ 92%] Built target create_msgs__rosidl_generator_py
[94.120s] [ 93%] [32mBuilding C object CMakeFiles/create_msgs__rosidl_typesupport_introspection_c__pyext.dir/rosidl_generator_py/create_msgs/_create_msgs_s.ep.rosidl_typesupport_introspection_c.c.o[0m
[94.414s] [ 95%] [32m[1mLinking C shared library rosidl_generator_py/create_msgs/create_msgs_s__rosidl_typesupport_introspection_c.cpython-312-aarch64-linux-gnu.so[0m
[94.566s] [ 95%] Built target create_msgs__rosidl_typesupport_introspection_c__pyext
[94.659s] [ 96%] [32mBuilding C object CMakeFiles/create_msgs__rosidl_typesupport_c__pyext.dir/rosidl_generator_py/create_msgs/_create_msgs_s.ep.rosidl_typesupport_c.c.o[0m
[94.956s] [ 97%] [32m[1mLinking C shared library rosidl_generator_py/create_msgs/create_msgs_s__rosidl_typesupport_c.cpython-312-aarch64-linux-gnu.so[0m
[95.101s] [ 97%] Built target create_msgs__rosidl_typesupport_c__pyext
[95.194s] [ 98%] [32mBuilding C object CMakeFiles/create_msgs__rosidl_typesupport_fastrtps_c__pyext.dir/rosidl_generator_py/create_msgs/_create_msgs_s.ep.rosidl_typesupport_fastrtps_c.c.o[0m
[95.504s] [100%] [32m[1mLinking C shared library rosidl_generator_py/create_msgs/create_msgs_s__rosidl_typesupport_fastrtps_c.cpython-312-aarch64-linux-gnu.so[0m
[95.658s] [100%] Built target create_msgs__rosidl_typesupport_fastrtps_c__pyext
[95.719s] Invoked command in '/opt/cat_robot/src/ros2_ws/build/create_msgs' returned '0': CMAKE_PREFIX_PATH=${CMAKE_PREFIX_PATH}:/opt/cat_robot/src/ros2_ws/install/catui_bridge:/opt/cat_robot/src/ros2_ws/install/cat_robot_bringup:/home/user/ros2_humble/install/rqt_bag_plugins:/home/user/ros2_humble/install/rqt_bag:/home/user/ros2_humble/install/launch_testing_examples:/home/user/ros2_humble/install/ros2bag:/home/user/ros2_humble/install/tracetools_test:/home/user/ros2_humble/install/tracetools_launch:/home/user/ros2_humble/install/topic_monitor:/home/user/ros2_humble/install/tf2_tools:/home/user/ros2_humble/install/examples_tf2_py:/home/user/ros2_humble/install/tf2_ros_py:/home/user/ros2_humble/install/sros2:/home/user/ros2_humble/install/rqt_topic:/home/user/ros2_humble/install/rqt_srv:/home/user/ros2_humble/install/rqt_shell:/home/user/ros2_humble/install/rqt_service_caller:/home/user/ros2_humble/install/rqt_reconfigure:/home/user/ros2_humble/install/rqt_py_console:/home/user/ros2_humble/install/rqt_publisher:/home/user/ros2_humble/install/rqt_plot:/home/user/ros2_humble/install/rqt_action:/home/user/ros2_humble/install/rqt_msg:/home/user/ros2_humble/install/rqt_console:/home/user/ros2_humble/install/rqt:/home/user/ros2_humble/install/rqt_graph:/home/user/ros2_humble/install/rqt_gui_py:/home/user/ros2_humble/install/rqt_gui:/home/user/ros2_humble/install/ros2trace:/home/user/ros2_humble/install/ros2topic:/home/user/ros2_humble/install/ros2test:/home/user/ros2_humble/install/ros2component:/home/user/ros2_humble/install/ros2param:/home/user/ros2_humble/install/ros2lifecycle:/home/user/ros2_humble/install/ros2service:/home/user/ros2_humble/install/ros2run:/home/user/ros2_humble/install/ros2plugin:/home/user/ros2_humble/install/ros2launch:/home/user/ros2_humble/install/ros2pkg:/home/user/ros2_humble/install/ros2node:/home/user/ros2_humble/install/ros2multicast:/home/user/ros2_humble/install/ros2interface:/home/user/ros2_humble/install/ros2doctor:/home/user/ros2_humble/install/ros2action:/home/user/ros2_humble/install/ros2cli:/home/user/ros2_humble/install/quality_of_service_demo_py:/home/user/ros2_humble/install/lifecycle_py:/home/user/ros2_humble/install/launch_testing_ros:/home/user/ros2_humble/install/launch_ros:/home/user/ros2_humble/install/examples_rclpy_pointcloud_publisher:/home/user/ros2_humble/install/examples_rclpy_minimal_subscriber:/home/user/ros2_humble/install/examples_rclpy_minimal_service:/home/user/ros2_humble/install/examples_rclpy_minimal_publisher:/home/user/ros2_humble/install/examples_rclpy_minimal_client:/home/user/ros2_humble/install/examples_rclpy_minimal_action_server:/home/user/ros2_humble/install/examples_rclpy_minimal_action_client:/home/user/ros2_humble/install/examples_rclpy_guard_conditions:/home/user/ros2_humble/install/examples_rclpy_executors:/home/user/ros2_humble/install/demo_nodes_py:/home/user/ros2_humble/install/camera_info_manager_py:/home/user/ros2_humble/install/action_tutorials_py:/home/user/ros2_humble/install/ament_uncrustify:/home/user/ros2_humble/install/tracetools_trace:/home/user/ros2_humble/install/tracetools_read:/home/user/ros2_humble/install/test_tracetools_launch:/home/user/ros2_humble/install/test_launch_ros:/home/user/ros2_humble/install/sensor_msgs_py:/home/user/ros2_humble/install/rpyutils:/home/user/ros2_humble/install/rosidl_runtime_py:/home/user/ros2_humble/install/rosidl_cli:/home/user/ros2_humble/install/launch_pytest:/home/user/ros2_humble/install/launch_testing:/home/user/ros2_humble/install/launch_yaml:/home/user/ros2_humble/install/launch_xml:/home/user/ros2_humble/install/launch:/home/user/ros2_humble/install/osrf_pycommon:/home/user/ros2_humble/install/domain_coordinator:/home/user/ros2_humble/install/ament_xmllint:/home/user/ros2_humble/install/ament_pyflakes:/home/user/ros2_humble/install/ament_pycodestyle:/home/user/ros2_humble/install/ament_pep257:/home/user/ros2_humble/install/ament_pclint:/home/user/ros2_humble/install/ament_package:/home/user/ros2_humble/install/ament_mypy:/home/user/ros2_humble/install/ament_lint_cmake:/home/user/ros2_humble/install/ament_flake8:/home/user/ros2_humble/install/ament_copyright:/home/user/ros2_humble/install/ament_lint:/home/user/ros2_humble/install/ament_index_python:/home/user/ros2_humble/install/ament_cpplint:/home/user/ros2_humble/install/ament_cppcheck:/home/user/ros2_humble/install/ament_clang_tidy:/home/user/ros2_humble/install/ament_clang_format DEBUGINFOD_URLS=https://debuginfod.ubuntu.com /usr/bin/cmake --build /opt/cat_robot/src/ros2_ws/build/create_msgs -- -j4 -l4
[95.720s] Invoking command in '/opt/cat_robot/src/ros2_ws/build/create_msgs': CMAKE_PREFIX_PATH=${CMAKE_PREFIX_PATH}:/opt/cat_robot/src/ros2_ws/install/catui_bridge:/opt/cat_robot/src/ros2_ws/install/cat_robot_bringup:/home/user/ros2_humble/install/rqt_bag_plugins:/home/user/ros2_humble/install/rqt_bag:/home/user/ros2_humble/install/launch_testing_examples:/home/user/ros2_humble/install/ros2bag:/home/user/ros2_humble/install/tracetools_test:/home/user/ros2_humble/install/tracetools_launch:/home/user/ros2_humble/install/topic_monitor:/home/user/ros2_humble/install/tf2_tools:/home/user/ros2_humble/install/examples_tf2_py:/home/user/ros2_humble/install/tf2_ros_py:/home/user/ros2_humble/install/sros2:/home/user/ros2_humble/install/rqt_topic:/home/user/ros2_humble/install/rqt_srv:/home/user/ros2_humble/install/rqt_shell:/home/user/ros2_humble/install/rqt_service_caller:/home/user/ros2_humble/install/rqt_reconfigure:/home/user/ros2_humble/install/rqt_py_console:/home/user/ros2_humble/install/rqt_publisher:/home/user/ros2_humble/install/rqt_plot:/home/user/ros2_humble/install/rqt_action:/home/user/ros2_humble/install/rqt_msg:/home/user/ros2_humble/install/rqt_console:/home/user/ros2_humble/install/rqt:/home/user/ros2_humble/install/rqt_graph:/home/user/ros2_humble/install/rqt_gui_py:/home/user/ros2_humble/install/rqt_gui:/home/user/ros2_humble/install/ros2trace:/home/user/ros2_humble/install/ros2topic:/home/user/ros2_humble/install/ros2test:/home/user/ros2_humble/install/ros2component:/home/user/ros2_humble/install/ros2param:/home/user/ros2_humble/install/ros2lifecycle:/home/user/ros2_humble/install/ros2service:/home/user/ros2_humble/install/ros2run:/home/user/ros2_humble/install/ros2plugin:/home/user/ros2_humble/install/ros2launch:/home/user/ros2_humble/install/ros2pkg:/home/user/ros2_humble/install/ros2node:/home/user/ros2_humble/install/ros2multicast:/home/user/ros2_humble/install/ros2interface:/home/user/ros2_humble/install/ros2doctor:/home/user/ros2_humble/install/ros2action:/home/user/ros2_humble/install/ros2cli:/home/user/ros2_humble/install/quality_of_service_demo_py:/home/user/ros2_humble/install/lifecycle_py:/home/user/ros2_humble/install/launch_testing_ros:/home/user/ros2_humble/install/launch_ros:/home/user/ros2_humble/install/examples_rclpy_pointcloud_publisher:/home/user/ros2_humble/install/examples_rclpy_minimal_subscriber:/home/user/ros2_humble/install/examples_rclpy_minimal_service:/home/user/ros2_humble/install/examples_rclpy_minimal_publisher:/home/user/ros2_humble/install/examples_rclpy_minimal_client:/home/user/ros2_humble/install/examples_rclpy_minimal_action_server:/home/user/ros2_humble/install/examples_rclpy_minimal_action_client:/home/user/ros2_humble/install/examples_rclpy_guard_conditions:/home/user/ros2_humble/install/examples_rclpy_executors:/home/user/ros2_humble/install/demo_nodes_py:/home/user/ros2_humble/install/camera_info_manager_py:/home/user/ros2_humble/install/action_tutorials_py:/home/user/ros2_humble/install/ament_uncrustify:/home/user/ros2_humble/install/tracetools_trace:/home/user/ros2_humble/install/tracetools_read:/home/user/ros2_humble/install/test_tracetools_launch:/home/user/ros2_humble/install/test_launch_ros:/home/user/ros2_humble/install/sensor_msgs_py:/home/user/ros2_humble/install/rpyutils:/home/user/ros2_humble/install/rosidl_runtime_py:/home/user/ros2_humble/install/rosidl_cli:/home/user/ros2_humble/install/launch_pytest:/home/user/ros2_humble/install/launch_testing:/home/user/ros2_humble/install/launch_yaml:/home/user/ros2_humble/install/launch_xml:/home/user/ros2_humble/install/launch:/home/user/ros2_humble/install/osrf_pycommon:/home/user/ros2_humble/install/domain_coordinator:/home/user/ros2_humble/install/ament_xmllint:/home/user/ros2_humble/install/ament_pyflakes:/home/user/ros2_humble/install/ament_pycodestyle:/home/user/ros2_humble/install/ament_pep257:/home/user/ros2_humble/install/ament_pclint:/home/user/ros2_humble/install/ament_package:/home/user/ros2_humble/install/ament_mypy:/home/user/ros2_humble/install/ament_lint_cmake:/home/user/ros2_humble/install/ament_flake8:/home/user/ros2_humble/install/ament_copyright:/home/user/ros2_humble/install/ament_lint:/home/user/ros2_humble/install/ament_index_python:/home/user/ros2_humble/install/ament_cpplint:/home/user/ros2_humble/install/ament_cppcheck:/home/user/ros2_humble/install/ament_clang_tidy:/home/user/ros2_humble/install/ament_clang_format DEBUGINFOD_URLS=https://debuginfod.ubuntu.com /usr/bin/cmake --install /opt/cat_robot/src/ros2_ws/build/create_msgs
[95.761s] -- Install configuration: ""
[95.763s] -- Execute custom install script
[95.764s] -- Symlinking: /opt/cat_robot/src/ros2_ws/install/create_msgs/share/ament_index/resource_index/rosidl_interfaces/create_msgs
[95.807s] -- Symlinking: /opt/cat_robot/src/ros2_ws/install/create_msgs/include/create_msgs/create_msgs/msg/bumper.h
[95.850s] -- Symlinking: /opt/cat_robot/src/ros2_ws/install/create_msgs/include/create_msgs/create_msgs/msg/charging_state.h
[95.893s] -- Symlinking: /opt/cat_robot/src/ros2_ws/install/create_msgs/include/create_msgs/create_msgs/msg/cliff.h
[95.934s] -- Symlinking: /opt/cat_robot/src/ros2_ws/install/create_msgs/include/create_msgs/create_msgs/msg/define_song.h
[95.975s] -- Symlinking: /opt/cat_robot/src/ros2_ws/install/create_msgs/include/create_msgs/create_msgs/msg/detail/bumper__functions.h
[96.018s] -- Symlinking: /opt/cat_robot/src/ros2_ws/install/create_msgs/include/create_msgs/create_msgs/msg/detail/bumper__struct.h
[96.059s] -- Symlinking: /opt/cat_robot/src/ros2_ws/install/create_msgs/include/create_msgs/create_msgs/msg/detail/bumper__type_support.h
[96.099s] -- Symlinking: /opt/cat_robot/src/ros2_ws/install/create_msgs/include/create_msgs/create_msgs/msg/detail/charging_state__functions.h
[96.140s] -- Symlinking: /opt/cat_robot/src/ros2_ws/install/create_msgs/include/create_msgs/create_msgs/msg/detail/charging_state__struct.h
[96.183s] -- Symlinking: /opt/cat_robot/src/ros2_ws/install/create_msgs/include/create_msgs/create_msgs/msg/detail/charging_state__type_support.h
[96.225s] -- Symlinking: /opt/cat_robot/src/ros2_ws/install/create_msgs/include/create_msgs/create_msgs/msg/detail/cliff__functions.h
[96.269s] -- Symlinking: /opt/cat_robot/src/ros2_ws/install/create_msgs/include/create_msgs/create_msgs/msg/detail/cliff__struct.h
[96.310s] -- Symlinking: /opt/cat_robot/src/ros2_ws/install/create_msgs/include/create_msgs/create_msgs/msg/detail/cliff__type_support.h
[96.350s] -- Symlinking: /opt/cat_robot/src/ros2_ws/install/create_msgs/include/create_msgs/create_msgs/msg/detail/define_song__functions.h
[96.397s] -- Symlinking: /opt/cat_robot/src/ros2_ws/install/create_msgs/include/create_msgs/create_msgs/msg/detail/define_song__struct.h
[96.444s] -- Symlinking: /opt/cat_robot/src/ros2_ws/install/create_msgs/include/create_msgs/create_msgs/msg/detail/define_song__type_support.h
[96.485s] -- Symlinking: /opt/cat_robot/src/ros2_ws/install/create_msgs/include/create_msgs/create_msgs/msg/detail/mode__functions.h
[96.531s] -- Symlinking: /opt/cat_robot/src/ros2_ws/install/create_msgs/include/create_msgs/create_msgs/msg/detail/mode__struct.h
[96.575s] -- Symlinking: /opt/cat_robot/src/ros2_ws/install/create_msgs/include/create_msgs/create_msgs/msg/detail/mode__type_support.h
[96.620s] -- Symlinking: /opt/cat_robot/src/ros2_ws/install/create_msgs/include/create_msgs/create_msgs/msg/detail/motor_setpoint__functions.h
[96.667s] -- Symlinking: /opt/cat_robot/src/ros2_ws/install/create_msgs/include/create_msgs/create_msgs/msg/detail/motor_setpoint__struct.h
[96.712s] -- Symlinking: /opt/cat_robot/src/ros2_ws/install/create_msgs/include/create_msgs/create_msgs/msg/detail/motor_setpoint__type_support.h
[96.764s] -- Symlinking: /opt/cat_robot/src/ros2_ws/install/create_msgs/include/create_msgs/create_msgs/msg/detail/play_song__functions.h
[96.824s] -- Symlinking: /opt/cat_robot/src/ros2_ws/install/create_msgs/include/create_msgs/create_msgs/msg/detail/play_song__struct.h
[96.873s] -- Symlinking: /opt/cat_robot/src/ros2_ws/install/create_msgs/include/create_msgs/create_msgs/msg/detail/play_song__type_support.h
[96.921s] -- Symlinking: /opt/cat_robot/src/ros2_ws/install/create_msgs/include/create_msgs/create_msgs/msg/mode.h
[96.987s] -- Symlinking: /opt/cat_robot/src/ros2_ws/install/create_msgs/include/create_msgs/create_msgs/msg/motor_setpoint.h
[97.062s] -- Symlinking: /opt/cat_robot/src/ros2_ws/install/create_msgs/include/create_msgs/create_msgs/msg/play_song.h
[97.111s] -- Symlinking: /opt/cat_robot/src/ros2_ws/install/create_msgs/include/create_msgs/create_msgs/msg/rosidl_generator_c__visibility_control.h
[97.163s] -- Symlinking: /opt/cat_robot/src/ros2_ws/install/create_msgs/share/create_msgs/environment/library_path.sh
[97.210s] -- Symlinking: /opt/cat_robot/src/ros2_ws/install/create_msgs/share/create_msgs/environment/library_path.dsv
[97.258s] -- Symlinking: /opt/cat_robot/src/ros2_ws/install/create_msgs/include/create_msgs/create_msgs/msg/detail/bumper__rosidl_typesupport_introspection_c.h
[97.308s] -- Symlinking: /opt/cat_robot/src/ros2_ws/install/create_msgs/include/create_msgs/create_msgs/msg/detail/charging_state__rosidl_typesupport_introspection_c.h
[97.355s] -- Symlinking: /opt/cat_robot/src/ros2_ws/install/create_msgs/include/create_msgs/create_msgs/msg/detail/cliff__rosidl_typesupport_introspection_c.h
[97.406s] -- Symlinking: /opt/cat_robot/src/ros2_ws/install/create_msgs/include/create_msgs/create_msgs/msg/detail/define_song__rosidl_typesupport_introspection_c.h
[97.448s] -- Symlinking: /opt/cat_robot/src/ros2_ws/install/create_msgs/include/create_msgs/create_msgs/msg/detail/mode__rosidl_typesupport_introspection_c.h
[97.500s] -- Symlinking: /opt/cat_robot/src/ros2_ws/install/create_msgs/include/create_msgs/create_msgs/msg/detail/motor_setpoint__rosidl_typesupport_introspection_c.h
[97.550s] -- Symlinking: /opt/cat_robot/src/ros2_ws/install/create_msgs/include/create_msgs/create_msgs/msg/detail/play_song__rosidl_typesupport_introspection_c.h
[97.590s] -- Symlinking: /opt/cat_robot/src/ros2_ws/install/create_msgs/include/create_msgs/create_msgs/msg/rosidl_typesupport_introspection_c__visibility_control.h
[97.633s] -- Symlinking: /opt/cat_robot/src/ros2_ws/install/create_msgs/include/create_msgs/create_msgs/msg/detail/bumper__rosidl_typesupport_fastrtps_c.h
[97.681s] -- Symlinking: /opt/cat_robot/src/ros2_ws/install/create_msgs/include/create_msgs/create_msgs/msg/detail/charging_state__rosidl_typesupport_fastrtps_c.h
[97.741s] -- Symlinking: /opt/cat_robot/src/ros2_ws/install/create_msgs/include/create_msgs/create_msgs/msg/detail/cliff__rosidl_typesupport_fastrtps_c.h
[97.794s] -- Symlinking: /opt/cat_robot/src/ros2_ws/install/create_msgs/include/create_msgs/create_msgs/msg/detail/define_song__rosidl_typesupport_fastrtps_c.h
[97.838s] -- Symlinking: /opt/cat_robot/src/ros2_ws/install/create_msgs/include/create_msgs/create_msgs/msg/detail/mode__rosidl_typesupport_fastrtps_c.h
[97.883s] -- Symlinking: /opt/cat_robot/src/ros2_ws/install/create_msgs/include/create_msgs/create_msgs/msg/detail/motor_setpoint__rosidl_typesupport_fastrtps_c.h
[97.929s] -- Symlinking: /opt/cat_robot/src/ros2_ws/install/create_msgs/include/create_msgs/create_msgs/msg/detail/play_song__rosidl_typesupport_fastrtps_c.h
[97.972s] -- Symlinking: /opt/cat_robot/src/ros2_ws/install/create_msgs/include/create_msgs/create_msgs/msg/rosidl_typesupport_fastrtps_c__visibility_control.h
[98.016s] -- Symlinking: /opt/cat_robot/src/ros2_ws/install/create_msgs/include/create_msgs/create_msgs/msg/bumper.hpp
[98.060s] -- Symlinking: /opt/cat_robot/src/ros2_ws/install/create_msgs/include/create_msgs/create_msgs/msg/charging_state.hpp
[98.130s] -- Symlinking: /opt/cat_robot/src/ros2_ws/install/create_msgs/include/create_msgs/create_msgs/msg/cliff.hpp
[98.204s] -- Symlinking: /opt/cat_robot/src/ros2_ws/install/create_msgs/include/create_msgs/create_msgs/msg/define_song.hpp
[98.259s] -- Symlinking: /opt/cat_robot/src/ros2_ws/install/create_msgs/include/create_msgs/create_msgs/msg/detail/bumper__builder.hpp
[98.319s] -- Symlinking: /opt/cat_robot/src/ros2_ws/install/create_msgs/include/create_msgs/create_msgs/msg/detail/bumper__struct.hpp
[98.364s] -- Symlinking: /opt/cat_robot/src/ros2_ws/install/create_msgs/include/create_msgs/create_msgs/msg/detail/bumper__traits.hpp
[98.409s] -- Symlinking: /opt/cat_robot/src/ros2_ws/install/create_msgs/include/create_msgs/create_msgs/msg/detail/bumper__type_support.hpp
[98.452s] -- Symlinking: /opt/cat_robot/src/ros2_ws/install/create_msgs/include/create_msgs/create_msgs/msg/detail/charging_state__builder.hpp
[98.500s] -- Symlinking: /opt/cat_robot/src/ros2_ws/install/create_msgs/include/create_msgs/create_msgs/msg/detail/charging_state__struct.hpp
[98.607s] -- Symlinking: /opt/cat_robot/src/ros2_ws/install/create_msgs/include/create_msgs/create_msgs/msg/detail/charging_state__traits.hpp
[98.650s] -- Symlinking: /opt/cat_robot/src/ros2_ws/install/create_msgs/include/create_msgs/create_msgs/msg/detail/charging_state__type_support.hpp
[98.691s] -- Symlinking: /opt/cat_robot/src/ros2_ws/install/create_msgs/include/create_msgs/create_msgs/msg/detail/cliff__builder.hpp
[98.739s] -- Symlinking: /opt/cat_robot/src/ros2_ws/install/create_msgs/include/create_msgs/create_msgs/msg/detail/cliff__struct.hpp
[98.782s] -- Symlinking: /opt/cat_robot/src/ros2_ws/install/create_msgs/include/create_msgs/create_msgs/msg/detail/cliff__traits.hpp
[98.830s] -- Symlinking: /opt/cat_robot/src/ros2_ws/install/create_msgs/include/create_msgs/create_msgs/msg/detail/cliff__type_support.hpp
[98.881s] -- Symlinking: /opt/cat_robot/src/ros2_ws/install/create_msgs/include/create_msgs/create_msgs/msg/detail/define_song__builder.hpp
[98.925s] -- Symlinking: /opt/cat_robot/src/ros2_ws/install/create_msgs/include/create_msgs/create_msgs/msg/detail/define_song__struct.hpp
[98.968s] -- Symlinking: /opt/cat_robot/src/ros2_ws/install/create_msgs/include/create_msgs/create_msgs/msg/detail/define_song__traits.hpp
[99.017s] -- Symlinking: /opt/cat_robot/src/ros2_ws/install/create_msgs/include/create_msgs/create_msgs/msg/detail/define_song__type_support.hpp
[99.064s] -- Symlinking: /opt/cat_robot/src/ros2_ws/install/create_msgs/include/create_msgs/create_msgs/msg/detail/mode__builder.hpp
[99.113s] -- Symlinking: /opt/cat_robot/src/ros2_ws/install/create_msgs/include/create_msgs/create_msgs/msg/detail/mode__struct.hpp
[99.161s] -- Symlinking: /opt/cat_robot/src/ros2_ws/install/create_msgs/include/create_msgs/create_msgs/msg/detail/mode__traits.hpp
[99.210s] -- Symlinking: /opt/cat_robot/src/ros2_ws/install/create_msgs/include/create_msgs/create_msgs/msg/detail/mode__type_support.hpp
[99.255s] -- Symlinking: /opt/cat_robot/src/ros2_ws/install/create_msgs/include/create_msgs/create_msgs/msg/detail/motor_setpoint__builder.hpp
[99.300s] -- Symlinking: /opt/cat_robot/src/ros2_ws/install/create_msgs/include/create_msgs/create_msgs/msg/detail/motor_setpoint__struct.hpp
[99.345s] -- Symlinking: /opt/cat_robot/src/ros2_ws/install/create_msgs/include/create_msgs/create_msgs/msg/detail/motor_setpoint__traits.hpp
[99.390s] -- Symlinking: /opt/cat_robot/src/ros2_ws/install/create_msgs/include/create_msgs/create_msgs/msg/detail/motor_setpoint__type_support.hpp
[99.437s] -- Symlinking: /opt/cat_robot/src/ros2_ws/install/create_msgs/include/create_msgs/create_msgs/msg/detail/play_song__builder.hpp
[99.481s] -- Symlinking: /opt/cat_robot/src/ros2_ws/install/create_msgs/include/create_msgs/create_msgs/msg/detail/play_song__struct.hpp
[99.526s] -- Symlinking: /opt/cat_robot/src/ros2_ws/install/create_msgs/include/create_msgs/create_msgs/msg/detail/play_song__traits.hpp
[99.571s] -- Symlinking: /opt/cat_robot/src/ros2_ws/install/create_msgs/include/create_msgs/create_msgs/msg/detail/play_song__type_support.hpp
[99.620s] -- Symlinking: /opt/cat_robot/src/ros2_ws/install/create_msgs/include/create_msgs/create_msgs/msg/mode.hpp
[99.665s] -- Symlinking: /opt/cat_robot/src/ros2_ws/install/create_msgs/include/create_msgs/create_msgs/msg/motor_setpoint.hpp
[99.711s] -- Symlinking: /opt/cat_robot/src/ros2_ws/install/create_msgs/include/create_msgs/create_msgs/msg/play_song.hpp
[99.758s] -- Symlinking: /opt/cat_robot/src/ros2_ws/install/create_msgs/include/create_msgs/create_msgs/msg/rosidl_generator_cpp__visibility_control.hpp
[99.808s] -- Symlinking: /opt/cat_robot/src/ros2_ws/install/create_msgs/include/create_msgs/create_msgs/msg/detail/bumper__rosidl_typesupport_introspection_cpp.hpp
[99.849s] -- Symlinking: /opt/cat_robot/src/ros2_ws/install/create_msgs/include/create_msgs/create_msgs/msg/detail/charging_state__rosidl_typesupport_introspection_cpp.hpp
[99.891s] -- Symlinking: /opt/cat_robot/src/ros2_ws/install/create_msgs/include/create_msgs/create_msgs/msg/detail/cliff__rosidl_typesupport_introspection_cpp.hpp
[99.935s] -- Symlinking: /opt/cat_robot/src/ros2_ws/install/create_msgs/include/create_msgs/create_msgs/msg/detail/define_song__rosidl_typesupport_introspection_cpp.hpp
[99.975s] -- Symlinking: /opt/cat_robot/src/ros2_ws/install/create_msgs/include/create_msgs/create_msgs/msg/detail/mode__rosidl_typesupport_introspection_cpp.hpp
[100.027s] -- Symlinking: /opt/cat_robot/src/ros2_ws/install/create_msgs/include/create_msgs/create_msgs/msg/detail/motor_setpoint__rosidl_typesupport_introspection_cpp.hpp
[100.066s] -- Symlinking: /opt/cat_robot/src/ros2_ws/install/create_msgs/include/create_msgs/create_msgs/msg/detail/play_song__rosidl_typesupport_introspection_cpp.hpp
[100.112s] -- Symlinking: /opt/cat_robot/src/ros2_ws/install/create_msgs/include/create_msgs/create_msgs/msg/detail/bumper__rosidl_typesupport_fastrtps_cpp.hpp
[100.159s] -- Symlinking: /opt/cat_robot/src/ros2_ws/install/create_msgs/include/create_msgs/create_msgs/msg/detail/charging_state__rosidl_typesupport_fastrtps_cpp.hpp
[100.205s] -- Symlinking: /opt/cat_robot/src/ros2_ws/install/create_msgs/include/create_msgs/create_msgs/msg/detail/cliff__rosidl_typesupport_fastrtps_cpp.hpp
[100.243s] -- Symlinking: /opt/cat_robot/src/ros2_ws/install/create_msgs/include/create_msgs/create_msgs/msg/detail/define_song__rosidl_typesupport_fastrtps_cpp.hpp
[100.283s] -- Symlinking: /opt/cat_robot/src/ros2_ws/install/create_msgs/include/create_msgs/create_msgs/msg/detail/mode__rosidl_typesupport_fastrtps_cpp.hpp
[100.322s] -- Symlinking: /opt/cat_robot/src/ros2_ws/install/create_msgs/include/create_msgs/create_msgs/msg/detail/motor_setpoint__rosidl_typesupport_fastrtps_cpp.hpp
[100.369s] -- Symlinking: /opt/cat_robot/src/ros2_ws/install/create_msgs/include/create_msgs/create_msgs/msg/detail/play_song__rosidl_typesupport_fastrtps_cpp.hpp
[100.412s] -- Symlinking: /opt/cat_robot/src/ros2_ws/install/create_msgs/include/create_msgs/create_msgs/msg/rosidl_typesupport_fastrtps_cpp__visibility_control.h
[100.457s] -- Symlinking: /opt/cat_robot/src/ros2_ws/install/create_msgs/share/create_msgs/environment/pythonpath.sh
[100.504s] -- Symlinking: /opt/cat_robot/src/ros2_ws/install/create_msgs/share/create_msgs/environment/pythonpath.dsv
[100.553s] -- Symlinking: /opt/cat_robot/src/ros2_ws/install/create_msgs/local/lib/python3.12/dist-packages/create_msgs-3.1.0-py3.12.egg-info/PKG-INFO
[100.602s] -- Symlinking: /opt/cat_robot/src/ros2_ws/install/create_msgs/local/lib/python3.12/dist-packages/create_msgs-3.1.0-py3.12.egg-info/SOURCES.txt
[100.647s] -- Symlinking: /opt/cat_robot/src/ros2_ws/install/create_msgs/local/lib/python3.12/dist-packages/create_msgs-3.1.0-py3.12.egg-info/dependency_links.txt
[100.694s] -- Symlinking: /opt/cat_robot/src/ros2_ws/install/create_msgs/local/lib/python3.12/dist-packages/create_msgs-3.1.0-py3.12.egg-info/top_level.txt
[100.743s] -- Symlinking: /opt/cat_robot/src/ros2_ws/install/create_msgs/local/lib/python3.12/dist-packages/create_msgs/__init__.py
[100.791s] -- Symlinking: /opt/cat_robot/src/ros2_ws/install/create_msgs/local/lib/python3.12/dist-packages/create_msgs/_create_msgs_s.ep.rosidl_typesupport_c.c
[100.840s] -- Symlinking: /opt/cat_robot/src/ros2_ws/install/create_msgs/local/lib/python3.12/dist-packages/create_msgs/_create_msgs_s.ep.rosidl_typesupport_fastrtps_c.c
[100.885s] -- Symlinking: /opt/cat_robot/src/ros2_ws/install/create_msgs/local/lib/python3.12/dist-packages/create_msgs/_create_msgs_s.ep.rosidl_typesupport_introspection_c.c
[100.937s] -- Symlinking: /opt/cat_robot/src/ros2_ws/install/create_msgs/local/lib/python3.12/dist-packages/create_msgs/create_msgs_s__rosidl_typesupport_c.cpython-312-aarch64-linux-gnu.so
[100.976s] -- Symlinking: /opt/cat_robot/src/ros2_ws/install/create_msgs/local/lib/python3.12/dist-packages/create_msgs/create_msgs_s__rosidl_typesupport_fastrtps_c.cpython-312-aarch64-linux-gnu.so
[101.017s] -- Symlinking: /opt/cat_robot/src/ros2_ws/install/create_msgs/local/lib/python3.12/dist-packages/create_msgs/create_msgs_s__rosidl_typesupport_introspection_c.cpython-312-aarch64-linux-gnu.so
[101.065s] -- Symlinking: /opt/cat_robot/src/ros2_ws/install/create_msgs/local/lib/python3.12/dist-packages/create_msgs/libcreate_msgs__rosidl_generator_py.so
[101.129s] -- Symlinking: /opt/cat_robot/src/ros2_ws/install/create_msgs/local/lib/python3.12/dist-packages/create_msgs/msg/__init__.py
[101.176s] -- Symlinking: /opt/cat_robot/src/ros2_ws/install/create_msgs/local/lib/python3.12/dist-packages/create_msgs/msg/_bumper.py
[101.220s] -- Symlinking: /opt/cat_robot/src/ros2_ws/install/create_msgs/local/lib/python3.12/dist-packages/create_msgs/msg/_bumper_s.c
[101.260s] -- Symlinking: /opt/cat_robot/src/ros2_ws/install/create_msgs/local/lib/python3.12/dist-packages/create_msgs/msg/_charging_state.py
[101.302s] -- Symlinking: /opt/cat_robot/src/ros2_ws/install/create_msgs/local/lib/python3.12/dist-packages/create_msgs/msg/_charging_state_s.c
[101.345s] -- Symlinking: /opt/cat_robot/src/ros2_ws/install/create_msgs/local/lib/python3.12/dist-packages/create_msgs/msg/_cliff.py
[101.389s] -- Symlinking: /opt/cat_robot/src/ros2_ws/install/create_msgs/local/lib/python3.12/dist-packages/create_msgs/msg/_cliff_s.c
[101.432s] -- Symlinking: /opt/cat_robot/src/ros2_ws/install/create_msgs/local/lib/python3.12/dist-packages/create_msgs/msg/_define_song.py
[101.475s] -- Symlinking: /opt/cat_robot/src/ros2_ws/install/create_msgs/local/lib/python3.12/dist-packages/create_msgs/msg/_define_song_s.c
[101.518s] -- Symlinking: /opt/cat_robot/src/ros2_ws/install/create_msgs/local/lib/python3.12/dist-packages/create_msgs/msg/_mode.py
[101.563s] -- Symlinking: /opt/cat_robot/src/ros2_ws/install/create_msgs/local/lib/python3.12/dist-packages/create_msgs/msg/_mode_s.c
[101.606s] -- Symlinking: /opt/cat_robot/src/ros2_ws/install/create_msgs/local/lib/python3.12/dist-packages/create_msgs/msg/_motor_setpoint.py
[101.650s] -- Symlinking: /opt/cat_robot/src/ros2_ws/install/create_msgs/local/lib/python3.12/dist-packages/create_msgs/msg/_motor_setpoint_s.c
[101.692s] -- Symlinking: /opt/cat_robot/src/ros2_ws/install/create_msgs/local/lib/python3.12/dist-packages/create_msgs/msg/_play_song.py
[101.735s] -- Symlinking: /opt/cat_robot/src/ros2_ws/install/create_msgs/local/lib/python3.12/dist-packages/create_msgs/msg/_play_song_s.c
[101.780s] -- Up-to-date symlink: /opt/cat_robot/src/ros2_ws/install/create_msgs/local/lib/python3.12/dist-packages/create_msgs/create_msgs_s__rosidl_typesupport_introspection_c.cpython-312-aarch64-linux-gnu.so
[101.781s] -- Up-to-date symlink: /opt/cat_robot/src/ros2_ws/install/create_msgs/local/lib/python3.12/dist-packages/create_msgs/create_msgs_s__rosidl_typesupport_fastrtps_c.cpython-312-aarch64-linux-gnu.so
[101.782s] -- Up-to-date symlink: /opt/cat_robot/src/ros2_ws/install/create_msgs/local/lib/python3.12/dist-packages/create_msgs/create_msgs_s__rosidl_typesupport_c.cpython-312-aarch64-linux-gnu.so
[101.783s] -- Symlinking: /opt/cat_robot/src/ros2_ws/install/create_msgs/share/ament_index/resource_index/rust_packages/create_msgs
[101.838s] -- Symlinking: /opt/cat_robot/src/ros2_ws/install/create_msgs/share/create_msgs/rust/Cargo.toml
[101.882s] -- Symlinking: /opt/cat_robot/src/ros2_ws/install/create_msgs/share/create_msgs/rust/build.rs
[101.961s] -- Symlinking: /opt/cat_robot/src/ros2_ws/install/create_msgs/share/create_msgs/rust/src/lib.rs
[102.048s] -- Symlinking: /opt/cat_robot/src/ros2_ws/install/create_msgs/share/create_msgs/rust/src/msg.rs
[102.092s] -- Symlinking: /opt/cat_robot/src/ros2_ws/install/create_msgs/share/create_msgs/rust/src/msg/rmw.rs
[102.139s] -- Symlinking: /opt/cat_robot/src/ros2_ws/install/create_msgs/share/create_msgs/msg/Bumper.idl
[102.186s] -- Symlinking: /opt/cat_robot/src/ros2_ws/install/create_msgs/share/create_msgs/msg/ChargingState.idl
[102.231s] -- Symlinking: /opt/cat_robot/src/ros2_ws/install/create_msgs/share/create_msgs/msg/DefineSong.idl
[102.273s] -- Symlinking: /opt/cat_robot/src/ros2_ws/install/create_msgs/share/create_msgs/msg/Mode.idl
[102.316s] -- Symlinking: /opt/cat_robot/src/ros2_ws/install/create_msgs/share/create_msgs/msg/PlaySong.idl
[102.364s] -- Symlinking: /opt/cat_robot/src/ros2_ws/install/create_msgs/share/create_msgs/msg/MotorSetpoint.idl
[102.412s] -- Symlinking: /opt/cat_robot/src/ros2_ws/install/create_msgs/share/create_msgs/msg/Cliff.idl
[102.460s] -- Symlinking: /opt/cat_robot/src/ros2_ws/install/create_msgs/share/create_msgs/msg/Bumper.msg
[102.511s] -- Symlinking: /opt/cat_robot/src/ros2_ws/install/create_msgs/share/create_msgs/msg/ChargingState.msg
[102.563s] -- Symlinking: /opt/cat_robot/src/ros2_ws/install/create_msgs/share/create_msgs/msg/DefineSong.msg
[102.609s] -- Symlinking: /opt/cat_robot/src/ros2_ws/install/create_msgs/share/create_msgs/msg/Mode.msg
[102.653s] -- Symlinking: /opt/cat_robot/src/ros2_ws/install/create_msgs/share/create_msgs/msg/PlaySong.msg
[102.702s] -- Symlinking: /opt/cat_robot/src/ros2_ws/install/create_msgs/share/create_msgs/msg/MotorSetpoint.msg
[102.752s] -- Symlinking: /opt/cat_robot/src/ros2_ws/install/create_msgs/share/create_msgs/msg/Cliff.msg
[102.801s] -- Symlinking: /opt/cat_robot/src/ros2_ws/install/create_msgs/share/ament_index/resource_index/package_run_dependencies/create_msgs
[102.852s] -- Symlinking: /opt/cat_robot/src/ros2_ws/install/create_msgs/share/ament_index/resource_index/parent_prefix_path/create_msgs
[102.901s] -- Symlinking: /opt/cat_robot/src/ros2_ws/install/create_msgs/share/create_msgs/environment/ament_prefix_path.sh
[102.945s] -- Symlinking: /opt/cat_robot/src/ros2_ws/install/create_msgs/share/create_msgs/environment/ament_prefix_path.dsv
[102.987s] -- Symlinking: /opt/cat_robot/src/ros2_ws/install/create_msgs/share/create_msgs/environment/path.sh
[103.032s] -- Symlinking: /opt/cat_robot/src/ros2_ws/install/create_msgs/share/create_msgs/environment/path.dsv
[103.095s] -- Symlinking: /opt/cat_robot/src/ros2_ws/install/create_msgs/share/create_msgs/local_setup.bash
[103.157s] -- Symlinking: /opt/cat_robot/src/ros2_ws/install/create_msgs/share/create_msgs/local_setup.sh
[103.199s] -- Symlinking: /opt/cat_robot/src/ros2_ws/install/create_msgs/share/create_msgs/local_setup.zsh
[103.235s] -- Symlinking: /opt/cat_robot/src/ros2_ws/install/create_msgs/share/create_msgs/local_setup.dsv
[103.272s] -- Symlinking: /opt/cat_robot/src/ros2_ws/install/create_msgs/share/create_msgs/package.dsv
[103.309s] -- Symlinking: /opt/cat_robot/src/ros2_ws/install/create_msgs/share/ament_index/resource_index/packages/create_msgs
[103.347s] -- Symlinking: /opt/cat_robot/src/ros2_ws/install/create_msgs/share/create_msgs/cmake/rosidl_cmake-extras.cmake
[103.384s] -- Symlinking: /opt/cat_robot/src/ros2_ws/install/create_msgs/share/create_msgs/cmake/ament_cmake_export_dependencies-extras.cmake
[103.421s] -- Symlinking: /opt/cat_robot/src/ros2_ws/install/create_msgs/share/create_msgs/cmake/ament_cmake_export_include_directories-extras.cmake
[103.457s] -- Symlinking: /opt/cat_robot/src/ros2_ws/install/create_msgs/share/create_msgs/cmake/ament_cmake_export_libraries-extras.cmake
[103.495s] -- Symlinking: /opt/cat_robot/src/ros2_ws/install/create_msgs/share/create_msgs/cmake/ament_cmake_export_targets-extras.cmake
[103.530s] -- Symlinking: /opt/cat_robot/src/ros2_ws/install/create_msgs/share/create_msgs/cmake/rosidl_cmake_export_typesupport_targets-extras.cmake
[103.566s] -- Symlinking: /opt/cat_robot/src/ros2_ws/install/create_msgs/share/create_msgs/cmake/rosidl_cmake_export_typesupport_libraries-extras.cmake
[103.601s] -- Symlinking: /opt/cat_robot/src/ros2_ws/install/create_msgs/share/create_msgs/cmake/create_msgsConfig.cmake
[103.642s] -- Symlinking: /opt/cat_robot/src/ros2_ws/install/create_msgs/share/create_msgs/cmake/create_msgsConfig-version.cmake
[103.680s] -- Symlinking: /opt/cat_robot/src/ros2_ws/install/create_msgs/share/create_msgs/package.xml
[103.719s] -- Installing: /opt/cat_robot/src/ros2_ws/install/create_msgs/lib/libcreate_msgs__rosidl_generator_c.so
[103.719s] -- Set non-toolchain portion of runtime path of "/opt/cat_robot/src/ros2_ws/install/create_msgs/lib/libcreate_msgs__rosidl_generator_c.so" to ""
[103.719s] -- Installing: /opt/cat_robot/src/ros2_ws/install/create_msgs/lib/libcreate_msgs__rosidl_typesupport_introspection_c.so
[103.720s] -- Set non-toolchain portion of runtime path of "/opt/cat_robot/src/ros2_ws/install/create_msgs/lib/libcreate_msgs__rosidl_typesupport_introspection_c.so" to ""
[103.720s] -- Installing: /opt/cat_robot/src/ros2_ws/install/create_msgs/lib/libcreate_msgs__rosidl_typesupport_fastrtps_c.so
[103.720s] -- Set non-toolchain portion of runtime path of "/opt/cat_robot/src/ros2_ws/install/create_msgs/lib/libcreate_msgs__rosidl_typesupport_fastrtps_c.so" to ""
[103.723s] -- Installing: /opt/cat_robot/src/ros2_ws/install/create_msgs/lib/libcreate_msgs__rosidl_typesupport_c.so
[103.723s] -- Set non-toolchain portion of runtime path of "/opt/cat_robot/src/ros2_ws/install/create_msgs/lib/libcreate_msgs__rosidl_typesupport_c.so" to ""
[103.723s] -- Installing: /opt/cat_robot/src/ros2_ws/install/create_msgs/lib/libcreate_msgs__rosidl_typesupport_introspection_cpp.so
[103.724s] -- Set non-toolchain portion of runtime path of "/opt/cat_robot/src/ros2_ws/install/create_msgs/lib/libcreate_msgs__rosidl_typesupport_introspection_cpp.so" to ""
[103.724s] -- Installing: /opt/cat_robot/src/ros2_ws/install/create_msgs/lib/libcreate_msgs__rosidl_typesupport_fastrtps_cpp.so
[103.724s] -- Set non-toolchain portion of runtime path of "/opt/cat_robot/src/ros2_ws/install/create_msgs/lib/libcreate_msgs__rosidl_typesupport_fastrtps_cpp.so" to ""
[103.724s] -- Installing: /opt/cat_robot/src/ros2_ws/install/create_msgs/lib/libcreate_msgs__rosidl_typesupport_cpp.so
[103.725s] -- Set non-toolchain portion of runtime path of "/opt/cat_robot/src/ros2_ws/install/create_msgs/lib/libcreate_msgs__rosidl_typesupport_cpp.so" to ""
[104.006s] Listing '/opt/cat_robot/src/ros2_ws/install/create_msgs/local/lib/python3.12/dist-packages/create_msgs'...
[104.006s] Compiling '/opt/cat_robot/src/ros2_ws/install/create_msgs/local/lib/python3.12/dist-packages/create_msgs/__init__.py'...
[104.006s] Listing '/opt/cat_robot/src/ros2_ws/install/create_msgs/local/lib/python3.12/dist-packages/create_msgs/msg'...
[104.006s] Compiling '/opt/cat_robot/src/ros2_ws/install/create_msgs/local/lib/python3.12/dist-packages/create_msgs/msg/__init__.py'...
[104.007s] Compiling '/opt/cat_robot/src/ros2_ws/install/create_msgs/local/lib/python3.12/dist-packages/create_msgs/msg/_bumper.py'...
[104.007s] Compiling '/opt/cat_robot/src/ros2_ws/install/create_msgs/local/lib/python3.12/dist-packages/create_msgs/msg/_charging_state.py'...
[104.007s] Compiling '/opt/cat_robot/src/ros2_ws/install/create_msgs/local/lib/python3.12/dist-packages/create_msgs/msg/_cliff.py'...
[104.007s] Compiling '/opt/cat_robot/src/ros2_ws/install/create_msgs/local/lib/python3.12/dist-packages/create_msgs/msg/_define_song.py'...
[104.007s] Compiling '/opt/cat_robot/src/ros2_ws/install/create_msgs/local/lib/python3.12/dist-packages/create_msgs/msg/_mode.py'...
[104.007s] Compiling '/opt/cat_robot/src/ros2_ws/install/create_msgs/local/lib/python3.12/dist-packages/create_msgs/msg/_motor_setpoint.py'...
[104.007s] Compiling '/opt/cat_robot/src/ros2_ws/install/create_msgs/local/lib/python3.12/dist-packages/create_msgs/msg/_play_song.py'...
[104.034s] -- Installing: /opt/cat_robot/src/ros2_ws/install/create_msgs/lib/libcreate_msgs__rosidl_generator_py.so
[104.034s] -- Set non-toolchain portion of runtime path of "/opt/cat_robot/src/ros2_ws/install/create_msgs/lib/libcreate_msgs__rosidl_generator_py.so" to ""
[104.035s] -- Installing: /opt/cat_robot/src/ros2_ws/install/create_msgs/share/create_msgs/cmake/export_create_msgs__rosidl_generator_cExport.cmake
[104.036s] -- Installing: /opt/cat_robot/src/ros2_ws/install/create_msgs/share/create_msgs/cmake/export_create_msgs__rosidl_generator_cExport-noconfig.cmake
[104.037s] -- Installing: /opt/cat_robot/src/ros2_ws/install/create_msgs/share/create_msgs/cmake/create_msgs__rosidl_typesupport_introspection_cExport.cmake
[104.038s] -- Installing: /opt/cat_robot/src/ros2_ws/install/create_msgs/share/create_msgs/cmake/create_msgs__rosidl_typesupport_introspection_cExport-noconfig.cmake
[104.039s] -- Installing: /opt/cat_robot/src/ros2_ws/install/create_msgs/share/create_msgs/cmake/export_create_msgs__rosidl_typesupport_fastrtps_cExport.cmake
[104.040s] -- Installing: /opt/cat_robot/src/ros2_ws/install/create_msgs/share/create_msgs/cmake/export_create_msgs__rosidl_typesupport_fastrtps_cExport-noconfig.cmake
[104.041s] -- Installing: /opt/cat_robot/src/ros2_ws/install/create_msgs/share/create_msgs/cmake/create_msgs__rosidl_typesupport_cExport.cmake
[104.042s] -- Installing: /opt/cat_robot/src/ros2_ws/install/create_msgs/share/create_msgs/cmake/create_msgs__rosidl_typesupport_cExport-noconfig.cmake
[104.043s] -- Installing: /opt/cat_robot/src/ros2_ws/install/create_msgs/share/create_msgs/cmake/export_create_msgs__rosidl_generator_cppExport.cmake
[104.043s] -- Installing: /opt/cat_robot/src/ros2_ws/install/create_msgs/share/create_msgs/cmake/create_msgs__rosidl_typesupport_introspection_cppExport.cmake
[104.044s] -- Installing: /opt/cat_robot/src/ros2_ws/install/create_msgs/share/create_msgs/cmake/create_msgs__rosidl_typesupport_introspection_cppExport-noconfig.cmake
[104.045s] -- Installing: /opt/cat_robot/src/ros2_ws/install/create_msgs/share/create_msgs/cmake/export_create_msgs__rosidl_typesupport_fastrtps_cppExport.cmake
[104.045s] -- Installing: /opt/cat_robot/src/ros2_ws/install/create_msgs/share/create_msgs/cmake/export_create_msgs__rosidl_typesupport_fastrtps_cppExport-noconfig.cmake
[104.046s] -- Installing: /opt/cat_robot/src/ros2_ws/install/create_msgs/share/create_msgs/cmake/create_msgs__rosidl_typesupport_cppExport.cmake
[104.046s] -- Installing: /opt/cat_robot/src/ros2_ws/install/create_msgs/share/create_msgs/cmake/create_msgs__rosidl_typesupport_cppExport-noconfig.cmake
[104.047s] -- Installing: /opt/cat_robot/src/ros2_ws/install/create_msgs/share/create_msgs/cmake/export_create_msgs__rosidl_generator_pyExport.cmake
[104.049s] -- Installing: /opt/cat_robot/src/ros2_ws/install/create_msgs/share/create_msgs/cmake/export_create_msgs__rosidl_generator_pyExport-noconfig.cmake
[104.056s] Invoked command in '/opt/cat_robot/src/ros2_ws/build/create_msgs' returned '0': CMAKE_PREFIX_PATH=${CMAKE_PREFIX_PATH}:/opt/cat_robot/src/ros2_ws/install/catui_bridge:/opt/cat_robot/src/ros2_ws/install/cat_robot_bringup:/home/user/ros2_humble/install/rqt_bag_plugins:/home/user/ros2_humble/install/rqt_bag:/home/user/ros2_humble/install/launch_testing_examples:/home/user/ros2_humble/install/ros2bag:/home/user/ros2_humble/install/tracetools_test:/home/user/ros2_humble/install/tracetools_launch:/home/user/ros2_humble/install/topic_monitor:/home/user/ros2_humble/install/tf2_tools:/home/user/ros2_humble/install/examples_tf2_py:/home/user/ros2_humble/install/tf2_ros_py:/home/user/ros2_humble/install/sros2:/home/user/ros2_humble/install/rqt_topic:/home/user/ros2_humble/install/rqt_srv:/home/user/ros2_humble/install/rqt_shell:/home/user/ros2_humble/install/rqt_service_caller:/home/user/ros2_humble/install/rqt_reconfigure:/home/user/ros2_humble/install/rqt_py_console:/home/user/ros2_humble/install/rqt_publisher:/home/user/ros2_humble/install/rqt_plot:/home/user/ros2_humble/install/rqt_action:/home/user/ros2_humble/install/rqt_msg:/home/user/ros2_humble/install/rqt_console:/home/user/ros2_humble/install/rqt:/home/user/ros2_humble/install/rqt_graph:/home/user/ros2_humble/install/rqt_gui_py:/home/user/ros2_humble/install/rqt_gui:/home/user/ros2_humble/install/ros2trace:/home/user/ros2_humble/install/ros2topic:/home/user/ros2_humble/install/ros2test:/home/user/ros2_humble/install/ros2component:/home/user/ros2_humble/install/ros2param:/home/user/ros2_humble/install/ros2lifecycle:/home/user/ros2_humble/install/ros2service:/home/user/ros2_humble/install/ros2run:/home/user/ros2_humble/install/ros2plugin:/home/user/ros2_humble/install/ros2launch:/home/user/ros2_humble/install/ros2pkg:/home/user/ros2_humble/install/ros2node:/home/user/ros2_humble/install/ros2multicast:/home/user/ros2_humble/install/ros2interface:/home/user/ros2_humble/install/ros2doctor:/home/user/ros2_humble/install/ros2action:/home/user/ros2_humble/install/ros2cli:/home/user/ros2_humble/install/quality_of_service_demo_py:/home/user/ros2_humble/install/lifecycle_py:/home/user/ros2_humble/install/launch_testing_ros:/home/user/ros2_humble/install/launch_ros:/home/user/ros2_humble/install/examples_rclpy_pointcloud_publisher:/home/user/ros2_humble/install/examples_rclpy_minimal_subscriber:/home/user/ros2_humble/install/examples_rclpy_minimal_service:/home/user/ros2_humble/install/examples_rclpy_minimal_publisher:/home/user/ros2_humble/install/examples_rclpy_minimal_client:/home/user/ros2_humble/install/examples_rclpy_minimal_action_server:/home/user/ros2_humble/install/examples_rclpy_minimal_action_client:/home/user/ros2_humble/install/examples_rclpy_guard_conditions:/home/user/ros2_humble/install/examples_rclpy_executors:/home/user/ros2_humble/install/demo_nodes_py:/home/user/ros2_humble/install/camera_info_manager_py:/home/user/ros2_humble/install/action_tutorials_py:/home/user/ros2_humble/install/ament_uncrustify:/home/user/ros2_humble/install/tracetools_trace:/home/user/ros2_humble/install/tracetools_read:/home/user/ros2_humble/install/test_tracetools_launch:/home/user/ros2_humble/install/test_launch_ros:/home/user/ros2_humble/install/sensor_msgs_py:/home/user/ros2_humble/install/rpyutils:/home/user/ros2_humble/install/rosidl_runtime_py:/home/user/ros2_humble/install/rosidl_cli:/home/user/ros2_humble/install/launch_pytest:/home/user/ros2_humble/install/launch_testing:/home/user/ros2_humble/install/launch_yaml:/home/user/ros2_humble/install/launch_xml:/home/user/ros2_humble/install/launch:/home/user/ros2_humble/install/osrf_pycommon:/home/user/ros2_humble/install/domain_coordinator:/home/user/ros2_humble/install/ament_xmllint:/home/user/ros2_humble/install/ament_pyflakes:/home/user/ros2_humble/install/ament_pycodestyle:/home/user/ros2_humble/install/ament_pep257:/home/user/ros2_humble/install/ament_pclint:/home/user/ros2_humble/install/ament_package:/home/user/ros2_humble/install/ament_mypy:/home/user/ros2_humble/install/ament_lint_cmake:/home/user/ros2_humble/install/ament_flake8:/home/user/ros2_humble/install/ament_copyright:/home/user/ros2_humble/install/ament_lint:/home/user/ros2_humble/install/ament_index_python:/home/user/ros2_humble/install/ament_cpplint:/home/user/ros2_humble/install/ament_cppcheck:/home/user/ros2_humble/install/ament_clang_tidy:/home/user/ros2_humble/install/ament_clang_format DEBUGINFOD_URLS=https://debuginfod.ubuntu.com /usr/bin/cmake --install /opt/cat_robot/src/ros2_ws/build/create_msgs
