-- The C compiler identification is GNU 13.3.0
-- The CXX compiler identification is GNU 13.3.0
-- Detecting C compiler ABI info
-- Detecting C compiler ABI info - done
-- Check for working C compiler: /usr/bin/cc - skipped
-- Detecting C compile features
-- Detecting C compile features - done
-- Detecting CXX compiler ABI info
-- Detecting CXX compiler ABI info - done
-- Check for working CXX compiler: /usr/bin/c++ - skipped
-- Detecting CXX compile features
-- Detecting CXX compile features - done
-- Found ament_cmake: 1.3.14 (/home/user/ros2_humble/install/ament_cmake/share/ament_cmake/cmake)
-- Found Python3: /usr/bin/python3 (found version "3.12.3") found components: Interpreter 
-- Override CMake install command with custom implementation using symlinks instead of copying resources
-- Found ament_lint_auto: 0.12.15 (/home/user/ros2_humble/install/ament_lint_auto/share/ament_lint_auto/cmake)
-- Found launch_testing_ament_cmake: 1.0.14 (/home/user/ros2_humble/install/launch_testing_ament_cmake/share/launch_testing_ament_cmake/cmake)
-- Found python_cmake_module: 0.10.0 (/home/user/ros2_humble/install/python_cmake_module/share/python_cmake_module/cmake)
[33mCMake Warning (dev) at /home/user/ros2_humble/install/python_cmake_module/share/python_cmake_module/cmake/Modules/FindPythonExtra.cmake:52 (find_package):
  Policy CMP0148 is not set: The FindPythonInterp and FindPythonLibs modules
  are removed.  Run "cmake --help-policy CMP0148" for policy details.  Use
  the cmake_policy command to set the policy and suppress this warning.

Call Stack (most recent call first):
  /home/user/ros2_humble/install/launch_testing_ament_cmake/share/launch_testing_ament_cmake/cmake/launch_testing_ament_cmake-extras.cmake:18 (find_package)
  /home/user/ros2_humble/install/launch_testing_ament_cmake/share/launch_testing_ament_cmake/cmake/launch_testing_ament_cmakeConfig.cmake:41 (include)
  CMakeLists.txt:26 (find_package)
This warning is for project developers.  Use -Wno-dev to suppress it.
[0m
-- Found PythonInterp: /usr/bin/python3 (found suitable version "3.12.3", minimum required is "3.6") 
[33mCMake Warning (dev) at /home/user/ros2_humble/install/python_cmake_module/share/python_cmake_module/cmake/Modules/FindPythonExtra.cmake:140 (find_package):
  Policy CMP0148 is not set: The FindPythonInterp and FindPythonLibs modules
  are removed.  Run "cmake --help-policy CMP0148" for policy details.  Use
  the cmake_policy command to set the policy and suppress this warning.

Call Stack (most recent call first):
  /home/user/ros2_humble/install/launch_testing_ament_cmake/share/launch_testing_ament_cmake/cmake/launch_testing_ament_cmake-extras.cmake:18 (find_package)
  /home/user/ros2_humble/install/launch_testing_ament_cmake/share/launch_testing_ament_cmake/cmake/launch_testing_ament_cmakeConfig.cmake:41 (include)
  CMakeLists.txt:26 (find_package)
This warning is for project developers.  Use -Wno-dev to suppress it.
[0m
-- Found PythonLibs: /usr/lib/aarch64-linux-gnu/libpython3.12.so (found suitable version "3.12.3", minimum required is "3.5") 
-- Using PYTHON_EXECUTABLE: /usr/bin/python3
-- Using PYTHON_INCLUDE_DIRS: /usr/include/python3.12
-- Using PYTHON_LIBRARIES: /usr/lib/aarch64-linux-gnu/libpython3.12.so
-- Found PythonExtra: .so  
-- Added test 'xmllint' to check XML markup files
-- Added test 'lint_cmake' to check CMake code style
-- Configuring done (6.2s)
-- Generating done (0.0s)
-- Build files have been written to: /opt/cat_robot/src/ros2_ws/build/diagnostic_common_diagnostics
Built target ament_cmake_python_symlink_diagnostic_common_diagnostics
running egg_info
creating diagnostic_common_diagnostics.egg-info
writing diagnostic_common_diagnostics.egg-info/PKG-INFO
writing dependency_links to diagnostic_common_diagnostics.egg-info/dependency_links.txt
writing top-level names to diagnostic_common_diagnostics.egg-info/top_level.txt
writing manifest file 'diagnostic_common_diagnostics.egg-info/SOURCES.txt'
reading manifest file 'diagnostic_common_diagnostics.egg-info/SOURCES.txt'
writing manifest file 'diagnostic_common_diagnostics.egg-info/SOURCES.txt'
Built target ament_cmake_python_build_diagnostic_common_diagnostics_egg
-- Install configuration: ""
-- Execute custom install script
-- Symlinking: /opt/cat_robot/src/ros2_ws/install/diagnostic_common_diagnostics/share/diagnostic_common_diagnostics/environment/pythonpath.sh
-- Symlinking: /opt/cat_robot/src/ros2_ws/install/diagnostic_common_diagnostics/share/diagnostic_common_diagnostics/environment/pythonpath.dsv
-- Symlinking: /opt/cat_robot/src/ros2_ws/install/diagnostic_common_diagnostics/local/lib/python3.12/dist-packages/diagnostic_common_diagnostics-4.4.6-py3.12.egg-info/PKG-INFO
-- Symlinking: /opt/cat_robot/src/ros2_ws/install/diagnostic_common_diagnostics/local/lib/python3.12/dist-packages/diagnostic_common_diagnostics-4.4.6-py3.12.egg-info/SOURCES.txt
-- Symlinking: /opt/cat_robot/src/ros2_ws/install/diagnostic_common_diagnostics/local/lib/python3.12/dist-packages/diagnostic_common_diagnostics-4.4.6-py3.12.egg-info/dependency_links.txt
-- Symlinking: /opt/cat_robot/src/ros2_ws/install/diagnostic_common_diagnostics/local/lib/python3.12/dist-packages/diagnostic_common_diagnostics-4.4.6-py3.12.egg-info/top_level.txt
-- Symlinking: /opt/cat_robot/src/ros2_ws/install/diagnostic_common_diagnostics/local/lib/python3.12/dist-packages/diagnostic_common_diagnostics/__init__.py
-- Symlinking: /opt/cat_robot/src/ros2_ws/install/diagnostic_common_diagnostics/local/lib/python3.12/dist-packages/diagnostic_common_diagnostics/cpu_monitor.py
-- Symlinking: /opt/cat_robot/src/ros2_ws/install/diagnostic_common_diagnostics/local/lib/python3.12/dist-packages/diagnostic_common_diagnostics/hd_monitor.py
-- Symlinking: /opt/cat_robot/src/ros2_ws/install/diagnostic_common_diagnostics/local/lib/python3.12/dist-packages/diagnostic_common_diagnostics/ntp_monitor.py
-- Symlinking: /opt/cat_robot/src/ros2_ws/install/diagnostic_common_diagnostics/local/lib/python3.12/dist-packages/diagnostic_common_diagnostics/ram_monitor.py
-- Symlinking: /opt/cat_robot/src/ros2_ws/install/diagnostic_common_diagnostics/local/lib/python3.12/dist-packages/diagnostic_common_diagnostics/sensors_monitor.py
-- Symlinking: /opt/cat_robot/src/ros2_ws/install/diagnostic_common_diagnostics/lib/diagnostic_common_diagnostics/cpu_monitor.py
-- Symlinking: /opt/cat_robot/src/ros2_ws/install/diagnostic_common_diagnostics/lib/diagnostic_common_diagnostics/ntp_monitor.py
-- Symlinking: /opt/cat_robot/src/ros2_ws/install/diagnostic_common_diagnostics/lib/diagnostic_common_diagnostics/ram_monitor.py
-- Symlinking: /opt/cat_robot/src/ros2_ws/install/diagnostic_common_diagnostics/lib/diagnostic_common_diagnostics/sensors_monitor.py
-- Symlinking: /opt/cat_robot/src/ros2_ws/install/diagnostic_common_diagnostics/lib/diagnostic_common_diagnostics/hd_monitor.py
-- Symlinking: /opt/cat_robot/src/ros2_ws/install/diagnostic_common_diagnostics/share/ament_index/resource_index/package_run_dependencies/diagnostic_common_diagnostics
-- Symlinking: /opt/cat_robot/src/ros2_ws/install/diagnostic_common_diagnostics/share/ament_index/resource_index/parent_prefix_path/diagnostic_common_diagnostics
-- Symlinking: /opt/cat_robot/src/ros2_ws/install/diagnostic_common_diagnostics/share/diagnostic_common_diagnostics/environment/ament_prefix_path.sh
-- Symlinking: /opt/cat_robot/src/ros2_ws/install/diagnostic_common_diagnostics/share/diagnostic_common_diagnostics/environment/ament_prefix_path.dsv
-- Symlinking: /opt/cat_robot/src/ros2_ws/install/diagnostic_common_diagnostics/share/diagnostic_common_diagnostics/environment/path.sh
-- Symlinking: /opt/cat_robot/src/ros2_ws/install/diagnostic_common_diagnostics/share/diagnostic_common_diagnostics/environment/path.dsv
-- Symlinking: /opt/cat_robot/src/ros2_ws/install/diagnostic_common_diagnostics/share/diagnostic_common_diagnostics/local_setup.bash
-- Symlinking: /opt/cat_robot/src/ros2_ws/install/diagnostic_common_diagnostics/share/diagnostic_common_diagnostics/local_setup.sh
-- Symlinking: /opt/cat_robot/src/ros2_ws/install/diagnostic_common_diagnostics/share/diagnostic_common_diagnostics/local_setup.zsh
-- Symlinking: /opt/cat_robot/src/ros2_ws/install/diagnostic_common_diagnostics/share/diagnostic_common_diagnostics/local_setup.dsv
-- Symlinking: /opt/cat_robot/src/ros2_ws/install/diagnostic_common_diagnostics/share/diagnostic_common_diagnostics/package.dsv
-- Symlinking: /opt/cat_robot/src/ros2_ws/install/diagnostic_common_diagnostics/share/ament_index/resource_index/packages/diagnostic_common_diagnostics
-- Symlinking: /opt/cat_robot/src/ros2_ws/install/diagnostic_common_diagnostics/share/diagnostic_common_diagnostics/cmake/diagnostic_common_diagnosticsConfig.cmake
-- Symlinking: /opt/cat_robot/src/ros2_ws/install/diagnostic_common_diagnostics/share/diagnostic_common_diagnostics/cmake/diagnostic_common_diagnosticsConfig-version.cmake
-- Symlinking: /opt/cat_robot/src/ros2_ws/install/diagnostic_common_diagnostics/share/diagnostic_common_diagnostics/package.xml
Listing '/opt/cat_robot/src/ros2_ws/install/diagnostic_common_diagnostics/local/lib/python3.12/dist-packages/diagnostic_common_diagnostics'...
Compiling '/opt/cat_robot/src/ros2_ws/install/diagnostic_common_diagnostics/local/lib/python3.12/dist-packages/diagnostic_common_diagnostics/__init__.py'...
Compiling '/opt/cat_robot/src/ros2_ws/install/diagnostic_common_diagnostics/local/lib/python3.12/dist-packages/diagnostic_common_diagnostics/cpu_monitor.py'...
Compiling '/opt/cat_robot/src/ros2_ws/install/diagnostic_common_diagnostics/local/lib/python3.12/dist-packages/diagnostic_common_diagnostics/hd_monitor.py'...
Compiling '/opt/cat_robot/src/ros2_ws/install/diagnostic_common_diagnostics/local/lib/python3.12/dist-packages/diagnostic_common_diagnostics/ntp_monitor.py'...
Compiling '/opt/cat_robot/src/ros2_ws/install/diagnostic_common_diagnostics/local/lib/python3.12/dist-packages/diagnostic_common_diagnostics/ram_monitor.py'...
Compiling '/opt/cat_robot/src/ros2_ws/install/diagnostic_common_diagnostics/local/lib/python3.12/dist-packages/diagnostic_common_diagnostics/sensors_monitor.py'...
