-- The C compiler identification is GNU 13.3.0
-- The CXX compiler identification is GNU 13.3.0
-- Detecting C compiler ABI info
-- Detecting C compiler ABI info - done
-- Check for working C compiler: /usr/bin/cc - skipped
-- Detecting C compile features
-- Detecting C compile features - done
-- Detecting CXX compiler ABI info
-- Detecting CXX compiler ABI info - done
-- Check for working CXX compiler: /usr/bin/c++ - skipped
-- Detecting CXX compile features
-- Detecting CXX compile features - done
-- Found ament_cmake: 1.3.14 (/home/user/ros2_humble/install/ament_cmake/share/ament_cmake/cmake)
-- Found Python3: /usr/bin/python3 (found version "3.12.3") found components: Interpreter 
-- Override CMake install command with custom implementation using symlinks instead of copying resources
-- Found ament_lint_auto: 0.12.15 (/home/user/ros2_humble/install/ament_lint_auto/share/ament_lint_auto/cmake)
-- Configuring done (11.0s)
-- Generating done (0.0s)
-- Build files have been written to: /opt/cat_robot/src/ros2_ws/build/xacro
Built target ament_cmake_python_symlink_xacro
Built target ament_cmake_python_symlink_xacro_setup
running egg_info
creating xacro.egg-info
writing xacro.egg-info/PKG-INFO
writing dependency_links to xacro.egg-info/dependency_links.txt
writing entry points to xacro.egg-info/entry_points.txt
writing top-level names to xacro.egg-info/top_level.txt
writing manifest file 'xacro.egg-info/SOURCES.txt'
running install_scripts
reading manifest file 'xacro.egg-info/SOURCES.txt'
writing manifest file 'xacro.egg-info/SOURCES.txt'
running egg_info
Built target ament_cmake_python_build_xacro_egg
writing xacro.egg-info/PKG-INFO
writing dependency_links to xacro.egg-info/dependency_links.txt
writing entry points to xacro.egg-info/entry_points.txt
writing top-level names to xacro.egg-info/top_level.txt
reading manifest file 'xacro.egg-info/SOURCES.txt'
writing manifest file 'xacro.egg-info/SOURCES.txt'
Installing xacro script to scripts
Built target ament_cmake_python_build_xacro_scripts
-- Install configuration: ""
-- Execute custom install script
-- Symlinking: /opt/cat_robot/src/ros2_ws/install/xacro/share/xacro/environment/completion.bash
-- Symlinking: /opt/cat_robot/src/ros2_ws/install/xacro/share/xacro/environment/pythonpath.sh
-- Symlinking: /opt/cat_robot/src/ros2_ws/install/xacro/share/xacro/environment/pythonpath.dsv
-- Symlinking: /opt/cat_robot/src/ros2_ws/install/xacro/local/lib/python3.12/dist-packages/xacro-2.1.1-py3.12.egg-info/PKG-INFO
-- Symlinking: /opt/cat_robot/src/ros2_ws/install/xacro/local/lib/python3.12/dist-packages/xacro-2.1.1-py3.12.egg-info/SOURCES.txt
-- Symlinking: /opt/cat_robot/src/ros2_ws/install/xacro/local/lib/python3.12/dist-packages/xacro-2.1.1-py3.12.egg-info/dependency_links.txt
-- Symlinking: /opt/cat_robot/src/ros2_ws/install/xacro/local/lib/python3.12/dist-packages/xacro-2.1.1-py3.12.egg-info/entry_points.txt
-- Symlinking: /opt/cat_robot/src/ros2_ws/install/xacro/local/lib/python3.12/dist-packages/xacro-2.1.1-py3.12.egg-info/top_level.txt
-- Symlinking: /opt/cat_robot/src/ros2_ws/install/xacro/lib/xacro//xacro
-- Symlinking: /opt/cat_robot/src/ros2_ws/install/xacro/local/lib/python3.12/dist-packages/xacro/__init__.py
-- Symlinking: /opt/cat_robot/src/ros2_ws/install/xacro/local/lib/python3.12/dist-packages/xacro/cli.py
-- Symlinking: /opt/cat_robot/src/ros2_ws/install/xacro/local/lib/python3.12/dist-packages/xacro/color.py
-- Symlinking: /opt/cat_robot/src/ros2_ws/install/xacro/local/lib/python3.12/dist-packages/xacro/substitution_args.py
-- Symlinking: /opt/cat_robot/src/ros2_ws/install/xacro/local/lib/python3.12/dist-packages/xacro/xmlutils.py
-- Symlinking: /opt/cat_robot/src/ros2_ws/install/xacro/share/ament_index/resource_index/package_run_dependencies/xacro
-- Symlinking: /opt/cat_robot/src/ros2_ws/install/xacro/share/ament_index/resource_index/parent_prefix_path/xacro
-- Symlinking: /opt/cat_robot/src/ros2_ws/install/xacro/share/xacro/environment/ament_prefix_path.sh
-- Symlinking: /opt/cat_robot/src/ros2_ws/install/xacro/share/xacro/environment/ament_prefix_path.dsv
-- Symlinking: /opt/cat_robot/src/ros2_ws/install/xacro/share/xacro/environment/path.sh
-- Symlinking: /opt/cat_robot/src/ros2_ws/install/xacro/share/xacro/environment/path.dsv
-- Symlinking: /opt/cat_robot/src/ros2_ws/install/xacro/share/xacro/local_setup.bash
-- Symlinking: /opt/cat_robot/src/ros2_ws/install/xacro/share/xacro/local_setup.sh
-- Symlinking: /opt/cat_robot/src/ros2_ws/install/xacro/share/xacro/local_setup.zsh
-- Symlinking: /opt/cat_robot/src/ros2_ws/install/xacro/share/xacro/local_setup.dsv
-- Symlinking: /opt/cat_robot/src/ros2_ws/install/xacro/share/xacro/package.dsv
-- Symlinking: /opt/cat_robot/src/ros2_ws/install/xacro/share/ament_index/resource_index/packages/xacro
-- Symlinking: /opt/cat_robot/src/ros2_ws/install/xacro/share/xacro/cmake/xacro-extras.cmake
-- Symlinking: /opt/cat_robot/src/ros2_ws/install/xacro/share/xacro/cmake/xacroConfig.cmake
-- Symlinking: /opt/cat_robot/src/ros2_ws/install/xacro/share/xacro/cmake/xacroConfig-version.cmake
-- Symlinking: /opt/cat_robot/src/ros2_ws/install/xacro/share/xacro/package.xml
Listing '/opt/cat_robot/src/ros2_ws/install/xacro/local/lib/python3.12/dist-packages/xacro'...
Compiling '/opt/cat_robot/src/ros2_ws/install/xacro/local/lib/python3.12/dist-packages/xacro/__init__.py'...
Compiling '/opt/cat_robot/src/ros2_ws/install/xacro/local/lib/python3.12/dist-packages/xacro/cli.py'...
Compiling '/opt/cat_robot/src/ros2_ws/install/xacro/local/lib/python3.12/dist-packages/xacro/color.py'...
Compiling '/opt/cat_robot/src/ros2_ws/install/xacro/local/lib/python3.12/dist-packages/xacro/substitution_args.py'...
Compiling '/opt/cat_robot/src/ros2_ws/install/xacro/local/lib/python3.12/dist-packages/xacro/xmlutils.py'...
-- Installing: /opt/cat_robot/src/ros2_ws/install/xacro/bin/
-- Installing: /opt/cat_robot/src/ros2_ws/install/xacro/bin//xacro
