-- The C compiler identification is GNU 13.3.0
-- The CXX compiler identification is GNU 13.3.0
-- Detecting C compiler ABI info
-- Detecting C compiler ABI info - done
-- Check for working C compiler: /usr/bin/cc - skipped
-- Detecting C compile features
-- Detecting C compile features - done
-- Detecting CXX compiler ABI info
-- Detecting CXX compiler ABI info - done
-- Check for working CXX compiler: /usr/bin/c++ - skipped
-- Detecting CXX compile features
-- Detecting CXX compile features - done
-- Found ament_cmake: 1.3.14 (/home/user/ros2_humble/install/ament_cmake/share/ament_cmake/cmake)
-- Found Python3: /usr/bin/python3 (found version "3.12.3") found components: Interpreter 
-- Override CMake install command with custom implementation using symlinks instead of copying resources
-- Found diagnostic_msgs: 4.9.1 (/home/user/ros2_humble/install/diagnostic_msgs/share/diagnostic_msgs/cmake)
-- Found rosidl_generator_c: 3.1.8 (/home/user/ros2_humble/install/rosidl_generator_c/share/rosidl_generator_c/cmake)
-- Found rosidl_adapter: 3.1.8 (/home/user/ros2_humble/install/rosidl_adapter/share/rosidl_adapter/cmake)
-- Found rosidl_generator_cpp: 3.1.8 (/home/user/ros2_humble/install/rosidl_generator_cpp/share/rosidl_generator_cpp/cmake)
-- Using all available rosidl_typesupport_c: rosidl_typesupport_introspection_c;rosidl_typesupport_fastrtps_c
-- Using all available rosidl_typesupport_cpp: rosidl_typesupport_introspection_cpp;rosidl_typesupport_fastrtps_cpp
-- Found diagnostic_updater: 4.4.6 (/opt/cat_robot/src/ros2_ws/install/diagnostic_updater/share/diagnostic_updater/cmake)
-- Found rmw_implementation_cmake: 6.1.2 (/home/user/ros2_humble/install/rmw_implementation_cmake/share/rmw_implementation_cmake/cmake)
-- Found rmw_fastrtps_cpp: 6.2.10 (/home/user/ros2_humble/install/rmw_fastrtps_cpp/share/rmw_fastrtps_cpp/cmake)
-- Found OpenSSL: /usr/lib/aarch64-linux-gnu/libcrypto.so (found version "3.0.13")  
-- Found FastRTPS: /home/user/ros2_humble/install/fastrtps/include  
-- Using RMW implementation 'rmw_fastrtps_cpp' as default
-- Performing Test CMAKE_HAVE_LIBC_PTHREAD
-- Performing Test CMAKE_HAVE_LIBC_PTHREAD - Success
-- Found Threads: TRUE  
-- Found sensor_msgs: 4.9.1 (/home/user/ros2_humble/install/sensor_msgs/share/sensor_msgs/cmake)
-- Looking for include file linux/joystick.h
-- Looking for include file linux/joystick.h - found
-- Found ament_lint_auto: 0.12.15 (/home/user/ros2_humble/install/ament_lint_auto/share/ament_lint_auto/cmake)
-- Added test 'cppcheck' to perform static code analysis on C / C++ code
-- Configured cppcheck include dirs: /opt/cat_robot/src/ros2_ws/src/joystick_drivers/joy_linux/msg/cpp
-- Configured cppcheck exclude dirs and/or files: 
-- Added test 'cpplint' to check C / C++ code against the Google style
-- Configured cpplint exclude dirs and/or files: 
-- Added test 'lint_cmake' to check CMake code style
-- Added test 'uncrustify' to check C / C++ code style
-- Configured uncrustify additional arguments: 
-- Added test 'xmllint' to check XML markup files
-- Configuring done (7.5s)
-- Generating done (0.0s)
-- Build files have been written to: /opt/cat_robot/src/ros2_ws/build/joy_linux
[ 50%] [32mBuilding CXX object CMakeFiles/joy_linux_node.dir/src/joy_linux_node.cpp.o[0m
[100%] [32m[1mLinking CXX executable joy_linux_node[0m
[100%] Built target joy_linux_node
-- Install configuration: ""
-- Execute custom install script
-- Symlinking: /opt/cat_robot/src/ros2_ws/install/joy_linux/lib/joy_linux/joy_linux_node
-- Symlinking: /opt/cat_robot/src/ros2_ws/install/joy_linux/share/ament_index/resource_index/package_run_dependencies/joy_linux
-- Symlinking: /opt/cat_robot/src/ros2_ws/install/joy_linux/share/ament_index/resource_index/parent_prefix_path/joy_linux
-- Symlinking: /opt/cat_robot/src/ros2_ws/install/joy_linux/share/joy_linux/environment/ament_prefix_path.sh
-- Symlinking: /opt/cat_robot/src/ros2_ws/install/joy_linux/share/joy_linux/environment/ament_prefix_path.dsv
-- Symlinking: /opt/cat_robot/src/ros2_ws/install/joy_linux/share/joy_linux/environment/path.sh
-- Symlinking: /opt/cat_robot/src/ros2_ws/install/joy_linux/share/joy_linux/environment/path.dsv
-- Symlinking: /opt/cat_robot/src/ros2_ws/install/joy_linux/share/joy_linux/local_setup.bash
-- Symlinking: /opt/cat_robot/src/ros2_ws/install/joy_linux/share/joy_linux/local_setup.sh
-- Symlinking: /opt/cat_robot/src/ros2_ws/install/joy_linux/share/joy_linux/local_setup.zsh
-- Symlinking: /opt/cat_robot/src/ros2_ws/install/joy_linux/share/joy_linux/local_setup.dsv
-- Symlinking: /opt/cat_robot/src/ros2_ws/install/joy_linux/share/joy_linux/package.dsv
-- Symlinking: /opt/cat_robot/src/ros2_ws/install/joy_linux/share/ament_index/resource_index/packages/joy_linux
-- Symlinking: /opt/cat_robot/src/ros2_ws/install/joy_linux/share/joy_linux/cmake/joy_linuxConfig.cmake
-- Symlinking: /opt/cat_robot/src/ros2_ws/install/joy_linux/share/joy_linux/cmake/joy_linuxConfig-version.cmake
-- Symlinking: /opt/cat_robot/src/ros2_ws/install/joy_linux/share/joy_linux/package.xml
