[0.091s] Invoking command in '/opt/cat_robot/src/ros2_ws/build/wiimote_msgs': CMAKE_PREFIX_PATH=${CMAKE_PREFIX_PATH}:/root/ros2_humble/install/ros2bag:/root/ros2_humble/install/tracetools_test:/root/ros2_humble/install/tracetools_launch:/root/ros2_humble/install/tf2_ros_py:/root/ros2_humble/install/sros2:/root/ros2_humble/install/rqt_msg:/root/ros2_humble/install/rqt_console:/root/ros2_humble/install/rqt_gui_py:/root/ros2_humble/install/rqt_gui:/root/ros2_humble/install/ros2test:/root/ros2_humble/install/ros2param:/root/ros2_humble/install/ros2service:/root/ros2_humble/install/ros2run:/root/ros2_humble/install/ros2pkg:/root/ros2_humble/install/ros2node:/root/ros2_humble/install/ros2multicast:/root/ros2_humble/install/ros2cli:/root/ros2_humble/install/launch_testing_ros:/root/ros2_humble/install/launch_ros:/root/ros2_humble/install/demo_nodes_py:/root/ros2_humble/install/ament_uncrustify:/root/ros2_humble/install/tracetools_trace:/root/ros2_humble/install/tracetools_read:/root/ros2_humble/install/sensor_msgs_py:/root/ros2_humble/install/rpyutils:/root/ros2_humble/install/rosidl_runtime_py:/root/ros2_humble/install/rosidl_cli:/root/ros2_humble/install/launch_testing:/root/ros2_humble/install/launch_yaml:/root/ros2_humble/install/launch_xml:/root/ros2_humble/install/launch:/root/ros2_humble/install/osrf_pycommon:/root/ros2_humble/install/domain_coordinator:/root/ros2_humble/install/ament_xmllint:/root/ros2_humble/install/ament_pyflakes:/root/ros2_humble/install/ament_pycodestyle:/root/ros2_humble/install/ament_pep257:/root/ros2_humble/install/ament_pclint:/root/ros2_humble/install/ament_package:/root/ros2_humble/install/ament_mypy:/root/ros2_humble/install/ament_lint_cmake:/root/ros2_humble/install/ament_flake8:/root/ros2_humble/install/ament_copyright:/root/ros2_humble/install/ament_lint:/root/ros2_humble/install/ament_index_python:/root/ros2_humble/install/ament_cpplint:/root/ros2_humble/install/ament_cppcheck:/root/ros2_humble/install/ament_clang_tidy:/root/ros2_humble/install/ament_clang_format /usr/bin/cmake --build /opt/cat_robot/src/ros2_ws/build/wiimote_msgs -- -j4 -l4
[0.496s] [  2%] Built target wiimote_msgs__cpp
[0.503s] [  4%] Built target wiimote_msgs__rs
[0.513s] [ 14%] Built target wiimote_msgs__rosidl_generator_c
[0.515s] [ 14%] Built target ament_cmake_python_symlink_wiimote_msgs
[0.662s] [ 25%] Built target wiimote_msgs__rosidl_typesupport_fastrtps_cpp
[0.665s] [ 35%] Built target wiimote_msgs__rosidl_typesupport_cpp
[0.693s] [ 45%] Built target wiimote_msgs__rosidl_typesupport_introspection_cpp
[0.709s] [ 56%] Built target wiimote_msgs__rosidl_typesupport_fastrtps_c
[0.803s] [ 66%] Built target wiimote_msgs__rosidl_typesupport_c
[0.827s] [ 77%] Built target wiimote_msgs__rosidl_typesupport_introspection_c
[0.947s] [ 77%] Built target wiimote_msgs
[1.076s] [ 79%] Built target wiimote_msgs__py
[1.245s] [ 87%] Built target wiimote_msgs__rosidl_generator_py
[1.485s] [ 91%] Built target wiimote_msgs__rosidl_typesupport_fastrtps_c__pyext
[1.492s] [ 95%] Built target wiimote_msgs__rosidl_typesupport_introspection_c__pyext
[1.528s] [100%] Built target wiimote_msgs__rosidl_typesupport_c__pyext
[1.678s] running egg_info
[1.724s] writing wiimote_msgs.egg-info/PKG-INFO
[1.724s] writing dependency_links to wiimote_msgs.egg-info/dependency_links.txt
[1.730s] writing top-level names to wiimote_msgs.egg-info/top_level.txt
[1.879s] reading manifest file 'wiimote_msgs.egg-info/SOURCES.txt'
[1.883s] writing manifest file 'wiimote_msgs.egg-info/SOURCES.txt'
[2.042s] [100%] Built target ament_cmake_python_build_wiimote_msgs_egg
[2.951s] Invoked command in '/opt/cat_robot/src/ros2_ws/build/wiimote_msgs' returned '0': CMAKE_PREFIX_PATH=${CMAKE_PREFIX_PATH}:/root/ros2_humble/install/ros2bag:/root/ros2_humble/install/tracetools_test:/root/ros2_humble/install/tracetools_launch:/root/ros2_humble/install/tf2_ros_py:/root/ros2_humble/install/sros2:/root/ros2_humble/install/rqt_msg:/root/ros2_humble/install/rqt_console:/root/ros2_humble/install/rqt_gui_py:/root/ros2_humble/install/rqt_gui:/root/ros2_humble/install/ros2test:/root/ros2_humble/install/ros2param:/root/ros2_humble/install/ros2service:/root/ros2_humble/install/ros2run:/root/ros2_humble/install/ros2pkg:/root/ros2_humble/install/ros2node:/root/ros2_humble/install/ros2multicast:/root/ros2_humble/install/ros2cli:/root/ros2_humble/install/launch_testing_ros:/root/ros2_humble/install/launch_ros:/root/ros2_humble/install/demo_nodes_py:/root/ros2_humble/install/ament_uncrustify:/root/ros2_humble/install/tracetools_trace:/root/ros2_humble/install/tracetools_read:/root/ros2_humble/install/sensor_msgs_py:/root/ros2_humble/install/rpyutils:/root/ros2_humble/install/rosidl_runtime_py:/root/ros2_humble/install/rosidl_cli:/root/ros2_humble/install/launch_testing:/root/ros2_humble/install/launch_yaml:/root/ros2_humble/install/launch_xml:/root/ros2_humble/install/launch:/root/ros2_humble/install/osrf_pycommon:/root/ros2_humble/install/domain_coordinator:/root/ros2_humble/install/ament_xmllint:/root/ros2_humble/install/ament_pyflakes:/root/ros2_humble/install/ament_pycodestyle:/root/ros2_humble/install/ament_pep257:/root/ros2_humble/install/ament_pclint:/root/ros2_humble/install/ament_package:/root/ros2_humble/install/ament_mypy:/root/ros2_humble/install/ament_lint_cmake:/root/ros2_humble/install/ament_flake8:/root/ros2_humble/install/ament_copyright:/root/ros2_humble/install/ament_lint:/root/ros2_humble/install/ament_index_python:/root/ros2_humble/install/ament_cpplint:/root/ros2_humble/install/ament_cppcheck:/root/ros2_humble/install/ament_clang_tidy:/root/ros2_humble/install/ament_clang_format /usr/bin/cmake --build /opt/cat_robot/src/ros2_ws/build/wiimote_msgs -- -j4 -l4
[3.020s] Invoking command in '/opt/cat_robot/src/ros2_ws/build/wiimote_msgs': CMAKE_PREFIX_PATH=${CMAKE_PREFIX_PATH}:/root/ros2_humble/install/ros2bag:/root/ros2_humble/install/tracetools_test:/root/ros2_humble/install/tracetools_launch:/root/ros2_humble/install/tf2_ros_py:/root/ros2_humble/install/sros2:/root/ros2_humble/install/rqt_msg:/root/ros2_humble/install/rqt_console:/root/ros2_humble/install/rqt_gui_py:/root/ros2_humble/install/rqt_gui:/root/ros2_humble/install/ros2test:/root/ros2_humble/install/ros2param:/root/ros2_humble/install/ros2service:/root/ros2_humble/install/ros2run:/root/ros2_humble/install/ros2pkg:/root/ros2_humble/install/ros2node:/root/ros2_humble/install/ros2multicast:/root/ros2_humble/install/ros2cli:/root/ros2_humble/install/launch_testing_ros:/root/ros2_humble/install/launch_ros:/root/ros2_humble/install/demo_nodes_py:/root/ros2_humble/install/ament_uncrustify:/root/ros2_humble/install/tracetools_trace:/root/ros2_humble/install/tracetools_read:/root/ros2_humble/install/sensor_msgs_py:/root/ros2_humble/install/rpyutils:/root/ros2_humble/install/rosidl_runtime_py:/root/ros2_humble/install/rosidl_cli:/root/ros2_humble/install/launch_testing:/root/ros2_humble/install/launch_yaml:/root/ros2_humble/install/launch_xml:/root/ros2_humble/install/launch:/root/ros2_humble/install/osrf_pycommon:/root/ros2_humble/install/domain_coordinator:/root/ros2_humble/install/ament_xmllint:/root/ros2_humble/install/ament_pyflakes:/root/ros2_humble/install/ament_pycodestyle:/root/ros2_humble/install/ament_pep257:/root/ros2_humble/install/ament_pclint:/root/ros2_humble/install/ament_package:/root/ros2_humble/install/ament_mypy:/root/ros2_humble/install/ament_lint_cmake:/root/ros2_humble/install/ament_flake8:/root/ros2_humble/install/ament_copyright:/root/ros2_humble/install/ament_lint:/root/ros2_humble/install/ament_index_python:/root/ros2_humble/install/ament_cpplint:/root/ros2_humble/install/ament_cppcheck:/root/ros2_humble/install/ament_clang_tidy:/root/ros2_humble/install/ament_clang_format /usr/bin/cmake --install /opt/cat_robot/src/ros2_ws/build/wiimote_msgs
[3.150s] -- Install configuration: ""
[3.160s] -- Execute custom install script
[3.160s] -- Up-to-date symlink: /opt/cat_robot/src/ros2_ws/install/wiimote_msgs/share/ament_index/resource_index/rosidl_interfaces/wiimote_msgs
[3.162s] -- Up-to-date symlink: /opt/cat_robot/src/ros2_ws/install/wiimote_msgs/include/wiimote_msgs/wiimote_msgs/msg/detail/ir_source_info__functions.h
[3.162s] -- Up-to-date symlink: /opt/cat_robot/src/ros2_ws/install/wiimote_msgs/include/wiimote_msgs/wiimote_msgs/msg/detail/ir_source_info__struct.h
[3.162s] -- Up-to-date symlink: /opt/cat_robot/src/ros2_ws/install/wiimote_msgs/include/wiimote_msgs/wiimote_msgs/msg/detail/ir_source_info__type_support.h
[3.162s] -- Up-to-date symlink: /opt/cat_robot/src/ros2_ws/install/wiimote_msgs/include/wiimote_msgs/wiimote_msgs/msg/detail/state__functions.h
[3.162s] -- Up-to-date symlink: /opt/cat_robot/src/ros2_ws/install/wiimote_msgs/include/wiimote_msgs/wiimote_msgs/msg/detail/state__struct.h
[3.162s] -- Up-to-date symlink: /opt/cat_robot/src/ros2_ws/install/wiimote_msgs/include/wiimote_msgs/wiimote_msgs/msg/detail/state__type_support.h
[3.165s] -- Up-to-date symlink: /opt/cat_robot/src/ros2_ws/install/wiimote_msgs/include/wiimote_msgs/wiimote_msgs/msg/detail/timed_switch__functions.h
[3.165s] -- Up-to-date symlink: /opt/cat_robot/src/ros2_ws/install/wiimote_msgs/include/wiimote_msgs/wiimote_msgs/msg/detail/timed_switch__struct.h
[3.165s] -- Up-to-date symlink: /opt/cat_robot/src/ros2_ws/install/wiimote_msgs/include/wiimote_msgs/wiimote_msgs/msg/detail/timed_switch__type_support.h
[3.165s] -- Up-to-date symlink: /opt/cat_robot/src/ros2_ws/install/wiimote_msgs/include/wiimote_msgs/wiimote_msgs/msg/ir_source_info.h
[3.165s] -- Up-to-date symlink: /opt/cat_robot/src/ros2_ws/install/wiimote_msgs/include/wiimote_msgs/wiimote_msgs/msg/rosidl_generator_c__visibility_control.h
[3.166s] -- Up-to-date symlink: /opt/cat_robot/src/ros2_ws/install/wiimote_msgs/include/wiimote_msgs/wiimote_msgs/msg/state.h
[3.166s] -- Up-to-date symlink: /opt/cat_robot/src/ros2_ws/install/wiimote_msgs/include/wiimote_msgs/wiimote_msgs/msg/timed_switch.h
[3.166s] -- Up-to-date symlink: /opt/cat_robot/src/ros2_ws/install/wiimote_msgs/share/wiimote_msgs/environment/library_path.sh
[3.166s] -- Up-to-date symlink: /opt/cat_robot/src/ros2_ws/install/wiimote_msgs/share/wiimote_msgs/environment/library_path.dsv
[3.166s] -- Up-to-date symlink: /opt/cat_robot/src/ros2_ws/install/wiimote_msgs/include/wiimote_msgs/wiimote_msgs/msg/detail/ir_source_info__rosidl_typesupport_fastrtps_c.h
[3.166s] -- Up-to-date symlink: /opt/cat_robot/src/ros2_ws/install/wiimote_msgs/include/wiimote_msgs/wiimote_msgs/msg/detail/state__rosidl_typesupport_fastrtps_c.h
[3.166s] -- Up-to-date symlink: /opt/cat_robot/src/ros2_ws/install/wiimote_msgs/include/wiimote_msgs/wiimote_msgs/msg/detail/timed_switch__rosidl_typesupport_fastrtps_c.h
[3.169s] -- Up-to-date symlink: /opt/cat_robot/src/ros2_ws/install/wiimote_msgs/include/wiimote_msgs/wiimote_msgs/msg/rosidl_typesupport_fastrtps_c__visibility_control.h
[3.169s] -- Up-to-date symlink: /opt/cat_robot/src/ros2_ws/install/wiimote_msgs/include/wiimote_msgs/wiimote_msgs/msg/detail/ir_source_info__builder.hpp
[3.169s] -- Up-to-date symlink: /opt/cat_robot/src/ros2_ws/install/wiimote_msgs/include/wiimote_msgs/wiimote_msgs/msg/detail/ir_source_info__struct.hpp
[3.169s] -- Up-to-date symlink: /opt/cat_robot/src/ros2_ws/install/wiimote_msgs/include/wiimote_msgs/wiimote_msgs/msg/detail/ir_source_info__traits.hpp
[3.169s] -- Up-to-date symlink: /opt/cat_robot/src/ros2_ws/install/wiimote_msgs/include/wiimote_msgs/wiimote_msgs/msg/detail/ir_source_info__type_support.hpp
[3.170s] -- Up-to-date symlink: /opt/cat_robot/src/ros2_ws/install/wiimote_msgs/include/wiimote_msgs/wiimote_msgs/msg/detail/state__builder.hpp
[3.170s] -- Up-to-date symlink: /opt/cat_robot/src/ros2_ws/install/wiimote_msgs/include/wiimote_msgs/wiimote_msgs/msg/detail/state__struct.hpp
[3.170s] -- Up-to-date symlink: /opt/cat_robot/src/ros2_ws/install/wiimote_msgs/include/wiimote_msgs/wiimote_msgs/msg/detail/state__traits.hpp
[3.170s] -- Up-to-date symlink: /opt/cat_robot/src/ros2_ws/install/wiimote_msgs/include/wiimote_msgs/wiimote_msgs/msg/detail/state__type_support.hpp
[3.172s] -- Up-to-date symlink: /opt/cat_robot/src/ros2_ws/install/wiimote_msgs/include/wiimote_msgs/wiimote_msgs/msg/detail/timed_switch__builder.hpp
[3.173s] -- Up-to-date symlink: /opt/cat_robot/src/ros2_ws/install/wiimote_msgs/include/wiimote_msgs/wiimote_msgs/msg/detail/timed_switch__struct.hpp
[3.175s] -- Up-to-date symlink: /opt/cat_robot/src/ros2_ws/install/wiimote_msgs/include/wiimote_msgs/wiimote_msgs/msg/detail/timed_switch__traits.hpp
[3.176s] -- Up-to-date symlink: /opt/cat_robot/src/ros2_ws/install/wiimote_msgs/include/wiimote_msgs/wiimote_msgs/msg/detail/timed_switch__type_support.hpp
[3.176s] -- Up-to-date symlink: /opt/cat_robot/src/ros2_ws/install/wiimote_msgs/include/wiimote_msgs/wiimote_msgs/msg/ir_source_info.hpp
[3.176s] -- Up-to-date symlink: /opt/cat_robot/src/ros2_ws/install/wiimote_msgs/include/wiimote_msgs/wiimote_msgs/msg/rosidl_generator_cpp__visibility_control.hpp
[3.176s] -- Up-to-date symlink: /opt/cat_robot/src/ros2_ws/install/wiimote_msgs/include/wiimote_msgs/wiimote_msgs/msg/state.hpp
[3.176s] -- Up-to-date symlink: /opt/cat_robot/src/ros2_ws/install/wiimote_msgs/include/wiimote_msgs/wiimote_msgs/msg/timed_switch.hpp
[3.176s] -- Up-to-date symlink: /opt/cat_robot/src/ros2_ws/install/wiimote_msgs/include/wiimote_msgs/wiimote_msgs/msg/detail/ir_source_info__rosidl_typesupport_fastrtps_cpp.hpp
[3.176s] -- Up-to-date symlink: /opt/cat_robot/src/ros2_ws/install/wiimote_msgs/include/wiimote_msgs/wiimote_msgs/msg/detail/state__rosidl_typesupport_fastrtps_cpp.hpp
[3.181s] -- Up-to-date symlink: /opt/cat_robot/src/ros2_ws/install/wiimote_msgs/include/wiimote_msgs/wiimote_msgs/msg/detail/timed_switch__rosidl_typesupport_fastrtps_cpp.hpp
[3.181s] -- Up-to-date symlink: /opt/cat_robot/src/ros2_ws/install/wiimote_msgs/include/wiimote_msgs/wiimote_msgs/msg/rosidl_typesupport_fastrtps_cpp__visibility_control.h
[3.181s] -- Up-to-date symlink: /opt/cat_robot/src/ros2_ws/install/wiimote_msgs/include/wiimote_msgs/wiimote_msgs/msg/detail/ir_source_info__rosidl_typesupport_introspection_c.h
[3.182s] -- Up-to-date symlink: /opt/cat_robot/src/ros2_ws/install/wiimote_msgs/include/wiimote_msgs/wiimote_msgs/msg/detail/state__rosidl_typesupport_introspection_c.h
[3.182s] -- Up-to-date symlink: /opt/cat_robot/src/ros2_ws/install/wiimote_msgs/include/wiimote_msgs/wiimote_msgs/msg/detail/timed_switch__rosidl_typesupport_introspection_c.h
[3.182s] -- Up-to-date symlink: /opt/cat_robot/src/ros2_ws/install/wiimote_msgs/include/wiimote_msgs/wiimote_msgs/msg/rosidl_typesupport_introspection_c__visibility_control.h
[3.182s] -- Up-to-date symlink: /opt/cat_robot/src/ros2_ws/install/wiimote_msgs/include/wiimote_msgs/wiimote_msgs/msg/detail/ir_source_info__rosidl_typesupport_introspection_cpp.hpp
[3.182s] -- Up-to-date symlink: /opt/cat_robot/src/ros2_ws/install/wiimote_msgs/include/wiimote_msgs/wiimote_msgs/msg/detail/state__rosidl_typesupport_introspection_cpp.hpp
[3.182s] -- Up-to-date symlink: /opt/cat_robot/src/ros2_ws/install/wiimote_msgs/include/wiimote_msgs/wiimote_msgs/msg/detail/timed_switch__rosidl_typesupport_introspection_cpp.hpp
[3.182s] -- Up-to-date symlink: /opt/cat_robot/src/ros2_ws/install/wiimote_msgs/share/wiimote_msgs/environment/pythonpath.sh
[3.182s] -- Up-to-date symlink: /opt/cat_robot/src/ros2_ws/install/wiimote_msgs/share/wiimote_msgs/environment/pythonpath.dsv
[3.182s] -- Up-to-date symlink: /opt/cat_robot/src/ros2_ws/install/wiimote_msgs/local/lib/python3.12/dist-packages/wiimote_msgs-3.3.0-py3.12.egg-info/PKG-INFO
[3.182s] -- Up-to-date symlink: /opt/cat_robot/src/ros2_ws/install/wiimote_msgs/local/lib/python3.12/dist-packages/wiimote_msgs-3.3.0-py3.12.egg-info/SOURCES.txt
[3.183s] -- Up-to-date symlink: /opt/cat_robot/src/ros2_ws/install/wiimote_msgs/local/lib/python3.12/dist-packages/wiimote_msgs-3.3.0-py3.12.egg-info/dependency_links.txt
[3.183s] -- Up-to-date symlink: /opt/cat_robot/src/ros2_ws/install/wiimote_msgs/local/lib/python3.12/dist-packages/wiimote_msgs-3.3.0-py3.12.egg-info/top_level.txt
[3.183s] -- Up-to-date symlink: /opt/cat_robot/src/ros2_ws/install/wiimote_msgs/local/lib/python3.12/dist-packages/wiimote_msgs/__init__.py
[3.183s] -- Up-to-date symlink: /opt/cat_robot/src/ros2_ws/install/wiimote_msgs/local/lib/python3.12/dist-packages/wiimote_msgs/_wiimote_msgs_s.ep.rosidl_typesupport_c.c
[3.183s] -- Up-to-date symlink: /opt/cat_robot/src/ros2_ws/install/wiimote_msgs/local/lib/python3.12/dist-packages/wiimote_msgs/_wiimote_msgs_s.ep.rosidl_typesupport_fastrtps_c.c
[3.183s] -- Up-to-date symlink: /opt/cat_robot/src/ros2_ws/install/wiimote_msgs/local/lib/python3.12/dist-packages/wiimote_msgs/_wiimote_msgs_s.ep.rosidl_typesupport_introspection_c.c
[3.183s] -- Up-to-date symlink: /opt/cat_robot/src/ros2_ws/install/wiimote_msgs/local/lib/python3.12/dist-packages/wiimote_msgs/libwiimote_msgs__rosidl_generator_py.so
[3.183s] -- Up-to-date symlink: /opt/cat_robot/src/ros2_ws/install/wiimote_msgs/local/lib/python3.12/dist-packages/wiimote_msgs/msg/__init__.py
[3.183s] -- Up-to-date symlink: /opt/cat_robot/src/ros2_ws/install/wiimote_msgs/local/lib/python3.12/dist-packages/wiimote_msgs/msg/_ir_source_info.py
[3.183s] -- Up-to-date symlink: /opt/cat_robot/src/ros2_ws/install/wiimote_msgs/local/lib/python3.12/dist-packages/wiimote_msgs/msg/_ir_source_info_s.c
[3.183s] -- Up-to-date symlink: /opt/cat_robot/src/ros2_ws/install/wiimote_msgs/local/lib/python3.12/dist-packages/wiimote_msgs/msg/_state.py
[3.184s] -- Up-to-date symlink: /opt/cat_robot/src/ros2_ws/install/wiimote_msgs/local/lib/python3.12/dist-packages/wiimote_msgs/msg/_state_s.c
[3.184s] -- Up-to-date symlink: /opt/cat_robot/src/ros2_ws/install/wiimote_msgs/local/lib/python3.12/dist-packages/wiimote_msgs/msg/_timed_switch.py
[3.184s] -- Up-to-date symlink: /opt/cat_robot/src/ros2_ws/install/wiimote_msgs/local/lib/python3.12/dist-packages/wiimote_msgs/msg/_timed_switch_s.c
[3.184s] -- Up-to-date symlink: /opt/cat_robot/src/ros2_ws/install/wiimote_msgs/local/lib/python3.12/dist-packages/wiimote_msgs/wiimote_msgs_s__rosidl_typesupport_c.cpython-312-aarch64-linux-gnu.so
[3.184s] -- Up-to-date symlink: /opt/cat_robot/src/ros2_ws/install/wiimote_msgs/local/lib/python3.12/dist-packages/wiimote_msgs/wiimote_msgs_s__rosidl_typesupport_fastrtps_c.cpython-312-aarch64-linux-gnu.so
[3.184s] -- Up-to-date symlink: /opt/cat_robot/src/ros2_ws/install/wiimote_msgs/local/lib/python3.12/dist-packages/wiimote_msgs/wiimote_msgs_s__rosidl_typesupport_introspection_c.cpython-312-aarch64-linux-gnu.so
[3.201s] -- Up-to-date symlink: /opt/cat_robot/src/ros2_ws/install/wiimote_msgs/local/lib/python3.12/dist-packages/wiimote_msgs/wiimote_msgs_s__rosidl_typesupport_introspection_c.cpython-312-aarch64-linux-gnu.so
[3.203s] -- Up-to-date symlink: /opt/cat_robot/src/ros2_ws/install/wiimote_msgs/local/lib/python3.12/dist-packages/wiimote_msgs/wiimote_msgs_s__rosidl_typesupport_fastrtps_c.cpython-312-aarch64-linux-gnu.so
[3.245s] -- Up-to-date symlink: /opt/cat_robot/src/ros2_ws/install/wiimote_msgs/local/lib/python3.12/dist-packages/wiimote_msgs/wiimote_msgs_s__rosidl_typesupport_c.cpython-312-aarch64-linux-gnu.so
[3.246s] -- Up-to-date symlink: /opt/cat_robot/src/ros2_ws/install/wiimote_msgs/share/ament_index/resource_index/rust_packages/wiimote_msgs
[3.246s] -- Up-to-date symlink: /opt/cat_robot/src/ros2_ws/install/wiimote_msgs/share/wiimote_msgs/rust/Cargo.toml
[3.247s] -- Up-to-date symlink: /opt/cat_robot/src/ros2_ws/install/wiimote_msgs/share/wiimote_msgs/rust/build.rs
[3.247s] -- Up-to-date symlink: /opt/cat_robot/src/ros2_ws/install/wiimote_msgs/share/wiimote_msgs/rust/src/lib.rs
[3.248s] -- Up-to-date symlink: /opt/cat_robot/src/ros2_ws/install/wiimote_msgs/share/wiimote_msgs/rust/src/msg.rs
[3.248s] -- Up-to-date symlink: /opt/cat_robot/src/ros2_ws/install/wiimote_msgs/share/wiimote_msgs/rust/src/msg/rmw.rs
[3.248s] -- Up-to-date symlink: /opt/cat_robot/src/ros2_ws/install/wiimote_msgs/share/wiimote_msgs/msg/IrSourceInfo.idl
[3.248s] -- Up-to-date symlink: /opt/cat_robot/src/ros2_ws/install/wiimote_msgs/share/wiimote_msgs/msg/State.idl
[3.248s] -- Up-to-date symlink: /opt/cat_robot/src/ros2_ws/install/wiimote_msgs/share/wiimote_msgs/msg/TimedSwitch.idl
[3.248s] -- Up-to-date symlink: /opt/cat_robot/src/ros2_ws/install/wiimote_msgs/share/wiimote_msgs/msg/IrSourceInfo.msg
[3.248s] -- Up-to-date symlink: /opt/cat_robot/src/ros2_ws/install/wiimote_msgs/share/wiimote_msgs/msg/State.msg
[3.249s] -- Up-to-date symlink: /opt/cat_robot/src/ros2_ws/install/wiimote_msgs/share/wiimote_msgs/msg/TimedSwitch.msg
[3.249s] -- Up-to-date symlink: /opt/cat_robot/src/ros2_ws/install/wiimote_msgs/share/ament_index/resource_index/package_run_dependencies/wiimote_msgs
[3.249s] -- Up-to-date symlink: /opt/cat_robot/src/ros2_ws/install/wiimote_msgs/share/ament_index/resource_index/parent_prefix_path/wiimote_msgs
[3.249s] -- Up-to-date symlink: /opt/cat_robot/src/ros2_ws/install/wiimote_msgs/share/wiimote_msgs/environment/ament_prefix_path.sh
[3.250s] -- Up-to-date symlink: /opt/cat_robot/src/ros2_ws/install/wiimote_msgs/share/wiimote_msgs/environment/ament_prefix_path.dsv
[3.250s] -- Up-to-date symlink: /opt/cat_robot/src/ros2_ws/install/wiimote_msgs/share/wiimote_msgs/environment/path.sh
[3.250s] -- Up-to-date symlink: /opt/cat_robot/src/ros2_ws/install/wiimote_msgs/share/wiimote_msgs/environment/path.dsv
[3.250s] -- Up-to-date symlink: /opt/cat_robot/src/ros2_ws/install/wiimote_msgs/share/wiimote_msgs/local_setup.bash
[3.251s] -- Up-to-date symlink: /opt/cat_robot/src/ros2_ws/install/wiimote_msgs/share/wiimote_msgs/local_setup.sh
[3.251s] -- Up-to-date symlink: /opt/cat_robot/src/ros2_ws/install/wiimote_msgs/share/wiimote_msgs/local_setup.zsh
[3.251s] -- Up-to-date symlink: /opt/cat_robot/src/ros2_ws/install/wiimote_msgs/share/wiimote_msgs/local_setup.dsv
[3.251s] -- Symlinking: /opt/cat_robot/src/ros2_ws/install/wiimote_msgs/share/wiimote_msgs/package.dsv
[3.289s] -- Up-to-date symlink: /opt/cat_robot/src/ros2_ws/install/wiimote_msgs/share/ament_index/resource_index/packages/wiimote_msgs
[3.289s] -- Up-to-date symlink: /opt/cat_robot/src/ros2_ws/install/wiimote_msgs/share/wiimote_msgs/cmake/rosidl_cmake-extras.cmake
[3.289s] -- Up-to-date symlink: /opt/cat_robot/src/ros2_ws/install/wiimote_msgs/share/wiimote_msgs/cmake/ament_cmake_export_dependencies-extras.cmake
[3.289s] -- Up-to-date symlink: /opt/cat_robot/src/ros2_ws/install/wiimote_msgs/share/wiimote_msgs/cmake/ament_cmake_export_include_directories-extras.cmake
[3.290s] -- Up-to-date symlink: /opt/cat_robot/src/ros2_ws/install/wiimote_msgs/share/wiimote_msgs/cmake/ament_cmake_export_libraries-extras.cmake
[3.290s] -- Up-to-date symlink: /opt/cat_robot/src/ros2_ws/install/wiimote_msgs/share/wiimote_msgs/cmake/ament_cmake_export_targets-extras.cmake
[3.290s] -- Up-to-date symlink: /opt/cat_robot/src/ros2_ws/install/wiimote_msgs/share/wiimote_msgs/cmake/rosidl_cmake_export_typesupport_targets-extras.cmake
[3.290s] -- Up-to-date symlink: /opt/cat_robot/src/ros2_ws/install/wiimote_msgs/share/wiimote_msgs/cmake/rosidl_cmake_export_typesupport_libraries-extras.cmake
[3.290s] -- Up-to-date symlink: /opt/cat_robot/src/ros2_ws/install/wiimote_msgs/share/wiimote_msgs/cmake/wiimote_msgsConfig.cmake
[3.290s] -- Up-to-date symlink: /opt/cat_robot/src/ros2_ws/install/wiimote_msgs/share/wiimote_msgs/cmake/wiimote_msgsConfig-version.cmake
[3.290s] -- Up-to-date symlink: /opt/cat_robot/src/ros2_ws/install/wiimote_msgs/share/wiimote_msgs/package.xml
[3.362s] -- Up-to-date: /opt/cat_robot/src/ros2_ws/install/wiimote_msgs/lib/libwiimote_msgs__rosidl_generator_c.so
[3.450s] -- Up-to-date: /opt/cat_robot/src/ros2_ws/install/wiimote_msgs/lib/libwiimote_msgs__rosidl_typesupport_fastrtps_c.so
[3.629s] -- Up-to-date: /opt/cat_robot/src/ros2_ws/install/wiimote_msgs/lib/libwiimote_msgs__rosidl_typesupport_fastrtps_cpp.so
[3.770s] -- Up-to-date: /opt/cat_robot/src/ros2_ws/install/wiimote_msgs/lib/libwiimote_msgs__rosidl_typesupport_introspection_c.so
[3.894s] -- Up-to-date: /opt/cat_robot/src/ros2_ws/install/wiimote_msgs/lib/libwiimote_msgs__rosidl_typesupport_c.so
[4.000s] -- Up-to-date: /opt/cat_robot/src/ros2_ws/install/wiimote_msgs/lib/libwiimote_msgs__rosidl_typesupport_introspection_cpp.so
[4.080s] -- Up-to-date: /opt/cat_robot/src/ros2_ws/install/wiimote_msgs/lib/libwiimote_msgs__rosidl_typesupport_cpp.so
[4.251s] Listing '/opt/cat_robot/src/ros2_ws/install/wiimote_msgs/local/lib/python3.12/dist-packages/wiimote_msgs'...
[4.251s] Listing '/opt/cat_robot/src/ros2_ws/install/wiimote_msgs/local/lib/python3.12/dist-packages/wiimote_msgs/msg'...
[4.309s] -- Up-to-date: /opt/cat_robot/src/ros2_ws/install/wiimote_msgs/lib/libwiimote_msgs__rosidl_generator_py.so
[4.321s] -- Up-to-date: /opt/cat_robot/src/ros2_ws/install/wiimote_msgs/share/wiimote_msgs/cmake/export_wiimote_msgs__rosidl_generator_cExport.cmake
[4.321s] -- Up-to-date: /opt/cat_robot/src/ros2_ws/install/wiimote_msgs/share/wiimote_msgs/cmake/export_wiimote_msgs__rosidl_generator_cExport-noconfig.cmake
[4.321s] -- Up-to-date: /opt/cat_robot/src/ros2_ws/install/wiimote_msgs/share/wiimote_msgs/cmake/export_wiimote_msgs__rosidl_typesupport_fastrtps_cExport.cmake
[4.321s] -- Up-to-date: /opt/cat_robot/src/ros2_ws/install/wiimote_msgs/share/wiimote_msgs/cmake/export_wiimote_msgs__rosidl_typesupport_fastrtps_cExport-noconfig.cmake
[4.321s] -- Up-to-date: /opt/cat_robot/src/ros2_ws/install/wiimote_msgs/share/wiimote_msgs/cmake/export_wiimote_msgs__rosidl_generator_cppExport.cmake
[4.326s] -- Up-to-date: /opt/cat_robot/src/ros2_ws/install/wiimote_msgs/share/wiimote_msgs/cmake/export_wiimote_msgs__rosidl_typesupport_fastrtps_cppExport.cmake
[4.326s] -- Up-to-date: /opt/cat_robot/src/ros2_ws/install/wiimote_msgs/share/wiimote_msgs/cmake/export_wiimote_msgs__rosidl_typesupport_fastrtps_cppExport-noconfig.cmake
[4.332s] -- Up-to-date: /opt/cat_robot/src/ros2_ws/install/wiimote_msgs/share/wiimote_msgs/cmake/wiimote_msgs__rosidl_typesupport_introspection_cExport.cmake
[4.332s] -- Up-to-date: /opt/cat_robot/src/ros2_ws/install/wiimote_msgs/share/wiimote_msgs/cmake/wiimote_msgs__rosidl_typesupport_introspection_cExport-noconfig.cmake
[4.335s] -- Up-to-date: /opt/cat_robot/src/ros2_ws/install/wiimote_msgs/share/wiimote_msgs/cmake/wiimote_msgs__rosidl_typesupport_cExport.cmake
[4.335s] -- Up-to-date: /opt/cat_robot/src/ros2_ws/install/wiimote_msgs/share/wiimote_msgs/cmake/wiimote_msgs__rosidl_typesupport_cExport-noconfig.cmake
[4.337s] -- Up-to-date: /opt/cat_robot/src/ros2_ws/install/wiimote_msgs/share/wiimote_msgs/cmake/wiimote_msgs__rosidl_typesupport_introspection_cppExport.cmake
[4.337s] -- Up-to-date: /opt/cat_robot/src/ros2_ws/install/wiimote_msgs/share/wiimote_msgs/cmake/wiimote_msgs__rosidl_typesupport_introspection_cppExport-noconfig.cmake
[4.339s] -- Up-to-date: /opt/cat_robot/src/ros2_ws/install/wiimote_msgs/share/wiimote_msgs/cmake/wiimote_msgs__rosidl_typesupport_cppExport.cmake
[4.339s] -- Up-to-date: /opt/cat_robot/src/ros2_ws/install/wiimote_msgs/share/wiimote_msgs/cmake/wiimote_msgs__rosidl_typesupport_cppExport-noconfig.cmake
[4.340s] -- Up-to-date: /opt/cat_robot/src/ros2_ws/install/wiimote_msgs/share/wiimote_msgs/cmake/export_wiimote_msgs__rosidl_generator_pyExport.cmake
[4.340s] -- Up-to-date: /opt/cat_robot/src/ros2_ws/install/wiimote_msgs/share/wiimote_msgs/cmake/export_wiimote_msgs__rosidl_generator_pyExport-noconfig.cmake
[4.358s] Invoked command in '/opt/cat_robot/src/ros2_ws/build/wiimote_msgs' returned '0': CMAKE_PREFIX_PATH=${CMAKE_PREFIX_PATH}:/root/ros2_humble/install/ros2bag:/root/ros2_humble/install/tracetools_test:/root/ros2_humble/install/tracetools_launch:/root/ros2_humble/install/tf2_ros_py:/root/ros2_humble/install/sros2:/root/ros2_humble/install/rqt_msg:/root/ros2_humble/install/rqt_console:/root/ros2_humble/install/rqt_gui_py:/root/ros2_humble/install/rqt_gui:/root/ros2_humble/install/ros2test:/root/ros2_humble/install/ros2param:/root/ros2_humble/install/ros2service:/root/ros2_humble/install/ros2run:/root/ros2_humble/install/ros2pkg:/root/ros2_humble/install/ros2node:/root/ros2_humble/install/ros2multicast:/root/ros2_humble/install/ros2cli:/root/ros2_humble/install/launch_testing_ros:/root/ros2_humble/install/launch_ros:/root/ros2_humble/install/demo_nodes_py:/root/ros2_humble/install/ament_uncrustify:/root/ros2_humble/install/tracetools_trace:/root/ros2_humble/install/tracetools_read:/root/ros2_humble/install/sensor_msgs_py:/root/ros2_humble/install/rpyutils:/root/ros2_humble/install/rosidl_runtime_py:/root/ros2_humble/install/rosidl_cli:/root/ros2_humble/install/launch_testing:/root/ros2_humble/install/launch_yaml:/root/ros2_humble/install/launch_xml:/root/ros2_humble/install/launch:/root/ros2_humble/install/osrf_pycommon:/root/ros2_humble/install/domain_coordinator:/root/ros2_humble/install/ament_xmllint:/root/ros2_humble/install/ament_pyflakes:/root/ros2_humble/install/ament_pycodestyle:/root/ros2_humble/install/ament_pep257:/root/ros2_humble/install/ament_pclint:/root/ros2_humble/install/ament_package:/root/ros2_humble/install/ament_mypy:/root/ros2_humble/install/ament_lint_cmake:/root/ros2_humble/install/ament_flake8:/root/ros2_humble/install/ament_copyright:/root/ros2_humble/install/ament_lint:/root/ros2_humble/install/ament_index_python:/root/ros2_humble/install/ament_cpplint:/root/ros2_humble/install/ament_cppcheck:/root/ros2_humble/install/ament_clang_tidy:/root/ros2_humble/install/ament_clang_format /usr/bin/cmake --install /opt/cat_robot/src/ros2_ws/build/wiimote_msgs
