-- The C compiler identification is GNU 13.3.0
-- The CXX compiler identification is GNU 13.3.0
-- Detecting C compiler ABI info
-- Detecting C compiler ABI info - done
-- Check for working C compiler: /usr/bin/cc - skipped
-- Detecting C compile features
-- Detecting C compile features - done
-- Detecting CXX compiler ABI info
-- Detecting CXX compiler ABI info - done
-- Check for working CXX compiler: /usr/bin/c++ - skipped
-- Detecting CXX compile features
-- Detecting CXX compile features - done
-- Found ament_cmake: 1.3.14 (/home/user/ros2_humble/install/ament_cmake/share/ament_cmake/cmake)
-- Found Python3: /usr/bin/python3 (found version "3.12.3") found components: Interpreter 
-- Override CMake install command with custom implementation using symlinks instead of copying resources
-- Found rclcpp: 16.0.18 (/home/user/ros2_humble/install/rclcpp/share/rclcpp/cmake)
-- Found rosidl_generator_c: 3.1.8 (/home/user/ros2_humble/install/rosidl_generator_c/share/rosidl_generator_c/cmake)
-- Found rosidl_adapter: 3.1.8 (/home/user/ros2_humble/install/rosidl_adapter/share/rosidl_adapter/cmake)
-- Found rosidl_generator_cpp: 3.1.8 (/home/user/ros2_humble/install/rosidl_generator_cpp/share/rosidl_generator_cpp/cmake)
-- Using all available rosidl_typesupport_c: rosidl_typesupport_introspection_c;rosidl_typesupport_fastrtps_c
-- Using all available rosidl_typesupport_cpp: rosidl_typesupport_introspection_cpp;rosidl_typesupport_fastrtps_cpp
-- Found rmw_implementation_cmake: 6.1.2 (/home/user/ros2_humble/install/rmw_implementation_cmake/share/rmw_implementation_cmake/cmake)
-- Found rmw_fastrtps_cpp: 6.2.10 (/home/user/ros2_humble/install/rmw_fastrtps_cpp/share/rmw_fastrtps_cpp/cmake)
-- Found OpenSSL: /usr/lib/aarch64-linux-gnu/libcrypto.so (found version "3.0.13")  
-- Found FastRTPS: /home/user/ros2_humble/install/fastrtps/include  
-- Using RMW implementation 'rmw_fastrtps_cpp' as default
-- Performing Test CMAKE_HAVE_LIBC_PTHREAD
-- Performing Test CMAKE_HAVE_LIBC_PTHREAD - Success
-- Found Threads: TRUE  
-- Found rclcpp_components: 16.0.18 (/home/user/ros2_humble/install/rclcpp_components/share/rclcpp_components/cmake)
-- Found diagnostic_msgs: 4.9.1 (/home/user/ros2_humble/install/diagnostic_msgs/share/diagnostic_msgs/cmake)
-- Found CURL: /usr/lib/aarch64-linux-gnu/libcurl.so (found version "8.5.0")  
-- Found ament_cmake_gtest: 1.3.14 (/home/user/ros2_humble/install/ament_cmake_gtest/share/ament_cmake_gtest/cmake)
-- Found gtest sources under '/home/user/ros2_humble/install/gtest_vendor/src/gtest_vendor': C++ tests using 'Google Test' will be built
-- Configuring done (6.5s)
-- Generating done (0.1s)
-- Build files have been written to: /opt/cat_robot/src/ros2_ws/build/diagnostic_remote_logging
[ 10%] [32mBuilding CXX object CMakeFiles/influx_component.dir/src/influxdb.cpp.o[0m
[ 20%] [32m[1mLinking CXX shared library libinflux_component.so[0m
[ 20%] Built target influx_component
[ 30%] [32mBuilding CXX object gtest/CMakeFiles/gtest_main.dir/src/gtest_main.cc.o[0m
[ 40%] [32m[1mLinking CXX static library libgtest_main.a[0m
[ 40%] Built target gtest_main
[ 50%] [32mBuilding CXX object gtest/CMakeFiles/gtest.dir/src/gtest-all.cc.o[0m
[ 60%] [32m[1mLinking CXX static library libgtest.a[0m
[ 60%] Built target gtest
[ 70%] [32mBuilding CXX object CMakeFiles/influx.dir/rclcpp_components/node_main_influx.cpp.o[0m
[ 80%] [32m[1mLinking CXX executable influx[0m
[ 80%] Built target influx
[ 90%] [32mBuilding CXX object CMakeFiles/unit_tests.dir/test/influx_line_protocol.cpp.o[0m
[100%] [32m[1mLinking CXX executable unit_tests[0m
[100%] Built target unit_tests
-- Install configuration: ""
-- Execute custom install script
-- Symlinking: /opt/cat_robot/src/ros2_ws/install/diagnostic_remote_logging/lib/diagnostic_remote_logging/influx
-- Symlinking: /opt/cat_robot/src/ros2_ws/install/diagnostic_remote_logging/share/ament_index/resource_index/package_run_dependencies/diagnostic_remote_logging
-- Symlinking: /opt/cat_robot/src/ros2_ws/install/diagnostic_remote_logging/share/ament_index/resource_index/parent_prefix_path/diagnostic_remote_logging
-- Symlinking: /opt/cat_robot/src/ros2_ws/install/diagnostic_remote_logging/share/diagnostic_remote_logging/environment/ament_prefix_path.sh
-- Symlinking: /opt/cat_robot/src/ros2_ws/install/diagnostic_remote_logging/share/diagnostic_remote_logging/environment/ament_prefix_path.dsv
-- Symlinking: /opt/cat_robot/src/ros2_ws/install/diagnostic_remote_logging/share/diagnostic_remote_logging/environment/path.sh
-- Symlinking: /opt/cat_robot/src/ros2_ws/install/diagnostic_remote_logging/share/diagnostic_remote_logging/environment/path.dsv
-- Symlinking: /opt/cat_robot/src/ros2_ws/install/diagnostic_remote_logging/share/diagnostic_remote_logging/local_setup.bash
-- Symlinking: /opt/cat_robot/src/ros2_ws/install/diagnostic_remote_logging/share/diagnostic_remote_logging/local_setup.sh
-- Symlinking: /opt/cat_robot/src/ros2_ws/install/diagnostic_remote_logging/share/diagnostic_remote_logging/local_setup.zsh
-- Symlinking: /opt/cat_robot/src/ros2_ws/install/diagnostic_remote_logging/share/diagnostic_remote_logging/local_setup.dsv
-- Symlinking: /opt/cat_robot/src/ros2_ws/install/diagnostic_remote_logging/share/diagnostic_remote_logging/package.dsv
-- Symlinking: /opt/cat_robot/src/ros2_ws/install/diagnostic_remote_logging/share/ament_index/resource_index/packages/diagnostic_remote_logging
-- Symlinking: /opt/cat_robot/src/ros2_ws/install/diagnostic_remote_logging/share/ament_index/resource_index/rclcpp_components/diagnostic_remote_logging
-- Symlinking: /opt/cat_robot/src/ros2_ws/install/diagnostic_remote_logging/share/diagnostic_remote_logging/cmake/ament_cmake_export_dependencies-extras.cmake
-- Symlinking: /opt/cat_robot/src/ros2_ws/install/diagnostic_remote_logging/share/diagnostic_remote_logging/cmake/ament_cmake_export_targets-extras.cmake
-- Symlinking: /opt/cat_robot/src/ros2_ws/install/diagnostic_remote_logging/share/diagnostic_remote_logging/cmake/diagnostic_remote_loggingConfig.cmake
-- Symlinking: /opt/cat_robot/src/ros2_ws/install/diagnostic_remote_logging/share/diagnostic_remote_logging/cmake/diagnostic_remote_loggingConfig-version.cmake
-- Symlinking: /opt/cat_robot/src/ros2_ws/install/diagnostic_remote_logging/share/diagnostic_remote_logging/package.xml
-- Installing: /opt/cat_robot/src/ros2_ws/install/diagnostic_remote_logging/lib/libinflux_component.so
-- Set non-toolchain portion of runtime path of "/opt/cat_robot/src/ros2_ws/install/diagnostic_remote_logging/lib/libinflux_component.so" to ""
-- Installing: /opt/cat_robot/src/ros2_ws/install/diagnostic_remote_logging/share/diagnostic_remote_logging/cmake/export_influx_componentExport.cmake
-- Installing: /opt/cat_robot/src/ros2_ws/install/diagnostic_remote_logging/share/diagnostic_remote_logging/cmake/export_influx_componentExport-noconfig.cmake
