[0.067s] Invoking command in '/opt/cat_robot/src/ros2_ws/build/diagnostic_aggregator': CMAKE_PREFIX_PATH=${CMAKE_PREFIX_PATH}:/opt/cat_robot/src/ros2_ws/install/catui_bridge:/opt/cat_robot/src/ros2_ws/install/cat_robot_bringup:/home/user/ros2_humble/install/rqt_bag_plugins:/home/user/ros2_humble/install/rqt_bag:/home/user/ros2_humble/install/launch_testing_examples:/home/user/ros2_humble/install/ros2bag:/home/user/ros2_humble/install/tracetools_test:/home/user/ros2_humble/install/tracetools_launch:/home/user/ros2_humble/install/topic_monitor:/home/user/ros2_humble/install/tf2_tools:/home/user/ros2_humble/install/examples_tf2_py:/home/user/ros2_humble/install/tf2_ros_py:/home/user/ros2_humble/install/sros2:/home/user/ros2_humble/install/rqt_topic:/home/user/ros2_humble/install/rqt_srv:/home/user/ros2_humble/install/rqt_shell:/home/user/ros2_humble/install/rqt_service_caller:/home/user/ros2_humble/install/rqt_reconfigure:/home/user/ros2_humble/install/rqt_py_console:/home/user/ros2_humble/install/rqt_publisher:/home/user/ros2_humble/install/rqt_plot:/home/user/ros2_humble/install/rqt_action:/home/user/ros2_humble/install/rqt_msg:/home/user/ros2_humble/install/rqt_console:/home/user/ros2_humble/install/rqt:/home/user/ros2_humble/install/rqt_graph:/home/user/ros2_humble/install/rqt_gui_py:/home/user/ros2_humble/install/rqt_gui:/home/user/ros2_humble/install/ros2trace:/home/user/ros2_humble/install/ros2topic:/home/user/ros2_humble/install/ros2test:/home/user/ros2_humble/install/ros2component:/home/user/ros2_humble/install/ros2param:/home/user/ros2_humble/install/ros2lifecycle:/home/user/ros2_humble/install/ros2service:/home/user/ros2_humble/install/ros2run:/home/user/ros2_humble/install/ros2plugin:/home/user/ros2_humble/install/ros2launch:/home/user/ros2_humble/install/ros2pkg:/home/user/ros2_humble/install/ros2node:/home/user/ros2_humble/install/ros2multicast:/home/user/ros2_humble/install/ros2interface:/home/user/ros2_humble/install/ros2doctor:/home/user/ros2_humble/install/ros2action:/home/user/ros2_humble/install/ros2cli:/home/user/ros2_humble/install/quality_of_service_demo_py:/home/user/ros2_humble/install/lifecycle_py:/home/user/ros2_humble/install/launch_testing_ros:/home/user/ros2_humble/install/launch_ros:/home/user/ros2_humble/install/examples_rclpy_pointcloud_publisher:/home/user/ros2_humble/install/examples_rclpy_minimal_subscriber:/home/user/ros2_humble/install/examples_rclpy_minimal_service:/home/user/ros2_humble/install/examples_rclpy_minimal_publisher:/home/user/ros2_humble/install/examples_rclpy_minimal_client:/home/user/ros2_humble/install/examples_rclpy_minimal_action_server:/home/user/ros2_humble/install/examples_rclpy_minimal_action_client:/home/user/ros2_humble/install/examples_rclpy_guard_conditions:/home/user/ros2_humble/install/examples_rclpy_executors:/home/user/ros2_humble/install/demo_nodes_py:/home/user/ros2_humble/install/camera_info_manager_py:/home/user/ros2_humble/install/action_tutorials_py:/home/user/ros2_humble/install/ament_uncrustify:/home/user/ros2_humble/install/tracetools_trace:/home/user/ros2_humble/install/tracetools_read:/home/user/ros2_humble/install/test_tracetools_launch:/home/user/ros2_humble/install/test_launch_ros:/home/user/ros2_humble/install/sensor_msgs_py:/home/user/ros2_humble/install/rpyutils:/home/user/ros2_humble/install/rosidl_runtime_py:/home/user/ros2_humble/install/rosidl_cli:/home/user/ros2_humble/install/launch_pytest:/home/user/ros2_humble/install/launch_testing:/home/user/ros2_humble/install/launch_yaml:/home/user/ros2_humble/install/launch_xml:/home/user/ros2_humble/install/launch:/home/user/ros2_humble/install/osrf_pycommon:/home/user/ros2_humble/install/domain_coordinator:/home/user/ros2_humble/install/ament_xmllint:/home/user/ros2_humble/install/ament_pyflakes:/home/user/ros2_humble/install/ament_pycodestyle:/home/user/ros2_humble/install/ament_pep257:/home/user/ros2_humble/install/ament_pclint:/home/user/ros2_humble/install/ament_package:/home/user/ros2_humble/install/ament_mypy:/home/user/ros2_humble/install/ament_lint_cmake:/home/user/ros2_humble/install/ament_flake8:/home/user/ros2_humble/install/ament_copyright:/home/user/ros2_humble/install/ament_lint:/home/user/ros2_humble/install/ament_index_python:/home/user/ros2_humble/install/ament_cpplint:/home/user/ros2_humble/install/ament_cppcheck:/home/user/ros2_humble/install/ament_clang_tidy:/home/user/ros2_humble/install/ament_clang_format DEBUGINFOD_URLS=https://debuginfod.ubuntu.com /usr/bin/cmake /opt/cat_robot/src/ros2_ws/src/diagnostics/diagnostic_aggregator -DAMENT_CMAKE_SYMLINK_INSTALL=1 -DCMAKE_INSTALL_PREFIX=/opt/cat_robot/src/ros2_ws/install/diagnostic_aggregator
[0.295s] -- The C compiler identification is GNU 13.3.0
[0.465s] -- The CXX compiler identification is GNU 13.3.0
[0.513s] -- Detecting C compiler ABI info
[0.846s] -- Detecting C compiler ABI info - done
[0.863s] -- Check for working C compiler: /usr/bin/cc - skipped
[0.866s] -- Detecting C compile features
[0.866s] -- Detecting C compile features - done
[0.891s] -- Detecting CXX compiler ABI info
[1.294s] -- Detecting CXX compiler ABI info - done
[1.313s] -- Check for working CXX compiler: /usr/bin/c++ - skipped
[1.315s] -- Detecting CXX compile features
[1.316s] -- Detecting CXX compile features - done
[1.355s] -- Found ament_cmake: 1.3.14 (/home/user/ros2_humble/install/ament_cmake/share/ament_cmake/cmake)
[2.290s] -- Found Python3: /usr/bin/python3 (found version "3.12.3") found components: Interpreter 
[2.736s] -- Override CMake install command with custom implementation using symlinks instead of copying resources
[3.253s] -- Found diagnostic_msgs: 4.9.1 (/home/user/ros2_humble/install/diagnostic_msgs/share/diagnostic_msgs/cmake)
[3.577s] -- Found rosidl_generator_c: 3.1.8 (/home/user/ros2_humble/install/rosidl_generator_c/share/rosidl_generator_c/cmake)
[3.632s] -- Found rosidl_adapter: 3.1.8 (/home/user/ros2_humble/install/rosidl_adapter/share/rosidl_adapter/cmake)
[3.695s] -- Found rosidl_generator_cpp: 3.1.8 (/home/user/ros2_humble/install/rosidl_generator_cpp/share/rosidl_generator_cpp/cmake)
[3.812s] -- Using all available rosidl_typesupport_c: rosidl_typesupport_introspection_c;rosidl_typesupport_fastrtps_c
[3.962s] -- Using all available rosidl_typesupport_cpp: rosidl_typesupport_introspection_cpp;rosidl_typesupport_fastrtps_cpp
[4.163s] -- Found pluginlib: 5.1.3 (/home/user/ros2_humble/install/pluginlib/share/pluginlib/cmake)
[4.369s] -- Found TinyXML2 via Config file: /usr/lib/aarch64-linux-gnu/cmake/tinyxml2
[4.392s] -- Found rclcpp: 16.0.18 (/home/user/ros2_humble/install/rclcpp/share/rclcpp/cmake)
[4.653s] -- Found rmw_implementation_cmake: 6.1.2 (/home/user/ros2_humble/install/rmw_implementation_cmake/share/rmw_implementation_cmake/cmake)
[4.723s] -- Found rmw_fastrtps_cpp: 6.2.10 (/home/user/ros2_humble/install/rmw_fastrtps_cpp/share/rmw_fastrtps_cpp/cmake)
[4.881s] -- Found TinyXML2 via Config file: /usr/lib/aarch64-linux-gnu/cmake/tinyxml2
[5.176s] -- Found OpenSSL: /usr/lib/aarch64-linux-gnu/libcrypto.so (found version "3.0.13")  
[5.182s] -- Found TinyXML2 via Config file: /usr/lib/aarch64-linux-gnu/cmake/tinyxml2
[5.249s] -- Found FastRTPS: /home/user/ros2_humble/install/fastrtps/include  
[5.259s] -- Found TinyXML2 via Config file: /usr/lib/aarch64-linux-gnu/cmake/tinyxml2
[5.283s] -- Found TinyXML2 via Config file: /usr/lib/aarch64-linux-gnu/cmake/tinyxml2
[5.375s] -- Using RMW implementation 'rmw_fastrtps_cpp' as default
[5.484s] -- Performing Test CMAKE_HAVE_LIBC_PTHREAD
[5.785s] -- Performing Test CMAKE_HAVE_LIBC_PTHREAD - Success
[5.789s] -- Found Threads: TRUE  
[5.999s] -- Found ament_lint_auto: 0.12.15 (/home/user/ros2_humble/install/ament_lint_auto/share/ament_lint_auto/cmake)
[6.893s] -- Found python_cmake_module: 0.10.0 (/home/user/ros2_humble/install/python_cmake_module/share/python_cmake_module/cmake)
[6.894s] [33mCMake Warning (dev) at /home/user/ros2_humble/install/python_cmake_module/share/python_cmake_module/cmake/Modules/FindPythonExtra.cmake:52 (find_package):
[6.894s]   Policy CMP0148 is not set: The FindPythonInterp and FindPythonLibs modules
[6.894s]   are removed.  Run "cmake --help-policy CMP0148" for policy details.  Use
[6.894s]   the cmake_policy command to set the policy and suppress this warning.
[6.894s] 
[6.894s] Call Stack (most recent call first):
[6.894s]   /home/user/ros2_humble/install/launch_testing_ament_cmake/share/launch_testing_ament_cmake/cmake/launch_testing_ament_cmake-extras.cmake:18 (find_package)
[6.894s]   /home/user/ros2_humble/install/launch_testing_ament_cmake/share/launch_testing_ament_cmake/cmake/launch_testing_ament_cmakeConfig.cmake:41 (include)
[6.894s]   /home/user/ros2_humble/install/ament_lint_auto/share/ament_lint_auto/cmake/ament_lint_auto_find_test_dependencies.cmake:36 (find_package)
[6.894s]   CMakeLists.txt:79 (ament_lint_auto_find_test_dependencies)
[6.895s] This warning is for project developers.  Use -Wno-dev to suppress it.
[6.895s] [0m
[7.025s] -- Found PythonInterp: /usr/bin/python3 (found suitable version "3.12.3", minimum required is "3.6") 
[7.026s] [33mCMake Warning (dev) at /home/user/ros2_humble/install/python_cmake_module/share/python_cmake_module/cmake/Modules/FindPythonExtra.cmake:140 (find_package):
[7.026s]   Policy CMP0148 is not set: The FindPythonInterp and FindPythonLibs modules
[7.027s]   are removed.  Run "cmake --help-policy CMP0148" for policy details.  Use
[7.027s]   the cmake_policy command to set the policy and suppress this warning.
[7.027s] 
[7.029s] Call Stack (most recent call first):
[7.029s]   /home/user/ros2_humble/install/launch_testing_ament_cmake/share/launch_testing_ament_cmake/cmake/launch_testing_ament_cmake-extras.cmake:18 (find_package)
[7.030s]   /home/user/ros2_humble/install/launch_testing_ament_cmake/share/launch_testing_ament_cmake/cmake/launch_testing_ament_cmakeConfig.cmake:41 (include)
[7.030s]   /home/user/ros2_humble/install/ament_lint_auto/share/ament_lint_auto/cmake/ament_lint_auto_find_test_dependencies.cmake:36 (find_package)
[7.030s]   CMakeLists.txt:79 (ament_lint_auto_find_test_dependencies)
[7.030s] This warning is for project developers.  Use -Wno-dev to suppress it.
[7.030s] [0m
[7.076s] -- Found PythonLibs: /usr/lib/aarch64-linux-gnu/libpython3.12.so (found suitable version "3.12.3", minimum required is "3.5") 
[7.076s] -- Using PYTHON_EXECUTABLE: /usr/bin/python3
[7.076s] -- Using PYTHON_INCLUDE_DIRS: /usr/include/python3.12
[7.079s] -- Using PYTHON_LIBRARIES: /usr/lib/aarch64-linux-gnu/libpython3.12.so
[7.213s] -- Found PythonExtra: .so  
[7.460s] -- Added test 'cppcheck' to perform static code analysis on C / C++ code
[7.461s] -- Configured cppcheck include dirs: $<BUILD_INTERFACE:/opt/cat_robot/src/ros2_ws/src/diagnostics/diagnostic_aggregator/include>
[7.461s] -- Configured cppcheck exclude dirs and/or files: 
[7.475s] -- Added test 'cpplint' to check C / C++ code against the Google style
[7.476s] -- Configured cpplint exclude dirs and/or files: 
[7.483s] -- Added test 'flake8' to check Python code syntax and style conventions
[7.493s] -- Added test 'lint_cmake' to check CMake code style
[7.503s] -- Added test 'pep257' to check Python code against some of the docstring style conventions in PEP 257
[7.516s] -- Added test 'uncrustify' to check C / C++ code style
[7.516s] -- Configured uncrustify additional arguments: 
[7.525s] -- Added test 'xmllint' to check XML markup files
[7.550s] -- Configuring done (7.4s)
[7.627s] -- Generating done (0.1s)
[7.644s] -- Build files have been written to: /opt/cat_robot/src/ros2_ws/build/diagnostic_aggregator
[7.681s] Invoked command in '/opt/cat_robot/src/ros2_ws/build/diagnostic_aggregator' returned '0': CMAKE_PREFIX_PATH=${CMAKE_PREFIX_PATH}:/opt/cat_robot/src/ros2_ws/install/catui_bridge:/opt/cat_robot/src/ros2_ws/install/cat_robot_bringup:/home/user/ros2_humble/install/rqt_bag_plugins:/home/user/ros2_humble/install/rqt_bag:/home/user/ros2_humble/install/launch_testing_examples:/home/user/ros2_humble/install/ros2bag:/home/user/ros2_humble/install/tracetools_test:/home/user/ros2_humble/install/tracetools_launch:/home/user/ros2_humble/install/topic_monitor:/home/user/ros2_humble/install/tf2_tools:/home/user/ros2_humble/install/examples_tf2_py:/home/user/ros2_humble/install/tf2_ros_py:/home/user/ros2_humble/install/sros2:/home/user/ros2_humble/install/rqt_topic:/home/user/ros2_humble/install/rqt_srv:/home/user/ros2_humble/install/rqt_shell:/home/user/ros2_humble/install/rqt_service_caller:/home/user/ros2_humble/install/rqt_reconfigure:/home/user/ros2_humble/install/rqt_py_console:/home/user/ros2_humble/install/rqt_publisher:/home/user/ros2_humble/install/rqt_plot:/home/user/ros2_humble/install/rqt_action:/home/user/ros2_humble/install/rqt_msg:/home/user/ros2_humble/install/rqt_console:/home/user/ros2_humble/install/rqt:/home/user/ros2_humble/install/rqt_graph:/home/user/ros2_humble/install/rqt_gui_py:/home/user/ros2_humble/install/rqt_gui:/home/user/ros2_humble/install/ros2trace:/home/user/ros2_humble/install/ros2topic:/home/user/ros2_humble/install/ros2test:/home/user/ros2_humble/install/ros2component:/home/user/ros2_humble/install/ros2param:/home/user/ros2_humble/install/ros2lifecycle:/home/user/ros2_humble/install/ros2service:/home/user/ros2_humble/install/ros2run:/home/user/ros2_humble/install/ros2plugin:/home/user/ros2_humble/install/ros2launch:/home/user/ros2_humble/install/ros2pkg:/home/user/ros2_humble/install/ros2node:/home/user/ros2_humble/install/ros2multicast:/home/user/ros2_humble/install/ros2interface:/home/user/ros2_humble/install/ros2doctor:/home/user/ros2_humble/install/ros2action:/home/user/ros2_humble/install/ros2cli:/home/user/ros2_humble/install/quality_of_service_demo_py:/home/user/ros2_humble/install/lifecycle_py:/home/user/ros2_humble/install/launch_testing_ros:/home/user/ros2_humble/install/launch_ros:/home/user/ros2_humble/install/examples_rclpy_pointcloud_publisher:/home/user/ros2_humble/install/examples_rclpy_minimal_subscriber:/home/user/ros2_humble/install/examples_rclpy_minimal_service:/home/user/ros2_humble/install/examples_rclpy_minimal_publisher:/home/user/ros2_humble/install/examples_rclpy_minimal_client:/home/user/ros2_humble/install/examples_rclpy_minimal_action_server:/home/user/ros2_humble/install/examples_rclpy_minimal_action_client:/home/user/ros2_humble/install/examples_rclpy_guard_conditions:/home/user/ros2_humble/install/examples_rclpy_executors:/home/user/ros2_humble/install/demo_nodes_py:/home/user/ros2_humble/install/camera_info_manager_py:/home/user/ros2_humble/install/action_tutorials_py:/home/user/ros2_humble/install/ament_uncrustify:/home/user/ros2_humble/install/tracetools_trace:/home/user/ros2_humble/install/tracetools_read:/home/user/ros2_humble/install/test_tracetools_launch:/home/user/ros2_humble/install/test_launch_ros:/home/user/ros2_humble/install/sensor_msgs_py:/home/user/ros2_humble/install/rpyutils:/home/user/ros2_humble/install/rosidl_runtime_py:/home/user/ros2_humble/install/rosidl_cli:/home/user/ros2_humble/install/launch_pytest:/home/user/ros2_humble/install/launch_testing:/home/user/ros2_humble/install/launch_yaml:/home/user/ros2_humble/install/launch_xml:/home/user/ros2_humble/install/launch:/home/user/ros2_humble/install/osrf_pycommon:/home/user/ros2_humble/install/domain_coordinator:/home/user/ros2_humble/install/ament_xmllint:/home/user/ros2_humble/install/ament_pyflakes:/home/user/ros2_humble/install/ament_pycodestyle:/home/user/ros2_humble/install/ament_pep257:/home/user/ros2_humble/install/ament_pclint:/home/user/ros2_humble/install/ament_package:/home/user/ros2_humble/install/ament_mypy:/home/user/ros2_humble/install/ament_lint_cmake:/home/user/ros2_humble/install/ament_flake8:/home/user/ros2_humble/install/ament_copyright:/home/user/ros2_humble/install/ament_lint:/home/user/ros2_humble/install/ament_index_python:/home/user/ros2_humble/install/ament_cpplint:/home/user/ros2_humble/install/ament_cppcheck:/home/user/ros2_humble/install/ament_clang_tidy:/home/user/ros2_humble/install/ament_clang_format DEBUGINFOD_URLS=https://debuginfod.ubuntu.com /usr/bin/cmake /opt/cat_robot/src/ros2_ws/src/diagnostics/diagnostic_aggregator -DAMENT_CMAKE_SYMLINK_INSTALL=1 -DCMAKE_INSTALL_PREFIX=/opt/cat_robot/src/ros2_ws/install/diagnostic_aggregator
[7.683s] Invoking command in '/opt/cat_robot/src/ros2_ws/build/diagnostic_aggregator': CMAKE_PREFIX_PATH=${CMAKE_PREFIX_PATH}:/opt/cat_robot/src/ros2_ws/install/catui_bridge:/opt/cat_robot/src/ros2_ws/install/cat_robot_bringup:/home/user/ros2_humble/install/rqt_bag_plugins:/home/user/ros2_humble/install/rqt_bag:/home/user/ros2_humble/install/launch_testing_examples:/home/user/ros2_humble/install/ros2bag:/home/user/ros2_humble/install/tracetools_test:/home/user/ros2_humble/install/tracetools_launch:/home/user/ros2_humble/install/topic_monitor:/home/user/ros2_humble/install/tf2_tools:/home/user/ros2_humble/install/examples_tf2_py:/home/user/ros2_humble/install/tf2_ros_py:/home/user/ros2_humble/install/sros2:/home/user/ros2_humble/install/rqt_topic:/home/user/ros2_humble/install/rqt_srv:/home/user/ros2_humble/install/rqt_shell:/home/user/ros2_humble/install/rqt_service_caller:/home/user/ros2_humble/install/rqt_reconfigure:/home/user/ros2_humble/install/rqt_py_console:/home/user/ros2_humble/install/rqt_publisher:/home/user/ros2_humble/install/rqt_plot:/home/user/ros2_humble/install/rqt_action:/home/user/ros2_humble/install/rqt_msg:/home/user/ros2_humble/install/rqt_console:/home/user/ros2_humble/install/rqt:/home/user/ros2_humble/install/rqt_graph:/home/user/ros2_humble/install/rqt_gui_py:/home/user/ros2_humble/install/rqt_gui:/home/user/ros2_humble/install/ros2trace:/home/user/ros2_humble/install/ros2topic:/home/user/ros2_humble/install/ros2test:/home/user/ros2_humble/install/ros2component:/home/user/ros2_humble/install/ros2param:/home/user/ros2_humble/install/ros2lifecycle:/home/user/ros2_humble/install/ros2service:/home/user/ros2_humble/install/ros2run:/home/user/ros2_humble/install/ros2plugin:/home/user/ros2_humble/install/ros2launch:/home/user/ros2_humble/install/ros2pkg:/home/user/ros2_humble/install/ros2node:/home/user/ros2_humble/install/ros2multicast:/home/user/ros2_humble/install/ros2interface:/home/user/ros2_humble/install/ros2doctor:/home/user/ros2_humble/install/ros2action:/home/user/ros2_humble/install/ros2cli:/home/user/ros2_humble/install/quality_of_service_demo_py:/home/user/ros2_humble/install/lifecycle_py:/home/user/ros2_humble/install/launch_testing_ros:/home/user/ros2_humble/install/launch_ros:/home/user/ros2_humble/install/examples_rclpy_pointcloud_publisher:/home/user/ros2_humble/install/examples_rclpy_minimal_subscriber:/home/user/ros2_humble/install/examples_rclpy_minimal_service:/home/user/ros2_humble/install/examples_rclpy_minimal_publisher:/home/user/ros2_humble/install/examples_rclpy_minimal_client:/home/user/ros2_humble/install/examples_rclpy_minimal_action_server:/home/user/ros2_humble/install/examples_rclpy_minimal_action_client:/home/user/ros2_humble/install/examples_rclpy_guard_conditions:/home/user/ros2_humble/install/examples_rclpy_executors:/home/user/ros2_humble/install/demo_nodes_py:/home/user/ros2_humble/install/camera_info_manager_py:/home/user/ros2_humble/install/action_tutorials_py:/home/user/ros2_humble/install/ament_uncrustify:/home/user/ros2_humble/install/tracetools_trace:/home/user/ros2_humble/install/tracetools_read:/home/user/ros2_humble/install/test_tracetools_launch:/home/user/ros2_humble/install/test_launch_ros:/home/user/ros2_humble/install/sensor_msgs_py:/home/user/ros2_humble/install/rpyutils:/home/user/ros2_humble/install/rosidl_runtime_py:/home/user/ros2_humble/install/rosidl_cli:/home/user/ros2_humble/install/launch_pytest:/home/user/ros2_humble/install/launch_testing:/home/user/ros2_humble/install/launch_yaml:/home/user/ros2_humble/install/launch_xml:/home/user/ros2_humble/install/launch:/home/user/ros2_humble/install/osrf_pycommon:/home/user/ros2_humble/install/domain_coordinator:/home/user/ros2_humble/install/ament_xmllint:/home/user/ros2_humble/install/ament_pyflakes:/home/user/ros2_humble/install/ament_pycodestyle:/home/user/ros2_humble/install/ament_pep257:/home/user/ros2_humble/install/ament_pclint:/home/user/ros2_humble/install/ament_package:/home/user/ros2_humble/install/ament_mypy:/home/user/ros2_humble/install/ament_lint_cmake:/home/user/ros2_humble/install/ament_flake8:/home/user/ros2_humble/install/ament_copyright:/home/user/ros2_humble/install/ament_lint:/home/user/ros2_humble/install/ament_index_python:/home/user/ros2_humble/install/ament_cpplint:/home/user/ros2_humble/install/ament_cppcheck:/home/user/ros2_humble/install/ament_clang_tidy:/home/user/ros2_humble/install/ament_clang_format DEBUGINFOD_URLS=https://debuginfod.ubuntu.com /usr/bin/cmake --build /opt/cat_robot/src/ros2_ws/build/diagnostic_aggregator -- -j4 -l4
[7.921s] [  8%] [32mBuilding CXX object CMakeFiles/diagnostic_aggregator.dir/src/status_item.cpp.o[0m
[13.866s] [ 16%] [32mBuilding CXX object CMakeFiles/diagnostic_aggregator.dir/src/analyzer_group.cpp.o[0m
[27.533s] [ 25%] [32mBuilding CXX object CMakeFiles/diagnostic_aggregator.dir/src/aggregator.cpp.o[0m
[55.489s] [ 33%] [32m[1mLinking CXX shared library libdiagnostic_aggregator.so[0m
[58.633s] [ 33%] Built target diagnostic_aggregator
[58.814s] [ 33%] Built target ament_cmake_python_symlink_diagnostic_aggregator
[58.915s] [ 41%] [32mBuilding CXX object CMakeFiles/aggregator_node.dir/src/aggregator_node.cpp.o[0m
[66.403s] [ 50%] [32m[1mLinking CXX executable aggregator_node[0m
[68.481s] [ 50%] Built target aggregator_node
[69.534s] running egg_info
[69.535s] creating diagnostic_aggregator.egg-info
[69.605s] writing diagnostic_aggregator.egg-info/PKG-INFO
[69.606s] writing dependency_links to diagnostic_aggregator.egg-info/dependency_links.txt
[69.606s] writing top-level names to diagnostic_aggregator.egg-info/top_level.txt
[69.606s] writing manifest file 'diagnostic_aggregator.egg-info/SOURCES.txt'
[69.871s] reading manifest file 'diagnostic_aggregator.egg-info/SOURCES.txt'
[69.871s] writing manifest file 'diagnostic_aggregator.egg-info/SOURCES.txt'
[70.028s] [ 50%] Built target ament_cmake_python_build_diagnostic_aggregator_egg
[70.146s] [ 58%] [32mBuilding CXX object CMakeFiles/diagnostic_aggregator_analyzers.dir/src/generic_analyzer.cpp.o[0m
[81.951s] [ 66%] [32mBuilding CXX object CMakeFiles/diagnostic_aggregator_analyzers.dir/src/ignore_analyzer.cpp.o[0m
[88.335s] [ 75%] [32mBuilding CXX object CMakeFiles/diagnostic_aggregator_analyzers.dir/src/discard_analyzer.cpp.o[0m
[95.393s] [ 83%] [32m[1mLinking CXX shared library libdiagnostic_aggregator_analyzers.so[0m
[97.357s] [ 83%] Built target diagnostic_aggregator_analyzers
[97.447s] [ 91%] [32mBuilding CXX object CMakeFiles/add_analyzer.dir/src/add_analyzer.cpp.o[0m
[107.997s] [100%] [32m[1mLinking CXX executable add_analyzer[0m
[110.576s] [100%] Built target add_analyzer
[110.625s] Invoked command in '/opt/cat_robot/src/ros2_ws/build/diagnostic_aggregator' returned '0': CMAKE_PREFIX_PATH=${CMAKE_PREFIX_PATH}:/opt/cat_robot/src/ros2_ws/install/catui_bridge:/opt/cat_robot/src/ros2_ws/install/cat_robot_bringup:/home/user/ros2_humble/install/rqt_bag_plugins:/home/user/ros2_humble/install/rqt_bag:/home/user/ros2_humble/install/launch_testing_examples:/home/user/ros2_humble/install/ros2bag:/home/user/ros2_humble/install/tracetools_test:/home/user/ros2_humble/install/tracetools_launch:/home/user/ros2_humble/install/topic_monitor:/home/user/ros2_humble/install/tf2_tools:/home/user/ros2_humble/install/examples_tf2_py:/home/user/ros2_humble/install/tf2_ros_py:/home/user/ros2_humble/install/sros2:/home/user/ros2_humble/install/rqt_topic:/home/user/ros2_humble/install/rqt_srv:/home/user/ros2_humble/install/rqt_shell:/home/user/ros2_humble/install/rqt_service_caller:/home/user/ros2_humble/install/rqt_reconfigure:/home/user/ros2_humble/install/rqt_py_console:/home/user/ros2_humble/install/rqt_publisher:/home/user/ros2_humble/install/rqt_plot:/home/user/ros2_humble/install/rqt_action:/home/user/ros2_humble/install/rqt_msg:/home/user/ros2_humble/install/rqt_console:/home/user/ros2_humble/install/rqt:/home/user/ros2_humble/install/rqt_graph:/home/user/ros2_humble/install/rqt_gui_py:/home/user/ros2_humble/install/rqt_gui:/home/user/ros2_humble/install/ros2trace:/home/user/ros2_humble/install/ros2topic:/home/user/ros2_humble/install/ros2test:/home/user/ros2_humble/install/ros2component:/home/user/ros2_humble/install/ros2param:/home/user/ros2_humble/install/ros2lifecycle:/home/user/ros2_humble/install/ros2service:/home/user/ros2_humble/install/ros2run:/home/user/ros2_humble/install/ros2plugin:/home/user/ros2_humble/install/ros2launch:/home/user/ros2_humble/install/ros2pkg:/home/user/ros2_humble/install/ros2node:/home/user/ros2_humble/install/ros2multicast:/home/user/ros2_humble/install/ros2interface:/home/user/ros2_humble/install/ros2doctor:/home/user/ros2_humble/install/ros2action:/home/user/ros2_humble/install/ros2cli:/home/user/ros2_humble/install/quality_of_service_demo_py:/home/user/ros2_humble/install/lifecycle_py:/home/user/ros2_humble/install/launch_testing_ros:/home/user/ros2_humble/install/launch_ros:/home/user/ros2_humble/install/examples_rclpy_pointcloud_publisher:/home/user/ros2_humble/install/examples_rclpy_minimal_subscriber:/home/user/ros2_humble/install/examples_rclpy_minimal_service:/home/user/ros2_humble/install/examples_rclpy_minimal_publisher:/home/user/ros2_humble/install/examples_rclpy_minimal_client:/home/user/ros2_humble/install/examples_rclpy_minimal_action_server:/home/user/ros2_humble/install/examples_rclpy_minimal_action_client:/home/user/ros2_humble/install/examples_rclpy_guard_conditions:/home/user/ros2_humble/install/examples_rclpy_executors:/home/user/ros2_humble/install/demo_nodes_py:/home/user/ros2_humble/install/camera_info_manager_py:/home/user/ros2_humble/install/action_tutorials_py:/home/user/ros2_humble/install/ament_uncrustify:/home/user/ros2_humble/install/tracetools_trace:/home/user/ros2_humble/install/tracetools_read:/home/user/ros2_humble/install/test_tracetools_launch:/home/user/ros2_humble/install/test_launch_ros:/home/user/ros2_humble/install/sensor_msgs_py:/home/user/ros2_humble/install/rpyutils:/home/user/ros2_humble/install/rosidl_runtime_py:/home/user/ros2_humble/install/rosidl_cli:/home/user/ros2_humble/install/launch_pytest:/home/user/ros2_humble/install/launch_testing:/home/user/ros2_humble/install/launch_yaml:/home/user/ros2_humble/install/launch_xml:/home/user/ros2_humble/install/launch:/home/user/ros2_humble/install/osrf_pycommon:/home/user/ros2_humble/install/domain_coordinator:/home/user/ros2_humble/install/ament_xmllint:/home/user/ros2_humble/install/ament_pyflakes:/home/user/ros2_humble/install/ament_pycodestyle:/home/user/ros2_humble/install/ament_pep257:/home/user/ros2_humble/install/ament_pclint:/home/user/ros2_humble/install/ament_package:/home/user/ros2_humble/install/ament_mypy:/home/user/ros2_humble/install/ament_lint_cmake:/home/user/ros2_humble/install/ament_flake8:/home/user/ros2_humble/install/ament_copyright:/home/user/ros2_humble/install/ament_lint:/home/user/ros2_humble/install/ament_index_python:/home/user/ros2_humble/install/ament_cpplint:/home/user/ros2_humble/install/ament_cppcheck:/home/user/ros2_humble/install/ament_clang_tidy:/home/user/ros2_humble/install/ament_clang_format DEBUGINFOD_URLS=https://debuginfod.ubuntu.com /usr/bin/cmake --build /opt/cat_robot/src/ros2_ws/build/diagnostic_aggregator -- -j4 -l4
[110.628s] Invoking command in '/opt/cat_robot/src/ros2_ws/build/diagnostic_aggregator': CMAKE_PREFIX_PATH=${CMAKE_PREFIX_PATH}:/opt/cat_robot/src/ros2_ws/install/catui_bridge:/opt/cat_robot/src/ros2_ws/install/cat_robot_bringup:/home/user/ros2_humble/install/rqt_bag_plugins:/home/user/ros2_humble/install/rqt_bag:/home/user/ros2_humble/install/launch_testing_examples:/home/user/ros2_humble/install/ros2bag:/home/user/ros2_humble/install/tracetools_test:/home/user/ros2_humble/install/tracetools_launch:/home/user/ros2_humble/install/topic_monitor:/home/user/ros2_humble/install/tf2_tools:/home/user/ros2_humble/install/examples_tf2_py:/home/user/ros2_humble/install/tf2_ros_py:/home/user/ros2_humble/install/sros2:/home/user/ros2_humble/install/rqt_topic:/home/user/ros2_humble/install/rqt_srv:/home/user/ros2_humble/install/rqt_shell:/home/user/ros2_humble/install/rqt_service_caller:/home/user/ros2_humble/install/rqt_reconfigure:/home/user/ros2_humble/install/rqt_py_console:/home/user/ros2_humble/install/rqt_publisher:/home/user/ros2_humble/install/rqt_plot:/home/user/ros2_humble/install/rqt_action:/home/user/ros2_humble/install/rqt_msg:/home/user/ros2_humble/install/rqt_console:/home/user/ros2_humble/install/rqt:/home/user/ros2_humble/install/rqt_graph:/home/user/ros2_humble/install/rqt_gui_py:/home/user/ros2_humble/install/rqt_gui:/home/user/ros2_humble/install/ros2trace:/home/user/ros2_humble/install/ros2topic:/home/user/ros2_humble/install/ros2test:/home/user/ros2_humble/install/ros2component:/home/user/ros2_humble/install/ros2param:/home/user/ros2_humble/install/ros2lifecycle:/home/user/ros2_humble/install/ros2service:/home/user/ros2_humble/install/ros2run:/home/user/ros2_humble/install/ros2plugin:/home/user/ros2_humble/install/ros2launch:/home/user/ros2_humble/install/ros2pkg:/home/user/ros2_humble/install/ros2node:/home/user/ros2_humble/install/ros2multicast:/home/user/ros2_humble/install/ros2interface:/home/user/ros2_humble/install/ros2doctor:/home/user/ros2_humble/install/ros2action:/home/user/ros2_humble/install/ros2cli:/home/user/ros2_humble/install/quality_of_service_demo_py:/home/user/ros2_humble/install/lifecycle_py:/home/user/ros2_humble/install/launch_testing_ros:/home/user/ros2_humble/install/launch_ros:/home/user/ros2_humble/install/examples_rclpy_pointcloud_publisher:/home/user/ros2_humble/install/examples_rclpy_minimal_subscriber:/home/user/ros2_humble/install/examples_rclpy_minimal_service:/home/user/ros2_humble/install/examples_rclpy_minimal_publisher:/home/user/ros2_humble/install/examples_rclpy_minimal_client:/home/user/ros2_humble/install/examples_rclpy_minimal_action_server:/home/user/ros2_humble/install/examples_rclpy_minimal_action_client:/home/user/ros2_humble/install/examples_rclpy_guard_conditions:/home/user/ros2_humble/install/examples_rclpy_executors:/home/user/ros2_humble/install/demo_nodes_py:/home/user/ros2_humble/install/camera_info_manager_py:/home/user/ros2_humble/install/action_tutorials_py:/home/user/ros2_humble/install/ament_uncrustify:/home/user/ros2_humble/install/tracetools_trace:/home/user/ros2_humble/install/tracetools_read:/home/user/ros2_humble/install/test_tracetools_launch:/home/user/ros2_humble/install/test_launch_ros:/home/user/ros2_humble/install/sensor_msgs_py:/home/user/ros2_humble/install/rpyutils:/home/user/ros2_humble/install/rosidl_runtime_py:/home/user/ros2_humble/install/rosidl_cli:/home/user/ros2_humble/install/launch_pytest:/home/user/ros2_humble/install/launch_testing:/home/user/ros2_humble/install/launch_yaml:/home/user/ros2_humble/install/launch_xml:/home/user/ros2_humble/install/launch:/home/user/ros2_humble/install/osrf_pycommon:/home/user/ros2_humble/install/domain_coordinator:/home/user/ros2_humble/install/ament_xmllint:/home/user/ros2_humble/install/ament_pyflakes:/home/user/ros2_humble/install/ament_pycodestyle:/home/user/ros2_humble/install/ament_pep257:/home/user/ros2_humble/install/ament_pclint:/home/user/ros2_humble/install/ament_package:/home/user/ros2_humble/install/ament_mypy:/home/user/ros2_humble/install/ament_lint_cmake:/home/user/ros2_humble/install/ament_flake8:/home/user/ros2_humble/install/ament_copyright:/home/user/ros2_humble/install/ament_lint:/home/user/ros2_humble/install/ament_index_python:/home/user/ros2_humble/install/ament_cpplint:/home/user/ros2_humble/install/ament_cppcheck:/home/user/ros2_humble/install/ament_clang_tidy:/home/user/ros2_humble/install/ament_clang_format DEBUGINFOD_URLS=https://debuginfod.ubuntu.com /usr/bin/cmake --install /opt/cat_robot/src/ros2_ws/build/diagnostic_aggregator
[110.664s] -- Install configuration: ""
[110.666s] -- Execute custom install script
[110.666s] -- Symlinking: /opt/cat_robot/src/ros2_ws/install/diagnostic_aggregator/lib/diagnostic_aggregator/aggregator_node
[110.707s] -- Symlinking: /opt/cat_robot/src/ros2_ws/install/diagnostic_aggregator/lib/diagnostic_aggregator/add_analyzer
[110.751s] -- Symlinking: /opt/cat_robot/src/ros2_ws/install/diagnostic_aggregator/include/diagnostic_aggregator/aggregator.hpp
[110.803s] -- Symlinking: /opt/cat_robot/src/ros2_ws/install/diagnostic_aggregator/include/diagnostic_aggregator/analyzer.hpp
[110.839s] -- Symlinking: /opt/cat_robot/src/ros2_ws/install/diagnostic_aggregator/include/diagnostic_aggregator/analyzer_group.hpp
[110.884s] -- Symlinking: /opt/cat_robot/src/ros2_ws/install/diagnostic_aggregator/include/diagnostic_aggregator/discard_analyzer.hpp
[110.924s] -- Symlinking: /opt/cat_robot/src/ros2_ws/install/diagnostic_aggregator/include/diagnostic_aggregator/generic_analyzer.hpp
[110.978s] -- Symlinking: /opt/cat_robot/src/ros2_ws/install/diagnostic_aggregator/include/diagnostic_aggregator/generic_analyzer_base.hpp
[111.018s] -- Symlinking: /opt/cat_robot/src/ros2_ws/install/diagnostic_aggregator/include/diagnostic_aggregator/ignore_analyzer.hpp
[111.072s] -- Symlinking: /opt/cat_robot/src/ros2_ws/install/diagnostic_aggregator/include/diagnostic_aggregator/other_analyzer.hpp
[111.142s] -- Symlinking: /opt/cat_robot/src/ros2_ws/install/diagnostic_aggregator/include/diagnostic_aggregator/status_item.hpp
[111.192s] -- Symlinking: /opt/cat_robot/src/ros2_ws/install/diagnostic_aggregator/include/diagnostic_aggregator/visibility_control.hpp
[111.239s] -- Symlinking: /opt/cat_robot/src/ros2_ws/install/diagnostic_aggregator/share/diagnostic_aggregator/environment/pythonpath.sh
[111.281s] -- Symlinking: /opt/cat_robot/src/ros2_ws/install/diagnostic_aggregator/share/diagnostic_aggregator/environment/pythonpath.dsv
[111.320s] -- Symlinking: /opt/cat_robot/src/ros2_ws/install/diagnostic_aggregator/local/lib/python3.12/dist-packages/diagnostic_aggregator-4.4.6-py3.12.egg-info/PKG-INFO
[111.369s] -- Symlinking: /opt/cat_robot/src/ros2_ws/install/diagnostic_aggregator/local/lib/python3.12/dist-packages/diagnostic_aggregator-4.4.6-py3.12.egg-info/SOURCES.txt
[111.422s] -- Symlinking: /opt/cat_robot/src/ros2_ws/install/diagnostic_aggregator/local/lib/python3.12/dist-packages/diagnostic_aggregator-4.4.6-py3.12.egg-info/dependency_links.txt
[111.471s] -- Symlinking: /opt/cat_robot/src/ros2_ws/install/diagnostic_aggregator/local/lib/python3.12/dist-packages/diagnostic_aggregator-4.4.6-py3.12.egg-info/top_level.txt
[111.520s] -- Symlinking: /opt/cat_robot/src/ros2_ws/install/diagnostic_aggregator/local/lib/python3.12/dist-packages/diagnostic_aggregator/__init__.py
[111.562s] -- Symlinking: /opt/cat_robot/src/ros2_ws/install/diagnostic_aggregator/share/diagnostic_aggregator/example.launch.py
[111.612s] -- Symlinking: /opt/cat_robot/src/ros2_ws/install/diagnostic_aggregator/lib/diagnostic_aggregator/example_pub.py
[111.655s] -- Symlinking: /opt/cat_robot/src/ros2_ws/install/diagnostic_aggregator/share/diagnostic_aggregator/example_analyzers.yaml
[111.696s] -- Symlinking: /opt/cat_robot/src/ros2_ws/install/diagnostic_aggregator/share/diagnostic_aggregator/example_add_analyzers.yaml
[111.768s] -- Symlinking: /opt/cat_robot/src/ros2_ws/install/diagnostic_aggregator/share/diagnostic_aggregator//plugin_description.xml
[111.823s] -- Symlinking: /opt/cat_robot/src/ros2_ws/install/diagnostic_aggregator/share/diagnostic_aggregator/environment/library_path.sh
[111.870s] -- Symlinking: /opt/cat_robot/src/ros2_ws/install/diagnostic_aggregator/share/diagnostic_aggregator/environment/library_path.dsv
[111.913s] -- Symlinking: /opt/cat_robot/src/ros2_ws/install/diagnostic_aggregator/share/ament_index/resource_index/package_run_dependencies/diagnostic_aggregator
[111.954s] -- Symlinking: /opt/cat_robot/src/ros2_ws/install/diagnostic_aggregator/share/ament_index/resource_index/parent_prefix_path/diagnostic_aggregator
[111.996s] -- Symlinking: /opt/cat_robot/src/ros2_ws/install/diagnostic_aggregator/share/diagnostic_aggregator/environment/ament_prefix_path.sh
[112.041s] -- Symlinking: /opt/cat_robot/src/ros2_ws/install/diagnostic_aggregator/share/diagnostic_aggregator/environment/ament_prefix_path.dsv
[112.084s] -- Symlinking: /opt/cat_robot/src/ros2_ws/install/diagnostic_aggregator/share/diagnostic_aggregator/environment/path.sh
[112.128s] -- Symlinking: /opt/cat_robot/src/ros2_ws/install/diagnostic_aggregator/share/diagnostic_aggregator/environment/path.dsv
[112.208s] -- Symlinking: /opt/cat_robot/src/ros2_ws/install/diagnostic_aggregator/share/diagnostic_aggregator/local_setup.bash
[112.247s] -- Symlinking: /opt/cat_robot/src/ros2_ws/install/diagnostic_aggregator/share/diagnostic_aggregator/local_setup.sh
[112.287s] -- Symlinking: /opt/cat_robot/src/ros2_ws/install/diagnostic_aggregator/share/diagnostic_aggregator/local_setup.zsh
[112.324s] -- Symlinking: /opt/cat_robot/src/ros2_ws/install/diagnostic_aggregator/share/diagnostic_aggregator/local_setup.dsv
[112.363s] -- Symlinking: /opt/cat_robot/src/ros2_ws/install/diagnostic_aggregator/share/diagnostic_aggregator/package.dsv
[112.409s] -- Symlinking: /opt/cat_robot/src/ros2_ws/install/diagnostic_aggregator/share/ament_index/resource_index/packages/diagnostic_aggregator
[112.452s] -- Symlinking: /opt/cat_robot/src/ros2_ws/install/diagnostic_aggregator/share/ament_index/resource_index/diagnostic_aggregator__pluginlib__plugin/diagnostic_aggregator
[112.494s] -- Symlinking: /opt/cat_robot/src/ros2_ws/install/diagnostic_aggregator/share/diagnostic_aggregator/cmake/ament_cmake_export_targets-extras.cmake
[112.534s] -- Symlinking: /opt/cat_robot/src/ros2_ws/install/diagnostic_aggregator/share/diagnostic_aggregator/cmake/ament_cmake_export_include_directories-extras.cmake
[112.572s] -- Symlinking: /opt/cat_robot/src/ros2_ws/install/diagnostic_aggregator/share/diagnostic_aggregator/cmake/ament_cmake_export_dependencies-extras.cmake
[112.615s] -- Symlinking: /opt/cat_robot/src/ros2_ws/install/diagnostic_aggregator/share/diagnostic_aggregator/cmake/diagnostic_aggregatorConfig.cmake
[112.657s] -- Symlinking: /opt/cat_robot/src/ros2_ws/install/diagnostic_aggregator/share/diagnostic_aggregator/cmake/diagnostic_aggregatorConfig-version.cmake
[112.699s] -- Symlinking: /opt/cat_robot/src/ros2_ws/install/diagnostic_aggregator/share/diagnostic_aggregator/package.xml
[112.741s] -- Installing: /opt/cat_robot/src/ros2_ws/install/diagnostic_aggregator/lib/libdiagnostic_aggregator.so
[112.764s] -- Set non-toolchain portion of runtime path of "/opt/cat_robot/src/ros2_ws/install/diagnostic_aggregator/lib/libdiagnostic_aggregator.so" to ""
[112.765s] -- Installing: /opt/cat_robot/src/ros2_ws/install/diagnostic_aggregator/lib/libdiagnostic_aggregator_analyzers.so
[112.768s] -- Set non-toolchain portion of runtime path of "/opt/cat_robot/src/ros2_ws/install/diagnostic_aggregator/lib/libdiagnostic_aggregator_analyzers.so" to ""
[113.014s] Listing '/opt/cat_robot/src/ros2_ws/install/diagnostic_aggregator/local/lib/python3.12/dist-packages/diagnostic_aggregator'...
[113.014s] Compiling '/opt/cat_robot/src/ros2_ws/install/diagnostic_aggregator/local/lib/python3.12/dist-packages/diagnostic_aggregator/__init__.py'...
[113.043s] -- Installing: /opt/cat_robot/src/ros2_ws/install/diagnostic_aggregator/share/diagnostic_aggregator/cmake/diagnostic_aggregatorTargetsExport.cmake
[113.043s] -- Installing: /opt/cat_robot/src/ros2_ws/install/diagnostic_aggregator/share/diagnostic_aggregator/cmake/diagnostic_aggregatorTargetsExport-noconfig.cmake
[113.048s] Invoked command in '/opt/cat_robot/src/ros2_ws/build/diagnostic_aggregator' returned '0': CMAKE_PREFIX_PATH=${CMAKE_PREFIX_PATH}:/opt/cat_robot/src/ros2_ws/install/catui_bridge:/opt/cat_robot/src/ros2_ws/install/cat_robot_bringup:/home/user/ros2_humble/install/rqt_bag_plugins:/home/user/ros2_humble/install/rqt_bag:/home/user/ros2_humble/install/launch_testing_examples:/home/user/ros2_humble/install/ros2bag:/home/user/ros2_humble/install/tracetools_test:/home/user/ros2_humble/install/tracetools_launch:/home/user/ros2_humble/install/topic_monitor:/home/user/ros2_humble/install/tf2_tools:/home/user/ros2_humble/install/examples_tf2_py:/home/user/ros2_humble/install/tf2_ros_py:/home/user/ros2_humble/install/sros2:/home/user/ros2_humble/install/rqt_topic:/home/user/ros2_humble/install/rqt_srv:/home/user/ros2_humble/install/rqt_shell:/home/user/ros2_humble/install/rqt_service_caller:/home/user/ros2_humble/install/rqt_reconfigure:/home/user/ros2_humble/install/rqt_py_console:/home/user/ros2_humble/install/rqt_publisher:/home/user/ros2_humble/install/rqt_plot:/home/user/ros2_humble/install/rqt_action:/home/user/ros2_humble/install/rqt_msg:/home/user/ros2_humble/install/rqt_console:/home/user/ros2_humble/install/rqt:/home/user/ros2_humble/install/rqt_graph:/home/user/ros2_humble/install/rqt_gui_py:/home/user/ros2_humble/install/rqt_gui:/home/user/ros2_humble/install/ros2trace:/home/user/ros2_humble/install/ros2topic:/home/user/ros2_humble/install/ros2test:/home/user/ros2_humble/install/ros2component:/home/user/ros2_humble/install/ros2param:/home/user/ros2_humble/install/ros2lifecycle:/home/user/ros2_humble/install/ros2service:/home/user/ros2_humble/install/ros2run:/home/user/ros2_humble/install/ros2plugin:/home/user/ros2_humble/install/ros2launch:/home/user/ros2_humble/install/ros2pkg:/home/user/ros2_humble/install/ros2node:/home/user/ros2_humble/install/ros2multicast:/home/user/ros2_humble/install/ros2interface:/home/user/ros2_humble/install/ros2doctor:/home/user/ros2_humble/install/ros2action:/home/user/ros2_humble/install/ros2cli:/home/user/ros2_humble/install/quality_of_service_demo_py:/home/user/ros2_humble/install/lifecycle_py:/home/user/ros2_humble/install/launch_testing_ros:/home/user/ros2_humble/install/launch_ros:/home/user/ros2_humble/install/examples_rclpy_pointcloud_publisher:/home/user/ros2_humble/install/examples_rclpy_minimal_subscriber:/home/user/ros2_humble/install/examples_rclpy_minimal_service:/home/user/ros2_humble/install/examples_rclpy_minimal_publisher:/home/user/ros2_humble/install/examples_rclpy_minimal_client:/home/user/ros2_humble/install/examples_rclpy_minimal_action_server:/home/user/ros2_humble/install/examples_rclpy_minimal_action_client:/home/user/ros2_humble/install/examples_rclpy_guard_conditions:/home/user/ros2_humble/install/examples_rclpy_executors:/home/user/ros2_humble/install/demo_nodes_py:/home/user/ros2_humble/install/camera_info_manager_py:/home/user/ros2_humble/install/action_tutorials_py:/home/user/ros2_humble/install/ament_uncrustify:/home/user/ros2_humble/install/tracetools_trace:/home/user/ros2_humble/install/tracetools_read:/home/user/ros2_humble/install/test_tracetools_launch:/home/user/ros2_humble/install/test_launch_ros:/home/user/ros2_humble/install/sensor_msgs_py:/home/user/ros2_humble/install/rpyutils:/home/user/ros2_humble/install/rosidl_runtime_py:/home/user/ros2_humble/install/rosidl_cli:/home/user/ros2_humble/install/launch_pytest:/home/user/ros2_humble/install/launch_testing:/home/user/ros2_humble/install/launch_yaml:/home/user/ros2_humble/install/launch_xml:/home/user/ros2_humble/install/launch:/home/user/ros2_humble/install/osrf_pycommon:/home/user/ros2_humble/install/domain_coordinator:/home/user/ros2_humble/install/ament_xmllint:/home/user/ros2_humble/install/ament_pyflakes:/home/user/ros2_humble/install/ament_pycodestyle:/home/user/ros2_humble/install/ament_pep257:/home/user/ros2_humble/install/ament_pclint:/home/user/ros2_humble/install/ament_package:/home/user/ros2_humble/install/ament_mypy:/home/user/ros2_humble/install/ament_lint_cmake:/home/user/ros2_humble/install/ament_flake8:/home/user/ros2_humble/install/ament_copyright:/home/user/ros2_humble/install/ament_lint:/home/user/ros2_humble/install/ament_index_python:/home/user/ros2_humble/install/ament_cpplint:/home/user/ros2_humble/install/ament_cppcheck:/home/user/ros2_humble/install/ament_clang_tidy:/home/user/ros2_humble/install/ament_clang_format DEBUGINFOD_URLS=https://debuginfod.ubuntu.com /usr/bin/cmake --install /opt/cat_robot/src/ros2_ws/build/diagnostic_aggregator
